The system is: Linux - 5.4.0-51-generic - x86_64
Compiling the C compiler identification source file "CMakeCCompilerId.c" succeeded.
Compiler: /usr/bin/cc 
Build flags: 
Id flags:  

The output was:
0


Compilation of the C compiler identification source "CMakeCCompilerId.c" produced "a.out"

The C compiler identification is GNU, found in "/home/user/Documents/DPS/Zookeeper_git/zookeeper/zookeeper-client/zookeeper-client-c/CMakeFiles/3.16.3/CompilerIdC/a.out"

Compiling the CXX compiler identification source file "CMakeCXXCompilerId.cpp" succeeded.
Compiler: /usr/bin/c++ 
Build flags: 
Id flags:  

The output was:
0


Compilation of the CXX compiler identification source "CMakeCXXCompilerId.cpp" produced "a.out"

The CXX compiler identification is GNU, found in "/home/user/Documents/DPS/Zookeeper_git/zookeeper/zookeeper-client/zookeeper-client-c/CMakeFiles/3.16.3/CompilerIdCXX/a.out"

Determining if the C compiler works passed with the following output:
Change Dir: /home/user/Documents/DPS/Zookeeper_git/zookeeper/zookeeper-client/zookeeper-client-c/CMakeFiles/CMakeTmp

Run Build Command(s):/usr/bin/make cmTC_d01ef/fast && /usr/bin/make -f CMakeFiles/cmTC_d01ef.dir/build.make CMakeFiles/cmTC_d01ef.dir/build
make[1]: Entering directory '/home/user/Documents/DPS/Zookeeper_git/zookeeper/zookeeper-client/zookeeper-client-c/CMakeFiles/CMakeTmp'
Building C object CMakeFiles/cmTC_d01ef.dir/testCCompiler.c.o
/usr/bin/cc    -o CMakeFiles/cmTC_d01ef.dir/testCCompiler.c.o   -c /home/user/Documents/DPS/Zookeeper_git/zookeeper/zookeeper-client/zookeeper-client-c/CMakeFiles/CMakeTmp/testCCompiler.c
Linking C executable cmTC_d01ef
/usr/bin/cmake -E cmake_link_script CMakeFiles/cmTC_d01ef.dir/link.txt --verbose=1
/usr/bin/cc      CMakeFiles/cmTC_d01ef.dir/testCCompiler.c.o  -o cmTC_d01ef 
make[1]: Leaving directory '/home/user/Documents/DPS/Zookeeper_git/zookeeper/zookeeper-client/zookeeper-client-c/CMakeFiles/CMakeTmp'



Detecting C compiler ABI info compiled with the following output:
Change Dir: /home/user/Documents/DPS/Zookeeper_git/zookeeper/zookeeper-client/zookeeper-client-c/CMakeFiles/CMakeTmp

Run Build Command(s):/usr/bin/make cmTC_d51bc/fast && /usr/bin/make -f CMakeFiles/cmTC_d51bc.dir/build.make CMakeFiles/cmTC_d51bc.dir/build
make[1]: Entering directory '/home/user/Documents/DPS/Zookeeper_git/zookeeper/zookeeper-client/zookeeper-client-c/CMakeFiles/CMakeTmp'
Building C object CMakeFiles/cmTC_d51bc.dir/CMakeCCompilerABI.c.o
/usr/bin/cc   -v -o CMakeFiles/cmTC_d51bc.dir/CMakeCCompilerABI.c.o   -c /usr/share/cmake-3.16/Modules/CMakeCCompilerABI.c
Using built-in specs.
COLLECT_GCC=/usr/bin/cc
OFFLOAD_TARGET_NAMES=nvptx-none:hsa
OFFLOAD_TARGET_DEFAULT=1
Target: x86_64-linux-gnu
Configured with: ../src/configure -v --with-pkgversion='Ubuntu 9.3.0-17ubuntu1~20.04' --with-bugurl=file:///usr/share/doc/gcc-9/README.Bugs --enable-languages=c,ada,c++,go,brig,d,fortran,objc,obj-c++,gm2 --prefix=/usr --with-gcc-major-version-only --program-suffix=-9 --program-prefix=x86_64-linux-gnu- --enable-shared --enable-linker-build-id --libexecdir=/usr/lib --without-included-gettext --enable-threads=posix --libdir=/usr/lib --enable-nls --enable-clocale=gnu --enable-libstdcxx-debug --enable-libstdcxx-time=yes --with-default-libstdcxx-abi=new --enable-gnu-unique-object --disable-vtable-verify --enable-plugin --enable-default-pie --with-system-zlib --with-target-system-zlib=auto --enable-objc-gc=auto --enable-multiarch --disable-werror --with-arch-32=i686 --with-abi=m64 --with-multilib-list=m32,m64,mx32 --enable-multilib --with-tune=generic --enable-offload-targets=nvptx-none=/build/gcc-9-HskZEa/gcc-9-9.3.0/debian/tmp-nvptx/usr,hsa --without-cuda-driver --enable-checking=release --build=x86_64-linux-gnu --host=x86_64-linux-gnu --target=x86_64-linux-gnu
Thread model: posix
gcc version 9.3.0 (Ubuntu 9.3.0-17ubuntu1~20.04) 
COLLECT_GCC_OPTIONS='-v' '-o' 'CMakeFiles/cmTC_d51bc.dir/CMakeCCompilerABI.c.o' '-c' '-mtune=generic' '-march=x86-64'
 /usr/lib/gcc/x86_64-linux-gnu/9/cc1 -quiet -v -imultiarch x86_64-linux-gnu /usr/share/cmake-3.16/Modules/CMakeCCompilerABI.c -quiet -dumpbase CMakeCCompilerABI.c -mtune=generic -march=x86-64 -auxbase-strip CMakeFiles/cmTC_d51bc.dir/CMakeCCompilerABI.c.o -version -fasynchronous-unwind-tables -fstack-protector-strong -Wformat -Wformat-security -fstack-clash-protection -fcf-protection -o /tmp/ccFdJ0YJ.s
GNU C17 (Ubuntu 9.3.0-17ubuntu1~20.04) version 9.3.0 (x86_64-linux-gnu)
	compiled by GNU C version 9.3.0, GMP version 6.2.0, MPFR version 4.0.2, MPC version 1.1.0, isl version isl-0.22.1-GMP

GGC heuristics: --param ggc-min-expand=100 --param ggc-min-heapsize=131072
ignoring nonexistent directory "/usr/local/include/x86_64-linux-gnu"
ignoring nonexistent directory "/usr/lib/gcc/x86_64-linux-gnu/9/include-fixed"
ignoring nonexistent directory "/usr/lib/gcc/x86_64-linux-gnu/9/../../../../x86_64-linux-gnu/include"
#include "..." search starts here:
#include <...> search starts here:
 /usr/lib/gcc/x86_64-linux-gnu/9/include
 /usr/local/include
 /usr/include/x86_64-linux-gnu
 /usr/include
End of search list.
GNU C17 (Ubuntu 9.3.0-17ubuntu1~20.04) version 9.3.0 (x86_64-linux-gnu)
	compiled by GNU C version 9.3.0, GMP version 6.2.0, MPFR version 4.0.2, MPC version 1.1.0, isl version isl-0.22.1-GMP

GGC heuristics: --param ggc-min-expand=100 --param ggc-min-heapsize=131072
Compiler executable checksum: bbf13931d8de1abe14040c9909cb6969
COLLECT_GCC_OPTIONS='-v' '-o' 'CMakeFiles/cmTC_d51bc.dir/CMakeCCompilerABI.c.o' '-c' '-mtune=generic' '-march=x86-64'
 as -v --64 -o CMakeFiles/cmTC_d51bc.dir/CMakeCCompilerABI.c.o /tmp/ccFdJ0YJ.s
GNU assembler version 2.34 (x86_64-linux-gnu) using BFD version (GNU Binutils for Ubuntu) 2.34
COMPILER_PATH=/usr/lib/gcc/x86_64-linux-gnu/9/:/usr/lib/gcc/x86_64-linux-gnu/9/:/usr/lib/gcc/x86_64-linux-gnu/:/usr/lib/gcc/x86_64-linux-gnu/9/:/usr/lib/gcc/x86_64-linux-gnu/
LIBRARY_PATH=/usr/lib/gcc/x86_64-linux-gnu/9/:/usr/lib/gcc/x86_64-linux-gnu/9/../../../x86_64-linux-gnu/:/usr/lib/gcc/x86_64-linux-gnu/9/../../../../lib/:/lib/x86_64-linux-gnu/:/lib/../lib/:/usr/lib/x86_64-linux-gnu/:/usr/lib/../lib/:/usr/lib/gcc/x86_64-linux-gnu/9/../../../:/lib/:/usr/lib/
COLLECT_GCC_OPTIONS='-v' '-o' 'CMakeFiles/cmTC_d51bc.dir/CMakeCCompilerABI.c.o' '-c' '-mtune=generic' '-march=x86-64'
Linking C executable cmTC_d51bc
/usr/bin/cmake -E cmake_link_script CMakeFiles/cmTC_d51bc.dir/link.txt --verbose=1
/usr/bin/cc     -v CMakeFiles/cmTC_d51bc.dir/CMakeCCompilerABI.c.o  -o cmTC_d51bc 
Using built-in specs.
COLLECT_GCC=/usr/bin/cc
COLLECT_LTO_WRAPPER=/usr/lib/gcc/x86_64-linux-gnu/9/lto-wrapper
OFFLOAD_TARGET_NAMES=nvptx-none:hsa
OFFLOAD_TARGET_DEFAULT=1
Target: x86_64-linux-gnu
Configured with: ../src/configure -v --with-pkgversion='Ubuntu 9.3.0-17ubuntu1~20.04' --with-bugurl=file:///usr/share/doc/gcc-9/README.Bugs --enable-languages=c,ada,c++,go,brig,d,fortran,objc,obj-c++,gm2 --prefix=/usr --with-gcc-major-version-only --program-suffix=-9 --program-prefix=x86_64-linux-gnu- --enable-shared --enable-linker-build-id --libexecdir=/usr/lib --without-included-gettext --enable-threads=posix --libdir=/usr/lib --enable-nls --enable-clocale=gnu --enable-libstdcxx-debug --enable-libstdcxx-time=yes --with-default-libstdcxx-abi=new --enable-gnu-unique-object --disable-vtable-verify --enable-plugin --enable-default-pie --with-system-zlib --with-target-system-zlib=auto --enable-objc-gc=auto --enable-multiarch --disable-werror --with-arch-32=i686 --with-abi=m64 --with-multilib-list=m32,m64,mx32 --enable-multilib --with-tune=generic --enable-offload-targets=nvptx-none=/build/gcc-9-HskZEa/gcc-9-9.3.0/debian/tmp-nvptx/usr,hsa --without-cuda-driver --enable-checking=release --build=x86_64-linux-gnu --host=x86_64-linux-gnu --target=x86_64-linux-gnu
Thread model: posix
gcc version 9.3.0 (Ubuntu 9.3.0-17ubuntu1~20.04) 
COMPILER_PATH=/usr/lib/gcc/x86_64-linux-gnu/9/:/usr/lib/gcc/x86_64-linux-gnu/9/:/usr/lib/gcc/x86_64-linux-gnu/:/usr/lib/gcc/x86_64-linux-gnu/9/:/usr/lib/gcc/x86_64-linux-gnu/
LIBRARY_PATH=/usr/lib/gcc/x86_64-linux-gnu/9/:/usr/lib/gcc/x86_64-linux-gnu/9/../../../x86_64-linux-gnu/:/usr/lib/gcc/x86_64-linux-gnu/9/../../../../lib/:/lib/x86_64-linux-gnu/:/lib/../lib/:/usr/lib/x86_64-linux-gnu/:/usr/lib/../lib/:/usr/lib/gcc/x86_64-linux-gnu/9/../../../:/lib/:/usr/lib/
COLLECT_GCC_OPTIONS='-v' '-o' 'cmTC_d51bc' '-mtune=generic' '-march=x86-64'
 /usr/lib/gcc/x86_64-linux-gnu/9/collect2 -plugin /usr/lib/gcc/x86_64-linux-gnu/9/liblto_plugin.so -plugin-opt=/usr/lib/gcc/x86_64-linux-gnu/9/lto-wrapper -plugin-opt=-fresolution=/tmp/ccne0iSb.res -plugin-opt=-pass-through=-lgcc -plugin-opt=-pass-through=-lgcc_s -plugin-opt=-pass-through=-lc -plugin-opt=-pass-through=-lgcc -plugin-opt=-pass-through=-lgcc_s --build-id --eh-frame-hdr -m elf_x86_64 --hash-style=gnu --as-needed -dynamic-linker /lib64/ld-linux-x86-64.so.2 -pie -z now -z relro -o cmTC_d51bc /usr/lib/gcc/x86_64-linux-gnu/9/../../../x86_64-linux-gnu/Scrt1.o /usr/lib/gcc/x86_64-linux-gnu/9/../../../x86_64-linux-gnu/crti.o /usr/lib/gcc/x86_64-linux-gnu/9/crtbeginS.o -L/usr/lib/gcc/x86_64-linux-gnu/9 -L/usr/lib/gcc/x86_64-linux-gnu/9/../../../x86_64-linux-gnu -L/usr/lib/gcc/x86_64-linux-gnu/9/../../../../lib -L/lib/x86_64-linux-gnu -L/lib/../lib -L/usr/lib/x86_64-linux-gnu -L/usr/lib/../lib -L/usr/lib/gcc/x86_64-linux-gnu/9/../../.. CMakeFiles/cmTC_d51bc.dir/CMakeCCompilerABI.c.o -lgcc --push-state --as-needed -lgcc_s --pop-state -lc -lgcc --push-state --as-needed -lgcc_s --pop-state /usr/lib/gcc/x86_64-linux-gnu/9/crtendS.o /usr/lib/gcc/x86_64-linux-gnu/9/../../../x86_64-linux-gnu/crtn.o
COLLECT_GCC_OPTIONS='-v' '-o' 'cmTC_d51bc' '-mtune=generic' '-march=x86-64'
make[1]: Leaving directory '/home/user/Documents/DPS/Zookeeper_git/zookeeper/zookeeper-client/zookeeper-client-c/CMakeFiles/CMakeTmp'



Parsed C implicit include dir info from above output: rv=done
  found start of include info
  found start of implicit include info
    add: [/usr/lib/gcc/x86_64-linux-gnu/9/include]
    add: [/usr/local/include]
    add: [/usr/include/x86_64-linux-gnu]
    add: [/usr/include]
  end of search list found
  collapse include dir [/usr/lib/gcc/x86_64-linux-gnu/9/include] ==> [/usr/lib/gcc/x86_64-linux-gnu/9/include]
  collapse include dir [/usr/local/include] ==> [/usr/local/include]
  collapse include dir [/usr/include/x86_64-linux-gnu] ==> [/usr/include/x86_64-linux-gnu]
  collapse include dir [/usr/include] ==> [/usr/include]
  implicit include dirs: [/usr/lib/gcc/x86_64-linux-gnu/9/include;/usr/local/include;/usr/include/x86_64-linux-gnu;/usr/include]


Parsed C implicit link information from above output:
  link line regex: [^( *|.*[/\])(ld|CMAKE_LINK_STARTFILE-NOTFOUND|([^/\]+-)?ld|collect2)[^/\]*( |$)]
  ignore line: [Change Dir: /home/user/Documents/DPS/Zookeeper_git/zookeeper/zookeeper-client/zookeeper-client-c/CMakeFiles/CMakeTmp]
  ignore line: []
  ignore line: [Run Build Command(s):/usr/bin/make cmTC_d51bc/fast && /usr/bin/make -f CMakeFiles/cmTC_d51bc.dir/build.make CMakeFiles/cmTC_d51bc.dir/build]
  ignore line: [make[1]: Entering directory '/home/user/Documents/DPS/Zookeeper_git/zookeeper/zookeeper-client/zookeeper-client-c/CMakeFiles/CMakeTmp']
  ignore line: [Building C object CMakeFiles/cmTC_d51bc.dir/CMakeCCompilerABI.c.o]
  ignore line: [/usr/bin/cc   -v -o CMakeFiles/cmTC_d51bc.dir/CMakeCCompilerABI.c.o   -c /usr/share/cmake-3.16/Modules/CMakeCCompilerABI.c]
  ignore line: [Using built-in specs.]
  ignore line: [COLLECT_GCC=/usr/bin/cc]
  ignore line: [OFFLOAD_TARGET_NAMES=nvptx-none:hsa]
  ignore line: [OFFLOAD_TARGET_DEFAULT=1]
  ignore line: [Target: x86_64-linux-gnu]
  ignore line: [Configured with: ../src/configure -v --with-pkgversion='Ubuntu 9.3.0-17ubuntu1~20.04' --with-bugurl=file:///usr/share/doc/gcc-9/README.Bugs --enable-languages=c ada c++ go brig d fortran objc obj-c++ gm2 --prefix=/usr --with-gcc-major-version-only --program-suffix=-9 --program-prefix=x86_64-linux-gnu- --enable-shared --enable-linker-build-id --libexecdir=/usr/lib --without-included-gettext --enable-threads=posix --libdir=/usr/lib --enable-nls --enable-clocale=gnu --enable-libstdcxx-debug --enable-libstdcxx-time=yes --with-default-libstdcxx-abi=new --enable-gnu-unique-object --disable-vtable-verify --enable-plugin --enable-default-pie --with-system-zlib --with-target-system-zlib=auto --enable-objc-gc=auto --enable-multiarch --disable-werror --with-arch-32=i686 --with-abi=m64 --with-multilib-list=m32 m64 mx32 --enable-multilib --with-tune=generic --enable-offload-targets=nvptx-none=/build/gcc-9-HskZEa/gcc-9-9.3.0/debian/tmp-nvptx/usr hsa --without-cuda-driver --enable-checking=release --build=x86_64-linux-gnu --host=x86_64-linux-gnu --target=x86_64-linux-gnu]
  ignore line: [Thread model: posix]
  ignore line: [gcc version 9.3.0 (Ubuntu 9.3.0-17ubuntu1~20.04) ]
  ignore line: [COLLECT_GCC_OPTIONS='-v' '-o' 'CMakeFiles/cmTC_d51bc.dir/CMakeCCompilerABI.c.o' '-c' '-mtune=generic' '-march=x86-64']
  ignore line: [ /usr/lib/gcc/x86_64-linux-gnu/9/cc1 -quiet -v -imultiarch x86_64-linux-gnu /usr/share/cmake-3.16/Modules/CMakeCCompilerABI.c -quiet -dumpbase CMakeCCompilerABI.c -mtune=generic -march=x86-64 -auxbase-strip CMakeFiles/cmTC_d51bc.dir/CMakeCCompilerABI.c.o -version -fasynchronous-unwind-tables -fstack-protector-strong -Wformat -Wformat-security -fstack-clash-protection -fcf-protection -o /tmp/ccFdJ0YJ.s]
  ignore line: [GNU C17 (Ubuntu 9.3.0-17ubuntu1~20.04) version 9.3.0 (x86_64-linux-gnu)]
  ignore line: [	compiled by GNU C version 9.3.0  GMP version 6.2.0  MPFR version 4.0.2  MPC version 1.1.0  isl version isl-0.22.1-GMP]
  ignore line: []
  ignore line: [GGC heuristics: --param ggc-min-expand=100 --param ggc-min-heapsize=131072]
  ignore line: [ignoring nonexistent directory "/usr/local/include/x86_64-linux-gnu"]
  ignore line: [ignoring nonexistent directory "/usr/lib/gcc/x86_64-linux-gnu/9/include-fixed"]
  ignore line: [ignoring nonexistent directory "/usr/lib/gcc/x86_64-linux-gnu/9/../../../../x86_64-linux-gnu/include"]
  ignore line: [#include "..." search starts here:]
  ignore line: [#include <...> search starts here:]
  ignore line: [ /usr/lib/gcc/x86_64-linux-gnu/9/include]
  ignore line: [ /usr/local/include]
  ignore line: [ /usr/include/x86_64-linux-gnu]
  ignore line: [ /usr/include]
  ignore line: [End of search list.]
  ignore line: [GNU C17 (Ubuntu 9.3.0-17ubuntu1~20.04) version 9.3.0 (x86_64-linux-gnu)]
  ignore line: [	compiled by GNU C version 9.3.0  GMP version 6.2.0  MPFR version 4.0.2  MPC version 1.1.0  isl version isl-0.22.1-GMP]
  ignore line: []
  ignore line: [GGC heuristics: --param ggc-min-expand=100 --param ggc-min-heapsize=131072]
  ignore line: [Compiler executable checksum: bbf13931d8de1abe14040c9909cb6969]
  ignore line: [COLLECT_GCC_OPTIONS='-v' '-o' 'CMakeFiles/cmTC_d51bc.dir/CMakeCCompilerABI.c.o' '-c' '-mtune=generic' '-march=x86-64']
  ignore line: [ as -v --64 -o CMakeFiles/cmTC_d51bc.dir/CMakeCCompilerABI.c.o /tmp/ccFdJ0YJ.s]
  ignore line: [GNU assembler version 2.34 (x86_64-linux-gnu) using BFD version (GNU Binutils for Ubuntu) 2.34]
  ignore line: [COMPILER_PATH=/usr/lib/gcc/x86_64-linux-gnu/9/:/usr/lib/gcc/x86_64-linux-gnu/9/:/usr/lib/gcc/x86_64-linux-gnu/:/usr/lib/gcc/x86_64-linux-gnu/9/:/usr/lib/gcc/x86_64-linux-gnu/]
  ignore line: [LIBRARY_PATH=/usr/lib/gcc/x86_64-linux-gnu/9/:/usr/lib/gcc/x86_64-linux-gnu/9/../../../x86_64-linux-gnu/:/usr/lib/gcc/x86_64-linux-gnu/9/../../../../lib/:/lib/x86_64-linux-gnu/:/lib/../lib/:/usr/lib/x86_64-linux-gnu/:/usr/lib/../lib/:/usr/lib/gcc/x86_64-linux-gnu/9/../../../:/lib/:/usr/lib/]
  ignore line: [COLLECT_GCC_OPTIONS='-v' '-o' 'CMakeFiles/cmTC_d51bc.dir/CMakeCCompilerABI.c.o' '-c' '-mtune=generic' '-march=x86-64']
  ignore line: [Linking C executable cmTC_d51bc]
  ignore line: [/usr/bin/cmake -E cmake_link_script CMakeFiles/cmTC_d51bc.dir/link.txt --verbose=1]
  ignore line: [/usr/bin/cc     -v CMakeFiles/cmTC_d51bc.dir/CMakeCCompilerABI.c.o  -o cmTC_d51bc ]
  ignore line: [Using built-in specs.]
  ignore line: [COLLECT_GCC=/usr/bin/cc]
  ignore line: [COLLECT_LTO_WRAPPER=/usr/lib/gcc/x86_64-linux-gnu/9/lto-wrapper]
  ignore line: [OFFLOAD_TARGET_NAMES=nvptx-none:hsa]
  ignore line: [OFFLOAD_TARGET_DEFAULT=1]
  ignore line: [Target: x86_64-linux-gnu]
  ignore line: [Configured with: ../src/configure -v --with-pkgversion='Ubuntu 9.3.0-17ubuntu1~20.04' --with-bugurl=file:///usr/share/doc/gcc-9/README.Bugs --enable-languages=c ada c++ go brig d fortran objc obj-c++ gm2 --prefix=/usr --with-gcc-major-version-only --program-suffix=-9 --program-prefix=x86_64-linux-gnu- --enable-shared --enable-linker-build-id --libexecdir=/usr/lib --without-included-gettext --enable-threads=posix --libdir=/usr/lib --enable-nls --enable-clocale=gnu --enable-libstdcxx-debug --enable-libstdcxx-time=yes --with-default-libstdcxx-abi=new --enable-gnu-unique-object --disable-vtable-verify --enable-plugin --enable-default-pie --with-system-zlib --with-target-system-zlib=auto --enable-objc-gc=auto --enable-multiarch --disable-werror --with-arch-32=i686 --with-abi=m64 --with-multilib-list=m32 m64 mx32 --enable-multilib --with-tune=generic --enable-offload-targets=nvptx-none=/build/gcc-9-HskZEa/gcc-9-9.3.0/debian/tmp-nvptx/usr hsa --without-cuda-driver --enable-checking=release --build=x86_64-linux-gnu --host=x86_64-linux-gnu --target=x86_64-linux-gnu]
  ignore line: [Thread model: posix]
  ignore line: [gcc version 9.3.0 (Ubuntu 9.3.0-17ubuntu1~20.04) ]
  ignore line: [COMPILER_PATH=/usr/lib/gcc/x86_64-linux-gnu/9/:/usr/lib/gcc/x86_64-linux-gnu/9/:/usr/lib/gcc/x86_64-linux-gnu/:/usr/lib/gcc/x86_64-linux-gnu/9/:/usr/lib/gcc/x86_64-linux-gnu/]
  ignore line: [LIBRARY_PATH=/usr/lib/gcc/x86_64-linux-gnu/9/:/usr/lib/gcc/x86_64-linux-gnu/9/../../../x86_64-linux-gnu/:/usr/lib/gcc/x86_64-linux-gnu/9/../../../../lib/:/lib/x86_64-linux-gnu/:/lib/../lib/:/usr/lib/x86_64-linux-gnu/:/usr/lib/../lib/:/usr/lib/gcc/x86_64-linux-gnu/9/../../../:/lib/:/usr/lib/]
  ignore line: [COLLECT_GCC_OPTIONS='-v' '-o' 'cmTC_d51bc' '-mtune=generic' '-march=x86-64']
  link line: [ /usr/lib/gcc/x86_64-linux-gnu/9/collect2 -plugin /usr/lib/gcc/x86_64-linux-gnu/9/liblto_plugin.so -plugin-opt=/usr/lib/gcc/x86_64-linux-gnu/9/lto-wrapper -plugin-opt=-fresolution=/tmp/ccne0iSb.res -plugin-opt=-pass-through=-lgcc -plugin-opt=-pass-through=-lgcc_s -plugin-opt=-pass-through=-lc -plugin-opt=-pass-through=-lgcc -plugin-opt=-pass-through=-lgcc_s --build-id --eh-frame-hdr -m elf_x86_64 --hash-style=gnu --as-needed -dynamic-linker /lib64/ld-linux-x86-64.so.2 -pie -z now -z relro -o cmTC_d51bc /usr/lib/gcc/x86_64-linux-gnu/9/../../../x86_64-linux-gnu/Scrt1.o /usr/lib/gcc/x86_64-linux-gnu/9/../../../x86_64-linux-gnu/crti.o /usr/lib/gcc/x86_64-linux-gnu/9/crtbeginS.o -L/usr/lib/gcc/x86_64-linux-gnu/9 -L/usr/lib/gcc/x86_64-linux-gnu/9/../../../x86_64-linux-gnu -L/usr/lib/gcc/x86_64-linux-gnu/9/../../../../lib -L/lib/x86_64-linux-gnu -L/lib/../lib -L/usr/lib/x86_64-linux-gnu -L/usr/lib/../lib -L/usr/lib/gcc/x86_64-linux-gnu/9/../../.. CMakeFiles/cmTC_d51bc.dir/CMakeCCompilerABI.c.o -lgcc --push-state --as-needed -lgcc_s --pop-state -lc -lgcc --push-state --as-needed -lgcc_s --pop-state /usr/lib/gcc/x86_64-linux-gnu/9/crtendS.o /usr/lib/gcc/x86_64-linux-gnu/9/../../../x86_64-linux-gnu/crtn.o]
    arg [/usr/lib/gcc/x86_64-linux-gnu/9/collect2] ==> ignore
    arg [-plugin] ==> ignore
    arg [/usr/lib/gcc/x86_64-linux-gnu/9/liblto_plugin.so] ==> ignore
    arg [-plugin-opt=/usr/lib/gcc/x86_64-linux-gnu/9/lto-wrapper] ==> ignore
    arg [-plugin-opt=-fresolution=/tmp/ccne0iSb.res] ==> ignore
    arg [-plugin-opt=-pass-through=-lgcc] ==> ignore
    arg [-plugin-opt=-pass-through=-lgcc_s] ==> ignore
    arg [-plugin-opt=-pass-through=-lc] ==> ignore
    arg [-plugin-opt=-pass-through=-lgcc] ==> ignore
    arg [-plugin-opt=-pass-through=-lgcc_s] ==> ignore
    arg [--build-id] ==> ignore
    arg [--eh-frame-hdr] ==> ignore
    arg [-m] ==> ignore
    arg [elf_x86_64] ==> ignore
    arg [--hash-style=gnu] ==> ignore
    arg [--as-needed] ==> ignore
    arg [-dynamic-linker] ==> ignore
    arg [/lib64/ld-linux-x86-64.so.2] ==> ignore
    arg [-pie] ==> ignore
    arg [-znow] ==> ignore
    arg [-zrelro] ==> ignore
    arg [-o] ==> ignore
    arg [cmTC_d51bc] ==> ignore
    arg [/usr/lib/gcc/x86_64-linux-gnu/9/../../../x86_64-linux-gnu/Scrt1.o] ==> ignore
    arg [/usr/lib/gcc/x86_64-linux-gnu/9/../../../x86_64-linux-gnu/crti.o] ==> ignore
    arg [/usr/lib/gcc/x86_64-linux-gnu/9/crtbeginS.o] ==> ignore
    arg [-L/usr/lib/gcc/x86_64-linux-gnu/9] ==> dir [/usr/lib/gcc/x86_64-linux-gnu/9]
    arg [-L/usr/lib/gcc/x86_64-linux-gnu/9/../../../x86_64-linux-gnu] ==> dir [/usr/lib/gcc/x86_64-linux-gnu/9/../../../x86_64-linux-gnu]
    arg [-L/usr/lib/gcc/x86_64-linux-gnu/9/../../../../lib] ==> dir [/usr/lib/gcc/x86_64-linux-gnu/9/../../../../lib]
    arg [-L/lib/x86_64-linux-gnu] ==> dir [/lib/x86_64-linux-gnu]
    arg [-L/lib/../lib] ==> dir [/lib/../lib]
    arg [-L/usr/lib/x86_64-linux-gnu] ==> dir [/usr/lib/x86_64-linux-gnu]
    arg [-L/usr/lib/../lib] ==> dir [/usr/lib/../lib]
    arg [-L/usr/lib/gcc/x86_64-linux-gnu/9/../../..] ==> dir [/usr/lib/gcc/x86_64-linux-gnu/9/../../..]
    arg [CMakeFiles/cmTC_d51bc.dir/CMakeCCompilerABI.c.o] ==> ignore
    arg [-lgcc] ==> lib [gcc]
    arg [--push-state] ==> ignore
    arg [--as-needed] ==> ignore
    arg [-lgcc_s] ==> lib [gcc_s]
    arg [--pop-state] ==> ignore
    arg [-lc] ==> lib [c]
    arg [-lgcc] ==> lib [gcc]
    arg [--push-state] ==> ignore
    arg [--as-needed] ==> ignore
    arg [-lgcc_s] ==> lib [gcc_s]
    arg [--pop-state] ==> ignore
    arg [/usr/lib/gcc/x86_64-linux-gnu/9/crtendS.o] ==> ignore
    arg [/usr/lib/gcc/x86_64-linux-gnu/9/../../../x86_64-linux-gnu/crtn.o] ==> ignore
  collapse library dir [/usr/lib/gcc/x86_64-linux-gnu/9] ==> [/usr/lib/gcc/x86_64-linux-gnu/9]
  collapse library dir [/usr/lib/gcc/x86_64-linux-gnu/9/../../../x86_64-linux-gnu] ==> [/usr/lib/x86_64-linux-gnu]
  collapse library dir [/usr/lib/gcc/x86_64-linux-gnu/9/../../../../lib] ==> [/usr/lib]
  collapse library dir [/lib/x86_64-linux-gnu] ==> [/lib/x86_64-linux-gnu]
  collapse library dir [/lib/../lib] ==> [/lib]
  collapse library dir [/usr/lib/x86_64-linux-gnu] ==> [/usr/lib/x86_64-linux-gnu]
  collapse library dir [/usr/lib/../lib] ==> [/usr/lib]
  collapse library dir [/usr/lib/gcc/x86_64-linux-gnu/9/../../..] ==> [/usr/lib]
  implicit libs: [gcc;gcc_s;c;gcc;gcc_s]
  implicit dirs: [/usr/lib/gcc/x86_64-linux-gnu/9;/usr/lib/x86_64-linux-gnu;/usr/lib;/lib/x86_64-linux-gnu;/lib]
  implicit fwks: []


Determining if the CXX compiler works passed with the following output:
Change Dir: /home/user/Documents/DPS/Zookeeper_git/zookeeper/zookeeper-client/zookeeper-client-c/CMakeFiles/CMakeTmp

Run Build Command(s):/usr/bin/make cmTC_42a2a/fast && /usr/bin/make -f CMakeFiles/cmTC_42a2a.dir/build.make CMakeFiles/cmTC_42a2a.dir/build
make[1]: Entering directory '/home/user/Documents/DPS/Zookeeper_git/zookeeper/zookeeper-client/zookeeper-client-c/CMakeFiles/CMakeTmp'
Building CXX object CMakeFiles/cmTC_42a2a.dir/testCXXCompiler.cxx.o
/usr/bin/c++     -o CMakeFiles/cmTC_42a2a.dir/testCXXCompiler.cxx.o -c /home/user/Documents/DPS/Zookeeper_git/zookeeper/zookeeper-client/zookeeper-client-c/CMakeFiles/CMakeTmp/testCXXCompiler.cxx
Linking CXX executable cmTC_42a2a
/usr/bin/cmake -E cmake_link_script CMakeFiles/cmTC_42a2a.dir/link.txt --verbose=1
/usr/bin/c++       CMakeFiles/cmTC_42a2a.dir/testCXXCompiler.cxx.o  -o cmTC_42a2a 
make[1]: Leaving directory '/home/user/Documents/DPS/Zookeeper_git/zookeeper/zookeeper-client/zookeeper-client-c/CMakeFiles/CMakeTmp'



Detecting CXX compiler ABI info compiled with the following output:
Change Dir: /home/user/Documents/DPS/Zookeeper_git/zookeeper/zookeeper-client/zookeeper-client-c/CMakeFiles/CMakeTmp

Run Build Command(s):/usr/bin/make cmTC_18e03/fast && /usr/bin/make -f CMakeFiles/cmTC_18e03.dir/build.make CMakeFiles/cmTC_18e03.dir/build
make[1]: Entering directory '/home/user/Documents/DPS/Zookeeper_git/zookeeper/zookeeper-client/zookeeper-client-c/CMakeFiles/CMakeTmp'
Building CXX object CMakeFiles/cmTC_18e03.dir/CMakeCXXCompilerABI.cpp.o
/usr/bin/c++    -v -o CMakeFiles/cmTC_18e03.dir/CMakeCXXCompilerABI.cpp.o -c /usr/share/cmake-3.16/Modules/CMakeCXXCompilerABI.cpp
Using built-in specs.
COLLECT_GCC=/usr/bin/c++
OFFLOAD_TARGET_NAMES=nvptx-none:hsa
OFFLOAD_TARGET_DEFAULT=1
Target: x86_64-linux-gnu
Configured with: ../src/configure -v --with-pkgversion='Ubuntu 9.3.0-17ubuntu1~20.04' --with-bugurl=file:///usr/share/doc/gcc-9/README.Bugs --enable-languages=c,ada,c++,go,brig,d,fortran,objc,obj-c++,gm2 --prefix=/usr --with-gcc-major-version-only --program-suffix=-9 --program-prefix=x86_64-linux-gnu- --enable-shared --enable-linker-build-id --libexecdir=/usr/lib --without-included-gettext --enable-threads=posix --libdir=/usr/lib --enable-nls --enable-clocale=gnu --enable-libstdcxx-debug --enable-libstdcxx-time=yes --with-default-libstdcxx-abi=new --enable-gnu-unique-object --disable-vtable-verify --enable-plugin --enable-default-pie --with-system-zlib --with-target-system-zlib=auto --enable-objc-gc=auto --enable-multiarch --disable-werror --with-arch-32=i686 --with-abi=m64 --with-multilib-list=m32,m64,mx32 --enable-multilib --with-tune=generic --enable-offload-targets=nvptx-none=/build/gcc-9-HskZEa/gcc-9-9.3.0/debian/tmp-nvptx/usr,hsa --without-cuda-driver --enable-checking=release --build=x86_64-linux-gnu --host=x86_64-linux-gnu --target=x86_64-linux-gnu
Thread model: posix
gcc version 9.3.0 (Ubuntu 9.3.0-17ubuntu1~20.04) 
COLLECT_GCC_OPTIONS='-v' '-o' 'CMakeFiles/cmTC_18e03.dir/CMakeCXXCompilerABI.cpp.o' '-c' '-shared-libgcc' '-mtune=generic' '-march=x86-64'
 /usr/lib/gcc/x86_64-linux-gnu/9/cc1plus -quiet -v -imultiarch x86_64-linux-gnu -D_GNU_SOURCE /usr/share/cmake-3.16/Modules/CMakeCXXCompilerABI.cpp -quiet -dumpbase CMakeCXXCompilerABI.cpp -mtune=generic -march=x86-64 -auxbase-strip CMakeFiles/cmTC_18e03.dir/CMakeCXXCompilerABI.cpp.o -version -fasynchronous-unwind-tables -fstack-protector-strong -Wformat -Wformat-security -fstack-clash-protection -fcf-protection -o /tmp/ccPbzlUH.s
GNU C++14 (Ubuntu 9.3.0-17ubuntu1~20.04) version 9.3.0 (x86_64-linux-gnu)
	compiled by GNU C version 9.3.0, GMP version 6.2.0, MPFR version 4.0.2, MPC version 1.1.0, isl version isl-0.22.1-GMP

GGC heuristics: --param ggc-min-expand=100 --param ggc-min-heapsize=131072
ignoring duplicate directory "/usr/include/x86_64-linux-gnu/c++/9"
ignoring nonexistent directory "/usr/local/include/x86_64-linux-gnu"
ignoring nonexistent directory "/usr/lib/gcc/x86_64-linux-gnu/9/include-fixed"
ignoring nonexistent directory "/usr/lib/gcc/x86_64-linux-gnu/9/../../../../x86_64-linux-gnu/include"
#include "..." search starts here:
#include <...> search starts here:
 /usr/include/c++/9
 /usr/include/x86_64-linux-gnu/c++/9
 /usr/include/c++/9/backward
 /usr/lib/gcc/x86_64-linux-gnu/9/include
 /usr/local/include
 /usr/include/x86_64-linux-gnu
 /usr/include
End of search list.
GNU C++14 (Ubuntu 9.3.0-17ubuntu1~20.04) version 9.3.0 (x86_64-linux-gnu)
	compiled by GNU C version 9.3.0, GMP version 6.2.0, MPFR version 4.0.2, MPC version 1.1.0, isl version isl-0.22.1-GMP

GGC heuristics: --param ggc-min-expand=100 --param ggc-min-heapsize=131072
Compiler executable checksum: 466f818abe2f30ba03783f22bd12d815
COLLECT_GCC_OPTIONS='-v' '-o' 'CMakeFiles/cmTC_18e03.dir/CMakeCXXCompilerABI.cpp.o' '-c' '-shared-libgcc' '-mtune=generic' '-march=x86-64'
 as -v --64 -o CMakeFiles/cmTC_18e03.dir/CMakeCXXCompilerABI.cpp.o /tmp/ccPbzlUH.s
GNU assembler version 2.34 (x86_64-linux-gnu) using BFD version (GNU Binutils for Ubuntu) 2.34
COMPILER_PATH=/usr/lib/gcc/x86_64-linux-gnu/9/:/usr/lib/gcc/x86_64-linux-gnu/9/:/usr/lib/gcc/x86_64-linux-gnu/:/usr/lib/gcc/x86_64-linux-gnu/9/:/usr/lib/gcc/x86_64-linux-gnu/
LIBRARY_PATH=/usr/lib/gcc/x86_64-linux-gnu/9/:/usr/lib/gcc/x86_64-linux-gnu/9/../../../x86_64-linux-gnu/:/usr/lib/gcc/x86_64-linux-gnu/9/../../../../lib/:/lib/x86_64-linux-gnu/:/lib/../lib/:/usr/lib/x86_64-linux-gnu/:/usr/lib/../lib/:/usr/lib/gcc/x86_64-linux-gnu/9/../../../:/lib/:/usr/lib/
COLLECT_GCC_OPTIONS='-v' '-o' 'CMakeFiles/cmTC_18e03.dir/CMakeCXXCompilerABI.cpp.o' '-c' '-shared-libgcc' '-mtune=generic' '-march=x86-64'
Linking CXX executable cmTC_18e03
/usr/bin/cmake -E cmake_link_script CMakeFiles/cmTC_18e03.dir/link.txt --verbose=1
/usr/bin/c++      -v CMakeFiles/cmTC_18e03.dir/CMakeCXXCompilerABI.cpp.o  -o cmTC_18e03 
Using built-in specs.
COLLECT_GCC=/usr/bin/c++
COLLECT_LTO_WRAPPER=/usr/lib/gcc/x86_64-linux-gnu/9/lto-wrapper
OFFLOAD_TARGET_NAMES=nvptx-none:hsa
OFFLOAD_TARGET_DEFAULT=1
Target: x86_64-linux-gnu
Configured with: ../src/configure -v --with-pkgversion='Ubuntu 9.3.0-17ubuntu1~20.04' --with-bugurl=file:///usr/share/doc/gcc-9/README.Bugs --enable-languages=c,ada,c++,go,brig,d,fortran,objc,obj-c++,gm2 --prefix=/usr --with-gcc-major-version-only --program-suffix=-9 --program-prefix=x86_64-linux-gnu- --enable-shared --enable-linker-build-id --libexecdir=/usr/lib --without-included-gettext --enable-threads=posix --libdir=/usr/lib --enable-nls --enable-clocale=gnu --enable-libstdcxx-debug --enable-libstdcxx-time=yes --with-default-libstdcxx-abi=new --enable-gnu-unique-object --disable-vtable-verify --enable-plugin --enable-default-pie --with-system-zlib --with-target-system-zlib=auto --enable-objc-gc=auto --enable-multiarch --disable-werror --with-arch-32=i686 --with-abi=m64 --with-multilib-list=m32,m64,mx32 --enable-multilib --with-tune=generic --enable-offload-targets=nvptx-none=/build/gcc-9-HskZEa/gcc-9-9.3.0/debian/tmp-nvptx/usr,hsa --without-cuda-driver --enable-checking=release --build=x86_64-linux-gnu --host=x86_64-linux-gnu --target=x86_64-linux-gnu
Thread model: posix
gcc version 9.3.0 (Ubuntu 9.3.0-17ubuntu1~20.04) 
COMPILER_PATH=/usr/lib/gcc/x86_64-linux-gnu/9/:/usr/lib/gcc/x86_64-linux-gnu/9/:/usr/lib/gcc/x86_64-linux-gnu/:/usr/lib/gcc/x86_64-linux-gnu/9/:/usr/lib/gcc/x86_64-linux-gnu/
LIBRARY_PATH=/usr/lib/gcc/x86_64-linux-gnu/9/:/usr/lib/gcc/x86_64-linux-gnu/9/../../../x86_64-linux-gnu/:/usr/lib/gcc/x86_64-linux-gnu/9/../../../../lib/:/lib/x86_64-linux-gnu/:/lib/../lib/:/usr/lib/x86_64-linux-gnu/:/usr/lib/../lib/:/usr/lib/gcc/x86_64-linux-gnu/9/../../../:/lib/:/usr/lib/
COLLECT_GCC_OPTIONS='-v' '-o' 'cmTC_18e03' '-shared-libgcc' '-mtune=generic' '-march=x86-64'
 /usr/lib/gcc/x86_64-linux-gnu/9/collect2 -plugin /usr/lib/gcc/x86_64-linux-gnu/9/liblto_plugin.so -plugin-opt=/usr/lib/gcc/x86_64-linux-gnu/9/lto-wrapper -plugin-opt=-fresolution=/tmp/ccHYXCab.res -plugin-opt=-pass-through=-lgcc_s -plugin-opt=-pass-through=-lgcc -plugin-opt=-pass-through=-lc -plugin-opt=-pass-through=-lgcc_s -plugin-opt=-pass-through=-lgcc --build-id --eh-frame-hdr -m elf_x86_64 --hash-style=gnu --as-needed -dynamic-linker /lib64/ld-linux-x86-64.so.2 -pie -z now -z relro -o cmTC_18e03 /usr/lib/gcc/x86_64-linux-gnu/9/../../../x86_64-linux-gnu/Scrt1.o /usr/lib/gcc/x86_64-linux-gnu/9/../../../x86_64-linux-gnu/crti.o /usr/lib/gcc/x86_64-linux-gnu/9/crtbeginS.o -L/usr/lib/gcc/x86_64-linux-gnu/9 -L/usr/lib/gcc/x86_64-linux-gnu/9/../../../x86_64-linux-gnu -L/usr/lib/gcc/x86_64-linux-gnu/9/../../../../lib -L/lib/x86_64-linux-gnu -L/lib/../lib -L/usr/lib/x86_64-linux-gnu -L/usr/lib/../lib -L/usr/lib/gcc/x86_64-linux-gnu/9/../../.. CMakeFiles/cmTC_18e03.dir/CMakeCXXCompilerABI.cpp.o -lstdc++ -lm -lgcc_s -lgcc -lc -lgcc_s -lgcc /usr/lib/gcc/x86_64-linux-gnu/9/crtendS.o /usr/lib/gcc/x86_64-linux-gnu/9/../../../x86_64-linux-gnu/crtn.o
COLLECT_GCC_OPTIONS='-v' '-o' 'cmTC_18e03' '-shared-libgcc' '-mtune=generic' '-march=x86-64'
make[1]: Leaving directory '/home/user/Documents/DPS/Zookeeper_git/zookeeper/zookeeper-client/zookeeper-client-c/CMakeFiles/CMakeTmp'



Parsed CXX implicit include dir info from above output: rv=done
  found start of include info
  found start of implicit include info
    add: [/usr/include/c++/9]
    add: [/usr/include/x86_64-linux-gnu/c++/9]
    add: [/usr/include/c++/9/backward]
    add: [/usr/lib/gcc/x86_64-linux-gnu/9/include]
    add: [/usr/local/include]
    add: [/usr/include/x86_64-linux-gnu]
    add: [/usr/include]
  end of search list found
  collapse include dir [/usr/include/c++/9] ==> [/usr/include/c++/9]
  collapse include dir [/usr/include/x86_64-linux-gnu/c++/9] ==> [/usr/include/x86_64-linux-gnu/c++/9]
  collapse include dir [/usr/include/c++/9/backward] ==> [/usr/include/c++/9/backward]
  collapse include dir [/usr/lib/gcc/x86_64-linux-gnu/9/include] ==> [/usr/lib/gcc/x86_64-linux-gnu/9/include]
  collapse include dir [/usr/local/include] ==> [/usr/local/include]
  collapse include dir [/usr/include/x86_64-linux-gnu] ==> [/usr/include/x86_64-linux-gnu]
  collapse include dir [/usr/include] ==> [/usr/include]
  implicit include dirs: [/usr/include/c++/9;/usr/include/x86_64-linux-gnu/c++/9;/usr/include/c++/9/backward;/usr/lib/gcc/x86_64-linux-gnu/9/include;/usr/local/include;/usr/include/x86_64-linux-gnu;/usr/include]


Parsed CXX implicit link information from above output:
  link line regex: [^( *|.*[/\])(ld|CMAKE_LINK_STARTFILE-NOTFOUND|([^/\]+-)?ld|collect2)[^/\]*( |$)]
  ignore line: [Change Dir: /home/user/Documents/DPS/Zookeeper_git/zookeeper/zookeeper-client/zookeeper-client-c/CMakeFiles/CMakeTmp]
  ignore line: []
  ignore line: [Run Build Command(s):/usr/bin/make cmTC_18e03/fast && /usr/bin/make -f CMakeFiles/cmTC_18e03.dir/build.make CMakeFiles/cmTC_18e03.dir/build]
  ignore line: [make[1]: Entering directory '/home/user/Documents/DPS/Zookeeper_git/zookeeper/zookeeper-client/zookeeper-client-c/CMakeFiles/CMakeTmp']
  ignore line: [Building CXX object CMakeFiles/cmTC_18e03.dir/CMakeCXXCompilerABI.cpp.o]
  ignore line: [/usr/bin/c++    -v -o CMakeFiles/cmTC_18e03.dir/CMakeCXXCompilerABI.cpp.o -c /usr/share/cmake-3.16/Modules/CMakeCXXCompilerABI.cpp]
  ignore line: [Using built-in specs.]
  ignore line: [COLLECT_GCC=/usr/bin/c++]
  ignore line: [OFFLOAD_TARGET_NAMES=nvptx-none:hsa]
  ignore line: [OFFLOAD_TARGET_DEFAULT=1]
  ignore line: [Target: x86_64-linux-gnu]
  ignore line: [Configured with: ../src/configure -v --with-pkgversion='Ubuntu 9.3.0-17ubuntu1~20.04' --with-bugurl=file:///usr/share/doc/gcc-9/README.Bugs --enable-languages=c ada c++ go brig d fortran objc obj-c++ gm2 --prefix=/usr --with-gcc-major-version-only --program-suffix=-9 --program-prefix=x86_64-linux-gnu- --enable-shared --enable-linker-build-id --libexecdir=/usr/lib --without-included-gettext --enable-threads=posix --libdir=/usr/lib --enable-nls --enable-clocale=gnu --enable-libstdcxx-debug --enable-libstdcxx-time=yes --with-default-libstdcxx-abi=new --enable-gnu-unique-object --disable-vtable-verify --enable-plugin --enable-default-pie --with-system-zlib --with-target-system-zlib=auto --enable-objc-gc=auto --enable-multiarch --disable-werror --with-arch-32=i686 --with-abi=m64 --with-multilib-list=m32 m64 mx32 --enable-multilib --with-tune=generic --enable-offload-targets=nvptx-none=/build/gcc-9-HskZEa/gcc-9-9.3.0/debian/tmp-nvptx/usr hsa --without-cuda-driver --enable-checking=release --build=x86_64-linux-gnu --host=x86_64-linux-gnu --target=x86_64-linux-gnu]
  ignore line: [Thread model: posix]
  ignore line: [gcc version 9.3.0 (Ubuntu 9.3.0-17ubuntu1~20.04) ]
  ignore line: [COLLECT_GCC_OPTIONS='-v' '-o' 'CMakeFiles/cmTC_18e03.dir/CMakeCXXCompilerABI.cpp.o' '-c' '-shared-libgcc' '-mtune=generic' '-march=x86-64']
  ignore line: [ /usr/lib/gcc/x86_64-linux-gnu/9/cc1plus -quiet -v -imultiarch x86_64-linux-gnu -D_GNU_SOURCE /usr/share/cmake-3.16/Modules/CMakeCXXCompilerABI.cpp -quiet -dumpbase CMakeCXXCompilerABI.cpp -mtune=generic -march=x86-64 -auxbase-strip CMakeFiles/cmTC_18e03.dir/CMakeCXXCompilerABI.cpp.o -version -fasynchronous-unwind-tables -fstack-protector-strong -Wformat -Wformat-security -fstack-clash-protection -fcf-protection -o /tmp/ccPbzlUH.s]
  ignore line: [GNU C++14 (Ubuntu 9.3.0-17ubuntu1~20.04) version 9.3.0 (x86_64-linux-gnu)]
  ignore line: [	compiled by GNU C version 9.3.0  GMP version 6.2.0  MPFR version 4.0.2  MPC version 1.1.0  isl version isl-0.22.1-GMP]
  ignore line: []
  ignore line: [GGC heuristics: --param ggc-min-expand=100 --param ggc-min-heapsize=131072]
  ignore line: [ignoring duplicate directory "/usr/include/x86_64-linux-gnu/c++/9"]
  ignore line: [ignoring nonexistent directory "/usr/local/include/x86_64-linux-gnu"]
  ignore line: [ignoring nonexistent directory "/usr/lib/gcc/x86_64-linux-gnu/9/include-fixed"]
  ignore line: [ignoring nonexistent directory "/usr/lib/gcc/x86_64-linux-gnu/9/../../../../x86_64-linux-gnu/include"]
  ignore line: [#include "..." search starts here:]
  ignore line: [#include <...> search starts here:]
  ignore line: [ /usr/include/c++/9]
  ignore line: [ /usr/include/x86_64-linux-gnu/c++/9]
  ignore line: [ /usr/include/c++/9/backward]
  ignore line: [ /usr/lib/gcc/x86_64-linux-gnu/9/include]
  ignore line: [ /usr/local/include]
  ignore line: [ /usr/include/x86_64-linux-gnu]
  ignore line: [ /usr/include]
  ignore line: [End of search list.]
  ignore line: [GNU C++14 (Ubuntu 9.3.0-17ubuntu1~20.04) version 9.3.0 (x86_64-linux-gnu)]
  ignore line: [	compiled by GNU C version 9.3.0  GMP version 6.2.0  MPFR version 4.0.2  MPC version 1.1.0  isl version isl-0.22.1-GMP]
  ignore line: []
  ignore line: [GGC heuristics: --param ggc-min-expand=100 --param ggc-min-heapsize=131072]
  ignore line: [Compiler executable checksum: 466f818abe2f30ba03783f22bd12d815]
  ignore line: [COLLECT_GCC_OPTIONS='-v' '-o' 'CMakeFiles/cmTC_18e03.dir/CMakeCXXCompilerABI.cpp.o' '-c' '-shared-libgcc' '-mtune=generic' '-march=x86-64']
  ignore line: [ as -v --64 -o CMakeFiles/cmTC_18e03.dir/CMakeCXXCompilerABI.cpp.o /tmp/ccPbzlUH.s]
  ignore line: [GNU assembler version 2.34 (x86_64-linux-gnu) using BFD version (GNU Binutils for Ubuntu) 2.34]
  ignore line: [COMPILER_PATH=/usr/lib/gcc/x86_64-linux-gnu/9/:/usr/lib/gcc/x86_64-linux-gnu/9/:/usr/lib/gcc/x86_64-linux-gnu/:/usr/lib/gcc/x86_64-linux-gnu/9/:/usr/lib/gcc/x86_64-linux-gnu/]
  ignore line: [LIBRARY_PATH=/usr/lib/gcc/x86_64-linux-gnu/9/:/usr/lib/gcc/x86_64-linux-gnu/9/../../../x86_64-linux-gnu/:/usr/lib/gcc/x86_64-linux-gnu/9/../../../../lib/:/lib/x86_64-linux-gnu/:/lib/../lib/:/usr/lib/x86_64-linux-gnu/:/usr/lib/../lib/:/usr/lib/gcc/x86_64-linux-gnu/9/../../../:/lib/:/usr/lib/]
  ignore line: [COLLECT_GCC_OPTIONS='-v' '-o' 'CMakeFiles/cmTC_18e03.dir/CMakeCXXCompilerABI.cpp.o' '-c' '-shared-libgcc' '-mtune=generic' '-march=x86-64']
  ignore line: [Linking CXX executable cmTC_18e03]
  ignore line: [/usr/bin/cmake -E cmake_link_script CMakeFiles/cmTC_18e03.dir/link.txt --verbose=1]
  ignore line: [/usr/bin/c++      -v CMakeFiles/cmTC_18e03.dir/CMakeCXXCompilerABI.cpp.o  -o cmTC_18e03 ]
  ignore line: [Using built-in specs.]
  ignore line: [COLLECT_GCC=/usr/bin/c++]
  ignore line: [COLLECT_LTO_WRAPPER=/usr/lib/gcc/x86_64-linux-gnu/9/lto-wrapper]
  ignore line: [OFFLOAD_TARGET_NAMES=nvptx-none:hsa]
  ignore line: [OFFLOAD_TARGET_DEFAULT=1]
  ignore line: [Target: x86_64-linux-gnu]
  ignore line: [Configured with: ../src/configure -v --with-pkgversion='Ubuntu 9.3.0-17ubuntu1~20.04' --with-bugurl=file:///usr/share/doc/gcc-9/README.Bugs --enable-languages=c ada c++ go brig d fortran objc obj-c++ gm2 --prefix=/usr --with-gcc-major-version-only --program-suffix=-9 --program-prefix=x86_64-linux-gnu- --enable-shared --enable-linker-build-id --libexecdir=/usr/lib --without-included-gettext --enable-threads=posix --libdir=/usr/lib --enable-nls --enable-clocale=gnu --enable-libstdcxx-debug --enable-libstdcxx-time=yes --with-default-libstdcxx-abi=new --enable-gnu-unique-object --disable-vtable-verify --enable-plugin --enable-default-pie --with-system-zlib --with-target-system-zlib=auto --enable-objc-gc=auto --enable-multiarch --disable-werror --with-arch-32=i686 --with-abi=m64 --with-multilib-list=m32 m64 mx32 --enable-multilib --with-tune=generic --enable-offload-targets=nvptx-none=/build/gcc-9-HskZEa/gcc-9-9.3.0/debian/tmp-nvptx/usr hsa --without-cuda-driver --enable-checking=release --build=x86_64-linux-gnu --host=x86_64-linux-gnu --target=x86_64-linux-gnu]
  ignore line: [Thread model: posix]
  ignore line: [gcc version 9.3.0 (Ubuntu 9.3.0-17ubuntu1~20.04) ]
  ignore line: [COMPILER_PATH=/usr/lib/gcc/x86_64-linux-gnu/9/:/usr/lib/gcc/x86_64-linux-gnu/9/:/usr/lib/gcc/x86_64-linux-gnu/:/usr/lib/gcc/x86_64-linux-gnu/9/:/usr/lib/gcc/x86_64-linux-gnu/]
  ignore line: [LIBRARY_PATH=/usr/lib/gcc/x86_64-linux-gnu/9/:/usr/lib/gcc/x86_64-linux-gnu/9/../../../x86_64-linux-gnu/:/usr/lib/gcc/x86_64-linux-gnu/9/../../../../lib/:/lib/x86_64-linux-gnu/:/lib/../lib/:/usr/lib/x86_64-linux-gnu/:/usr/lib/../lib/:/usr/lib/gcc/x86_64-linux-gnu/9/../../../:/lib/:/usr/lib/]
  ignore line: [COLLECT_GCC_OPTIONS='-v' '-o' 'cmTC_18e03' '-shared-libgcc' '-mtune=generic' '-march=x86-64']
  link line: [ /usr/lib/gcc/x86_64-linux-gnu/9/collect2 -plugin /usr/lib/gcc/x86_64-linux-gnu/9/liblto_plugin.so -plugin-opt=/usr/lib/gcc/x86_64-linux-gnu/9/lto-wrapper -plugin-opt=-fresolution=/tmp/ccHYXCab.res -plugin-opt=-pass-through=-lgcc_s -plugin-opt=-pass-through=-lgcc -plugin-opt=-pass-through=-lc -plugin-opt=-pass-through=-lgcc_s -plugin-opt=-pass-through=-lgcc --build-id --eh-frame-hdr -m elf_x86_64 --hash-style=gnu --as-needed -dynamic-linker /lib64/ld-linux-x86-64.so.2 -pie -z now -z relro -o cmTC_18e03 /usr/lib/gcc/x86_64-linux-gnu/9/../../../x86_64-linux-gnu/Scrt1.o /usr/lib/gcc/x86_64-linux-gnu/9/../../../x86_64-linux-gnu/crti.o /usr/lib/gcc/x86_64-linux-gnu/9/crtbeginS.o -L/usr/lib/gcc/x86_64-linux-gnu/9 -L/usr/lib/gcc/x86_64-linux-gnu/9/../../../x86_64-linux-gnu -L/usr/lib/gcc/x86_64-linux-gnu/9/../../../../lib -L/lib/x86_64-linux-gnu -L/lib/../lib -L/usr/lib/x86_64-linux-gnu -L/usr/lib/../lib -L/usr/lib/gcc/x86_64-linux-gnu/9/../../.. CMakeFiles/cmTC_18e03.dir/CMakeCXXCompilerABI.cpp.o -lstdc++ -lm -lgcc_s -lgcc -lc -lgcc_s -lgcc /usr/lib/gcc/x86_64-linux-gnu/9/crtendS.o /usr/lib/gcc/x86_64-linux-gnu/9/../../../x86_64-linux-gnu/crtn.o]
    arg [/usr/lib/gcc/x86_64-linux-gnu/9/collect2] ==> ignore
    arg [-plugin] ==> ignore
    arg [/usr/lib/gcc/x86_64-linux-gnu/9/liblto_plugin.so] ==> ignore
    arg [-plugin-opt=/usr/lib/gcc/x86_64-linux-gnu/9/lto-wrapper] ==> ignore
    arg [-plugin-opt=-fresolution=/tmp/ccHYXCab.res] ==> ignore
    arg [-plugin-opt=-pass-through=-lgcc_s] ==> ignore
    arg [-plugin-opt=-pass-through=-lgcc] ==> ignore
    arg [-plugin-opt=-pass-through=-lc] ==> ignore
    arg [-plugin-opt=-pass-through=-lgcc_s] ==> ignore
    arg [-plugin-opt=-pass-through=-lgcc] ==> ignore
    arg [--build-id] ==> ignore
    arg [--eh-frame-hdr] ==> ignore
    arg [-m] ==> ignore
    arg [elf_x86_64] ==> ignore
    arg [--hash-style=gnu] ==> ignore
    arg [--as-needed] ==> ignore
    arg [-dynamic-linker] ==> ignore
    arg [/lib64/ld-linux-x86-64.so.2] ==> ignore
    arg [-pie] ==> ignore
    arg [-znow] ==> ignore
    arg [-zrelro] ==> ignore
    arg [-o] ==> ignore
    arg [cmTC_18e03] ==> ignore
    arg [/usr/lib/gcc/x86_64-linux-gnu/9/../../../x86_64-linux-gnu/Scrt1.o] ==> ignore
    arg [/usr/lib/gcc/x86_64-linux-gnu/9/../../../x86_64-linux-gnu/crti.o] ==> ignore
    arg [/usr/lib/gcc/x86_64-linux-gnu/9/crtbeginS.o] ==> ignore
    arg [-L/usr/lib/gcc/x86_64-linux-gnu/9] ==> dir [/usr/lib/gcc/x86_64-linux-gnu/9]
    arg [-L/usr/lib/gcc/x86_64-linux-gnu/9/../../../x86_64-linux-gnu] ==> dir [/usr/lib/gcc/x86_64-linux-gnu/9/../../../x86_64-linux-gnu]
    arg [-L/usr/lib/gcc/x86_64-linux-gnu/9/../../../../lib] ==> dir [/usr/lib/gcc/x86_64-linux-gnu/9/../../../../lib]
    arg [-L/lib/x86_64-linux-gnu] ==> dir [/lib/x86_64-linux-gnu]
    arg [-L/lib/../lib] ==> dir [/lib/../lib]
    arg [-L/usr/lib/x86_64-linux-gnu] ==> dir [/usr/lib/x86_64-linux-gnu]
    arg [-L/usr/lib/../lib] ==> dir [/usr/lib/../lib]
    arg [-L/usr/lib/gcc/x86_64-linux-gnu/9/../../..] ==> dir [/usr/lib/gcc/x86_64-linux-gnu/9/../../..]
    arg [CMakeFiles/cmTC_18e03.dir/CMakeCXXCompilerABI.cpp.o] ==> ignore
    arg [-lstdc++] ==> lib [stdc++]
    arg [-lm] ==> lib [m]
    arg [-lgcc_s] ==> lib [gcc_s]
    arg [-lgcc] ==> lib [gcc]
    arg [-lc] ==> lib [c]
    arg [-lgcc_s] ==> lib [gcc_s]
    arg [-lgcc] ==> lib [gcc]
    arg [/usr/lib/gcc/x86_64-linux-gnu/9/crtendS.o] ==> ignore
    arg [/usr/lib/gcc/x86_64-linux-gnu/9/../../../x86_64-linux-gnu/crtn.o] ==> ignore
  collapse library dir [/usr/lib/gcc/x86_64-linux-gnu/9] ==> [/usr/lib/gcc/x86_64-linux-gnu/9]
  collapse library dir [/usr/lib/gcc/x86_64-linux-gnu/9/../../../x86_64-linux-gnu] ==> [/usr/lib/x86_64-linux-gnu]
  collapse library dir [/usr/lib/gcc/x86_64-linux-gnu/9/../../../../lib] ==> [/usr/lib]
  collapse library dir [/lib/x86_64-linux-gnu] ==> [/lib/x86_64-linux-gnu]
  collapse library dir [/lib/../lib] ==> [/lib]
  collapse library dir [/usr/lib/x86_64-linux-gnu] ==> [/usr/lib/x86_64-linux-gnu]
  collapse library dir [/usr/lib/../lib] ==> [/usr/lib]
  collapse library dir [/usr/lib/gcc/x86_64-linux-gnu/9/../../..] ==> [/usr/lib]
  implicit libs: [stdc++;m;gcc_s;gcc;c;gcc_s;gcc]
  implicit dirs: [/usr/lib/gcc/x86_64-linux-gnu/9;/usr/lib/x86_64-linux-gnu;/usr/lib;/lib/x86_64-linux-gnu;/lib]
  implicit fwks: []


Determining if the SOCK_CLOEXEC exist passed with the following output:
Change Dir: /home/user/Documents/DPS/Zookeeper_git/zookeeper/zookeeper-client/zookeeper-client-c/CMakeFiles/CMakeTmp

Run Build Command(s):/usr/bin/make cmTC_9c134/fast && /usr/bin/make -f CMakeFiles/cmTC_9c134.dir/build.make CMakeFiles/cmTC_9c134.dir/build
make[1]: Entering directory '/home/user/Documents/DPS/Zookeeper_git/zookeeper/zookeeper-client/zookeeper-client-c/CMakeFiles/CMakeTmp'
Building C object CMakeFiles/cmTC_9c134.dir/CheckSymbolExists.c.o
/usr/bin/cc    -o CMakeFiles/cmTC_9c134.dir/CheckSymbolExists.c.o   -c /home/user/Documents/DPS/Zookeeper_git/zookeeper/zookeeper-client/zookeeper-client-c/CMakeFiles/CMakeTmp/CheckSymbolExists.c
Linking C executable cmTC_9c134
/usr/bin/cmake -E cmake_link_script CMakeFiles/cmTC_9c134.dir/link.txt --verbose=1
/usr/bin/cc      CMakeFiles/cmTC_9c134.dir/CheckSymbolExists.c.o  -o cmTC_9c134 
make[1]: Leaving directory '/home/user/Documents/DPS/Zookeeper_git/zookeeper/zookeeper-client/zookeeper-client-c/CMakeFiles/CMakeTmp'


File /home/user/Documents/DPS/Zookeeper_git/zookeeper/zookeeper-client/zookeeper-client-c/CMakeFiles/CMakeTmp/CheckSymbolExists.c:
/* */
#include <sys/socket.h>

int main(int argc, char** argv)
{
  (void)argv;
#ifndef SOCK_CLOEXEC
  return ((int*)(&SOCK_CLOEXEC))[argc];
#else
  (void)argc;
  return 0;
#endif
}
Determining if the include file arpa/inet.h exists passed with the following output:
Change Dir: /home/user/Documents/DPS/Zookeeper_git/zookeeper/zookeeper-client/zookeeper-client-c/CMakeFiles/CMakeTmp

Run Build Command(s):/usr/bin/make cmTC_62adb/fast && /usr/bin/make -f CMakeFiles/cmTC_62adb.dir/build.make CMakeFiles/cmTC_62adb.dir/build
make[1]: Entering directory '/home/user/Documents/DPS/Zookeeper_git/zookeeper/zookeeper-client/zookeeper-client-c/CMakeFiles/CMakeTmp'
Building C object CMakeFiles/cmTC_62adb.dir/CheckIncludeFile.c.o
/usr/bin/cc    -o CMakeFiles/cmTC_62adb.dir/CheckIncludeFile.c.o   -c /home/user/Documents/DPS/Zookeeper_git/zookeeper/zookeeper-client/zookeeper-client-c/CMakeFiles/CMakeTmp/CheckIncludeFile.c
Linking C executable cmTC_62adb
/usr/bin/cmake -E cmake_link_script CMakeFiles/cmTC_62adb.dir/link.txt --verbose=1
/usr/bin/cc      CMakeFiles/cmTC_62adb.dir/CheckIncludeFile.c.o  -o cmTC_62adb 
make[1]: Leaving directory '/home/user/Documents/DPS/Zookeeper_git/zookeeper/zookeeper-client/zookeeper-client-c/CMakeFiles/CMakeTmp'



Determining if the include file dlfcn.h exists passed with the following output:
Change Dir: /home/user/Documents/DPS/Zookeeper_git/zookeeper/zookeeper-client/zookeeper-client-c/CMakeFiles/CMakeTmp

Run Build Command(s):/usr/bin/make cmTC_930e6/fast && /usr/bin/make -f CMakeFiles/cmTC_930e6.dir/build.make CMakeFiles/cmTC_930e6.dir/build
make[1]: Entering directory '/home/user/Documents/DPS/Zookeeper_git/zookeeper/zookeeper-client/zookeeper-client-c/CMakeFiles/CMakeTmp'
Building C object CMakeFiles/cmTC_930e6.dir/CheckIncludeFile.c.o
/usr/bin/cc    -o CMakeFiles/cmTC_930e6.dir/CheckIncludeFile.c.o   -c /home/user/Documents/DPS/Zookeeper_git/zookeeper/zookeeper-client/zookeeper-client-c/CMakeFiles/CMakeTmp/CheckIncludeFile.c
Linking C executable cmTC_930e6
/usr/bin/cmake -E cmake_link_script CMakeFiles/cmTC_930e6.dir/link.txt --verbose=1
/usr/bin/cc      CMakeFiles/cmTC_930e6.dir/CheckIncludeFile.c.o  -o cmTC_930e6 
make[1]: Leaving directory '/home/user/Documents/DPS/Zookeeper_git/zookeeper/zookeeper-client/zookeeper-client-c/CMakeFiles/CMakeTmp'



Determining if the include file fcntl.h exists passed with the following output:
Change Dir: /home/user/Documents/DPS/Zookeeper_git/zookeeper/zookeeper-client/zookeeper-client-c/CMakeFiles/CMakeTmp

Run Build Command(s):/usr/bin/make cmTC_1a49f/fast && /usr/bin/make -f CMakeFiles/cmTC_1a49f.dir/build.make CMakeFiles/cmTC_1a49f.dir/build
make[1]: Entering directory '/home/user/Documents/DPS/Zookeeper_git/zookeeper/zookeeper-client/zookeeper-client-c/CMakeFiles/CMakeTmp'
Building C object CMakeFiles/cmTC_1a49f.dir/CheckIncludeFile.c.o
/usr/bin/cc    -o CMakeFiles/cmTC_1a49f.dir/CheckIncludeFile.c.o   -c /home/user/Documents/DPS/Zookeeper_git/zookeeper/zookeeper-client/zookeeper-client-c/CMakeFiles/CMakeTmp/CheckIncludeFile.c
Linking C executable cmTC_1a49f
/usr/bin/cmake -E cmake_link_script CMakeFiles/cmTC_1a49f.dir/link.txt --verbose=1
/usr/bin/cc      CMakeFiles/cmTC_1a49f.dir/CheckIncludeFile.c.o  -o cmTC_1a49f 
make[1]: Leaving directory '/home/user/Documents/DPS/Zookeeper_git/zookeeper/zookeeper-client/zookeeper-client-c/CMakeFiles/CMakeTmp'



Determining if the include file inttypes.h exists passed with the following output:
Change Dir: /home/user/Documents/DPS/Zookeeper_git/zookeeper/zookeeper-client/zookeeper-client-c/CMakeFiles/CMakeTmp

Run Build Command(s):/usr/bin/make cmTC_1966d/fast && /usr/bin/make -f CMakeFiles/cmTC_1966d.dir/build.make CMakeFiles/cmTC_1966d.dir/build
make[1]: Entering directory '/home/user/Documents/DPS/Zookeeper_git/zookeeper/zookeeper-client/zookeeper-client-c/CMakeFiles/CMakeTmp'
Building C object CMakeFiles/cmTC_1966d.dir/CheckIncludeFile.c.o
/usr/bin/cc    -o CMakeFiles/cmTC_1966d.dir/CheckIncludeFile.c.o   -c /home/user/Documents/DPS/Zookeeper_git/zookeeper/zookeeper-client/zookeeper-client-c/CMakeFiles/CMakeTmp/CheckIncludeFile.c
Linking C executable cmTC_1966d
/usr/bin/cmake -E cmake_link_script CMakeFiles/cmTC_1966d.dir/link.txt --verbose=1
/usr/bin/cc      CMakeFiles/cmTC_1966d.dir/CheckIncludeFile.c.o  -o cmTC_1966d 
make[1]: Leaving directory '/home/user/Documents/DPS/Zookeeper_git/zookeeper/zookeeper-client/zookeeper-client-c/CMakeFiles/CMakeTmp'



Determining if the include file memory.h exists passed with the following output:
Change Dir: /home/user/Documents/DPS/Zookeeper_git/zookeeper/zookeeper-client/zookeeper-client-c/CMakeFiles/CMakeTmp

Run Build Command(s):/usr/bin/make cmTC_45325/fast && /usr/bin/make -f CMakeFiles/cmTC_45325.dir/build.make CMakeFiles/cmTC_45325.dir/build
make[1]: Entering directory '/home/user/Documents/DPS/Zookeeper_git/zookeeper/zookeeper-client/zookeeper-client-c/CMakeFiles/CMakeTmp'
Building C object CMakeFiles/cmTC_45325.dir/CheckIncludeFile.c.o
/usr/bin/cc    -o CMakeFiles/cmTC_45325.dir/CheckIncludeFile.c.o   -c /home/user/Documents/DPS/Zookeeper_git/zookeeper/zookeeper-client/zookeeper-client-c/CMakeFiles/CMakeTmp/CheckIncludeFile.c
Linking C executable cmTC_45325
/usr/bin/cmake -E cmake_link_script CMakeFiles/cmTC_45325.dir/link.txt --verbose=1
/usr/bin/cc      CMakeFiles/cmTC_45325.dir/CheckIncludeFile.c.o  -o cmTC_45325 
make[1]: Leaving directory '/home/user/Documents/DPS/Zookeeper_git/zookeeper/zookeeper-client/zookeeper-client-c/CMakeFiles/CMakeTmp'



Determining if the include file netdb.h exists passed with the following output:
Change Dir: /home/user/Documents/DPS/Zookeeper_git/zookeeper/zookeeper-client/zookeeper-client-c/CMakeFiles/CMakeTmp

Run Build Command(s):/usr/bin/make cmTC_7b232/fast && /usr/bin/make -f CMakeFiles/cmTC_7b232.dir/build.make CMakeFiles/cmTC_7b232.dir/build
make[1]: Entering directory '/home/user/Documents/DPS/Zookeeper_git/zookeeper/zookeeper-client/zookeeper-client-c/CMakeFiles/CMakeTmp'
Building C object CMakeFiles/cmTC_7b232.dir/CheckIncludeFile.c.o
/usr/bin/cc    -o CMakeFiles/cmTC_7b232.dir/CheckIncludeFile.c.o   -c /home/user/Documents/DPS/Zookeeper_git/zookeeper/zookeeper-client/zookeeper-client-c/CMakeFiles/CMakeTmp/CheckIncludeFile.c
Linking C executable cmTC_7b232
/usr/bin/cmake -E cmake_link_script CMakeFiles/cmTC_7b232.dir/link.txt --verbose=1
/usr/bin/cc      CMakeFiles/cmTC_7b232.dir/CheckIncludeFile.c.o  -o cmTC_7b232 
make[1]: Leaving directory '/home/user/Documents/DPS/Zookeeper_git/zookeeper/zookeeper-client/zookeeper-client-c/CMakeFiles/CMakeTmp'



Determining if the include file netinet/in.h exists passed with the following output:
Change Dir: /home/user/Documents/DPS/Zookeeper_git/zookeeper/zookeeper-client/zookeeper-client-c/CMakeFiles/CMakeTmp

Run Build Command(s):/usr/bin/make cmTC_aea45/fast && /usr/bin/make -f CMakeFiles/cmTC_aea45.dir/build.make CMakeFiles/cmTC_aea45.dir/build
make[1]: Entering directory '/home/user/Documents/DPS/Zookeeper_git/zookeeper/zookeeper-client/zookeeper-client-c/CMakeFiles/CMakeTmp'
Building C object CMakeFiles/cmTC_aea45.dir/CheckIncludeFile.c.o
/usr/bin/cc    -o CMakeFiles/cmTC_aea45.dir/CheckIncludeFile.c.o   -c /home/user/Documents/DPS/Zookeeper_git/zookeeper/zookeeper-client/zookeeper-client-c/CMakeFiles/CMakeTmp/CheckIncludeFile.c
Linking C executable cmTC_aea45
/usr/bin/cmake -E cmake_link_script CMakeFiles/cmTC_aea45.dir/link.txt --verbose=1
/usr/bin/cc      CMakeFiles/cmTC_aea45.dir/CheckIncludeFile.c.o  -o cmTC_aea45 
make[1]: Leaving directory '/home/user/Documents/DPS/Zookeeper_git/zookeeper/zookeeper-client/zookeeper-client-c/CMakeFiles/CMakeTmp'



Determining if the include file stdint.h exists passed with the following output:
Change Dir: /home/user/Documents/DPS/Zookeeper_git/zookeeper/zookeeper-client/zookeeper-client-c/CMakeFiles/CMakeTmp

Run Build Command(s):/usr/bin/make cmTC_41fe0/fast && /usr/bin/make -f CMakeFiles/cmTC_41fe0.dir/build.make CMakeFiles/cmTC_41fe0.dir/build
make[1]: Entering directory '/home/user/Documents/DPS/Zookeeper_git/zookeeper/zookeeper-client/zookeeper-client-c/CMakeFiles/CMakeTmp'
Building C object CMakeFiles/cmTC_41fe0.dir/CheckIncludeFile.c.o
/usr/bin/cc    -o CMakeFiles/cmTC_41fe0.dir/CheckIncludeFile.c.o   -c /home/user/Documents/DPS/Zookeeper_git/zookeeper/zookeeper-client/zookeeper-client-c/CMakeFiles/CMakeTmp/CheckIncludeFile.c
Linking C executable cmTC_41fe0
/usr/bin/cmake -E cmake_link_script CMakeFiles/cmTC_41fe0.dir/link.txt --verbose=1
/usr/bin/cc      CMakeFiles/cmTC_41fe0.dir/CheckIncludeFile.c.o  -o cmTC_41fe0 
make[1]: Leaving directory '/home/user/Documents/DPS/Zookeeper_git/zookeeper/zookeeper-client/zookeeper-client-c/CMakeFiles/CMakeTmp'



Determining if the include file stdlib.h exists passed with the following output:
Change Dir: /home/user/Documents/DPS/Zookeeper_git/zookeeper/zookeeper-client/zookeeper-client-c/CMakeFiles/CMakeTmp

Run Build Command(s):/usr/bin/make cmTC_82183/fast && /usr/bin/make -f CMakeFiles/cmTC_82183.dir/build.make CMakeFiles/cmTC_82183.dir/build
make[1]: Entering directory '/home/user/Documents/DPS/Zookeeper_git/zookeeper/zookeeper-client/zookeeper-client-c/CMakeFiles/CMakeTmp'
Building C object CMakeFiles/cmTC_82183.dir/CheckIncludeFile.c.o
/usr/bin/cc    -o CMakeFiles/cmTC_82183.dir/CheckIncludeFile.c.o   -c /home/user/Documents/DPS/Zookeeper_git/zookeeper/zookeeper-client/zookeeper-client-c/CMakeFiles/CMakeTmp/CheckIncludeFile.c
Linking C executable cmTC_82183
/usr/bin/cmake -E cmake_link_script CMakeFiles/cmTC_82183.dir/link.txt --verbose=1
/usr/bin/cc      CMakeFiles/cmTC_82183.dir/CheckIncludeFile.c.o  -o cmTC_82183 
make[1]: Leaving directory '/home/user/Documents/DPS/Zookeeper_git/zookeeper/zookeeper-client/zookeeper-client-c/CMakeFiles/CMakeTmp'



Determining if the include file string.h exists passed with the following output:
Change Dir: /home/user/Documents/DPS/Zookeeper_git/zookeeper/zookeeper-client/zookeeper-client-c/CMakeFiles/CMakeTmp

Run Build Command(s):/usr/bin/make cmTC_fd4e6/fast && /usr/bin/make -f CMakeFiles/cmTC_fd4e6.dir/build.make CMakeFiles/cmTC_fd4e6.dir/build
make[1]: Entering directory '/home/user/Documents/DPS/Zookeeper_git/zookeeper/zookeeper-client/zookeeper-client-c/CMakeFiles/CMakeTmp'
Building C object CMakeFiles/cmTC_fd4e6.dir/CheckIncludeFile.c.o
/usr/bin/cc    -o CMakeFiles/cmTC_fd4e6.dir/CheckIncludeFile.c.o   -c /home/user/Documents/DPS/Zookeeper_git/zookeeper/zookeeper-client/zookeeper-client-c/CMakeFiles/CMakeTmp/CheckIncludeFile.c
Linking C executable cmTC_fd4e6
/usr/bin/cmake -E cmake_link_script CMakeFiles/cmTC_fd4e6.dir/link.txt --verbose=1
/usr/bin/cc      CMakeFiles/cmTC_fd4e6.dir/CheckIncludeFile.c.o  -o cmTC_fd4e6 
make[1]: Leaving directory '/home/user/Documents/DPS/Zookeeper_git/zookeeper/zookeeper-client/zookeeper-client-c/CMakeFiles/CMakeTmp'



Determining if the include file strings.h exists passed with the following output:
Change Dir: /home/user/Documents/DPS/Zookeeper_git/zookeeper/zookeeper-client/zookeeper-client-c/CMakeFiles/CMakeTmp

Run Build Command(s):/usr/bin/make cmTC_d2e70/fast && /usr/bin/make -f CMakeFiles/cmTC_d2e70.dir/build.make CMakeFiles/cmTC_d2e70.dir/build
make[1]: Entering directory '/home/user/Documents/DPS/Zookeeper_git/zookeeper/zookeeper-client/zookeeper-client-c/CMakeFiles/CMakeTmp'
Building C object CMakeFiles/cmTC_d2e70.dir/CheckIncludeFile.c.o
/usr/bin/cc    -o CMakeFiles/cmTC_d2e70.dir/CheckIncludeFile.c.o   -c /home/user/Documents/DPS/Zookeeper_git/zookeeper/zookeeper-client/zookeeper-client-c/CMakeFiles/CMakeTmp/CheckIncludeFile.c
Linking C executable cmTC_d2e70
/usr/bin/cmake -E cmake_link_script CMakeFiles/cmTC_d2e70.dir/link.txt --verbose=1
/usr/bin/cc      CMakeFiles/cmTC_d2e70.dir/CheckIncludeFile.c.o  -o cmTC_d2e70 
make[1]: Leaving directory '/home/user/Documents/DPS/Zookeeper_git/zookeeper/zookeeper-client/zookeeper-client-c/CMakeFiles/CMakeTmp'



Determining if the include file sys/socket.h exists passed with the following output:
Change Dir: /home/user/Documents/DPS/Zookeeper_git/zookeeper/zookeeper-client/zookeeper-client-c/CMakeFiles/CMakeTmp

Run Build Command(s):/usr/bin/make cmTC_ba1fd/fast && /usr/bin/make -f CMakeFiles/cmTC_ba1fd.dir/build.make CMakeFiles/cmTC_ba1fd.dir/build
make[1]: Entering directory '/home/user/Documents/DPS/Zookeeper_git/zookeeper/zookeeper-client/zookeeper-client-c/CMakeFiles/CMakeTmp'
Building C object CMakeFiles/cmTC_ba1fd.dir/CheckIncludeFile.c.o
/usr/bin/cc    -o CMakeFiles/cmTC_ba1fd.dir/CheckIncludeFile.c.o   -c /home/user/Documents/DPS/Zookeeper_git/zookeeper/zookeeper-client/zookeeper-client-c/CMakeFiles/CMakeTmp/CheckIncludeFile.c
Linking C executable cmTC_ba1fd
/usr/bin/cmake -E cmake_link_script CMakeFiles/cmTC_ba1fd.dir/link.txt --verbose=1
/usr/bin/cc      CMakeFiles/cmTC_ba1fd.dir/CheckIncludeFile.c.o  -o cmTC_ba1fd 
make[1]: Leaving directory '/home/user/Documents/DPS/Zookeeper_git/zookeeper/zookeeper-client/zookeeper-client-c/CMakeFiles/CMakeTmp'



Determining if the include file sys/stat.h exists passed with the following output:
Change Dir: /home/user/Documents/DPS/Zookeeper_git/zookeeper/zookeeper-client/zookeeper-client-c/CMakeFiles/CMakeTmp

Run Build Command(s):/usr/bin/make cmTC_61393/fast && /usr/bin/make -f CMakeFiles/cmTC_61393.dir/build.make CMakeFiles/cmTC_61393.dir/build
make[1]: Entering directory '/home/user/Documents/DPS/Zookeeper_git/zookeeper/zookeeper-client/zookeeper-client-c/CMakeFiles/CMakeTmp'
Building C object CMakeFiles/cmTC_61393.dir/CheckIncludeFile.c.o
/usr/bin/cc    -o CMakeFiles/cmTC_61393.dir/CheckIncludeFile.c.o   -c /home/user/Documents/DPS/Zookeeper_git/zookeeper/zookeeper-client/zookeeper-client-c/CMakeFiles/CMakeTmp/CheckIncludeFile.c
Linking C executable cmTC_61393
/usr/bin/cmake -E cmake_link_script CMakeFiles/cmTC_61393.dir/link.txt --verbose=1
/usr/bin/cc      CMakeFiles/cmTC_61393.dir/CheckIncludeFile.c.o  -o cmTC_61393 
make[1]: Leaving directory '/home/user/Documents/DPS/Zookeeper_git/zookeeper/zookeeper-client/zookeeper-client-c/CMakeFiles/CMakeTmp'



Determining if the include file sys/time.h exists passed with the following output:
Change Dir: /home/user/Documents/DPS/Zookeeper_git/zookeeper/zookeeper-client/zookeeper-client-c/CMakeFiles/CMakeTmp

Run Build Command(s):/usr/bin/make cmTC_80079/fast && /usr/bin/make -f CMakeFiles/cmTC_80079.dir/build.make CMakeFiles/cmTC_80079.dir/build
make[1]: Entering directory '/home/user/Documents/DPS/Zookeeper_git/zookeeper/zookeeper-client/zookeeper-client-c/CMakeFiles/CMakeTmp'
Building C object CMakeFiles/cmTC_80079.dir/CheckIncludeFile.c.o
/usr/bin/cc    -o CMakeFiles/cmTC_80079.dir/CheckIncludeFile.c.o   -c /home/user/Documents/DPS/Zookeeper_git/zookeeper/zookeeper-client/zookeeper-client-c/CMakeFiles/CMakeTmp/CheckIncludeFile.c
Linking C executable cmTC_80079
/usr/bin/cmake -E cmake_link_script CMakeFiles/cmTC_80079.dir/link.txt --verbose=1
/usr/bin/cc      CMakeFiles/cmTC_80079.dir/CheckIncludeFile.c.o  -o cmTC_80079 
make[1]: Leaving directory '/home/user/Documents/DPS/Zookeeper_git/zookeeper/zookeeper-client/zookeeper-client-c/CMakeFiles/CMakeTmp'



Determining if the include file sys/types.h exists passed with the following output:
Change Dir: /home/user/Documents/DPS/Zookeeper_git/zookeeper/zookeeper-client/zookeeper-client-c/CMakeFiles/CMakeTmp

Run Build Command(s):/usr/bin/make cmTC_3d776/fast && /usr/bin/make -f CMakeFiles/cmTC_3d776.dir/build.make CMakeFiles/cmTC_3d776.dir/build
make[1]: Entering directory '/home/user/Documents/DPS/Zookeeper_git/zookeeper/zookeeper-client/zookeeper-client-c/CMakeFiles/CMakeTmp'
Building C object CMakeFiles/cmTC_3d776.dir/CheckIncludeFile.c.o
/usr/bin/cc    -o CMakeFiles/cmTC_3d776.dir/CheckIncludeFile.c.o   -c /home/user/Documents/DPS/Zookeeper_git/zookeeper/zookeeper-client/zookeeper-client-c/CMakeFiles/CMakeTmp/CheckIncludeFile.c
Linking C executable cmTC_3d776
/usr/bin/cmake -E cmake_link_script CMakeFiles/cmTC_3d776.dir/link.txt --verbose=1
/usr/bin/cc      CMakeFiles/cmTC_3d776.dir/CheckIncludeFile.c.o  -o cmTC_3d776 
make[1]: Leaving directory '/home/user/Documents/DPS/Zookeeper_git/zookeeper/zookeeper-client/zookeeper-client-c/CMakeFiles/CMakeTmp'



Determining if the include file unistd.h exists passed with the following output:
Change Dir: /home/user/Documents/DPS/Zookeeper_git/zookeeper/zookeeper-client/zookeeper-client-c/CMakeFiles/CMakeTmp

Run Build Command(s):/usr/bin/make cmTC_98608/fast && /usr/bin/make -f CMakeFiles/cmTC_98608.dir/build.make CMakeFiles/cmTC_98608.dir/build
make[1]: Entering directory '/home/user/Documents/DPS/Zookeeper_git/zookeeper/zookeeper-client/zookeeper-client-c/CMakeFiles/CMakeTmp'
Building C object CMakeFiles/cmTC_98608.dir/CheckIncludeFile.c.o
/usr/bin/cc    -o CMakeFiles/cmTC_98608.dir/CheckIncludeFile.c.o   -c /home/user/Documents/DPS/Zookeeper_git/zookeeper/zookeeper-client/zookeeper-client-c/CMakeFiles/CMakeTmp/CheckIncludeFile.c
Linking C executable cmTC_98608
/usr/bin/cmake -E cmake_link_script CMakeFiles/cmTC_98608.dir/link.txt --verbose=1
/usr/bin/cc      CMakeFiles/cmTC_98608.dir/CheckIncludeFile.c.o  -o cmTC_98608 
make[1]: Leaving directory '/home/user/Documents/DPS/Zookeeper_git/zookeeper/zookeeper-client/zookeeper-client-c/CMakeFiles/CMakeTmp'



Determining if the include file sys/utsname.h exists passed with the following output:
Change Dir: /home/user/Documents/DPS/Zookeeper_git/zookeeper/zookeeper-client/zookeeper-client-c/CMakeFiles/CMakeTmp

Run Build Command(s):/usr/bin/make cmTC_026ae/fast && /usr/bin/make -f CMakeFiles/cmTC_026ae.dir/build.make CMakeFiles/cmTC_026ae.dir/build
make[1]: Entering directory '/home/user/Documents/DPS/Zookeeper_git/zookeeper/zookeeper-client/zookeeper-client-c/CMakeFiles/CMakeTmp'
Building C object CMakeFiles/cmTC_026ae.dir/CheckIncludeFile.c.o
/usr/bin/cc    -o CMakeFiles/cmTC_026ae.dir/CheckIncludeFile.c.o   -c /home/user/Documents/DPS/Zookeeper_git/zookeeper/zookeeper-client/zookeeper-client-c/CMakeFiles/CMakeTmp/CheckIncludeFile.c
Linking C executable cmTC_026ae
/usr/bin/cmake -E cmake_link_script CMakeFiles/cmTC_026ae.dir/link.txt --verbose=1
/usr/bin/cc      CMakeFiles/cmTC_026ae.dir/CheckIncludeFile.c.o  -o cmTC_026ae 
make[1]: Leaving directory '/home/user/Documents/DPS/Zookeeper_git/zookeeper/zookeeper-client/zookeeper-client-c/CMakeFiles/CMakeTmp'



Determining if the function getcwd exists passed with the following output:
Change Dir: /home/user/Documents/DPS/Zookeeper_git/zookeeper/zookeeper-client/zookeeper-client-c/CMakeFiles/CMakeTmp

Run Build Command(s):/usr/bin/make cmTC_d84bd/fast && /usr/bin/make -f CMakeFiles/cmTC_d84bd.dir/build.make CMakeFiles/cmTC_d84bd.dir/build
make[1]: Entering directory '/home/user/Documents/DPS/Zookeeper_git/zookeeper/zookeeper-client/zookeeper-client-c/CMakeFiles/CMakeTmp'
Building C object CMakeFiles/cmTC_d84bd.dir/CheckFunctionExists.c.o
/usr/bin/cc   -DCHECK_FUNCTION_EXISTS=getcwd   -o CMakeFiles/cmTC_d84bd.dir/CheckFunctionExists.c.o   -c /usr/share/cmake-3.16/Modules/CheckFunctionExists.c
Linking C executable cmTC_d84bd
/usr/bin/cmake -E cmake_link_script CMakeFiles/cmTC_d84bd.dir/link.txt --verbose=1
/usr/bin/cc  -DCHECK_FUNCTION_EXISTS=getcwd    CMakeFiles/cmTC_d84bd.dir/CheckFunctionExists.c.o  -o cmTC_d84bd 
make[1]: Leaving directory '/home/user/Documents/DPS/Zookeeper_git/zookeeper/zookeeper-client/zookeeper-client-c/CMakeFiles/CMakeTmp'



Determining if the function gethostbyname exists passed with the following output:
Change Dir: /home/user/Documents/DPS/Zookeeper_git/zookeeper/zookeeper-client/zookeeper-client-c/CMakeFiles/CMakeTmp

Run Build Command(s):/usr/bin/make cmTC_45a2a/fast && /usr/bin/make -f CMakeFiles/cmTC_45a2a.dir/build.make CMakeFiles/cmTC_45a2a.dir/build
make[1]: Entering directory '/home/user/Documents/DPS/Zookeeper_git/zookeeper/zookeeper-client/zookeeper-client-c/CMakeFiles/CMakeTmp'
Building C object CMakeFiles/cmTC_45a2a.dir/CheckFunctionExists.c.o
/usr/bin/cc   -DCHECK_FUNCTION_EXISTS=gethostbyname   -o CMakeFiles/cmTC_45a2a.dir/CheckFunctionExists.c.o   -c /usr/share/cmake-3.16/Modules/CheckFunctionExists.c
Linking C executable cmTC_45a2a
/usr/bin/cmake -E cmake_link_script CMakeFiles/cmTC_45a2a.dir/link.txt --verbose=1
/usr/bin/cc  -DCHECK_FUNCTION_EXISTS=gethostbyname    CMakeFiles/cmTC_45a2a.dir/CheckFunctionExists.c.o  -o cmTC_45a2a 
make[1]: Leaving directory '/home/user/Documents/DPS/Zookeeper_git/zookeeper/zookeeper-client/zookeeper-client-c/CMakeFiles/CMakeTmp'



Determining if the function gethostname exists passed with the following output:
Change Dir: /home/user/Documents/DPS/Zookeeper_git/zookeeper/zookeeper-client/zookeeper-client-c/CMakeFiles/CMakeTmp

Run Build Command(s):/usr/bin/make cmTC_a0631/fast && /usr/bin/make -f CMakeFiles/cmTC_a0631.dir/build.make CMakeFiles/cmTC_a0631.dir/build
make[1]: Entering directory '/home/user/Documents/DPS/Zookeeper_git/zookeeper/zookeeper-client/zookeeper-client-c/CMakeFiles/CMakeTmp'
Building C object CMakeFiles/cmTC_a0631.dir/CheckFunctionExists.c.o
/usr/bin/cc   -DCHECK_FUNCTION_EXISTS=gethostname   -o CMakeFiles/cmTC_a0631.dir/CheckFunctionExists.c.o   -c /usr/share/cmake-3.16/Modules/CheckFunctionExists.c
Linking C executable cmTC_a0631
/usr/bin/cmake -E cmake_link_script CMakeFiles/cmTC_a0631.dir/link.txt --verbose=1
/usr/bin/cc  -DCHECK_FUNCTION_EXISTS=gethostname    CMakeFiles/cmTC_a0631.dir/CheckFunctionExists.c.o  -o cmTC_a0631 
make[1]: Leaving directory '/home/user/Documents/DPS/Zookeeper_git/zookeeper/zookeeper-client/zookeeper-client-c/CMakeFiles/CMakeTmp'



Determining if the function getlogin exists passed with the following output:
Change Dir: /home/user/Documents/DPS/Zookeeper_git/zookeeper/zookeeper-client/zookeeper-client-c/CMakeFiles/CMakeTmp

Run Build Command(s):/usr/bin/make cmTC_b6210/fast && /usr/bin/make -f CMakeFiles/cmTC_b6210.dir/build.make CMakeFiles/cmTC_b6210.dir/build
make[1]: Entering directory '/home/user/Documents/DPS/Zookeeper_git/zookeeper/zookeeper-client/zookeeper-client-c/CMakeFiles/CMakeTmp'
Building C object CMakeFiles/cmTC_b6210.dir/CheckFunctionExists.c.o
/usr/bin/cc   -DCHECK_FUNCTION_EXISTS=getlogin   -o CMakeFiles/cmTC_b6210.dir/CheckFunctionExists.c.o   -c /usr/share/cmake-3.16/Modules/CheckFunctionExists.c
Linking C executable cmTC_b6210
/usr/bin/cmake -E cmake_link_script CMakeFiles/cmTC_b6210.dir/link.txt --verbose=1
/usr/bin/cc  -DCHECK_FUNCTION_EXISTS=getlogin    CMakeFiles/cmTC_b6210.dir/CheckFunctionExists.c.o  -o cmTC_b6210 
make[1]: Leaving directory '/home/user/Documents/DPS/Zookeeper_git/zookeeper/zookeeper-client/zookeeper-client-c/CMakeFiles/CMakeTmp'



Determining if the function getpwuid_r exists passed with the following output:
Change Dir: /home/user/Documents/DPS/Zookeeper_git/zookeeper/zookeeper-client/zookeeper-client-c/CMakeFiles/CMakeTmp

Run Build Command(s):/usr/bin/make cmTC_d7c0e/fast && /usr/bin/make -f CMakeFiles/cmTC_d7c0e.dir/build.make CMakeFiles/cmTC_d7c0e.dir/build
make[1]: Entering directory '/home/user/Documents/DPS/Zookeeper_git/zookeeper/zookeeper-client/zookeeper-client-c/CMakeFiles/CMakeTmp'
Building C object CMakeFiles/cmTC_d7c0e.dir/CheckFunctionExists.c.o
/usr/bin/cc   -DCHECK_FUNCTION_EXISTS=getpwuid_r   -o CMakeFiles/cmTC_d7c0e.dir/CheckFunctionExists.c.o   -c /usr/share/cmake-3.16/Modules/CheckFunctionExists.c
Linking C executable cmTC_d7c0e
/usr/bin/cmake -E cmake_link_script CMakeFiles/cmTC_d7c0e.dir/link.txt --verbose=1
/usr/bin/cc  -DCHECK_FUNCTION_EXISTS=getpwuid_r    CMakeFiles/cmTC_d7c0e.dir/CheckFunctionExists.c.o  -o cmTC_d7c0e 
make[1]: Leaving directory '/home/user/Documents/DPS/Zookeeper_git/zookeeper/zookeeper-client/zookeeper-client-c/CMakeFiles/CMakeTmp'



Determining if the function gettimeofday exists passed with the following output:
Change Dir: /home/user/Documents/DPS/Zookeeper_git/zookeeper/zookeeper-client/zookeeper-client-c/CMakeFiles/CMakeTmp

Run Build Command(s):/usr/bin/make cmTC_3d15f/fast && /usr/bin/make -f CMakeFiles/cmTC_3d15f.dir/build.make CMakeFiles/cmTC_3d15f.dir/build
make[1]: Entering directory '/home/user/Documents/DPS/Zookeeper_git/zookeeper/zookeeper-client/zookeeper-client-c/CMakeFiles/CMakeTmp'
Building C object CMakeFiles/cmTC_3d15f.dir/CheckFunctionExists.c.o
/usr/bin/cc   -DCHECK_FUNCTION_EXISTS=gettimeofday   -o CMakeFiles/cmTC_3d15f.dir/CheckFunctionExists.c.o   -c /usr/share/cmake-3.16/Modules/CheckFunctionExists.c
Linking C executable cmTC_3d15f
/usr/bin/cmake -E cmake_link_script CMakeFiles/cmTC_3d15f.dir/link.txt --verbose=1
/usr/bin/cc  -DCHECK_FUNCTION_EXISTS=gettimeofday    CMakeFiles/cmTC_3d15f.dir/CheckFunctionExists.c.o  -o cmTC_3d15f 
make[1]: Leaving directory '/home/user/Documents/DPS/Zookeeper_git/zookeeper/zookeeper-client/zookeeper-client-c/CMakeFiles/CMakeTmp'



Determining if the function getuid exists passed with the following output:
Change Dir: /home/user/Documents/DPS/Zookeeper_git/zookeeper/zookeeper-client/zookeeper-client-c/CMakeFiles/CMakeTmp

Run Build Command(s):/usr/bin/make cmTC_f88dc/fast && /usr/bin/make -f CMakeFiles/cmTC_f88dc.dir/build.make CMakeFiles/cmTC_f88dc.dir/build
make[1]: Entering directory '/home/user/Documents/DPS/Zookeeper_git/zookeeper/zookeeper-client/zookeeper-client-c/CMakeFiles/CMakeTmp'
Building C object CMakeFiles/cmTC_f88dc.dir/CheckFunctionExists.c.o
/usr/bin/cc   -DCHECK_FUNCTION_EXISTS=getuid   -o CMakeFiles/cmTC_f88dc.dir/CheckFunctionExists.c.o   -c /usr/share/cmake-3.16/Modules/CheckFunctionExists.c
Linking C executable cmTC_f88dc
/usr/bin/cmake -E cmake_link_script CMakeFiles/cmTC_f88dc.dir/link.txt --verbose=1
/usr/bin/cc  -DCHECK_FUNCTION_EXISTS=getuid    CMakeFiles/cmTC_f88dc.dir/CheckFunctionExists.c.o  -o cmTC_f88dc 
make[1]: Leaving directory '/home/user/Documents/DPS/Zookeeper_git/zookeeper/zookeeper-client/zookeeper-client-c/CMakeFiles/CMakeTmp'



Determining if the function memmove exists passed with the following output:
Change Dir: /home/user/Documents/DPS/Zookeeper_git/zookeeper/zookeeper-client/zookeeper-client-c/CMakeFiles/CMakeTmp

Run Build Command(s):/usr/bin/make cmTC_5b3cb/fast && /usr/bin/make -f CMakeFiles/cmTC_5b3cb.dir/build.make CMakeFiles/cmTC_5b3cb.dir/build
make[1]: Entering directory '/home/user/Documents/DPS/Zookeeper_git/zookeeper/zookeeper-client/zookeeper-client-c/CMakeFiles/CMakeTmp'
Building C object CMakeFiles/cmTC_5b3cb.dir/CheckFunctionExists.c.o
/usr/bin/cc   -DCHECK_FUNCTION_EXISTS=memmove   -o CMakeFiles/cmTC_5b3cb.dir/CheckFunctionExists.c.o   -c /usr/share/cmake-3.16/Modules/CheckFunctionExists.c
<command-line>: warning: conflicting types for built-in function memmove; expected void *(void *, const void *, long unsigned int) [-Wbuiltin-declaration-mismatch]
/usr/share/cmake-3.16/Modules/CheckFunctionExists.c:7:3: note: in expansion of macro CHECK_FUNCTION_EXISTS
    7 |   CHECK_FUNCTION_EXISTS(void);
      |   ^~~~~~~~~~~~~~~~~~~~~
/usr/share/cmake-3.16/Modules/CheckFunctionExists.c:1:1: note: memmove is declared in header <string.h>
  +++ |+#include <string.h>
    1 | #ifdef CHECK_FUNCTION_EXISTS
Linking C executable cmTC_5b3cb
/usr/bin/cmake -E cmake_link_script CMakeFiles/cmTC_5b3cb.dir/link.txt --verbose=1
/usr/bin/cc  -DCHECK_FUNCTION_EXISTS=memmove    CMakeFiles/cmTC_5b3cb.dir/CheckFunctionExists.c.o  -o cmTC_5b3cb 
make[1]: Leaving directory '/home/user/Documents/DPS/Zookeeper_git/zookeeper/zookeeper-client/zookeeper-client-c/CMakeFiles/CMakeTmp'



Determining if the function memset exists passed with the following output:
Change Dir: /home/user/Documents/DPS/Zookeeper_git/zookeeper/zookeeper-client/zookeeper-client-c/CMakeFiles/CMakeTmp

Run Build Command(s):/usr/bin/make cmTC_c8529/fast && /usr/bin/make -f CMakeFiles/cmTC_c8529.dir/build.make CMakeFiles/cmTC_c8529.dir/build
make[1]: Entering directory '/home/user/Documents/DPS/Zookeeper_git/zookeeper/zookeeper-client/zookeeper-client-c/CMakeFiles/CMakeTmp'
Building C object CMakeFiles/cmTC_c8529.dir/CheckFunctionExists.c.o
/usr/bin/cc   -DCHECK_FUNCTION_EXISTS=memset   -o CMakeFiles/cmTC_c8529.dir/CheckFunctionExists.c.o   -c /usr/share/cmake-3.16/Modules/CheckFunctionExists.c
<command-line>: warning: conflicting types for built-in function memset; expected void *(void *, int,  long unsigned int) [-Wbuiltin-declaration-mismatch]
/usr/share/cmake-3.16/Modules/CheckFunctionExists.c:7:3: note: in expansion of macro CHECK_FUNCTION_EXISTS
    7 |   CHECK_FUNCTION_EXISTS(void);
      |   ^~~~~~~~~~~~~~~~~~~~~
/usr/share/cmake-3.16/Modules/CheckFunctionExists.c:1:1: note: memset is declared in header <string.h>
  +++ |+#include <string.h>
    1 | #ifdef CHECK_FUNCTION_EXISTS
Linking C executable cmTC_c8529
/usr/bin/cmake -E cmake_link_script CMakeFiles/cmTC_c8529.dir/link.txt --verbose=1
/usr/bin/cc  -DCHECK_FUNCTION_EXISTS=memset    CMakeFiles/cmTC_c8529.dir/CheckFunctionExists.c.o  -o cmTC_c8529 
make[1]: Leaving directory '/home/user/Documents/DPS/Zookeeper_git/zookeeper/zookeeper-client/zookeeper-client-c/CMakeFiles/CMakeTmp'



Determining if the function poll exists passed with the following output:
Change Dir: /home/user/Documents/DPS/Zookeeper_git/zookeeper/zookeeper-client/zookeeper-client-c/CMakeFiles/CMakeTmp

Run Build Command(s):/usr/bin/make cmTC_5a08a/fast && /usr/bin/make -f CMakeFiles/cmTC_5a08a.dir/build.make CMakeFiles/cmTC_5a08a.dir/build
make[1]: Entering directory '/home/user/Documents/DPS/Zookeeper_git/zookeeper/zookeeper-client/zookeeper-client-c/CMakeFiles/CMakeTmp'
Building C object CMakeFiles/cmTC_5a08a.dir/CheckFunctionExists.c.o
/usr/bin/cc   -DCHECK_FUNCTION_EXISTS=poll   -o CMakeFiles/cmTC_5a08a.dir/CheckFunctionExists.c.o   -c /usr/share/cmake-3.16/Modules/CheckFunctionExists.c
Linking C executable cmTC_5a08a
/usr/bin/cmake -E cmake_link_script CMakeFiles/cmTC_5a08a.dir/link.txt --verbose=1
/usr/bin/cc  -DCHECK_FUNCTION_EXISTS=poll    CMakeFiles/cmTC_5a08a.dir/CheckFunctionExists.c.o  -o cmTC_5a08a 
make[1]: Leaving directory '/home/user/Documents/DPS/Zookeeper_git/zookeeper/zookeeper-client/zookeeper-client-c/CMakeFiles/CMakeTmp'



Determining if the function socket exists passed with the following output:
Change Dir: /home/user/Documents/DPS/Zookeeper_git/zookeeper/zookeeper-client/zookeeper-client-c/CMakeFiles/CMakeTmp

Run Build Command(s):/usr/bin/make cmTC_2a4f8/fast && /usr/bin/make -f CMakeFiles/cmTC_2a4f8.dir/build.make CMakeFiles/cmTC_2a4f8.dir/build
make[1]: Entering directory '/home/user/Documents/DPS/Zookeeper_git/zookeeper/zookeeper-client/zookeeper-client-c/CMakeFiles/CMakeTmp'
Building C object CMakeFiles/cmTC_2a4f8.dir/CheckFunctionExists.c.o
/usr/bin/cc   -DCHECK_FUNCTION_EXISTS=socket   -o CMakeFiles/cmTC_2a4f8.dir/CheckFunctionExists.c.o   -c /usr/share/cmake-3.16/Modules/CheckFunctionExists.c
Linking C executable cmTC_2a4f8
/usr/bin/cmake -E cmake_link_script CMakeFiles/cmTC_2a4f8.dir/link.txt --verbose=1
/usr/bin/cc  -DCHECK_FUNCTION_EXISTS=socket    CMakeFiles/cmTC_2a4f8.dir/CheckFunctionExists.c.o  -o cmTC_2a4f8 
make[1]: Leaving directory '/home/user/Documents/DPS/Zookeeper_git/zookeeper/zookeeper-client/zookeeper-client-c/CMakeFiles/CMakeTmp'



Determining if the function strchr exists passed with the following output:
Change Dir: /home/user/Documents/DPS/Zookeeper_git/zookeeper/zookeeper-client/zookeeper-client-c/CMakeFiles/CMakeTmp

Run Build Command(s):/usr/bin/make cmTC_230ab/fast && /usr/bin/make -f CMakeFiles/cmTC_230ab.dir/build.make CMakeFiles/cmTC_230ab.dir/build
make[1]: Entering directory '/home/user/Documents/DPS/Zookeeper_git/zookeeper/zookeeper-client/zookeeper-client-c/CMakeFiles/CMakeTmp'
Building C object CMakeFiles/cmTC_230ab.dir/CheckFunctionExists.c.o
/usr/bin/cc   -DCHECK_FUNCTION_EXISTS=strchr   -o CMakeFiles/cmTC_230ab.dir/CheckFunctionExists.c.o   -c /usr/share/cmake-3.16/Modules/CheckFunctionExists.c
<command-line>: warning: conflicting types for built-in function strchr; expected char *(const char *, int) [-Wbuiltin-declaration-mismatch]
/usr/share/cmake-3.16/Modules/CheckFunctionExists.c:7:3: note: in expansion of macro CHECK_FUNCTION_EXISTS
    7 |   CHECK_FUNCTION_EXISTS(void);
      |   ^~~~~~~~~~~~~~~~~~~~~
/usr/share/cmake-3.16/Modules/CheckFunctionExists.c:1:1: note: strchr is declared in header <string.h>
  +++ |+#include <string.h>
    1 | #ifdef CHECK_FUNCTION_EXISTS
Linking C executable cmTC_230ab
/usr/bin/cmake -E cmake_link_script CMakeFiles/cmTC_230ab.dir/link.txt --verbose=1
/usr/bin/cc  -DCHECK_FUNCTION_EXISTS=strchr    CMakeFiles/cmTC_230ab.dir/CheckFunctionExists.c.o  -o cmTC_230ab 
make[1]: Leaving directory '/home/user/Documents/DPS/Zookeeper_git/zookeeper/zookeeper-client/zookeeper-client-c/CMakeFiles/CMakeTmp'



Determining if the function strdup exists passed with the following output:
Change Dir: /home/user/Documents/DPS/Zookeeper_git/zookeeper/zookeeper-client/zookeeper-client-c/CMakeFiles/CMakeTmp

Run Build Command(s):/usr/bin/make cmTC_59619/fast && /usr/bin/make -f CMakeFiles/cmTC_59619.dir/build.make CMakeFiles/cmTC_59619.dir/build
make[1]: Entering directory '/home/user/Documents/DPS/Zookeeper_git/zookeeper/zookeeper-client/zookeeper-client-c/CMakeFiles/CMakeTmp'
Building C object CMakeFiles/cmTC_59619.dir/CheckFunctionExists.c.o
/usr/bin/cc   -DCHECK_FUNCTION_EXISTS=strdup   -o CMakeFiles/cmTC_59619.dir/CheckFunctionExists.c.o   -c /usr/share/cmake-3.16/Modules/CheckFunctionExists.c
<command-line>: warning: conflicting types for built-in function strdup; expected char *(const char *) [-Wbuiltin-declaration-mismatch]
/usr/share/cmake-3.16/Modules/CheckFunctionExists.c:7:3: note: in expansion of macro CHECK_FUNCTION_EXISTS
    7 |   CHECK_FUNCTION_EXISTS(void);
      |   ^~~~~~~~~~~~~~~~~~~~~
Linking C executable cmTC_59619
/usr/bin/cmake -E cmake_link_script CMakeFiles/cmTC_59619.dir/link.txt --verbose=1
/usr/bin/cc  -DCHECK_FUNCTION_EXISTS=strdup    CMakeFiles/cmTC_59619.dir/CheckFunctionExists.c.o  -o cmTC_59619 
make[1]: Leaving directory '/home/user/Documents/DPS/Zookeeper_git/zookeeper/zookeeper-client/zookeeper-client-c/CMakeFiles/CMakeTmp'



Determining if the function strerror exists passed with the following output:
Change Dir: /home/user/Documents/DPS/Zookeeper_git/zookeeper/zookeeper-client/zookeeper-client-c/CMakeFiles/CMakeTmp

Run Build Command(s):/usr/bin/make cmTC_6413b/fast && /usr/bin/make -f CMakeFiles/cmTC_6413b.dir/build.make CMakeFiles/cmTC_6413b.dir/build
make[1]: Entering directory '/home/user/Documents/DPS/Zookeeper_git/zookeeper/zookeeper-client/zookeeper-client-c/CMakeFiles/CMakeTmp'
Building C object CMakeFiles/cmTC_6413b.dir/CheckFunctionExists.c.o
/usr/bin/cc   -DCHECK_FUNCTION_EXISTS=strerror   -o CMakeFiles/cmTC_6413b.dir/CheckFunctionExists.c.o   -c /usr/share/cmake-3.16/Modules/CheckFunctionExists.c
Linking C executable cmTC_6413b
/usr/bin/cmake -E cmake_link_script CMakeFiles/cmTC_6413b.dir/link.txt --verbose=1
/usr/bin/cc  -DCHECK_FUNCTION_EXISTS=strerror    CMakeFiles/cmTC_6413b.dir/CheckFunctionExists.c.o  -o cmTC_6413b 
make[1]: Leaving directory '/home/user/Documents/DPS/Zookeeper_git/zookeeper/zookeeper-client/zookeeper-client-c/CMakeFiles/CMakeTmp'



Determining if the function strtol exists passed with the following output:
Change Dir: /home/user/Documents/DPS/Zookeeper_git/zookeeper/zookeeper-client/zookeeper-client-c/CMakeFiles/CMakeTmp

Run Build Command(s):/usr/bin/make cmTC_1cba5/fast && /usr/bin/make -f CMakeFiles/cmTC_1cba5.dir/build.make CMakeFiles/cmTC_1cba5.dir/build
make[1]: Entering directory '/home/user/Documents/DPS/Zookeeper_git/zookeeper/zookeeper-client/zookeeper-client-c/CMakeFiles/CMakeTmp'
Building C object CMakeFiles/cmTC_1cba5.dir/CheckFunctionExists.c.o
/usr/bin/cc   -DCHECK_FUNCTION_EXISTS=strtol   -o CMakeFiles/cmTC_1cba5.dir/CheckFunctionExists.c.o   -c /usr/share/cmake-3.16/Modules/CheckFunctionExists.c
Linking C executable cmTC_1cba5
/usr/bin/cmake -E cmake_link_script CMakeFiles/cmTC_1cba5.dir/link.txt --verbose=1
/usr/bin/cc  -DCHECK_FUNCTION_EXISTS=strtol    CMakeFiles/cmTC_1cba5.dir/CheckFunctionExists.c.o  -o cmTC_1cba5 
make[1]: Leaving directory '/home/user/Documents/DPS/Zookeeper_git/zookeeper/zookeeper-client/zookeeper-client-c/CMakeFiles/CMakeTmp'



Performing C SOURCE FILE Test ZOO_IPV6_ENABLED succeeded with the following output:
Change Dir: /home/user/Documents/DPS/Zookeeper_git/zookeeper/zookeeper-client/zookeeper-client-c/CMakeFiles/CMakeTmp

Run Build Command(s):/usr/bin/make cmTC_e71a2/fast && /usr/bin/make -f CMakeFiles/cmTC_e71a2.dir/build.make CMakeFiles/cmTC_e71a2.dir/build
make[1]: Entering directory '/home/user/Documents/DPS/Zookeeper_git/zookeeper/zookeeper-client/zookeeper-client-c/CMakeFiles/CMakeTmp'
Building C object CMakeFiles/cmTC_e71a2.dir/src.c.o
/usr/bin/cc   -DZOO_IPV6_ENABLED   -o CMakeFiles/cmTC_e71a2.dir/src.c.o   -c /home/user/Documents/DPS/Zookeeper_git/zookeeper/zookeeper-client/zookeeper-client-c/CMakeFiles/CMakeTmp/src.c
Linking C executable cmTC_e71a2
/usr/bin/cmake -E cmake_link_script CMakeFiles/cmTC_e71a2.dir/link.txt --verbose=1
/usr/bin/cc  -DZOO_IPV6_ENABLED    CMakeFiles/cmTC_e71a2.dir/src.c.o  -o cmTC_e71a2 
make[1]: Leaving directory '/home/user/Documents/DPS/Zookeeper_git/zookeeper/zookeeper-client/zookeeper-client-c/CMakeFiles/CMakeTmp'


Source file was:

#include <netinet/in.h>

int main()
{
  (void)sizeof(((struct sockaddr_in6 *)0)->sin6_addr);
  return 0;
}

Determining if the include file pthread.h exists passed with the following output:
Change Dir: /home/user/Documents/DPS/Zookeeper_git/zookeeper/zookeeper-client/zookeeper-client-c/CMakeFiles/CMakeTmp

Run Build Command(s):/usr/bin/make cmTC_1e664/fast && /usr/bin/make -f CMakeFiles/cmTC_1e664.dir/build.make CMakeFiles/cmTC_1e664.dir/build
make[1]: Entering directory '/home/user/Documents/DPS/Zookeeper_git/zookeeper/zookeeper-client/zookeeper-client-c/CMakeFiles/CMakeTmp'
Building C object CMakeFiles/cmTC_1e664.dir/CheckIncludeFile.c.o
/usr/bin/cc    -o CMakeFiles/cmTC_1e664.dir/CheckIncludeFile.c.o   -c /home/user/Documents/DPS/Zookeeper_git/zookeeper/zookeeper-client/zookeeper-client-c/CMakeFiles/CMakeTmp/CheckIncludeFile.c
Linking C executable cmTC_1e664
/usr/bin/cmake -E cmake_link_script CMakeFiles/cmTC_1e664.dir/link.txt --verbose=1
/usr/bin/cc      CMakeFiles/cmTC_1e664.dir/CheckIncludeFile.c.o  -o cmTC_1e664 
make[1]: Leaving directory '/home/user/Documents/DPS/Zookeeper_git/zookeeper/zookeeper-client/zookeeper-client-c/CMakeFiles/CMakeTmp'



Determining if the function pthread_create exists in the pthread passed with the following output:
Change Dir: /home/user/Documents/DPS/Zookeeper_git/zookeeper/zookeeper-client/zookeeper-client-c/CMakeFiles/CMakeTmp

Run Build Command(s):/usr/bin/make cmTC_1b51d/fast && /usr/bin/make -f CMakeFiles/cmTC_1b51d.dir/build.make CMakeFiles/cmTC_1b51d.dir/build
make[1]: Entering directory '/home/user/Documents/DPS/Zookeeper_git/zookeeper/zookeeper-client/zookeeper-client-c/CMakeFiles/CMakeTmp'
Building C object CMakeFiles/cmTC_1b51d.dir/CheckFunctionExists.c.o
/usr/bin/cc   -DCHECK_FUNCTION_EXISTS=pthread_create   -o CMakeFiles/cmTC_1b51d.dir/CheckFunctionExists.c.o   -c /usr/share/cmake-3.16/Modules/CheckFunctionExists.c
Linking C executable cmTC_1b51d
/usr/bin/cmake -E cmake_link_script CMakeFiles/cmTC_1b51d.dir/link.txt --verbose=1
/usr/bin/cc  -DCHECK_FUNCTION_EXISTS=pthread_create    CMakeFiles/cmTC_1b51d.dir/CheckFunctionExists.c.o  -o cmTC_1b51d  -lpthread 
make[1]: Leaving directory '/home/user/Documents/DPS/Zookeeper_git/zookeeper/zookeeper-client/zookeeper-client-c/CMakeFiles/CMakeTmp'



