This file contains any messages produced by compilers while
running configure, to aid debugging if configure makes a mistake.

It was created by zookeeper C client configure 3.7.0, which was
generated by GNU Autoconf 2.69.  Invocation command line was

  $ ./configure 

## --------- ##
## Platform. ##
## --------- ##

hostname = ubuntu
uname -m = x86_64
uname -r = 5.4.0-52-generic
uname -s = Linux
uname -v = #57-Ubuntu SMP Thu Oct 15 10:57:00 UTC 2020

/usr/bin/uname -p = unknown
/bin/uname -X     = unknown

/bin/arch              = unknown
/usr/bin/arch -k       = unknown
/usr/convex/getsysinfo = unknown
/usr/bin/hostinfo      = unknown
/bin/machine           = unknown
/usr/bin/oslevel       = unknown
/bin/universe          = unknown

PATH: /home/user/java/jre1.8.0_261/bin
PATH: /home/user/.local/bin
PATH: /usr/local/sbin
PATH: /usr/local/bin
PATH: /usr/sbin
PATH: /usr/bin
PATH: /sbin
PATH: /bin
PATH: /usr/games
PATH: /usr/local/games
PATH: /snap/bin


## ----------- ##
## Core tests. ##
## ----------- ##

configure:2643: checking for doxygen
configure:2676: result: no
configure:2749: checking for perl
configure:2767: found /usr/bin/perl
configure:2779: result: /usr/bin/perl
configure:2921: checking for dot
configure:2954: result: no
configure:4508: checking for a BSD-compatible install
configure:4576: result: /usr/bin/install -c
configure:4587: checking whether build environment is sane
configure:4642: result: yes
configure:4791: checking for a thread-safe mkdir -p
configure:4830: result: /bin/mkdir -p
configure:4837: checking for gawk
configure:4853: found /usr/bin/gawk
configure:4864: result: gawk
configure:4875: checking whether make sets $(MAKE)
configure:4897: result: yes
configure:4926: checking whether make supports nested variables
configure:4943: result: yes
configure:5140: checking for pkg-config
configure:5158: found /usr/bin/pkg-config
configure:5170: result: /usr/bin/pkg-config
configure:5195: checking pkg-config is at least version 0.9.0
configure:5198: result: yes
configure:5209: checking for CPPUNIT
configure:5216: $PKG_CONFIG --exists --print-errors "cppunit >= 1.10.2"
configure:5219: $? = 0
configure:5233: $PKG_CONFIG --exists --print-errors "cppunit >= 1.10.2"
configure:5236: $? = 0
configure:5294: result: yes
configure:5310: configuring SSL using --with-openssl=yes
configure:5323: checking whether make supports the include directive
configure:5338: make -f confmf.GNU && cat confinc.out
this is the am__doit target
configure:5341: $? = 0
configure:5360: result: yes (GNU style)
configure:5430: checking for gcc
configure:5446: found /usr/bin/gcc
configure:5457: result: gcc
configure:5686: checking for C compiler version
configure:5695: gcc --version >&5
gcc (Ubuntu 9.3.0-17ubuntu1~20.04) 9.3.0
Copyright (C) 2019 Free Software Foundation, Inc.
This is free software; see the source for copying conditions.  There is NO
warranty; not even for MERCHANTABILITY or FITNESS FOR A PARTICULAR PURPOSE.

configure:5706: $? = 0
configure:5695: gcc -v >&5
Using built-in specs.
COLLECT_GCC=gcc
COLLECT_LTO_WRAPPER=/usr/lib/gcc/x86_64-linux-gnu/9/lto-wrapper
OFFLOAD_TARGET_NAMES=nvptx-none:hsa
OFFLOAD_TARGET_DEFAULT=1
Target: x86_64-linux-gnu
Configured with: ../src/configure -v --with-pkgversion='Ubuntu 9.3.0-17ubuntu1~20.04' --with-bugurl=file:///usr/share/doc/gcc-9/README.Bugs --enable-languages=c,ada,c++,go,brig,d,fortran,objc,obj-c++,gm2 --prefix=/usr --with-gcc-major-version-only --program-suffix=-9 --program-prefix=x86_64-linux-gnu- --enable-shared --enable-linker-build-id --libexecdir=/usr/lib --without-included-gettext --enable-threads=posix --libdir=/usr/lib --enable-nls --enable-clocale=gnu --enable-libstdcxx-debug --enable-libstdcxx-time=yes --with-default-libstdcxx-abi=new --enable-gnu-unique-object --disable-vtable-verify --enable-plugin --enable-default-pie --with-system-zlib --with-target-system-zlib=auto --enable-objc-gc=auto --enable-multiarch --disable-werror --with-arch-32=i686 --with-abi=m64 --with-multilib-list=m32,m64,mx32 --enable-multilib --with-tune=generic --enable-offload-targets=nvptx-none=/build/gcc-9-HskZEa/gcc-9-9.3.0/debian/tmp-nvptx/usr,hsa --without-cuda-driver --enable-checking=release --build=x86_64-linux-gnu --host=x86_64-linux-gnu --target=x86_64-linux-gnu
Thread model: posix
gcc version 9.3.0 (Ubuntu 9.3.0-17ubuntu1~20.04) 
configure:5706: $? = 0
configure:5695: gcc -V >&5
gcc: error: unrecognized command line option '-V'
gcc: fatal error: no input files
compilation terminated.
configure:5706: $? = 1
configure:5695: gcc -qversion >&5
gcc: error: unrecognized command line option '-qversion'; did you mean '--version'?
gcc: fatal error: no input files
compilation terminated.
configure:5706: $? = 1
configure:5726: checking whether the C compiler works
configure:5748: gcc    conftest.c  >&5
configure:5752: $? = 0
configure:5800: result: yes
configure:5803: checking for C compiler default output file name
configure:5805: result: a.out
configure:5811: checking for suffix of executables
configure:5818: gcc -o conftest    conftest.c  >&5
configure:5822: $? = 0
configure:5844: result: 
configure:5866: checking whether we are cross compiling
configure:5874: gcc -o conftest    conftest.c  >&5
configure:5878: $? = 0
configure:5885: ./conftest
configure:5889: $? = 0
configure:5877: result: no
configure:5882: checking for suffix of object files
configure:5904: gcc -c   conftest.c >&5
configure:5908: $? = 0
configure:5929: result: o
configure:5933: checking whether we are using the GNU C compiler
configure:5952: gcc -c   conftest.c >&5
configure:5952: $? = 0
configure:5961: result: yes
configure:5970: checking whether gcc accepts -g
configure:5990: gcc -c -g  conftest.c >&5
configure:5990: $? = 0
configure:6031: result: yes
configure:6048: checking for gcc option to accept ISO C89
configure:6111: gcc  -c -g -O2  conftest.c >&5
configure:6111: $? = 0
configure:6124: result: none needed
configure:6149: checking whether gcc understands -c and -o together
configure:6171: gcc -c conftest.c -o conftest2.o
configure:6174: $? = 0
configure:6171: gcc -c conftest.c -o conftest2.o
configure:6174: $? = 0
configure:6186: result: yes
configure:6205: checking dependency style of gcc
configure:6316: result: gcc3
configure:6337: checking how to run the C preprocessor
configure:6368: gcc -E  conftest.c
configure:6368: $? = 0
configure:6382: gcc -E  conftest.c
conftest.c:11:10: fatal error: ac_nonexistent.h: No such file or directory
   11 | #include <ac_nonexistent.h>
      |          ^~~~~~~~~~~~~~~~~~
compilation terminated.
configure:6382: $? = 1
configure: failed program was:
| /* confdefs.h */
| #define PACKAGE_NAME "zookeeper C client"
| #define PACKAGE_TARNAME "zookeeper"
| #define PACKAGE_VERSION "3.7.0"
| #define PACKAGE_STRING "zookeeper C client 3.7.0"
| #define PACKAGE_BUGREPORT "user@zookeeper.apache.org"
| #define PACKAGE_URL ""
| #define PACKAGE "zookeeper"
| #define VERSION "3.7.0"
| /* end confdefs.h.  */
| #include <ac_nonexistent.h>
configure:6407: result: gcc -E
configure:6427: gcc -E  conftest.c
configure:6427: $? = 0
configure:6441: gcc -E  conftest.c
conftest.c:11:10: fatal error: ac_nonexistent.h: No such file or directory
   11 | #include <ac_nonexistent.h>
      |          ^~~~~~~~~~~~~~~~~~
compilation terminated.
configure:6441: $? = 1
configure: failed program was:
| /* confdefs.h */
| #define PACKAGE_NAME "zookeeper C client"
| #define PACKAGE_TARNAME "zookeeper"
| #define PACKAGE_VERSION "3.7.0"
| #define PACKAGE_STRING "zookeeper C client 3.7.0"
| #define PACKAGE_BUGREPORT "user@zookeeper.apache.org"
| #define PACKAGE_URL ""
| #define PACKAGE "zookeeper"
| #define VERSION "3.7.0"
| /* end confdefs.h.  */
| #include <ac_nonexistent.h>
configure:6470: checking for grep that handles long lines and -e
configure:6528: result: /bin/grep
configure:6533: checking for egrep
configure:6595: result: /bin/grep -E
configure:6600: checking for ANSI C header files
configure:6620: gcc -c -g -O2  conftest.c >&5
configure:6620: $? = 0
configure:6693: gcc -o conftest -g -O2   conftest.c  >&5
configure:6693: $? = 0
configure:6693: ./conftest
configure:6693: $? = 0
configure:6704: result: yes
configure:6717: checking for sys/types.h
configure:6717: gcc -c -g -O2  conftest.c >&5
configure:6717: $? = 0
configure:6717: result: yes
configure:6717: checking for sys/stat.h
configure:6717: gcc -c -g -O2  conftest.c >&5
configure:6717: $? = 0
configure:6717: result: yes
configure:6717: checking for stdlib.h
configure:6717: gcc -c -g -O2  conftest.c >&5
configure:6717: $? = 0
configure:6717: result: yes
configure:6717: checking for string.h
configure:6717: gcc -c -g -O2  conftest.c >&5
configure:6717: $? = 0
configure:6717: result: yes
configure:6717: checking for memory.h
configure:6717: gcc -c -g -O2  conftest.c >&5
configure:6717: $? = 0
configure:6717: result: yes
configure:6717: checking for strings.h
configure:6717: gcc -c -g -O2  conftest.c >&5
configure:6717: $? = 0
configure:6717: result: yes
configure:6717: checking for inttypes.h
configure:6717: gcc -c -g -O2  conftest.c >&5
configure:6717: $? = 0
configure:6717: result: yes
configure:6717: checking for stdint.h
configure:6717: gcc -c -g -O2  conftest.c >&5
configure:6717: $? = 0
configure:6717: result: yes
configure:6717: checking for unistd.h
configure:6717: gcc -c -g -O2  conftest.c >&5
configure:6717: $? = 0
configure:6717: result: yes
configure:6729: checking openssl/ssl.h usability
configure:6729: gcc -c -g -O2  conftest.c >&5
conftest.c:54:10: fatal error: openssl/ssl.h: No such file or directory
   54 | #include <openssl/ssl.h>
      |          ^~~~~~~~~~~~~~~
compilation terminated.
configure:6729: $? = 1
configure: failed program was:
| /* confdefs.h */
| #define PACKAGE_NAME "zookeeper C client"
| #define PACKAGE_TARNAME "zookeeper"
| #define PACKAGE_VERSION "3.7.0"
| #define PACKAGE_STRING "zookeeper C client 3.7.0"
| #define PACKAGE_BUGREPORT "user@zookeeper.apache.org"
| #define PACKAGE_URL ""
| #define PACKAGE "zookeeper"
| #define VERSION "3.7.0"
| #define STDC_HEADERS 1
| #define HAVE_SYS_TYPES_H 1
| #define HAVE_SYS_STAT_H 1
| #define HAVE_STDLIB_H 1
| #define HAVE_STRING_H 1
| #define HAVE_MEMORY_H 1
| #define HAVE_STRINGS_H 1
| #define HAVE_INTTYPES_H 1
| #define HAVE_STDINT_H 1
| #define HAVE_UNISTD_H 1
| /* end confdefs.h.  */
| #include <stdio.h>
| #ifdef HAVE_SYS_TYPES_H
| # include <sys/types.h>
| #endif
| #ifdef HAVE_SYS_STAT_H
| # include <sys/stat.h>
| #endif
| #ifdef STDC_HEADERS
| # include <stdlib.h>
| # include <stddef.h>
| #else
| # ifdef HAVE_STDLIB_H
| #  include <stdlib.h>
| # endif
| #endif
| #ifdef HAVE_STRING_H
| # if !defined STDC_HEADERS && defined HAVE_MEMORY_H
| #  include <memory.h>
| # endif
| # include <string.h>
| #endif
| #ifdef HAVE_STRINGS_H
| # include <strings.h>
| #endif
| #ifdef HAVE_INTTYPES_H
| # include <inttypes.h>
| #endif
| #ifdef HAVE_STDINT_H
| # include <stdint.h>
| #endif
| #ifdef HAVE_UNISTD_H
| # include <unistd.h>
| #endif
| #include <openssl/ssl.h>
configure:6729: result: no
configure:6729: checking openssl/ssl.h presence
configure:6729: gcc -E  conftest.c
conftest.c:21:10: fatal error: openssl/ssl.h: No such file or directory
   21 | #include <openssl/ssl.h>
      |          ^~~~~~~~~~~~~~~
compilation terminated.
configure:6729: $? = 1
configure: failed program was:
| /* confdefs.h */
| #define PACKAGE_NAME "zookeeper C client"
| #define PACKAGE_TARNAME "zookeeper"
| #define PACKAGE_VERSION "3.7.0"
| #define PACKAGE_STRING "zookeeper C client 3.7.0"
| #define PACKAGE_BUGREPORT "user@zookeeper.apache.org"
| #define PACKAGE_URL ""
| #define PACKAGE "zookeeper"
| #define VERSION "3.7.0"
| #define STDC_HEADERS 1
| #define HAVE_SYS_TYPES_H 1
| #define HAVE_SYS_STAT_H 1
| #define HAVE_STDLIB_H 1
| #define HAVE_STRING_H 1
| #define HAVE_MEMORY_H 1
| #define HAVE_STRINGS_H 1
| #define HAVE_INTTYPES_H 1
| #define HAVE_STDINT_H 1
| #define HAVE_UNISTD_H 1
| /* end confdefs.h.  */
| #include <openssl/ssl.h>
configure:6729: result: no
configure:6729: checking for openssl/ssl.h
configure:6729: result: no
configure:6779: WARNING: cannot build SSL support -- openssl not found
configure:6787: building without SSL support
configure:6804: checking for ./generated/zookeeper.jute.c
configure:6818: result: yes
configure:6831: checking for ./generated/zookeeper.jute.h
configure:6845: result: yes
configure:6909: checking for gcc
configure:6936: result: gcc
configure:7165: checking for C compiler version
configure:7174: gcc --version >&5
gcc (Ubuntu 9.3.0-17ubuntu1~20.04) 9.3.0
Copyright (C) 2019 Free Software Foundation, Inc.
This is free software; see the source for copying conditions.  There is NO
warranty; not even for MERCHANTABILITY or FITNESS FOR A PARTICULAR PURPOSE.

configure:7185: $? = 0
configure:7174: gcc -v >&5
Using built-in specs.
COLLECT_GCC=gcc
COLLECT_LTO_WRAPPER=/usr/lib/gcc/x86_64-linux-gnu/9/lto-wrapper
OFFLOAD_TARGET_NAMES=nvptx-none:hsa
OFFLOAD_TARGET_DEFAULT=1
Target: x86_64-linux-gnu
Configured with: ../src/configure -v --with-pkgversion='Ubuntu 9.3.0-17ubuntu1~20.04' --with-bugurl=file:///usr/share/doc/gcc-9/README.Bugs --enable-languages=c,ada,c++,go,brig,d,fortran,objc,obj-c++,gm2 --prefix=/usr --with-gcc-major-version-only --program-suffix=-9 --program-prefix=x86_64-linux-gnu- --enable-shared --enable-linker-build-id --libexecdir=/usr/lib --without-included-gettext --enable-threads=posix --libdir=/usr/lib --enable-nls --enable-clocale=gnu --enable-libstdcxx-debug --enable-libstdcxx-time=yes --with-default-libstdcxx-abi=new --enable-gnu-unique-object --disable-vtable-verify --enable-plugin --enable-default-pie --with-system-zlib --with-target-system-zlib=auto --enable-objc-gc=auto --enable-multiarch --disable-werror --with-arch-32=i686 --with-abi=m64 --with-multilib-list=m32,m64,mx32 --enable-multilib --with-tune=generic --enable-offload-targets=nvptx-none=/build/gcc-9-HskZEa/gcc-9-9.3.0/debian/tmp-nvptx/usr,hsa --without-cuda-driver --enable-checking=release --build=x86_64-linux-gnu --host=x86_64-linux-gnu --target=x86_64-linux-gnu
Thread model: posix
gcc version 9.3.0 (Ubuntu 9.3.0-17ubuntu1~20.04) 
configure:7185: $? = 0
configure:7174: gcc -V >&5
gcc: error: unrecognized command line option '-V'
gcc: fatal error: no input files
compilation terminated.
configure:7185: $? = 1
configure:7174: gcc -qversion >&5
gcc: error: unrecognized command line option '-qversion'; did you mean '--version'?
gcc: fatal error: no input files
compilation terminated.
configure:7185: $? = 1
configure:7189: checking whether we are using the GNU C compiler
configure:7217: result: yes
configure:7226: checking whether gcc accepts -g
configure:7287: result: yes
configure:7304: checking for gcc option to accept ISO C89
configure:7380: result: none needed
configure:7405: checking whether gcc understands -c and -o together
configure:7442: result: yes
configure:7461: checking dependency style of gcc
configure:7572: result: gcc3
configure:7646: checking for g++
configure:7662: found /usr/bin/g++
configure:7673: result: g++
configure:7700: checking for C++ compiler version
configure:7709: g++ --version >&5
g++ (Ubuntu 9.3.0-17ubuntu1~20.04) 9.3.0
Copyright (C) 2019 Free Software Foundation, Inc.
This is free software; see the source for copying conditions.  There is NO
warranty; not even for MERCHANTABILITY or FITNESS FOR A PARTICULAR PURPOSE.

configure:7720: $? = 0
configure:7709: g++ -v >&5
Using built-in specs.
COLLECT_GCC=g++
COLLECT_LTO_WRAPPER=/usr/lib/gcc/x86_64-linux-gnu/9/lto-wrapper
OFFLOAD_TARGET_NAMES=nvptx-none:hsa
OFFLOAD_TARGET_DEFAULT=1
Target: x86_64-linux-gnu
Configured with: ../src/configure -v --with-pkgversion='Ubuntu 9.3.0-17ubuntu1~20.04' --with-bugurl=file:///usr/share/doc/gcc-9/README.Bugs --enable-languages=c,ada,c++,go,brig,d,fortran,objc,obj-c++,gm2 --prefix=/usr --with-gcc-major-version-only --program-suffix=-9 --program-prefix=x86_64-linux-gnu- --enable-shared --enable-linker-build-id --libexecdir=/usr/lib --without-included-gettext --enable-threads=posix --libdir=/usr/lib --enable-nls --enable-clocale=gnu --enable-libstdcxx-debug --enable-libstdcxx-time=yes --with-default-libstdcxx-abi=new --enable-gnu-unique-object --disable-vtable-verify --enable-plugin --enable-default-pie --with-system-zlib --with-target-system-zlib=auto --enable-objc-gc=auto --enable-multiarch --disable-werror --with-arch-32=i686 --with-abi=m64 --with-multilib-list=m32,m64,mx32 --enable-multilib --with-tune=generic --enable-offload-targets=nvptx-none=/build/gcc-9-HskZEa/gcc-9-9.3.0/debian/tmp-nvptx/usr,hsa --without-cuda-driver --enable-checking=release --build=x86_64-linux-gnu --host=x86_64-linux-gnu --target=x86_64-linux-gnu
Thread model: posix
gcc version 9.3.0 (Ubuntu 9.3.0-17ubuntu1~20.04) 
configure:7720: $? = 0
configure:7709: g++ -V >&5
g++: error: unrecognized command line option '-V'
g++: fatal error: no input files
compilation terminated.
configure:7720: $? = 1
configure:7709: g++ -qversion >&5
g++: error: unrecognized command line option '-qversion'; did you mean '--version'?
g++: fatal error: no input files
compilation terminated.
configure:7720: $? = 1
configure:7724: checking whether we are using the GNU C++ compiler
configure:7743: g++ -c   conftest.cpp >&5
configure:7743: $? = 0
configure:7752: result: yes
configure:7761: checking whether g++ accepts -g
configure:7781: g++ -c -g  conftest.cpp >&5
configure:7781: $? = 0
configure:7822: result: yes
configure:7847: checking dependency style of g++
configure:7958: result: gcc3
configure:7974: checking whether ln -s works
configure:7978: result: yes
configure:8016: checking build system type
configure:8030: result: x86_64-pc-linux-gnu
configure:8050: checking host system type
configure:8063: result: x86_64-pc-linux-gnu
configure:8104: checking how to print strings
configure:8131: result: printf
configure:8152: checking for a sed that does not truncate output
configure:8216: result: /bin/sed
configure:8234: checking for fgrep
configure:8296: result: /bin/grep -F
configure:8331: checking for ld used by gcc
configure:8398: result: /usr/bin/ld
configure:8405: checking if the linker (/usr/bin/ld) is GNU ld
configure:8420: result: yes
configure:8432: checking for BSD- or MS-compatible name lister (nm)
configure:8486: result: /usr/bin/nm -B
configure:8616: checking the name lister (/usr/bin/nm -B) interface
configure:8623: gcc -c -g -O2  conftest.c >&5
configure:8626: /usr/bin/nm -B "conftest.o"
configure:8629: output
0000000000000000 B some_variable
configure:8630: result: BSD nm
configure:8634: checking the maximum length of command line arguments
configure:8765: result: 1572864
configure:8813: checking how to convert x86_64-pc-linux-gnu file names to x86_64-pc-linux-gnu format
configure:8853: result: func_convert_file_noop
configure:8860: checking how to convert x86_64-pc-linux-gnu file names to toolchain format
configure:8880: result: func_convert_file_noop
configure:8887: checking for /usr/bin/ld option to reload object files
configure:8894: result: -r
configure:8968: checking for objdump
configure:8984: found /usr/bin/objdump
configure:8995: result: objdump
configure:9027: checking how to recognize dependent libraries
configure:9227: result: pass_all
configure:9312: checking for dlltool
configure:9342: result: no
configure:9372: checking how to associate runtime and link libraries
configure:9399: result: printf %s\n
configure:9459: checking for ar
configure:9475: found /usr/bin/ar
configure:9486: result: ar
configure:9523: checking for archiver @FILE support
configure:9540: gcc -c -g -O2  conftest.c >&5
configure:9540: $? = 0
configure:9543: ar cr libconftest.a @conftest.lst >&5
configure:9546: $? = 0
configure:9551: ar cr libconftest.a @conftest.lst >&5
ar: conftest.o: No such file or directory
configure:9554: $? = 1
configure:9553: result: @
configure:9611: checking for strip
configure:9627: found /usr/bin/strip
configure:9638: result: strip
configure:9710: checking for ranlib
configure:9726: found /usr/bin/ranlib
configure:9737: result: ranlib
configure:9839: checking command to parse /usr/bin/nm -B output from gcc object
configure:9992: gcc -c -g -O2  conftest.c >&5
configure:9995: $? = 0
configure:9999: /usr/bin/nm -B conftest.o | sed -n -e 's/^.*[	 ]\([ABCDGIRSTW][ABCDGIRSTW]*\)[	 ][	 ]*\([_A-Za-z][_A-Za-z0-9]*\)$/\1 \2 \2/p' | sed '/ __gnu_lto/d' > conftest.nm
configure:10065: gcc -o conftest -g -O2   conftest.c conftstm.o >&5
configure:10068: $? = 0
configure:10106: result: ok
configure:10153: checking for sysroot
configure:10183: result: no
configure:10190: checking for a working dd
configure:10228: result: /bin/dd
configure:10232: checking how to truncate binary pipes
configure:10247: result: /bin/dd bs=4096 count=1
configure:10383: gcc -c -g -O2  conftest.c >&5
configure:10386: $? = 0
configure:10576: checking for mt
configure:10592: found /bin/mt
configure:10603: result: mt
configure:10626: checking if mt is a manifest tool
configure:10632: mt '-?'
configure:10640: result: no
configure:11314: checking for dlfcn.h
configure:11314: gcc -c -g -O2  conftest.c >&5
configure:11314: $? = 0
configure:11314: result: yes
configure:11581: checking for objdir
configure:11596: result: .libs
configure:11856: checking if gcc supports -fno-rtti -fno-exceptions
configure:11874: gcc -c -g -O2  -fno-rtti -fno-exceptions conftest.c >&5
cc1: warning: command line option '-fno-rtti' is valid for C++/D/ObjC++ but not for C
configure:11878: $? = 0
configure:11891: result: no
configure:12255: checking for gcc option to produce PIC
configure:12262: result: -fPIC -DPIC
configure:12270: checking if gcc PIC flag -fPIC -DPIC works
configure:12288: gcc -c -g -O2  -fPIC -DPIC -DPIC conftest.c >&5
configure:12292: $? = 0
configure:12305: result: yes
configure:12334: checking if gcc static flag -static works
configure:12362: result: yes
configure:12377: checking if gcc supports -c -o file.o
configure:12398: gcc -c -g -O2  -o out/conftest2.o conftest.c >&5
configure:12402: $? = 0
configure:12424: result: yes
configure:12432: checking if gcc supports -c -o file.o
configure:12479: result: yes
configure:12512: checking whether the gcc linker (/usr/bin/ld -m elf_x86_64) supports shared libraries
configure:13775: result: yes
configure:13812: checking whether -lc should be explicitly linked in
configure:13820: gcc -c -g -O2  conftest.c >&5
configure:13823: $? = 0
configure:13838: gcc -shared  -fPIC -DPIC conftest.o  -v -Wl,-soname -Wl,conftest -o conftest 2\>\&1 \| /bin/grep  -lc  \>/dev/null 2\>\&1
configure:13841: $? = 0
configure:13855: result: no
configure:14015: checking dynamic linker characteristics
configure:14596: gcc -o conftest -g -O2   -Wl,-rpath -Wl,/foo conftest.c  >&5
configure:14596: $? = 0
configure:14845: result: GNU/Linux ld.so
configure:14967: checking how to hardcode library paths into programs
configure:14992: result: immediate
configure:15540: checking whether stripping libraries is possible
configure:15545: result: yes
configure:15580: checking if libtool supports shared libraries
configure:15582: result: yes
configure:15585: checking whether to build shared libraries
configure:15610: result: yes
configure:15613: checking whether to build static libraries
configure:15617: result: yes
configure:12416: checking how to run the C++ preprocessor
configure:12443: g++ -E  conftest.cpp
configure:12443: $? = 0
configure:12457: g++ -E  conftest.cpp
conftest.cpp:25:10: fatal error: ac_nonexistent.h: No such file or directory
   25 | #include <ac_nonexistent.h>
      |          ^~~~~~~~~~~~~~~~~~
compilation terminated.
configure:12457: $? = 1
configure: failed program was:
| /* confdefs.h */
| #define PACKAGE_NAME "zookeeper C client"
| #define PACKAGE_TARNAME "zookeeper"
| #define PACKAGE_VERSION "3.7.0"
| #define PACKAGE_STRING "zookeeper C client 3.7.0"
| #define PACKAGE_BUGREPORT "user@zookeeper.apache.org"
| #define PACKAGE_URL ""
| #define PACKAGE "zookeeper"
| #define VERSION "3.7.0"
| #define STDC_HEADERS 1
| #define HAVE_SYS_TYPES_H 1
| #define HAVE_SYS_STAT_H 1
| #define HAVE_STDLIB_H 1
| #define HAVE_STRING_H 1
| #define HAVE_MEMORY_H 1
| #define HAVE_STRINGS_H 1
| #define HAVE_INTTYPES_H 1
| #define HAVE_STDINT_H 1
| #define HAVE_UNISTD_H 1
| #define HAVE___GENERATED_ZOOKEEPER_JUTE_C 1
| #define HAVE___GENERATED_ZOOKEEPER_JUTE_H 1
| #define HAVE_DLFCN_H 1
| #define LT_OBJDIR ".libs/"
| /* end confdefs.h.  */
| #include <ac_nonexistent.h>
configure:12482: result: g++ -E
configure:12502: g++ -E  conftest.cpp
configure:12502: $? = 0
configure:12516: g++ -E  conftest.cpp
conftest.cpp:25:10: fatal error: ac_nonexistent.h: No such file or directory
   25 | #include <ac_nonexistent.h>
      |          ^~~~~~~~~~~~~~~~~~
compilation terminated.
configure:12516: $? = 1
configure: failed program was:
| /* confdefs.h */
| #define PACKAGE_NAME "zookeeper C client"
| #define PACKAGE_TARNAME "zookeeper"
| #define PACKAGE_VERSION "3.7.0"
| #define PACKAGE_STRING "zookeeper C client 3.7.0"
| #define PACKAGE_BUGREPORT "user@zookeeper.apache.org"
| #define PACKAGE_URL ""
| #define PACKAGE "zookeeper"
| #define VERSION "3.7.0"
| #define STDC_HEADERS 1
| #define HAVE_SYS_TYPES_H 1
| #define HAVE_SYS_STAT_H 1
| #define HAVE_STDLIB_H 1
| #define HAVE_STRING_H 1
| #define HAVE_MEMORY_H 1
| #define HAVE_STRINGS_H 1
| #define HAVE_INTTYPES_H 1
| #define HAVE_STDINT_H 1
| #define HAVE_UNISTD_H 1
| #define HAVE___GENERATED_ZOOKEEPER_JUTE_C 1
| #define HAVE___GENERATED_ZOOKEEPER_JUTE_H 1
| #define HAVE_DLFCN_H 1
| #define LT_OBJDIR ".libs/"
| /* end confdefs.h.  */
| #include <ac_nonexistent.h>
configure:12678: checking for ld used by g++
configure:12745: result: /usr/bin/ld -m elf_x86_64
configure:12752: checking if the linker (/usr/bin/ld -m elf_x86_64) is GNU ld
configure:12767: result: yes
configure:12822: checking whether the g++ linker (/usr/bin/ld -m elf_x86_64) supports shared libraries
configure:13895: result: yes
configure:13931: g++ -c -g -O2  conftest.cpp >&5
configure:13934: $? = 0
configure:14415: checking for g++ option to produce PIC
configure:14422: result: -fPIC -DPIC
configure:14430: checking if g++ PIC flag -fPIC -DPIC works
configure:14448: g++ -c -g -O2  -fPIC -DPIC -DPIC conftest.cpp >&5
configure:14452: $? = 0
configure:14465: result: yes
configure:14488: checking if g++ static flag -static works
configure:14516: result: yes
configure:14528: checking if g++ supports -c -o file.o
configure:14549: g++ -c -g -O2  -o out/conftest2.o conftest.cpp >&5
configure:14553: $? = 0
configure:14575: result: yes
configure:14580: checking if g++ supports -c -o file.o
configure:14627: result: yes
configure:14657: checking whether the g++ linker (/usr/bin/ld -m elf_x86_64) supports shared libraries
configure:14700: result: yes
configure:14841: checking dynamic linker characteristics
configure:15598: result: GNU/Linux ld.so
configure:15663: checking how to hardcode library paths into programs
configure:15688: result: immediate
configure:14621: checking whether to enable gcov
configure:14627: result: no
configure:14652: checking for pthread_mutex_lock in -lpthread
configure:14677: gcc -o conftest -g -O2 -D_GNU_SOURCE   conftest.c -lpthread   >&5
configure:14677: $? = 0
configure:14686: result: yes
configure:14701: building with SyncAPI support
configure:14733: checking sasl/sasl.h usability
configure:14733: gcc -c -g -O2 -D_GNU_SOURCE  conftest.c >&5
conftest.c:58:10: fatal error: sasl/sasl.h: No such file or directory
   58 | #include <sasl/sasl.h>
      |          ^~~~~~~~~~~~~
compilation terminated.
configure:14733: $? = 1
configure: failed program was:
| /* confdefs.h */
| #define PACKAGE_NAME "zookeeper C client"
| #define PACKAGE_TARNAME "zookeeper"
| #define PACKAGE_VERSION "3.7.0"
| #define PACKAGE_STRING "zookeeper C client 3.7.0"
| #define PACKAGE_BUGREPORT "user@zookeeper.apache.org"
| #define PACKAGE_URL ""
| #define PACKAGE "zookeeper"
| #define VERSION "3.7.0"
| #define STDC_HEADERS 1
| #define HAVE_SYS_TYPES_H 1
| #define HAVE_SYS_STAT_H 1
| #define HAVE_STDLIB_H 1
| #define HAVE_STRING_H 1
| #define HAVE_MEMORY_H 1
| #define HAVE_STRINGS_H 1
| #define HAVE_INTTYPES_H 1
| #define HAVE_STDINT_H 1
| #define HAVE_UNISTD_H 1
| #define HAVE___GENERATED_ZOOKEEPER_JUTE_C 1
| #define HAVE___GENERATED_ZOOKEEPER_JUTE_H 1
| #define HAVE_DLFCN_H 1
| #define LT_OBJDIR ".libs/"
| /* end confdefs.h.  */
| #include <stdio.h>
| #ifdef HAVE_SYS_TYPES_H
| # include <sys/types.h>
| #endif
| #ifdef HAVE_SYS_STAT_H
| # include <sys/stat.h>
| #endif
| #ifdef STDC_HEADERS
| # include <stdlib.h>
| # include <stddef.h>
| #else
| # ifdef HAVE_STDLIB_H
| #  include <stdlib.h>
| # endif
| #endif
| #ifdef HAVE_STRING_H
| # if !defined STDC_HEADERS && defined HAVE_MEMORY_H
| #  include <memory.h>
| # endif
| # include <string.h>
| #endif
| #ifdef HAVE_STRINGS_H
| # include <strings.h>
| #endif
| #ifdef HAVE_INTTYPES_H
| # include <inttypes.h>
| #endif
| #ifdef HAVE_STDINT_H
| # include <stdint.h>
| #endif
| #ifdef HAVE_UNISTD_H
| # include <unistd.h>
| #endif
| #include <sasl/sasl.h>
configure:14733: result: no
configure:14733: checking sasl/sasl.h presence
configure:14733: gcc -E  conftest.c
conftest.c:25:10: fatal error: sasl/sasl.h: No such file or directory
   25 | #include <sasl/sasl.h>
      |          ^~~~~~~~~~~~~
compilation terminated.
configure:14733: $? = 1
configure: failed program was:
| /* confdefs.h */
| #define PACKAGE_NAME "zookeeper C client"
| #define PACKAGE_TARNAME "zookeeper"
| #define PACKAGE_VERSION "3.7.0"
| #define PACKAGE_STRING "zookeeper C client 3.7.0"
| #define PACKAGE_BUGREPORT "user@zookeeper.apache.org"
| #define PACKAGE_URL ""
| #define PACKAGE "zookeeper"
| #define VERSION "3.7.0"
| #define STDC_HEADERS 1
| #define HAVE_SYS_TYPES_H 1
| #define HAVE_SYS_STAT_H 1
| #define HAVE_STDLIB_H 1
| #define HAVE_STRING_H 1
| #define HAVE_MEMORY_H 1
| #define HAVE_STRINGS_H 1
| #define HAVE_INTTYPES_H 1
| #define HAVE_STDINT_H 1
| #define HAVE_UNISTD_H 1
| #define HAVE___GENERATED_ZOOKEEPER_JUTE_C 1
| #define HAVE___GENERATED_ZOOKEEPER_JUTE_H 1
| #define HAVE_DLFCN_H 1
| #define LT_OBJDIR ".libs/"
| /* end confdefs.h.  */
| #include <sasl/sasl.h>
configure:14733: result: no
configure:14733: checking for sasl/sasl.h
configure:14733: result: no
configure:14785: WARNING: cannot build SASL support -- sasl2 not found
configure:14793: building without SASL support
configure:14806: checking for ANSI C header files
configure:14910: result: yes
configure:14921: checking arpa/inet.h usability
configure:14921: gcc -c -g -O2 -D_GNU_SOURCE  conftest.c >&5
configure:14921: $? = 0
configure:14921: result: yes
configure:14921: checking arpa/inet.h presence
configure:14921: gcc -E  conftest.c
configure:14921: $? = 0
configure:14921: result: yes
configure:14921: checking for arpa/inet.h
configure:14921: result: yes
configure:14921: checking fcntl.h usability
configure:14921: gcc -c -g -O2 -D_GNU_SOURCE  conftest.c >&5
configure:14921: $? = 0
configure:14921: result: yes
configure:14921: checking fcntl.h presence
configure:14921: gcc -E  conftest.c
configure:14921: $? = 0
configure:14921: result: yes
configure:14921: checking for fcntl.h
configure:14921: result: yes
configure:14921: checking netdb.h usability
configure:14921: gcc -c -g -O2 -D_GNU_SOURCE  conftest.c >&5
configure:14921: $? = 0
configure:14921: result: yes
configure:14921: checking netdb.h presence
configure:14921: gcc -E  conftest.c
configure:14921: $? = 0
configure:14921: result: yes
configure:14921: checking for netdb.h
configure:14921: result: yes
configure:14921: checking netinet/in.h usability
configure:14921: gcc -c -g -O2 -D_GNU_SOURCE  conftest.c >&5
configure:14921: $? = 0
configure:14921: result: yes
configure:14921: checking netinet/in.h presence
configure:14921: gcc -E  conftest.c
configure:14921: $? = 0
configure:14921: result: yes
configure:14921: checking for netinet/in.h
configure:14921: result: yes
configure:14921: checking for stdlib.h
configure:14921: result: yes
configure:14921: checking for string.h
configure:14921: result: yes
configure:14921: checking sys/socket.h usability
configure:14921: gcc -c -g -O2 -D_GNU_SOURCE  conftest.c >&5
configure:14921: $? = 0
configure:14921: result: yes
configure:14921: checking sys/socket.h presence
configure:14921: gcc -E  conftest.c
configure:14921: $? = 0
configure:14921: result: yes
configure:14921: checking for sys/socket.h
configure:14921: result: yes
configure:14921: checking sys/time.h usability
configure:14921: gcc -c -g -O2 -D_GNU_SOURCE  conftest.c >&5
configure:14921: $? = 0
configure:14921: result: yes
configure:14921: checking sys/time.h presence
configure:14921: gcc -E  conftest.c
configure:14921: $? = 0
configure:14921: result: yes
configure:14921: checking for sys/time.h
configure:14921: result: yes
configure:14921: checking for unistd.h
configure:14921: result: yes
configure:14921: checking sys/utsname.h usability
configure:14921: gcc -c -g -O2 -D_GNU_SOURCE  conftest.c >&5
configure:14921: $? = 0
configure:14921: result: yes
configure:14921: checking sys/utsname.h presence
configure:14921: gcc -E  conftest.c
configure:14921: $? = 0
configure:14921: result: yes
configure:14921: checking for sys/utsname.h
configure:14921: result: yes
configure:14933: checking for an ANSI C-conforming const
configure:14999: gcc -c -g -O2 -D_GNU_SOURCE  conftest.c >&5
configure:14999: $? = 0
configure:15006: result: yes
configure:15014: checking for inline
configure:15030: gcc -c -g -O2 -D_GNU_SOURCE  conftest.c >&5
configure:15030: $? = 0
configure:15038: result: inline
configure:15056: checking whether time.h and sys/time.h may both be included
configure:15076: gcc -c -g -O2 -D_GNU_SOURCE  conftest.c >&5
configure:15076: $? = 0
configure:15083: result: yes
configure:15091: checking for nfds_t
configure:15091: gcc -c -g -O2 -D_GNU_SOURCE  conftest.c >&5
configure:15091: $? = 0
configure:15091: gcc -c -g -O2 -D_GNU_SOURCE  conftest.c >&5
conftest.c: In function 'main':
conftest.c:42:21: error: expected expression before ')' token
   42 | if (sizeof ((nfds_t)))
      |                     ^
configure:15091: $? = 1
configure: failed program was:
| /* confdefs.h */
| #define PACKAGE_NAME "zookeeper C client"
| #define PACKAGE_TARNAME "zookeeper"
| #define PACKAGE_VERSION "3.7.0"
| #define PACKAGE_STRING "zookeeper C client 3.7.0"
| #define PACKAGE_BUGREPORT "user@zookeeper.apache.org"
| #define PACKAGE_URL ""
| #define PACKAGE "zookeeper"
| #define VERSION "3.7.0"
| #define STDC_HEADERS 1
| #define HAVE_SYS_TYPES_H 1
| #define HAVE_SYS_STAT_H 1
| #define HAVE_STDLIB_H 1
| #define HAVE_STRING_H 1
| #define HAVE_MEMORY_H 1
| #define HAVE_STRINGS_H 1
| #define HAVE_INTTYPES_H 1
| #define HAVE_STDINT_H 1
| #define HAVE_UNISTD_H 1
| #define HAVE___GENERATED_ZOOKEEPER_JUTE_C 1
| #define HAVE___GENERATED_ZOOKEEPER_JUTE_H 1
| #define HAVE_DLFCN_H 1
| #define LT_OBJDIR ".libs/"
| #define STDC_HEADERS 1
| #define HAVE_ARPA_INET_H 1
| #define HAVE_FCNTL_H 1
| #define HAVE_NETDB_H 1
| #define HAVE_NETINET_IN_H 1
| #define HAVE_STDLIB_H 1
| #define HAVE_STRING_H 1
| #define HAVE_SYS_SOCKET_H 1
| #define HAVE_SYS_TIME_H 1
| #define HAVE_UNISTD_H 1
| #define HAVE_SYS_UTSNAME_H 1
| #define TIME_WITH_SYS_TIME 1
| /* end confdefs.h.  */
| #include <poll.h>
| 
| int
| main ()
| {
| if (sizeof ((nfds_t)))
| 	    return 0;
|   ;
|   return 0;
| }
configure:15091: result: yes
configure:15104: checking whether to enable ipv6
configure:15126: gcc -o conftest -g -O2 -D_GNU_SOURCE   conftest.c  >&5
conftest.c:41:1: warning: return type defaults to 'int' [-Wimplicit-int]
   41 | main()
      | ^~~~
conftest.c: In function 'main':
conftest.c:44:4: warning: implicit declaration of function 'exit' [-Wimplicit-function-declaration]
   44 |    exit(1);
      |    ^~~~
conftest.c:44:4: warning: incompatible implicit declaration of built-in function 'exit'
conftest.c:41:1: note: include '<stdlib.h>' or provide a declaration of 'exit'
   40 | #include <sys/socket.h>
  +++ |+#include <stdlib.h>
   41 | main()
conftest.c:46:4: warning: incompatible implicit declaration of built-in function 'exit'
   46 |    exit(0);
      |    ^~~~
conftest.c:46:4: note: include '<stdlib.h>' or provide a declaration of 'exit'
configure:15126: $? = 0
configure:15126: ./conftest
configure:15126: $? = 0
configure:15127: result: yes
configure:15155: checking whether SOCK_CLOEXEC is available
configure:15179: gcc -o conftest -g -O2 -D_GNU_SOURCE   conftest.c  >&5
conftest.c:42:1: warning: return type defaults to 'int' [-Wimplicit-int]
   42 | main()
      | ^~~~
configure:15179: $? = 0
configure:15179: ./conftest
configure:15179: $? = 0
configure:15180: result: yes
configure:15203: building without SOCK_CLOEXEC
configure:15224: checking for clock_gettime in -lrt
configure:15249: gcc -o conftest -g -O2 -D_GNU_SOURCE   conftest.c -lrt   >&5
configure:15249: $? = 0
configure:15258: result: yes
configure:15277: checking for getcwd
configure:15277: gcc -o conftest -g -O2 -D_GNU_SOURCE   conftest.c  >&5
configure:15277: $? = 0
configure:15277: result: yes
configure:15277: checking for gethostbyname
configure:15277: gcc -o conftest -g -O2 -D_GNU_SOURCE   conftest.c  >&5
configure:15277: $? = 0
configure:15277: result: yes
configure:15277: checking for gethostname
configure:15277: gcc -o conftest -g -O2 -D_GNU_SOURCE   conftest.c  >&5
configure:15277: $? = 0
configure:15277: result: yes
configure:15277: checking for getlogin
configure:15277: gcc -o conftest -g -O2 -D_GNU_SOURCE   conftest.c  >&5
configure:15277: $? = 0
configure:15277: result: yes
configure:15277: checking for getpwuid_r
configure:15277: gcc -o conftest -g -O2 -D_GNU_SOURCE   conftest.c  >&5
configure:15277: $? = 0
configure:15277: result: yes
configure:15277: checking for gettimeofday
configure:15277: gcc -o conftest -g -O2 -D_GNU_SOURCE   conftest.c  >&5
configure:15277: $? = 0
configure:15277: result: yes
configure:15277: checking for getuid
configure:15277: gcc -o conftest -g -O2 -D_GNU_SOURCE   conftest.c  >&5
configure:15277: $? = 0
configure:15277: result: yes
configure:15277: checking for memmove
configure:15277: gcc -o conftest -g -O2 -D_GNU_SOURCE   conftest.c  >&5
conftest.c:69:6: warning: conflicting types for built-in function 'memmove'; expected 'void *(void *, const void *, long unsigned int)' [-Wbuiltin-declaration-mismatch]
   69 | char memmove ();
      |      ^~~~~~~
conftest.c:57:1: note: 'memmove' is declared in header '<string.h>'
   56 | # include <limits.h>
   57 | #else
configure:15277: $? = 0
configure:15277: result: yes
configure:15277: checking for memset
configure:15277: gcc -o conftest -g -O2 -D_GNU_SOURCE   conftest.c  >&5
conftest.c:70:6: warning: conflicting types for built-in function 'memset'; expected 'void *(void *, int,  long unsigned int)' [-Wbuiltin-declaration-mismatch]
   70 | char memset ();
      |      ^~~~~~
conftest.c:58:1: note: 'memset' is declared in header '<string.h>'
   57 | # include <limits.h>
   58 | #else
configure:15277: $? = 0
configure:15277: result: yes
configure:15277: checking for poll
configure:15277: gcc -o conftest -g -O2 -D_GNU_SOURCE   conftest.c  >&5
configure:15277: $? = 0
configure:15277: result: yes
configure:15277: checking for socket
configure:15277: gcc -o conftest -g -O2 -D_GNU_SOURCE   conftest.c  >&5
configure:15277: $? = 0
configure:15277: result: yes
configure:15277: checking for strchr
configure:15277: gcc -o conftest -g -O2 -D_GNU_SOURCE   conftest.c  >&5
conftest.c:73:6: warning: conflicting types for built-in function 'strchr'; expected 'char *(const char *, int)' [-Wbuiltin-declaration-mismatch]
   73 | char strchr ();
      |      ^~~~~~
conftest.c:61:1: note: 'strchr' is declared in header '<string.h>'
   60 | # include <limits.h>
   61 | #else
configure:15277: $? = 0
configure:15277: result: yes
configure:15277: checking for strdup
configure:15277: gcc -o conftest -g -O2 -D_GNU_SOURCE   conftest.c  >&5
conftest.c:74:6: warning: conflicting types for built-in function 'strdup'; expected 'char *(const char *)' [-Wbuiltin-declaration-mismatch]
   74 | char strdup ();
      |      ^~~~~~
configure:15277: $? = 0
configure:15277: result: yes
configure:15277: checking for strerror
configure:15277: gcc -o conftest -g -O2 -D_GNU_SOURCE   conftest.c  >&5
configure:15277: $? = 0
configure:15277: result: yes
configure:15277: checking for strtol
configure:15277: gcc -o conftest -g -O2 -D_GNU_SOURCE   conftest.c  >&5
configure:15277: $? = 0
configure:15277: result: yes
configure:15495: checking that generated files are newer than configure
configure:15501: result: done
configure:15556: creating ./config.status

## ---------------------- ##
## Running config.status. ##
## ---------------------- ##

This file was extended by zookeeper C client config.status 3.7.0, which was
generated by GNU Autoconf 2.69.  Invocation command line was

  CONFIG_FILES    = 
  CONFIG_HEADERS  = 
  CONFIG_LINKS    = 
  CONFIG_COMMANDS = 
  $ ./config.status 

on ubuntu

config.status:1240: creating Makefile
config.status:1240: creating config.h
config.status:1469: executing depfiles commands
config.status:1546: cd .       && sed -e '/# am--include-marker/d' Makefile         | make -f - am--depfiles
config.status:1551: $? = 0
config.status:1469: executing libtool commands

## ---------------- ##
## Cache variables. ##
## ---------------- ##

ac_cv_build=x86_64-pc-linux-gnu
ac_cv_c_compiler_gnu=yes
ac_cv_c_const=yes
ac_cv_c_inline=inline
ac_cv_cxx_compiler_gnu=yes
ac_cv_env_CCC_set=
ac_cv_env_CCC_value=
ac_cv_env_CC_set=
ac_cv_env_CC_value=
ac_cv_env_CFLAGS_set=
ac_cv_env_CFLAGS_value=
ac_cv_env_CPPFLAGS_set=
ac_cv_env_CPPFLAGS_value=
ac_cv_env_CPPUNIT_CFLAGS_set=
ac_cv_env_CPPUNIT_CFLAGS_value=
ac_cv_env_CPPUNIT_LIBS_set=
ac_cv_env_CPPUNIT_LIBS_value=
ac_cv_env_CPP_set=
ac_cv_env_CPP_value=
ac_cv_env_CXXCPP_set=
ac_cv_env_CXXCPP_value=
ac_cv_env_CXXFLAGS_set=
ac_cv_env_CXXFLAGS_value=
ac_cv_env_CXX_set=
ac_cv_env_CXX_value=
ac_cv_env_DOXYGEN_PAPER_SIZE_set=
ac_cv_env_DOXYGEN_PAPER_SIZE_value=
ac_cv_env_LDFLAGS_set=
ac_cv_env_LDFLAGS_value=
ac_cv_env_LIBS_set=
ac_cv_env_LIBS_value=
ac_cv_env_LT_SYS_LIBRARY_PATH_set=
ac_cv_env_LT_SYS_LIBRARY_PATH_value=
ac_cv_env_PKG_CONFIG_LIBDIR_set=
ac_cv_env_PKG_CONFIG_LIBDIR_value=
ac_cv_env_PKG_CONFIG_PATH_set=
ac_cv_env_PKG_CONFIG_PATH_value=
ac_cv_env_PKG_CONFIG_set=
ac_cv_env_PKG_CONFIG_value=
ac_cv_env_build_alias_set=
ac_cv_env_build_alias_value=
ac_cv_env_host_alias_set=
ac_cv_env_host_alias_value=
ac_cv_env_target_alias_set=
ac_cv_env_target_alias_value=
ac_cv_file___generated_zookeeper_jute_c=yes
ac_cv_file___generated_zookeeper_jute_h=yes
ac_cv_func_getcwd=yes
ac_cv_func_gethostbyname=yes
ac_cv_func_gethostname=yes
ac_cv_func_getlogin=yes
ac_cv_func_getpwuid_r=yes
ac_cv_func_gettimeofday=yes
ac_cv_func_getuid=yes
ac_cv_func_memmove=yes
ac_cv_func_memset=yes
ac_cv_func_poll=yes
ac_cv_func_socket=yes
ac_cv_func_strchr=yes
ac_cv_func_strdup=yes
ac_cv_func_strerror=yes
ac_cv_func_strtol=yes
ac_cv_header_arpa_inet_h=yes
ac_cv_header_dlfcn_h=yes
ac_cv_header_fcntl_h=yes
ac_cv_header_inttypes_h=yes
ac_cv_header_memory_h=yes
ac_cv_header_netdb_h=yes
ac_cv_header_netinet_in_h=yes
ac_cv_header_openssl_ssl_h=no
ac_cv_header_sasl_sasl_h=no
ac_cv_header_stdc=yes
ac_cv_header_stdint_h=yes
ac_cv_header_stdlib_h=yes
ac_cv_header_string_h=yes
ac_cv_header_strings_h=yes
ac_cv_header_sys_socket_h=yes
ac_cv_header_sys_stat_h=yes
ac_cv_header_sys_time_h=yes
ac_cv_header_sys_types_h=yes
ac_cv_header_sys_utsname_h=yes
ac_cv_header_time=yes
ac_cv_header_unistd_h=yes
ac_cv_host=x86_64-pc-linux-gnu
ac_cv_lib_pthread_pthread_mutex_lock=yes
ac_cv_lib_rt_clock_gettime=yes
ac_cv_objext=o
ac_cv_path_EGREP='/bin/grep -E'
ac_cv_path_FGREP='/bin/grep -F'
ac_cv_path_GREP=/bin/grep
ac_cv_path_SED=/bin/sed
ac_cv_path_ac_pt_DX_PERL=/usr/bin/perl
ac_cv_path_ac_pt_PKG_CONFIG=/usr/bin/pkg-config
ac_cv_path_install='/usr/bin/install -c'
ac_cv_path_lt_DD=/bin/dd
ac_cv_path_mkdir=/bin/mkdir
ac_cv_prog_AWK=gawk
ac_cv_prog_CPP='gcc -E'
ac_cv_prog_CXXCPP='g++ -E'
ac_cv_prog_ac_ct_AR=ar
ac_cv_prog_ac_ct_CC=gcc
ac_cv_prog_ac_ct_CXX=g++
ac_cv_prog_ac_ct_MANIFEST_TOOL=mt
ac_cv_prog_ac_ct_OBJDUMP=objdump
ac_cv_prog_ac_ct_RANLIB=ranlib
ac_cv_prog_ac_ct_STRIP=strip
ac_cv_prog_cc_c89=
ac_cv_prog_cc_g=yes
ac_cv_prog_cxx_g=yes
ac_cv_prog_make_make_set=yes
ac_cv_type_nfds_t=yes
am_cv_CC_dependencies_compiler_type=gcc3
am_cv_CXX_dependencies_compiler_type=gcc3
am_cv_make_support_nested_variables=yes
am_cv_prog_cc_c_o=yes
lt_cv_ar_at_file=@
lt_cv_archive_cmds_need_lc=no
lt_cv_deplibs_check_method=pass_all
lt_cv_file_magic_cmd='$MAGIC_CMD'
lt_cv_file_magic_test_file=
lt_cv_ld_reload_flag=-r
lt_cv_nm_interface='BSD nm'
lt_cv_objdir=.libs
lt_cv_path_LD=/usr/bin/ld
lt_cv_path_LDCXX='/usr/bin/ld -m elf_x86_64'
lt_cv_path_NM='/usr/bin/nm -B'
lt_cv_path_mainfest_tool=no
lt_cv_prog_compiler_c_o=yes
lt_cv_prog_compiler_c_o_CXX=yes
lt_cv_prog_compiler_pic='-fPIC -DPIC'
lt_cv_prog_compiler_pic_CXX='-fPIC -DPIC'
lt_cv_prog_compiler_pic_works=yes
lt_cv_prog_compiler_pic_works_CXX=yes
lt_cv_prog_compiler_rtti_exceptions=no
lt_cv_prog_compiler_static_works=yes
lt_cv_prog_compiler_static_works_CXX=yes
lt_cv_prog_gnu_ld=yes
lt_cv_prog_gnu_ldcxx=yes
lt_cv_sharedlib_from_linklib_cmd='printf %s\n'
lt_cv_shlibpath_overrides_runpath=yes
lt_cv_sys_global_symbol_pipe='sed -n -e '\''s/^.*[	 ]\([ABCDGIRSTW][ABCDGIRSTW]*\)[	 ][	 ]*\([_A-Za-z][_A-Za-z0-9]*\)$/\1 \2 \2/p'\'' | sed '\''/ __gnu_lto/d'\'''
lt_cv_sys_global_symbol_to_c_name_address='sed -n -e '\''s/^: \(.*\) .*$/  {"\1", (void *) 0},/p'\'' -e '\''s/^[ABCDGIRSTW][ABCDGIRSTW]* .* \(.*\)$/  {"\1", (void *) \&\1},/p'\'''
lt_cv_sys_global_symbol_to_c_name_address_lib_prefix='sed -n -e '\''s/^: \(.*\) .*$/  {"\1", (void *) 0},/p'\'' -e '\''s/^[ABCDGIRSTW][ABCDGIRSTW]* .* \(lib.*\)$/  {"\1", (void *) \&\1},/p'\'' -e '\''s/^[ABCDGIRSTW][ABCDGIRSTW]* .* \(.*\)$/  {"lib\1", (void *) \&\1},/p'\'''
lt_cv_sys_global_symbol_to_cdecl='sed -n -e '\''s/^T .* \(.*\)$/extern int \1();/p'\'' -e '\''s/^[ABCDGIRSTW][ABCDGIRSTW]* .* \(.*\)$/extern char \1;/p'\'''
lt_cv_sys_global_symbol_to_import=
lt_cv_sys_max_cmd_len=1572864
lt_cv_to_host_file_cmd=func_convert_file_noop
lt_cv_to_tool_file_cmd=func_convert_file_noop
lt_cv_truncate_bin='/bin/dd bs=4096 count=1'
pkg_cv_CPPUNIT_CFLAGS=
pkg_cv_CPPUNIT_LIBS=-lcppunit

## ----------------- ##
## Output variables. ##
## ----------------- ##

ACLOCAL='${SHELL} /home/user/Documents/DPS/Zookeeper_git/zookeeper/zookeeper-client/zookeeper-client-c/missing aclocal-1.16'
AMDEPBACKSLASH='\'
AMDEP_FALSE='#'
AMDEP_TRUE=''
AMTAR='$${TAR-tar}'
AM_BACKSLASH='\'
AM_DEFAULT_V='$(AM_DEFAULT_VERBOSITY)'
AM_DEFAULT_VERBOSITY='1'
AM_V='$(V)'
AR='ar'
AUTOCONF='${SHELL} /home/user/Documents/DPS/Zookeeper_git/zookeeper/zookeeper-client/zookeeper-client-c/missing autoconf'
AUTOHEADER='${SHELL} /home/user/Documents/DPS/Zookeeper_git/zookeeper/zookeeper-client/zookeeper-client-c/missing autoheader'
AUTOMAKE='${SHELL} /home/user/Documents/DPS/Zookeeper_git/zookeeper/zookeeper-client/zookeeper-client-c/missing automake-1.16'
AWK='gawk'
CC='gcc'
CCDEPMODE='depmode=gcc3'
CFLAGS='-g -O2 -D_GNU_SOURCE'
CLOCK_GETTIME_LIBS='-lrt '
CPP='gcc -E'
CPPFLAGS=''
CPPUNIT_CFLAGS=' -DZKSERVER_CMD="\"./tests/zkServer.sh\""'
CPPUNIT_LIBS='-lcppunit'
CXX='g++'
CXXCPP='g++ -E'
CXXDEPMODE='depmode=gcc3'
CXXFLAGS='-g -O2 -std=c++11'
CYGPATH_W='echo'
DEFS='-DHAVE_CONFIG_H'
DEPDIR='.deps'
DLLTOOL='false'
DOXYGEN_PAPER_SIZE=''
DSYMUTIL=''
DUMPBIN=''
DX_COND_chi_FALSE=''
DX_COND_chi_TRUE='#'
DX_COND_chm_FALSE=''
DX_COND_chm_TRUE='#'
DX_COND_doc_FALSE='#'
DX_COND_doc_TRUE=''
DX_COND_dot_FALSE='#'
DX_COND_dot_TRUE=''
DX_COND_html_FALSE='#'
DX_COND_html_TRUE=''
DX_COND_latex_FALSE=''
DX_COND_latex_TRUE='#'
DX_COND_man_FALSE=''
DX_COND_man_TRUE='#'
DX_COND_pdf_FALSE=''
DX_COND_pdf_TRUE='#'
DX_COND_ps_FALSE=''
DX_COND_ps_TRUE='#'
DX_COND_rtf_FALSE=''
DX_COND_rtf_TRUE='#'
DX_COND_xml_FALSE=''
DX_COND_xml_TRUE='#'
DX_CONFIG='c-doc.Doxyfile'
DX_DOCDIR='docs'
DX_DOT=''
DX_DOXYGEN=''
DX_DVIPS=''
DX_EGREP=''
DX_ENV=' SRCDIR='\''.'\'' PROJECT='\''zookeeper'\'' DOCDIR='\''docs'\'' VERSION='\''3.7.0'\'' PERL_PATH='\''/usr/bin/perl'\'' HAVE_DOT='\''YES'\'' DOT_PATH='\''.'\'' GENERATE_MAN='\''NO'\'' GENERATE_RTF='\''NO'\'' GENERATE_XML='\''NO'\'' GENERATE_HTMLHELP='\''NO'\'' GENERATE_CHI='\''NO'\'' GENERATE_HTML='\''YES'\'' GENERATE_LATEX='\''NO'\'''
DX_FLAG_chi='0'
DX_FLAG_chm='0'
DX_FLAG_doc='1'
DX_FLAG_dot='1'
DX_FLAG_html='1'
DX_FLAG_man='0'
DX_FLAG_pdf='0'
DX_FLAG_ps='0'
DX_FLAG_rtf='0'
DX_FLAG_xml='0'
DX_HHC=''
DX_LATEX=''
DX_MAKEINDEX=''
DX_PDFLATEX=''
DX_PERL='/usr/bin/perl'
DX_PROJECT='zookeeper'
ECHO_C=''
ECHO_N='-n'
ECHO_T=''
EGREP='/bin/grep -E'
ENABLEGCOV_FALSE=''
ENABLEGCOV_TRUE='#'
EXEEXT=''
FGREP='/bin/grep -F'
GREP='/bin/grep'
INSTALL_DATA='${INSTALL} -m 644'
INSTALL_PROGRAM='${INSTALL}'
INSTALL_SCRIPT='${INSTALL}'
INSTALL_STRIP_PROGRAM='$(install_sh) -c -s'
LD='/usr/bin/ld -m elf_x86_64'
LDFLAGS=''
LIBOBJS=''
LIBS=''
LIBTOOL='$(SHELL) $(top_builddir)/libtool'
LIPO=''
LN_S='ln -s'
LTLIBOBJS=''
LT_SYS_LIBRARY_PATH=''
MAKEINFO='${SHELL} /home/user/Documents/DPS/Zookeeper_git/zookeeper/zookeeper-client/zookeeper-client-c/missing makeinfo'
MANIFEST_TOOL=':'
MKDIR_P='/bin/mkdir -p'
NM='/usr/bin/nm -B'
NMEDIT=''
OBJDUMP='objdump'
OBJEXT='o'
OTOOL64=''
OTOOL=''
PACKAGE='zookeeper'
PACKAGE_BUGREPORT='user@zookeeper.apache.org'
PACKAGE_NAME='zookeeper C client'
PACKAGE_STRING='zookeeper C client 3.7.0'
PACKAGE_TARNAME='zookeeper'
PACKAGE_URL=''
PACKAGE_VERSION='3.7.0'
PATH_SEPARATOR=':'
PKG_CONFIG='/usr/bin/pkg-config'
PKG_CONFIG_LIBDIR=''
PKG_CONFIG_PATH=''
RANLIB='ranlib'
SED='/bin/sed'
SET_MAKE=''
SHELL='/bin/bash'
SOCK_CLOEXEC_ENABLED_FALSE=''
SOCK_CLOEXEC_ENABLED_TRUE='#'
SOLARIS_FALSE=''
SOLARIS_TRUE='#'
STRIP='strip'
USEIPV6='-DZOO_IPV6_ENABLED'
VERSION='3.7.0'
WANT_OPENSSL_FALSE=''
WANT_OPENSSL_TRUE='#'
WANT_SASL_FALSE=''
WANT_SASL_TRUE='#'
WANT_SYNCAPI_FALSE='#'
WANT_SYNCAPI_TRUE=''
ac_ct_AR='ar'
ac_ct_CC='gcc'
ac_ct_CXX='g++'
ac_ct_DUMPBIN=''
am__EXEEXT_FALSE=''
am__EXEEXT_TRUE='#'
am__fastdepCC_FALSE='#'
am__fastdepCC_TRUE=''
am__fastdepCXX_FALSE='#'
am__fastdepCXX_TRUE=''
am__include='include'
am__isrc=''
am__leading_dot='.'
am__nodep='_no'
am__quote=''
am__tar='$${TAR-tar} chof - "$$tardir"'
am__untar='$${TAR-tar} xf -'
bindir='${exec_prefix}/bin'
build='x86_64-pc-linux-gnu'
build_alias=''
build_cpu='x86_64'
build_os='linux-gnu'
build_vendor='pc'
datadir='${datarootdir}'
datarootdir='${prefix}/share'
docdir='${datarootdir}/doc/${PACKAGE_TARNAME}'
dvidir='${docdir}'
exec_prefix='${prefix}'
host='x86_64-pc-linux-gnu'
host_alias=''
host_cpu='x86_64'
host_os='linux-gnu'
host_vendor='pc'
htmldir='${docdir}'
includedir='${prefix}/include'
infodir='${datarootdir}/info'
install_sh='${SHELL} /home/user/Documents/DPS/Zookeeper_git/zookeeper/zookeeper-client/zookeeper-client-c/install-sh'
libdir='${exec_prefix}/lib'
libexecdir='${exec_prefix}/libexec'
localedir='${datarootdir}/locale'
localstatedir='${prefix}/var'
mandir='${datarootdir}/man'
mkdir_p='$(MKDIR_P)'
oldincludedir='/usr/include'
pdfdir='${docdir}'
prefix='/usr/local'
program_transform_name='s,x,x,'
psdir='${docdir}'
runstatedir='${localstatedir}/run'
sbindir='${exec_prefix}/sbin'
sharedstatedir='${prefix}/com'
sysconfdir='${prefix}/etc'
target_alias=''

## ----------- ##
## confdefs.h. ##
## ----------- ##

/* confdefs.h */
#define PACKAGE_NAME "zookeeper C client"
#define PACKAGE_TARNAME "zookeeper"
#define PACKAGE_VERSION "3.7.0"
#define PACKAGE_STRING "zookeeper C client 3.7.0"
#define PACKAGE_BUGREPORT "user@zookeeper.apache.org"
#define PACKAGE_URL ""
#define PACKAGE "zookeeper"
#define VERSION "3.7.0"
#define STDC_HEADERS 1
#define HAVE_SYS_TYPES_H 1
#define HAVE_SYS_STAT_H 1
#define HAVE_STDLIB_H 1
#define HAVE_STRING_H 1
#define HAVE_MEMORY_H 1
#define HAVE_STRINGS_H 1
#define HAVE_INTTYPES_H 1
#define HAVE_STDINT_H 1
#define HAVE_UNISTD_H 1
#define HAVE___GENERATED_ZOOKEEPER_JUTE_C 1
#define HAVE___GENERATED_ZOOKEEPER_JUTE_H 1
#define HAVE_DLFCN_H 1
#define LT_OBJDIR ".libs/"
#define STDC_HEADERS 1
#define HAVE_ARPA_INET_H 1
#define HAVE_FCNTL_H 1
#define HAVE_NETDB_H 1
#define HAVE_NETINET_IN_H 1
#define HAVE_STDLIB_H 1
#define HAVE_STRING_H 1
#define HAVE_SYS_SOCKET_H 1
#define HAVE_SYS_TIME_H 1
#define HAVE_UNISTD_H 1
#define HAVE_SYS_UTSNAME_H 1
#define TIME_WITH_SYS_TIME 1
#define POLL_NFDS_TYPE nfds_t
#define HAVE_LIBRT 1
#define HAVE_GETCWD 1
#define HAVE_GETHOSTBYNAME 1
#define HAVE_GETHOSTNAME 1
#define HAVE_GETLOGIN 1
#define HAVE_GETPWUID_R 1
#define HAVE_GETTIMEOFDAY 1
#define HAVE_GETUID 1
#define HAVE_MEMMOVE 1
#define HAVE_MEMSET 1
#define HAVE_POLL 1
#define HAVE_SOCKET 1
#define HAVE_STRCHR 1
#define HAVE_STRDUP 1
#define HAVE_STRERROR 1
#define HAVE_STRTOL 1

configure: exit 0
