2020-11-04 23:50:16,680 [myid:] - INFO  [main:QuorumPeerConfig@174] - Reading configuration from: /home/ddps2008/DPS_A1/bin/../conf/zoo.cfg
2020-11-04 23:50:16,688 [myid:] - INFO  [main:QuorumPeerConfig@460] - clientPortAddress is 0.0.0.0:2181
2020-11-04 23:50:16,689 [myid:] - INFO  [main:QuorumPeerConfig@464] - secureClientPort is not set
2020-11-04 23:50:16,689 [myid:] - INFO  [main:QuorumPeerConfig@480] - observerMasterPort is not set
2020-11-04 23:50:16,689 [myid:] - INFO  [main:QuorumPeerConfig@497] - metricsProvider.className is org.apache.zookeeper.metrics.impl.DefaultMetricsProvider
2020-11-04 23:50:16,697 [myid:1] - INFO  [main:DatadirCleanupManager@78] - autopurge.snapRetainCount set to 3
2020-11-04 23:50:16,697 [myid:1] - INFO  [main:DatadirCleanupManager@79] - autopurge.purgeInterval set to 0
2020-11-04 23:50:16,697 [myid:1] - INFO  [main:DatadirCleanupManager@101] - Purge task is not scheduled.
2020-11-04 23:50:16,700 [myid:1] - INFO  [main:ManagedUtil@44] - Log4j 1.2 jmx support found and enabled.
2020-11-04 23:50:16,707 [myid:1] - INFO  [main:QuorumPeerMain@151] - Starting quorum peer, myid=1
2020-11-04 23:50:16,719 [myid:1] - INFO  [main:ServerMetrics@62] - ServerMetrics initialized with provider org.apache.zookeeper.metrics.impl.DefaultMetricsProvider@511baa65
2020-11-04 23:50:16,727 [myid:1] - INFO  [main:ServerCnxnFactory@169] - Using org.apache.zookeeper.server.NIOServerCnxnFactory as server connection factory
2020-11-04 23:50:16,728 [myid:1] - WARN  [main:ServerCnxnFactory@309] - maxCnxns is not configured, using default value 0.
2020-11-04 23:50:16,731 [myid:1] - INFO  [main:NIOServerCnxnFactory@666] - Configuring NIO connection handler with 10s sessionless connection timeout, 4 selector thread(s), 64 worker threads, and 64 kB direct buffers.
2020-11-04 23:50:16,735 [myid:1] - INFO  [main:NIOServerCnxnFactory@674] - binding to port 0.0.0.0/0.0.0.0:2181
2020-11-04 23:50:16,746 [myid:1] - INFO  [main:QuorumPeer@752] - zookeeper.quorumCnxnTimeoutMs=-1
2020-11-04 23:50:16,775 [myid:1] - INFO  [main:Log@169] - Logging initialized @466ms to org.eclipse.jetty.util.log.Slf4jLog
2020-11-04 23:50:16,849 [myid:1] - WARN  [main:ContextHandler@1520] - o.e.j.s.ServletContextHandler@1b68ddbd{/,null,UNAVAILABLE} contextPath ends with /*
2020-11-04 23:50:16,849 [myid:1] - WARN  [main:ContextHandler@1531] - Empty contextPath
2020-11-04 23:50:16,865 [myid:1] - INFO  [main:X509Util@77] - Setting -D jdk.tls.rejectClientInitiatedRenegotiation=true to disable client-initiated TLS renegotiation
2020-11-04 23:50:16,868 [myid:1] - INFO  [main:FileTxnSnapLog@124] - zookeeper.snapshot.trust.empty : false
2020-11-04 23:50:16,870 [myid:1] - INFO  [main:QuorumPeer@1683] - Local sessions disabled
2020-11-04 23:50:16,870 [myid:1] - INFO  [main:QuorumPeer@1694] - Local session upgrading disabled
2020-11-04 23:50:16,870 [myid:1] - INFO  [main:QuorumPeer@1661] - tickTime set to 2000
2020-11-04 23:50:16,871 [myid:1] - INFO  [main:QuorumPeer@1705] - minSessionTimeout set to 4000
2020-11-04 23:50:16,871 [myid:1] - INFO  [main:QuorumPeer@1716] - maxSessionTimeout set to 40000
2020-11-04 23:50:16,871 [myid:1] - INFO  [main:QuorumPeer@1741] - initLimit set to 10
2020-11-04 23:50:16,871 [myid:1] - INFO  [main:QuorumPeer@1928] - syncLimit set to 5
2020-11-04 23:50:16,871 [myid:1] - INFO  [main:QuorumPeer@1943] - connectToLearnerMasterLimit set to 0
2020-11-04 23:50:16,882 [myid:1] - INFO  [main:ZookeeperBanner@42] - 
2020-11-04 23:50:16,882 [myid:1] - INFO  [main:ZookeeperBanner@42] -   ______                  _                                          
2020-11-04 23:50:16,882 [myid:1] - INFO  [main:ZookeeperBanner@42] -  |___  /                 | |                                         
2020-11-04 23:50:16,882 [myid:1] - INFO  [main:ZookeeperBanner@42] -     / /    ___     ___   | | __   ___    ___   _ __     ___   _ __   
2020-11-04 23:50:16,882 [myid:1] - INFO  [main:ZookeeperBanner@42] -    / /    / _ \   / _ \  | |/ /  / _ \  / _ \ | '_ \   / _ \ | '__|
2020-11-04 23:50:16,882 [myid:1] - INFO  [main:ZookeeperBanner@42] -   / /__  | (_) | | (_) | |   <  |  __/ |  __/ | |_) | |  __/ | |    
2020-11-04 23:50:16,882 [myid:1] - INFO  [main:ZookeeperBanner@42] -  /_____|  \___/   \___/  |_|\_\  \___|  \___| | .__/   \___| |_|
2020-11-04 23:50:16,882 [myid:1] - INFO  [main:ZookeeperBanner@42] -                                               | |                     
2020-11-04 23:50:16,882 [myid:1] - INFO  [main:ZookeeperBanner@42] -                                               |_|                     
2020-11-04 23:50:16,882 [myid:1] - INFO  [main:ZookeeperBanner@42] - 
2020-11-04 23:50:16,884 [myid:1] - INFO  [main:Environment@98] - Server environment:zookeeper.version=3.6.2--803c7f1a12f85978cb049af5e4ef23bd8b688715, built on 09/04/2020 12:44 GMT
2020-11-04 23:50:16,884 [myid:1] - INFO  [main:Environment@98] - Server environment:host.name=node103.cm.cluster
2020-11-04 23:50:16,884 [myid:1] - INFO  [main:Environment@98] - Server environment:java.version=1.8.0_261
2020-11-04 23:50:16,884 [myid:1] - INFO  [main:Environment@98] - Server environment:java.vendor=Oracle Corporation
2020-11-04 23:50:16,885 [myid:1] - INFO  [main:Environment@98] - Server environment:java.home=/home/ddps2008/DPS_A1/java/jre1.8.0_261
2020-11-04 23:50:16,885 [myid:1] - INFO  [main:Environment@98] - Server environment:java.class.path=/home/ddps2008/DPS_A1/bin/../zookeeper-server/target/classes:/home/ddps2008/DPS_A1/bin/../build/classes:/home/ddps2008/DPS_A1/bin/../zookeeper-server/target/lib/*.jar:/home/ddps2008/DPS_A1/bin/../build/lib/*.jar:/home/ddps2008/DPS_A1/bin/../lib/zookeeper-prometheus-metrics-3.6.2.jar:/home/ddps2008/DPS_A1/bin/../lib/zookeeper-jute-3.6.2.jar:/home/ddps2008/DPS_A1/bin/../lib/zookeeper-3.6.2.jar:/home/ddps2008/DPS_A1/bin/../lib/snappy-java-1.1.7.jar:/home/ddps2008/DPS_A1/bin/../lib/slf4j-log4j12-1.7.25.jar:/home/ddps2008/DPS_A1/bin/../lib/slf4j-api-1.7.25.jar:/home/ddps2008/DPS_A1/bin/../lib/simpleclient_servlet-0.6.0.jar:/home/ddps2008/DPS_A1/bin/../lib/simpleclient_hotspot-0.6.0.jar:/home/ddps2008/DPS_A1/bin/../lib/simpleclient_common-0.6.0.jar:/home/ddps2008/DPS_A1/bin/../lib/simpleclient-0.6.0.jar:/home/ddps2008/DPS_A1/bin/../lib/netty-transport-native-unix-common-4.1.50.Final.jar:/home/ddps2008/DPS_A1/bin/../lib/netty-transport-native-epoll-4.1.50.Final.jar:/home/ddps2008/DPS_A1/bin/../lib/netty-transport-4.1.50.Final.jar:/home/ddps2008/DPS_A1/bin/../lib/netty-resolver-4.1.50.Final.jar:/home/ddps2008/DPS_A1/bin/../lib/netty-handler-4.1.50.Final.jar:/home/ddps2008/DPS_A1/bin/../lib/netty-common-4.1.50.Final.jar:/home/ddps2008/DPS_A1/bin/../lib/netty-codec-4.1.50.Final.jar:/home/ddps2008/DPS_A1/bin/../lib/netty-buffer-4.1.50.Final.jar:/home/ddps2008/DPS_A1/bin/../lib/metrics-core-3.2.5.jar:/home/ddps2008/DPS_A1/bin/../lib/log4j-1.2.17.jar:/home/ddps2008/DPS_A1/bin/../lib/json-simple-1.1.1.jar:/home/ddps2008/DPS_A1/bin/../lib/jline-2.14.6.jar:/home/ddps2008/DPS_A1/bin/../lib/jetty-util-9.4.24.v20191120.jar:/home/ddps2008/DPS_A1/bin/../lib/jetty-servlet-9.4.24.v20191120.jar:/home/ddps2008/DPS_A1/bin/../lib/jetty-server-9.4.24.v20191120.jar:/home/ddps2008/DPS_A1/bin/../lib/jetty-security-9.4.24.v20191120.jar:/home/ddps2008/DPS_A1/bin/../lib/jetty-io-9.4.24.v20191120.jar:/home/ddps2008/DPS_A1/bin/../lib/jetty-http-9.4.24.v20191120.jar:/home/ddps2008/DPS_A1/bin/../lib/javax.servlet-api-3.1.0.jar:/home/ddps2008/DPS_A1/bin/../lib/jackson-databind-2.10.3.jar:/home/ddps2008/DPS_A1/bin/../lib/jackson-core-2.10.3.jar:/home/ddps2008/DPS_A1/bin/../lib/jackson-annotations-2.10.3.jar:/home/ddps2008/DPS_A1/bin/../lib/commons-lang-2.6.jar:/home/ddps2008/DPS_A1/bin/../lib/commons-cli-1.2.jar:/home/ddps2008/DPS_A1/bin/../lib/audience-annotations-0.5.0.jar:/home/ddps2008/DPS_A1/bin/../zookeeper-*.jar:/home/ddps2008/DPS_A1/bin/../zookeeper-server/src/main/resources/lib/*.jar:/home/ddps2008/DPS_A1/bin/../conf:
2020-11-04 23:50:16,885 [myid:1] - INFO  [main:Environment@98] - Server environment:java.library.path=/cm/shared/apps/slurm/17.02.2/lib64/slurm:/cm/shared/apps/slurm/17.02.2/lib64:/cm/local/apps/gcc/6.3.0/lib:/cm/local/apps/gcc/6.3.0/lib64:/usr/java/packages/lib/amd64:/usr/lib64:/lib64:/lib:/usr/lib
2020-11-04 23:50:16,885 [myid:1] - INFO  [main:Environment@98] - Server environment:java.io.tmpdir=/tmp
2020-11-04 23:50:16,885 [myid:1] - INFO  [main:Environment@98] - Server environment:java.compiler=<NA>
2020-11-04 23:50:16,885 [myid:1] - INFO  [main:Environment@98] - Server environment:os.name=Linux
2020-11-04 23:50:16,885 [myid:1] - INFO  [main:Environment@98] - Server environment:os.arch=amd64
2020-11-04 23:50:16,885 [myid:1] - INFO  [main:Environment@98] - Server environment:os.version=3.10.0-693.17.1.el7.x86_64
2020-11-04 23:50:16,885 [myid:1] - INFO  [main:Environment@98] - Server environment:user.name=ddps2008
2020-11-04 23:50:16,885 [myid:1] - INFO  [main:Environment@98] - Server environment:user.home=/home/ddps2008
2020-11-04 23:50:16,885 [myid:1] - INFO  [main:Environment@98] - Server environment:user.dir=/home/ddps2008
2020-11-04 23:50:16,885 [myid:1] - INFO  [main:Environment@98] - Server environment:os.memory.free=903MB
2020-11-04 23:50:16,886 [myid:1] - INFO  [main:Environment@98] - Server environment:os.memory.max=958MB
2020-11-04 23:50:16,886 [myid:1] - INFO  [main:Environment@98] - Server environment:os.memory.total=958MB
2020-11-04 23:50:16,886 [myid:1] - INFO  [main:ZooKeeperServer@129] - zookeeper.enableEagerACLCheck = false
2020-11-04 23:50:16,886 [myid:1] - INFO  [main:ZooKeeperServer@137] - zookeeper.digest.enabled = true
2020-11-04 23:50:16,886 [myid:1] - INFO  [main:ZooKeeperServer@141] - zookeeper.closeSessionTxn.enabled = true
2020-11-04 23:50:16,886 [myid:1] - INFO  [main:ZooKeeperServer@1444] - zookeeper.flushDelay=0
2020-11-04 23:50:16,886 [myid:1] - INFO  [main:ZooKeeperServer@1453] - zookeeper.maxWriteQueuePollTime=0
2020-11-04 23:50:16,886 [myid:1] - INFO  [main:ZooKeeperServer@1462] - zookeeper.maxBatchSize=1000
2020-11-04 23:50:16,886 [myid:1] - INFO  [main:ZooKeeperServer@243] - zookeeper.intBufferStartingSizeBytes = 1024
2020-11-04 23:50:16,890 [myid:1] - INFO  [main:WatchManagerFactory@42] - Using org.apache.zookeeper.server.watch.WatchManager as watch manager
2020-11-04 23:50:16,891 [myid:1] - INFO  [main:WatchManagerFactory@42] - Using org.apache.zookeeper.server.watch.WatchManager as watch manager
2020-11-04 23:50:16,891 [myid:1] - INFO  [main:ZKDatabase@132] - zookeeper.snapshotSizeFactor = 0.33
2020-11-04 23:50:16,891 [myid:1] - INFO  [main:ZKDatabase@152] - zookeeper.commitLogCount=500
2020-11-04 23:50:16,904 [myid:1] - INFO  [main:QuorumPeer@2009] - Using insecure (non-TLS) quorum communication
2020-11-04 23:50:16,904 [myid:1] - INFO  [main:QuorumPeer@2015] - Port unification disabled
2020-11-04 23:50:16,904 [myid:1] - INFO  [main:QuorumPeer@174] - multiAddress.enabled set to false
2020-11-04 23:50:16,904 [myid:1] - INFO  [main:QuorumPeer@199] - multiAddress.reachabilityCheckEnabled set to true
2020-11-04 23:50:16,904 [myid:1] - INFO  [main:QuorumPeer@186] - multiAddress.reachabilityCheckTimeoutMs set to 1000
2020-11-04 23:50:16,908 [myid:1] - INFO  [main:QuorumPeer@2469] - QuorumPeer communication is not secured! (SASL auth disabled)
2020-11-04 23:50:16,908 [myid:1] - INFO  [main:QuorumPeer@2494] - quorum.cnxn.threads.size set to 20
2020-11-04 23:50:16,915 [myid:1] - INFO  [main:SnapStream@61] - zookeeper.snapshot.compression.method = CHECKED
2020-11-04 23:50:16,917 [myid:1] - INFO  [main:FileSnap@85] - Reading snapshot /local/ddps2008/zooData/version-2/snapshot.140002e868
2020-11-04 23:50:16,926 [myid:1] - INFO  [main:DataTree@1730] - The digest in the snapshot has digest version of 2, , with zxid as 0x140002e868, and digest value as 297858152300
2020-11-04 23:50:17,345 [myid:1] - INFO  [main:FileTxnSnapLog@363] - 9522 txns loaded in 178 ms
2020-11-04 23:50:17,345 [myid:1] - INFO  [main:ZKDatabase@289] - Snapshot loaded in 437 ms, highest zxid is 0x1400030d9a, digest is 265793012536
2020-11-04 23:50:17,360 [myid:1] - INFO  [main:Server@359] - jetty-9.4.24.v20191120; built: 2019-11-20T21:37:49.771Z; git: 363d5f2df3a8a28de40604320230664b9c793c16; jvm 1.8.0_261-b12
2020-11-04 23:50:17,385 [myid:1] - INFO  [main:DefaultSessionIdManager@333] - DefaultSessionIdManager workerName=node0
2020-11-04 23:50:17,385 [myid:1] - INFO  [main:DefaultSessionIdManager@338] - No SessionScavenger set, using defaults
2020-11-04 23:50:17,386 [myid:1] - INFO  [main:HouseKeeper@140] - node0 Scavenging every 600000ms
2020-11-04 23:50:17,388 [myid:1] - WARN  [main:ConstraintSecurityHandler@757] - ServletContext@o.e.j.s.ServletContextHandler@1b68ddbd{/,null,STARTING} has uncovered http methods for path: /*
2020-11-04 23:50:17,394 [myid:1] - INFO  [main:ContextHandler@825] - Started o.e.j.s.ServletContextHandler@1b68ddbd{/,null,AVAILABLE}
2020-11-04 23:50:17,395 [myid:1] - WARN  [main:QuorumPeer@1083] - Problem starting AdminServer
org.apache.zookeeper.server.admin.AdminServer$AdminServerException: Problem starting AdminServer on address 0.0.0.0, port 8080 and command URL /commands
	at org.apache.zookeeper.server.admin.JettyAdminServer.start(JettyAdminServer.java:180)
	at org.apache.zookeeper.server.quorum.QuorumPeer.start(QuorumPeer.java:1081)
	at org.apache.zookeeper.server.quorum.QuorumPeerMain.runFromConfig(QuorumPeerMain.java:227)
	at org.apache.zookeeper.server.quorum.QuorumPeerMain.initializeAndRun(QuorumPeerMain.java:136)
	at org.apache.zookeeper.server.quorum.QuorumPeerMain.main(QuorumPeerMain.java:90)
Caused by: java.io.IOException: Failed to bind to /0.0.0.0:8080
	at org.eclipse.jetty.server.ServerConnector.openAcceptChannel(ServerConnector.java:346)
	at org.eclipse.jetty.server.ServerConnector.open(ServerConnector.java:307)
	at org.eclipse.jetty.server.AbstractNetworkConnector.doStart(AbstractNetworkConnector.java:80)
	at org.eclipse.jetty.server.ServerConnector.doStart(ServerConnector.java:231)
	at org.eclipse.jetty.util.component.AbstractLifeCycle.start(AbstractLifeCycle.java:72)
	at org.eclipse.jetty.server.Server.doStart(Server.java:385)
	at org.eclipse.jetty.util.component.AbstractLifeCycle.start(AbstractLifeCycle.java:72)
	at org.apache.zookeeper.server.admin.JettyAdminServer.start(JettyAdminServer.java:171)
	... 4 more
Caused by: java.net.BindException: Address already in use
	at sun.nio.ch.Net.bind0(Native Method)
	at sun.nio.ch.Net.bind(Net.java:444)
	at sun.nio.ch.Net.bind(Net.java:436)
	at sun.nio.ch.ServerSocketChannelImpl.bind(ServerSocketChannelImpl.java:225)
	at sun.nio.ch.ServerSocketAdaptor.bind(ServerSocketAdaptor.java:74)
	at org.eclipse.jetty.server.ServerConnector.openAcceptChannel(ServerConnector.java:342)
	... 11 more
org.apache.zookeeper.server.admin.AdminServer$AdminServerException: Problem starting AdminServer on address 0.0.0.0, port 8080 and command URL /commands
2020-11-04 23:50:17,397 [myid:1] - INFO  [main:QuorumPeer@2511] - Using 10000ms as the quorum cnxn socket timeout
2020-11-04 23:50:17,402 [myid:1] - INFO  [main:QuorumCnxManager$Listener@923] - Election port bind maximum retries is 3
2020-11-04 23:50:17,403 [myid:1] - INFO  [main:FastLeaderElection@88] - zookeeper.fastleader.minNotificationInterval=200
2020-11-04 23:50:17,403 [myid:1] - INFO  [main:FastLeaderElection@90] - zookeeper.fastleader.maxNotificationInterval=60000
2020-11-04 23:50:17,406 [myid:1] - INFO  [main:ZKAuditProvider@42] - ZooKeeper audit is disabled.
2020-11-04 23:50:17,410 [myid:1] - INFO  [QuorumPeer[myid=1](plain=[0:0:0:0:0:0:0:0]:2181)(secure=disabled):QuorumPeer@1374] - LOOKING
2020-11-04 23:50:17,411 [myid:1] - INFO  [QuorumPeer[myid=1](plain=[0:0:0:0:0:0:0:0]:2181)(secure=disabled):FastLeaderElection@944] - New election. My id = 1, proposed zxid=0x1400030d9a
2020-11-04 23:50:17,411 [myid:1] - INFO  [ListenerHandler-node103/10.141.0.3:3888:QuorumCnxManager$Listener$ListenerHandler@1065] - 1 is accepting connections now, my election bind port: node103/10.141.0.3:3888
2020-11-04 23:50:17,418 [myid:1] - INFO  [WorkerReceiver[myid=1]:FastLeaderElection$Messenger$WorkerReceiver@389] - Notification: my state:LOOKING; n.sid:1, n.state:LOOKING, n.leader:1, n.round:0x1, n.peerEpoch:0x14, n.zxid:0x1400030d9a, message format version:0x2, n.config version:0x0
2020-11-04 23:50:17,422 [myid:1] - WARN  [QuorumConnectionThread-[myid=1]-2:QuorumCnxManager@400] - Cannot open channel to 3 at election address node105/10.141.0.5:3888
java.net.ConnectException: Connection refused (Connection refused)
	at java.net.PlainSocketImpl.socketConnect(Native Method)
	at java.net.AbstractPlainSocketImpl.doConnect(AbstractPlainSocketImpl.java:476)
	at java.net.AbstractPlainSocketImpl.connectToAddress(AbstractPlainSocketImpl.java:218)
	at java.net.AbstractPlainSocketImpl.connect(AbstractPlainSocketImpl.java:200)
	at java.net.SocksSocketImpl.connect(SocksSocketImpl.java:394)
	at java.net.Socket.connect(Socket.java:606)
	at org.apache.zookeeper.server.quorum.QuorumCnxManager.initiateConnection(QuorumCnxManager.java:383)
	at org.apache.zookeeper.server.quorum.QuorumCnxManager$QuorumConnectionReqThread.run(QuorumCnxManager.java:457)
	at java.util.concurrent.ThreadPoolExecutor.runWorker(ThreadPoolExecutor.java:1149)
	at java.util.concurrent.ThreadPoolExecutor$Worker.run(ThreadPoolExecutor.java:624)
	at java.lang.Thread.run(Thread.java:748)
2020-11-04 23:50:17,422 [myid:1] - WARN  [QuorumConnectionThread-[myid=1]-1:QuorumCnxManager@400] - Cannot open channel to 2 at election address node104/10.141.0.4:3888
java.net.ConnectException: Connection refused (Connection refused)
	at java.net.PlainSocketImpl.socketConnect(Native Method)
	at java.net.AbstractPlainSocketImpl.doConnect(AbstractPlainSocketImpl.java:476)
	at java.net.AbstractPlainSocketImpl.connectToAddress(AbstractPlainSocketImpl.java:218)
	at java.net.AbstractPlainSocketImpl.connect(AbstractPlainSocketImpl.java:200)
	at java.net.SocksSocketImpl.connect(SocksSocketImpl.java:394)
	at java.net.Socket.connect(Socket.java:606)
	at org.apache.zookeeper.server.quorum.QuorumCnxManager.initiateConnection(QuorumCnxManager.java:383)
	at org.apache.zookeeper.server.quorum.QuorumCnxManager$QuorumConnectionReqThread.run(QuorumCnxManager.java:457)
	at java.util.concurrent.ThreadPoolExecutor.runWorker(ThreadPoolExecutor.java:1149)
	at java.util.concurrent.ThreadPoolExecutor$Worker.run(ThreadPoolExecutor.java:624)
	at java.lang.Thread.run(Thread.java:748)
2020-11-04 23:50:17,620 [myid:1] - INFO  [QuorumPeer[myid=1](plain=[0:0:0:0:0:0:0:0]:2181)(secure=disabled):FastLeaderElection@979] - Notification time out: 400
2020-11-04 23:50:17,620 [myid:1] - WARN  [QuorumConnectionThread-[myid=1]-3:QuorumCnxManager@400] - Cannot open channel to 2 at election address node104/10.141.0.4:3888
java.net.ConnectException: Connection refused (Connection refused)
	at java.net.PlainSocketImpl.socketConnect(Native Method)
	at java.net.AbstractPlainSocketImpl.doConnect(AbstractPlainSocketImpl.java:476)
	at java.net.AbstractPlainSocketImpl.connectToAddress(AbstractPlainSocketImpl.java:218)
	at java.net.AbstractPlainSocketImpl.connect(AbstractPlainSocketImpl.java:200)
	at java.net.SocksSocketImpl.connect(SocksSocketImpl.java:394)
	at java.net.Socket.connect(Socket.java:606)
	at org.apache.zookeeper.server.quorum.QuorumCnxManager.initiateConnection(QuorumCnxManager.java:383)
	at org.apache.zookeeper.server.quorum.QuorumCnxManager$QuorumConnectionReqThread.run(QuorumCnxManager.java:457)
	at java.util.concurrent.ThreadPoolExecutor.runWorker(ThreadPoolExecutor.java:1149)
	at java.util.concurrent.ThreadPoolExecutor$Worker.run(ThreadPoolExecutor.java:624)
	at java.lang.Thread.run(Thread.java:748)
2020-11-04 23:50:17,621 [myid:1] - WARN  [QuorumConnectionThread-[myid=1]-1:QuorumCnxManager@400] - Cannot open channel to 3 at election address node105/10.141.0.5:3888
java.net.ConnectException: Connection refused (Connection refused)
	at java.net.PlainSocketImpl.socketConnect(Native Method)
	at java.net.AbstractPlainSocketImpl.doConnect(AbstractPlainSocketImpl.java:476)
	at java.net.AbstractPlainSocketImpl.connectToAddress(AbstractPlainSocketImpl.java:218)
	at java.net.AbstractPlainSocketImpl.connect(AbstractPlainSocketImpl.java:200)
	at java.net.SocksSocketImpl.connect(SocksSocketImpl.java:394)
	at java.net.Socket.connect(Socket.java:606)
	at org.apache.zookeeper.server.quorum.QuorumCnxManager.initiateConnection(QuorumCnxManager.java:383)
	at org.apache.zookeeper.server.quorum.QuorumCnxManager$QuorumConnectionReqThread.run(QuorumCnxManager.java:457)
	at java.util.concurrent.ThreadPoolExecutor.runWorker(ThreadPoolExecutor.java:1149)
	at java.util.concurrent.ThreadPoolExecutor$Worker.run(ThreadPoolExecutor.java:624)
	at java.lang.Thread.run(Thread.java:748)
2020-11-04 23:50:18,021 [myid:1] - INFO  [QuorumPeer[myid=1](plain=[0:0:0:0:0:0:0:0]:2181)(secure=disabled):FastLeaderElection@979] - Notification time out: 800
2020-11-04 23:50:18,022 [myid:1] - WARN  [QuorumConnectionThread-[myid=1]-1:QuorumCnxManager@400] - Cannot open channel to 2 at election address node104/10.141.0.4:3888
java.net.ConnectException: Connection refused (Connection refused)
	at java.net.PlainSocketImpl.socketConnect(Native Method)
	at java.net.AbstractPlainSocketImpl.doConnect(AbstractPlainSocketImpl.java:476)
	at java.net.AbstractPlainSocketImpl.connectToAddress(AbstractPlainSocketImpl.java:218)
	at java.net.AbstractPlainSocketImpl.connect(AbstractPlainSocketImpl.java:200)
	at java.net.SocksSocketImpl.connect(SocksSocketImpl.java:394)
	at java.net.Socket.connect(Socket.java:606)
	at org.apache.zookeeper.server.quorum.QuorumCnxManager.initiateConnection(QuorumCnxManager.java:383)
	at org.apache.zookeeper.server.quorum.QuorumCnxManager$QuorumConnectionReqThread.run(QuorumCnxManager.java:457)
	at java.util.concurrent.ThreadPoolExecutor.runWorker(ThreadPoolExecutor.java:1149)
	at java.util.concurrent.ThreadPoolExecutor$Worker.run(ThreadPoolExecutor.java:624)
	at java.lang.Thread.run(Thread.java:748)
2020-11-04 23:50:18,022 [myid:1] - WARN  [QuorumConnectionThread-[myid=1]-3:QuorumCnxManager@400] - Cannot open channel to 3 at election address node105/10.141.0.5:3888
java.net.ConnectException: Connection refused (Connection refused)
	at java.net.PlainSocketImpl.socketConnect(Native Method)
	at java.net.AbstractPlainSocketImpl.doConnect(AbstractPlainSocketImpl.java:476)
	at java.net.AbstractPlainSocketImpl.connectToAddress(AbstractPlainSocketImpl.java:218)
	at java.net.AbstractPlainSocketImpl.connect(AbstractPlainSocketImpl.java:200)
	at java.net.SocksSocketImpl.connect(SocksSocketImpl.java:394)
	at java.net.Socket.connect(Socket.java:606)
	at org.apache.zookeeper.server.quorum.QuorumCnxManager.initiateConnection(QuorumCnxManager.java:383)
	at org.apache.zookeeper.server.quorum.QuorumCnxManager$QuorumConnectionReqThread.run(QuorumCnxManager.java:457)
	at java.util.concurrent.ThreadPoolExecutor.runWorker(ThreadPoolExecutor.java:1149)
	at java.util.concurrent.ThreadPoolExecutor$Worker.run(ThreadPoolExecutor.java:624)
	at java.lang.Thread.run(Thread.java:748)
2020-11-04 23:50:18,822 [myid:1] - INFO  [QuorumPeer[myid=1](plain=[0:0:0:0:0:0:0:0]:2181)(secure=disabled):FastLeaderElection@979] - Notification time out: 1600
2020-11-04 23:50:18,822 [myid:1] - WARN  [QuorumConnectionThread-[myid=1]-3:QuorumCnxManager@400] - Cannot open channel to 2 at election address node104/10.141.0.4:3888
java.net.ConnectException: Connection refused (Connection refused)
	at java.net.PlainSocketImpl.socketConnect(Native Method)
	at java.net.AbstractPlainSocketImpl.doConnect(AbstractPlainSocketImpl.java:476)
	at java.net.AbstractPlainSocketImpl.connectToAddress(AbstractPlainSocketImpl.java:218)
	at java.net.AbstractPlainSocketImpl.connect(AbstractPlainSocketImpl.java:200)
	at java.net.SocksSocketImpl.connect(SocksSocketImpl.java:394)
	at java.net.Socket.connect(Socket.java:606)
	at org.apache.zookeeper.server.quorum.QuorumCnxManager.initiateConnection(QuorumCnxManager.java:383)
	at org.apache.zookeeper.server.quorum.QuorumCnxManager$QuorumConnectionReqThread.run(QuorumCnxManager.java:457)
	at java.util.concurrent.ThreadPoolExecutor.runWorker(ThreadPoolExecutor.java:1149)
	at java.util.concurrent.ThreadPoolExecutor$Worker.run(ThreadPoolExecutor.java:624)
	at java.lang.Thread.run(Thread.java:748)
2020-11-04 23:50:18,823 [myid:1] - WARN  [QuorumConnectionThread-[myid=1]-1:QuorumCnxManager@400] - Cannot open channel to 3 at election address node105/10.141.0.5:3888
java.net.ConnectException: Connection refused (Connection refused)
	at java.net.PlainSocketImpl.socketConnect(Native Method)
	at java.net.AbstractPlainSocketImpl.doConnect(AbstractPlainSocketImpl.java:476)
	at java.net.AbstractPlainSocketImpl.connectToAddress(AbstractPlainSocketImpl.java:218)
	at java.net.AbstractPlainSocketImpl.connect(AbstractPlainSocketImpl.java:200)
	at java.net.SocksSocketImpl.connect(SocksSocketImpl.java:394)
	at java.net.Socket.connect(Socket.java:606)
	at org.apache.zookeeper.server.quorum.QuorumCnxManager.initiateConnection(QuorumCnxManager.java:383)
	at org.apache.zookeeper.server.quorum.QuorumCnxManager$QuorumConnectionReqThread.run(QuorumCnxManager.java:457)
	at java.util.concurrent.ThreadPoolExecutor.runWorker(ThreadPoolExecutor.java:1149)
	at java.util.concurrent.ThreadPoolExecutor$Worker.run(ThreadPoolExecutor.java:624)
	at java.lang.Thread.run(Thread.java:748)
2020-11-04 23:50:19,365 [myid:1] - INFO  [ListenerHandler-node103/10.141.0.3:3888:QuorumCnxManager$Listener$ListenerHandler@1070] - Received connection request from /10.141.0.4:44224
2020-11-04 23:50:19,372 [myid:1] - INFO  [WorkerReceiver[myid=1]:FastLeaderElection$Messenger$WorkerReceiver@389] - Notification: my state:LOOKING; n.sid:2, n.state:LOOKING, n.leader:2, n.round:0x1, n.peerEpoch:0x14, n.zxid:0x1400030d9a, message format version:0x2, n.config version:0x0
2020-11-04 23:50:19,373 [myid:1] - INFO  [WorkerReceiver[myid=1]:FastLeaderElection$Messenger$WorkerReceiver@389] - Notification: my state:LOOKING; n.sid:1, n.state:LOOKING, n.leader:2, n.round:0x1, n.peerEpoch:0x14, n.zxid:0x1400030d9a, message format version:0x2, n.config version:0x0
2020-11-04 23:50:19,375 [myid:1] - WARN  [QuorumConnectionThread-[myid=1]-1:QuorumCnxManager@400] - Cannot open channel to 3 at election address node105/10.141.0.5:3888
java.net.ConnectException: Connection refused (Connection refused)
	at java.net.PlainSocketImpl.socketConnect(Native Method)
	at java.net.AbstractPlainSocketImpl.doConnect(AbstractPlainSocketImpl.java:476)
	at java.net.AbstractPlainSocketImpl.connectToAddress(AbstractPlainSocketImpl.java:218)
	at java.net.AbstractPlainSocketImpl.connect(AbstractPlainSocketImpl.java:200)
	at java.net.SocksSocketImpl.connect(SocksSocketImpl.java:394)
	at java.net.Socket.connect(Socket.java:606)
	at org.apache.zookeeper.server.quorum.QuorumCnxManager.initiateConnection(QuorumCnxManager.java:383)
	at org.apache.zookeeper.server.quorum.QuorumCnxManager$QuorumConnectionReqThread.run(QuorumCnxManager.java:457)
	at java.util.concurrent.ThreadPoolExecutor.runWorker(ThreadPoolExecutor.java:1149)
	at java.util.concurrent.ThreadPoolExecutor$Worker.run(ThreadPoolExecutor.java:624)
	at java.lang.Thread.run(Thread.java:748)
2020-11-04 23:50:19,575 [myid:1] - INFO  [QuorumPeer[myid=1](plain=[0:0:0:0:0:0:0:0]:2181)(secure=disabled):QuorumPeer@857] - Peer state changed: following
2020-11-04 23:50:19,575 [myid:1] - INFO  [QuorumPeer[myid=1](plain=[0:0:0:0:0:0:0:0]:2181)(secure=disabled):QuorumPeer@1456] - FOLLOWING
2020-11-04 23:50:19,582 [myid:1] - INFO  [QuorumPeer[myid=1](plain=[0:0:0:0:0:0:0:0]:2181)(secure=disabled):Learner@117] - leaderConnectDelayDuringRetryMs: 100
2020-11-04 23:50:19,582 [myid:1] - INFO  [QuorumPeer[myid=1](plain=[0:0:0:0:0:0:0:0]:2181)(secure=disabled):Learner@118] - TCP NoDelay set to: true
2020-11-04 23:50:19,585 [myid:1] - INFO  [QuorumPeer[myid=1](plain=[0:0:0:0:0:0:0:0]:2181)(secure=disabled):BlueThrottle@141] - Weighed connection throttling is disabled
2020-11-04 23:50:19,586 [myid:1] - INFO  [QuorumPeer[myid=1](plain=[0:0:0:0:0:0:0:0]:2181)(secure=disabled):ZooKeeperServer@1256] - minSessionTimeout set to 4000
2020-11-04 23:50:19,587 [myid:1] - INFO  [QuorumPeer[myid=1](plain=[0:0:0:0:0:0:0:0]:2181)(secure=disabled):ZooKeeperServer@1265] - maxSessionTimeout set to 40000
2020-11-04 23:50:19,588 [myid:1] - INFO  [QuorumPeer[myid=1](plain=[0:0:0:0:0:0:0:0]:2181)(secure=disabled):ResponseCache@45] - Response cache size is initialized with value 400.
2020-11-04 23:50:19,588 [myid:1] - INFO  [QuorumPeer[myid=1](plain=[0:0:0:0:0:0:0:0]:2181)(secure=disabled):ResponseCache@45] - Response cache size is initialized with value 400.
2020-11-04 23:50:19,590 [myid:1] - INFO  [QuorumPeer[myid=1](plain=[0:0:0:0:0:0:0:0]:2181)(secure=disabled):RequestPathMetricsCollector@111] - zookeeper.pathStats.slotCapacity = 60
2020-11-04 23:50:19,590 [myid:1] - INFO  [QuorumPeer[myid=1](plain=[0:0:0:0:0:0:0:0]:2181)(secure=disabled):RequestPathMetricsCollector@112] - zookeeper.pathStats.slotDuration = 15
2020-11-04 23:50:19,590 [myid:1] - INFO  [QuorumPeer[myid=1](plain=[0:0:0:0:0:0:0:0]:2181)(secure=disabled):RequestPathMetricsCollector@113] - zookeeper.pathStats.maxDepth = 6
2020-11-04 23:50:19,590 [myid:1] - INFO  [QuorumPeer[myid=1](plain=[0:0:0:0:0:0:0:0]:2181)(secure=disabled):RequestPathMetricsCollector@114] - zookeeper.pathStats.initialDelay = 5
2020-11-04 23:50:19,591 [myid:1] - INFO  [QuorumPeer[myid=1](plain=[0:0:0:0:0:0:0:0]:2181)(secure=disabled):RequestPathMetricsCollector@115] - zookeeper.pathStats.delay = 5
2020-11-04 23:50:19,591 [myid:1] - INFO  [QuorumPeer[myid=1](plain=[0:0:0:0:0:0:0:0]:2181)(secure=disabled):RequestPathMetricsCollector@116] - zookeeper.pathStats.enabled = false
2020-11-04 23:50:19,592 [myid:1] - INFO  [QuorumPeer[myid=1](plain=[0:0:0:0:0:0:0:0]:2181)(secure=disabled):ZooKeeperServer@1481] - The max bytes for all large requests are set to 104857600
2020-11-04 23:50:19,593 [myid:1] - INFO  [QuorumPeer[myid=1](plain=[0:0:0:0:0:0:0:0]:2181)(secure=disabled):ZooKeeperServer@1495] - The large request threshold is set to -1
2020-11-04 23:50:19,593 [myid:1] - INFO  [QuorumPeer[myid=1](plain=[0:0:0:0:0:0:0:0]:2181)(secure=disabled):ZooKeeperServer@339] - Created server with tickTime 2000 minSessionTimeout 4000 maxSessionTimeout 40000 clientPortListenBacklog -1 datadir /local/ddps2008/zooData/version-2 snapdir /local/ddps2008/zooData/version-2
2020-11-04 23:50:19,594 [myid:1] - INFO  [QuorumPeer[myid=1](plain=[0:0:0:0:0:0:0:0]:2181)(secure=disabled):Follower@75] - FOLLOWING - LEADER ELECTION TOOK - 2184 MS
2020-11-04 23:50:19,599 [myid:1] - INFO  [QuorumPeer[myid=1](plain=[0:0:0:0:0:0:0:0]:2181)(secure=disabled):QuorumPeer@863] - Peer state changed: following - discovery
2020-11-04 23:50:19,602 [myid:1] - INFO  [LeaderConnector-node104/10.141.0.4:2888:Learner$LeaderConnector@330] - Successfully connected to leader, using address: node104/10.141.0.4:2888
2020-11-04 23:50:19,688 [myid:1] - INFO  [QuorumPeer[myid=1](plain=[0:0:0:0:0:0:0:0]:2181)(secure=disabled):QuorumPeer@863] - Peer state changed: following - synchronization
2020-11-04 23:50:19,691 [myid:1] - INFO  [QuorumPeer[myid=1](plain=[0:0:0:0:0:0:0:0]:2181)(secure=disabled):Learner@511] - Getting a diff from the leader 0x1400030d9a
2020-11-04 23:50:19,691 [myid:1] - INFO  [QuorumPeer[myid=1](plain=[0:0:0:0:0:0:0:0]:2181)(secure=disabled):QuorumPeer@868] - Peer state changed: following - synchronization - diff
2020-11-04 23:50:19,696 [myid:1] - INFO  [QuorumPeer[myid=1](plain=[0:0:0:0:0:0:0:0]:2181)(secure=disabled):Learner@677] - Learner received NEWLEADER message
2020-11-04 23:50:19,697 [myid:1] - INFO  [QuorumPeer[myid=1](plain=[0:0:0:0:0:0:0:0]:2181)(secure=disabled):QuorumPeer@1811] - Dynamic reconfig is disabled, we don't store the last seen config.
2020-11-04 23:50:19,769 [myid:1] - INFO  [QuorumPeer[myid=1](plain=[0:0:0:0:0:0:0:0]:2181)(secure=disabled):Learner@661] - Learner received UPTODATE message
2020-11-04 23:50:19,769 [myid:1] - INFO  [QuorumPeer[myid=1](plain=[0:0:0:0:0:0:0:0]:2181)(secure=disabled):QuorumPeer@868] - Peer state changed: following - synchronization
2020-11-04 23:50:19,778 [myid:1] - INFO  [QuorumPeer[myid=1](plain=[0:0:0:0:0:0:0:0]:2181)(secure=disabled):CommitProcessor@476] - Configuring CommitProcessor with readBatchSize -1 commitBatchSize 1
2020-11-04 23:50:19,778 [myid:1] - INFO  [QuorumPeer[myid=1](plain=[0:0:0:0:0:0:0:0]:2181)(secure=disabled):CommitProcessor@438] - Configuring CommitProcessor with 32 worker threads.
2020-11-04 23:50:19,783 [myid:1] - INFO  [QuorumPeer[myid=1](plain=[0:0:0:0:0:0:0:0]:2181)(secure=disabled):RequestThrottler@74] - zookeeper.request_throttler.shutdownTimeout = 10000
2020-11-04 23:50:19,802 [myid:1] - INFO  [QuorumPeer[myid=1](plain=[0:0:0:0:0:0:0:0]:2181)(secure=disabled):QuorumPeer@863] - Peer state changed: following - broadcast
2020-11-04 23:50:20,569 [myid:1] - INFO  [ListenerHandler-node103/10.141.0.3:3888:QuorumCnxManager$Listener$ListenerHandler@1070] - Received connection request from /10.141.0.5:56000
2020-11-04 23:50:20,573 [myid:1] - INFO  [WorkerReceiver[myid=1]:FastLeaderElection$Messenger$WorkerReceiver@389] - Notification: my state:FOLLOWING; n.sid:3, n.state:LOOKING, n.leader:3, n.round:0x1, n.peerEpoch:0x14, n.zxid:0x1400030d9a, message format version:0x2, n.config version:0x0
2020-11-04 23:50:53,305 [myid:1] - WARN  [QuorumPeer[myid=1](plain=[0:0:0:0:0:0:0:0]:2181)(secure=disabled):Follower@170] - Got zxid 0x1500000001 expected 0x1
2020-11-04 23:50:53,306 [myid:1] - INFO  [SyncThread:1:FileTxnLog@284] - Creating new log file: log.1500000001
2020-11-04 23:50:53,335 [myid:1] - INFO  [CommitProcessor:1:LearnerSessionTracker@116] - Committing global session 0x11401bb762f0000
2020-11-04 23:50:53,340 [myid:1] - INFO  [CommitProcessor:1:LearnerSessionTracker@116] - Committing global session 0x11401bb762f0003
2020-11-04 23:50:53,341 [myid:1] - INFO  [CommitProcessor:1:LearnerSessionTracker@116] - Committing global session 0x11401bb762f0002
2020-11-04 23:50:53,341 [myid:1] - INFO  [CommitProcessor:1:LearnerSessionTracker@116] - Committing global session 0x11401bb762f0001
2020-11-04 23:50:53,342 [myid:1] - INFO  [CommitProcessor:1:LearnerSessionTracker@116] - Committing global session 0x11401bb762f0004
2020-11-04 23:50:53,344 [myid:1] - INFO  [CommitProcessor:1:LearnerSessionTracker@116] - Committing global session 0x11401bb762f0007
2020-11-04 23:50:53,346 [myid:1] - INFO  [CommitProcessor:1:LearnerSessionTracker@116] - Committing global session 0x11401bb762f0005
2020-11-04 23:50:53,346 [myid:1] - INFO  [CommitProcessor:1:LearnerSessionTracker@116] - Committing global session 0x11401bb762f0008
2020-11-04 23:50:53,348 [myid:1] - INFO  [CommitProcessor:1:LearnerSessionTracker@116] - Committing global session 0x11401bb762f0006
2020-11-04 23:50:53,348 [myid:1] - INFO  [CommitProcessor:1:LearnerSessionTracker@116] - Committing global session 0x11401bb762f0009
2020-11-04 23:50:57,604 [myid:1] - INFO  [CommitProcessor:1:LearnerSessionTracker@116] - Committing global session 0x11401bb762f000a
2020-11-04 23:50:57,604 [myid:1] - INFO  [CommitProcessor:1:LearnerSessionTracker@116] - Committing global session 0x11401bb762f000b
2020-11-04 23:50:57,605 [myid:1] - INFO  [CommitProcessor:1:LearnerSessionTracker@116] - Committing global session 0x11401bb762f000c
2020-11-04 23:50:57,605 [myid:1] - INFO  [CommitProcessor:1:LearnerSessionTracker@116] - Committing global session 0x11401bb762f000d
2020-11-04 23:50:57,606 [myid:1] - INFO  [CommitProcessor:1:LearnerSessionTracker@116] - Committing global session 0x11401bb762f000e
2020-11-04 23:50:57,606 [myid:1] - INFO  [CommitProcessor:1:LearnerSessionTracker@116] - Committing global session 0x11401bb762f000f
2020-11-04 23:50:57,607 [myid:1] - INFO  [CommitProcessor:1:LearnerSessionTracker@116] - Committing global session 0x11401bb762f0010
2020-11-04 23:50:57,607 [myid:1] - INFO  [CommitProcessor:1:LearnerSessionTracker@116] - Committing global session 0x11401bb762f0011
2020-11-04 23:50:57,609 [myid:1] - INFO  [CommitProcessor:1:LearnerSessionTracker@116] - Committing global session 0x11401bb762f0012
2020-11-04 23:50:57,610 [myid:1] - INFO  [CommitProcessor:1:LearnerSessionTracker@116] - Committing global session 0x11401bb762f0013
2020-11-04 23:51:01,761 [myid:1] - INFO  [CommitProcessor:1:LearnerSessionTracker@116] - Committing global session 0x11401bb762f0014
2020-11-04 23:51:01,762 [myid:1] - INFO  [CommitProcessor:1:LearnerSessionTracker@116] - Committing global session 0x11401bb762f0015
2020-11-04 23:51:01,763 [myid:1] - INFO  [CommitProcessor:1:LearnerSessionTracker@116] - Committing global session 0x11401bb762f0016
2020-11-04 23:51:01,763 [myid:1] - INFO  [CommitProcessor:1:LearnerSessionTracker@116] - Committing global session 0x11401bb762f0017
2020-11-04 23:51:01,764 [myid:1] - INFO  [CommitProcessor:1:LearnerSessionTracker@116] - Committing global session 0x11401bb762f0018
2020-11-04 23:51:01,764 [myid:1] - INFO  [CommitProcessor:1:LearnerSessionTracker@116] - Committing global session 0x11401bb762f0019
2020-11-04 23:51:01,765 [myid:1] - INFO  [CommitProcessor:1:LearnerSessionTracker@116] - Committing global session 0x11401bb762f001a
2020-11-04 23:51:01,765 [myid:1] - INFO  [CommitProcessor:1:LearnerSessionTracker@116] - Committing global session 0x11401bb762f001b
2020-11-04 23:51:01,765 [myid:1] - INFO  [CommitProcessor:1:LearnerSessionTracker@116] - Committing global session 0x11401bb762f001c
2020-11-04 23:51:01,766 [myid:1] - INFO  [CommitProcessor:1:LearnerSessionTracker@116] - Committing global session 0x11401bb762f001d
2020-11-04 23:51:17,949 [myid:1] - WARN  [NIOWorkerThread-58:NIOServerCnxn@364] - Unexpected exception
EndOfStreamException: Unable to read additional data from client, it probably closed the socket: address = /10.141.0.20:60781, session = 0x11401bb762f0003
	at org.apache.zookeeper.server.NIOServerCnxn.handleFailedRead(NIOServerCnxn.java:163)
	at org.apache.zookeeper.server.NIOServerCnxn.doIO(NIOServerCnxn.java:326)
	at org.apache.zookeeper.server.NIOServerCnxnFactory$IOWorkRequest.doWork(NIOServerCnxnFactory.java:522)
	at org.apache.zookeeper.server.WorkerService$ScheduledWorkRequest.run(WorkerService.java:154)
	at java.util.concurrent.ThreadPoolExecutor.runWorker(ThreadPoolExecutor.java:1149)
	at java.util.concurrent.ThreadPoolExecutor$Worker.run(ThreadPoolExecutor.java:624)
	at java.lang.Thread.run(Thread.java:748)
2020-11-04 23:51:17,949 [myid:1] - WARN  [NIOWorkerThread-53:NIOServerCnxn@364] - Unexpected exception
EndOfStreamException: Unable to read additional data from client, it probably closed the socket: address = /10.141.0.20:60793, session = 0x11401bb762f000c
	at org.apache.zookeeper.server.NIOServerCnxn.handleFailedRead(NIOServerCnxn.java:163)
	at org.apache.zookeeper.server.NIOServerCnxn.doIO(NIOServerCnxn.java:326)
	at org.apache.zookeeper.server.NIOServerCnxnFactory$IOWorkRequest.doWork(NIOServerCnxnFactory.java:522)
	at org.apache.zookeeper.server.WorkerService$ScheduledWorkRequest.run(WorkerService.java:154)
	at java.util.concurrent.ThreadPoolExecutor.runWorker(ThreadPoolExecutor.java:1149)
	at java.util.concurrent.ThreadPoolExecutor$Worker.run(ThreadPoolExecutor.java:624)
	at java.lang.Thread.run(Thread.java:748)
2020-11-04 23:51:17,949 [myid:1] - WARN  [NIOWorkerThread-62:NIOServerCnxn@364] - Unexpected exception
EndOfStreamException: Unable to read additional data from client, it probably closed the socket: address = /10.141.0.20:60797, session = 0x11401bb762f0010
	at org.apache.zookeeper.server.NIOServerCnxn.handleFailedRead(NIOServerCnxn.java:163)
	at org.apache.zookeeper.server.NIOServerCnxn.doIO(NIOServerCnxn.java:326)
	at org.apache.zookeeper.server.NIOServerCnxnFactory$IOWorkRequest.doWork(NIOServerCnxnFactory.java:522)
	at org.apache.zookeeper.server.WorkerService$ScheduledWorkRequest.run(WorkerService.java:154)
	at java.util.concurrent.ThreadPoolExecutor.runWorker(ThreadPoolExecutor.java:1149)
	at java.util.concurrent.ThreadPoolExecutor$Worker.run(ThreadPoolExecutor.java:624)
	at java.lang.Thread.run(Thread.java:748)
2020-11-04 23:51:17,950 [myid:1] - WARN  [NIOWorkerThread-60:NIOServerCnxn@364] - Unexpected exception
EndOfStreamException: Unable to read additional data from client, it probably closed the socket: address = /10.141.0.20:60765, session = 0x11401bb762f0007
	at org.apache.zookeeper.server.NIOServerCnxn.handleFailedRead(NIOServerCnxn.java:163)
	at org.apache.zookeeper.server.NIOServerCnxn.doIO(NIOServerCnxn.java:326)
	at org.apache.zookeeper.server.NIOServerCnxnFactory$IOWorkRequest.doWork(NIOServerCnxnFactory.java:522)
	at org.apache.zookeeper.server.WorkerService$ScheduledWorkRequest.run(WorkerService.java:154)
	at java.util.concurrent.ThreadPoolExecutor.runWorker(ThreadPoolExecutor.java:1149)
	at java.util.concurrent.ThreadPoolExecutor$Worker.run(ThreadPoolExecutor.java:624)
	at java.lang.Thread.run(Thread.java:748)
2020-11-04 23:51:17,950 [myid:1] - WARN  [NIOWorkerThread-46:NIOServerCnxn@364] - Unexpected exception
EndOfStreamException: Unable to read additional data from client, it probably closed the socket: address = /10.141.0.20:60787, session = 0x11401bb762f000b
	at org.apache.zookeeper.server.NIOServerCnxn.handleFailedRead(NIOServerCnxn.java:163)
	at org.apache.zookeeper.server.NIOServerCnxn.doIO(NIOServerCnxn.java:326)
	at org.apache.zookeeper.server.NIOServerCnxnFactory$IOWorkRequest.doWork(NIOServerCnxnFactory.java:522)
	at org.apache.zookeeper.server.WorkerService$ScheduledWorkRequest.run(WorkerService.java:154)
	at java.util.concurrent.ThreadPoolExecutor.runWorker(ThreadPoolExecutor.java:1149)
	at java.util.concurrent.ThreadPoolExecutor$Worker.run(ThreadPoolExecutor.java:624)
	at java.lang.Thread.run(Thread.java:748)
2020-11-04 23:51:17,950 [myid:1] - WARN  [NIOWorkerThread-39:NIOServerCnxn@364] - Unexpected exception
EndOfStreamException: Unable to read additional data from client, it probably closed the socket: address = /10.141.0.20:60779, session = 0x11401bb762f0005
	at org.apache.zookeeper.server.NIOServerCnxn.handleFailedRead(NIOServerCnxn.java:163)
	at org.apache.zookeeper.server.NIOServerCnxn.doIO(NIOServerCnxn.java:326)
	at org.apache.zookeeper.server.NIOServerCnxnFactory$IOWorkRequest.doWork(NIOServerCnxnFactory.java:522)
	at org.apache.zookeeper.server.WorkerService$ScheduledWorkRequest.run(WorkerService.java:154)
	at java.util.concurrent.ThreadPoolExecutor.runWorker(ThreadPoolExecutor.java:1149)
	at java.util.concurrent.ThreadPoolExecutor$Worker.run(ThreadPoolExecutor.java:624)
	at java.lang.Thread.run(Thread.java:748)
2020-11-04 23:51:17,950 [myid:1] - WARN  [NIOWorkerThread-2:NIOServerCnxn@364] - Unexpected exception
EndOfStreamException: Unable to read additional data from client, it probably closed the socket: address = /10.141.0.20:60769, session = 0x11401bb762f0002
	at org.apache.zookeeper.server.NIOServerCnxn.handleFailedRead(NIOServerCnxn.java:163)
	at org.apache.zookeeper.server.NIOServerCnxn.doIO(NIOServerCnxn.java:326)
	at org.apache.zookeeper.server.NIOServerCnxnFactory$IOWorkRequest.doWork(NIOServerCnxnFactory.java:522)
	at org.apache.zookeeper.server.WorkerService$ScheduledWorkRequest.run(WorkerService.java:154)
	at java.util.concurrent.ThreadPoolExecutor.runWorker(ThreadPoolExecutor.java:1149)
	at java.util.concurrent.ThreadPoolExecutor$Worker.run(ThreadPoolExecutor.java:624)
	at java.lang.Thread.run(Thread.java:748)
2020-11-04 23:51:17,949 [myid:1] - WARN  [NIOWorkerThread-36:NIOServerCnxn@364] - Unexpected exception
EndOfStreamException: Unable to read additional data from client, it probably closed the socket: address = /10.141.0.20:60801, session = 0x11401bb762f0012
	at org.apache.zookeeper.server.NIOServerCnxn.handleFailedRead(NIOServerCnxn.java:163)
	at org.apache.zookeeper.server.NIOServerCnxn.doIO(NIOServerCnxn.java:326)
	at org.apache.zookeeper.server.NIOServerCnxnFactory$IOWorkRequest.doWork(NIOServerCnxnFactory.java:522)
	at org.apache.zookeeper.server.WorkerService$ScheduledWorkRequest.run(WorkerService.java:154)
	at java.util.concurrent.ThreadPoolExecutor.runWorker(ThreadPoolExecutor.java:1149)
	at java.util.concurrent.ThreadPoolExecutor$Worker.run(ThreadPoolExecutor.java:624)
	at java.lang.Thread.run(Thread.java:748)
2020-11-04 23:51:17,950 [myid:1] - WARN  [NIOWorkerThread-27:NIOServerCnxn@364] - Unexpected exception
EndOfStreamException: Unable to read additional data from client, it probably closed the socket: address = /10.141.0.20:60767, session = 0x11401bb762f0006
	at org.apache.zookeeper.server.NIOServerCnxn.handleFailedRead(NIOServerCnxn.java:163)
	at org.apache.zookeeper.server.NIOServerCnxn.doIO(NIOServerCnxn.java:326)
	at org.apache.zookeeper.server.NIOServerCnxnFactory$IOWorkRequest.doWork(NIOServerCnxnFactory.java:522)
	at org.apache.zookeeper.server.WorkerService$ScheduledWorkRequest.run(WorkerService.java:154)
	at java.util.concurrent.ThreadPoolExecutor.runWorker(ThreadPoolExecutor.java:1149)
	at java.util.concurrent.ThreadPoolExecutor$Worker.run(ThreadPoolExecutor.java:624)
	at java.lang.Thread.run(Thread.java:748)
2020-11-04 23:51:17,950 [myid:1] - WARN  [NIOWorkerThread-3:NIOServerCnxn@364] - Unexpected exception
EndOfStreamException: Unable to read additional data from client, it probably closed the socket: address = /10.141.0.20:60795, session = 0x11401bb762f000f
	at org.apache.zookeeper.server.NIOServerCnxn.handleFailedRead(NIOServerCnxn.java:163)
	at org.apache.zookeeper.server.NIOServerCnxn.doIO(NIOServerCnxn.java:326)
	at org.apache.zookeeper.server.NIOServerCnxnFactory$IOWorkRequest.doWork(NIOServerCnxnFactory.java:522)
	at org.apache.zookeeper.server.WorkerService$ScheduledWorkRequest.run(WorkerService.java:154)
	at java.util.concurrent.ThreadPoolExecutor.runWorker(ThreadPoolExecutor.java:1149)
	at java.util.concurrent.ThreadPoolExecutor$Worker.run(ThreadPoolExecutor.java:624)
	at java.lang.Thread.run(Thread.java:748)
2020-11-04 23:51:17,950 [myid:1] - WARN  [NIOWorkerThread-15:NIOServerCnxn@364] - Unexpected exception
EndOfStreamException: Unable to read additional data from client, it probably closed the socket: address = /10.141.0.20:60783, session = 0x11401bb762f0001
	at org.apache.zookeeper.server.NIOServerCnxn.handleFailedRead(NIOServerCnxn.java:163)
	at org.apache.zookeeper.server.NIOServerCnxn.doIO(NIOServerCnxn.java:326)
	at org.apache.zookeeper.server.NIOServerCnxnFactory$IOWorkRequest.doWork(NIOServerCnxnFactory.java:522)
	at org.apache.zookeeper.server.WorkerService$ScheduledWorkRequest.run(WorkerService.java:154)
	at java.util.concurrent.ThreadPoolExecutor.runWorker(ThreadPoolExecutor.java:1149)
	at java.util.concurrent.ThreadPoolExecutor$Worker.run(ThreadPoolExecutor.java:624)
	at java.lang.Thread.run(Thread.java:748)
2020-11-04 23:51:17,949 [myid:1] - WARN  [NIOWorkerThread-41:NIOServerCnxn@364] - Unexpected exception
EndOfStreamException: Unable to read additional data from client, it probably closed the socket: address = /10.141.0.20:60789, session = 0x11401bb762f000d
	at org.apache.zookeeper.server.NIOServerCnxn.handleFailedRead(NIOServerCnxn.java:163)
	at org.apache.zookeeper.server.NIOServerCnxn.doIO(NIOServerCnxn.java:326)
	at org.apache.zookeeper.server.NIOServerCnxnFactory$IOWorkRequest.doWork(NIOServerCnxnFactory.java:522)
	at org.apache.zookeeper.server.WorkerService$ScheduledWorkRequest.run(WorkerService.java:154)
	at java.util.concurrent.ThreadPoolExecutor.runWorker(ThreadPoolExecutor.java:1149)
	at java.util.concurrent.ThreadPoolExecutor$Worker.run(ThreadPoolExecutor.java:624)
	at java.lang.Thread.run(Thread.java:748)
2020-11-04 23:51:17,949 [myid:1] - WARN  [NIOWorkerThread-30:NIOServerCnxn@364] - Unexpected exception
EndOfStreamException: Unable to read additional data from client, it probably closed the socket: address = /10.141.0.20:60785, session = 0x11401bb762f000a
	at org.apache.zookeeper.server.NIOServerCnxn.handleFailedRead(NIOServerCnxn.java:163)
	at org.apache.zookeeper.server.NIOServerCnxn.doIO(NIOServerCnxn.java:326)
	at org.apache.zookeeper.server.NIOServerCnxnFactory$IOWorkRequest.doWork(NIOServerCnxnFactory.java:522)
	at org.apache.zookeeper.server.WorkerService$ScheduledWorkRequest.run(WorkerService.java:154)
	at java.util.concurrent.ThreadPoolExecutor.runWorker(ThreadPoolExecutor.java:1149)
	at java.util.concurrent.ThreadPoolExecutor$Worker.run(ThreadPoolExecutor.java:624)
	at java.lang.Thread.run(Thread.java:748)
2020-11-04 23:51:17,950 [myid:1] - WARN  [NIOWorkerThread-56:NIOServerCnxn@364] - Unexpected exception
EndOfStreamException: Unable to read additional data from client, it probably closed the socket: address = /10.141.0.20:60771, session = 0x11401bb762f0008
	at org.apache.zookeeper.server.NIOServerCnxn.handleFailedRead(NIOServerCnxn.java:163)
	at org.apache.zookeeper.server.NIOServerCnxn.doIO(NIOServerCnxn.java:326)
	at org.apache.zookeeper.server.NIOServerCnxnFactory$IOWorkRequest.doWork(NIOServerCnxnFactory.java:522)
	at org.apache.zookeeper.server.WorkerService$ScheduledWorkRequest.run(WorkerService.java:154)
	at java.util.concurrent.ThreadPoolExecutor.runWorker(ThreadPoolExecutor.java:1149)
	at java.util.concurrent.ThreadPoolExecutor$Worker.run(ThreadPoolExecutor.java:624)
	at java.lang.Thread.run(Thread.java:748)
2020-11-04 23:51:17,950 [myid:1] - WARN  [NIOWorkerThread-64:NIOServerCnxn@364] - Unexpected exception
EndOfStreamException: Unable to read additional data from client, it probably closed the socket: address = /10.141.0.20:60775, session = 0x11401bb762f0000
	at org.apache.zookeeper.server.NIOServerCnxn.handleFailedRead(NIOServerCnxn.java:163)
	at org.apache.zookeeper.server.NIOServerCnxn.doIO(NIOServerCnxn.java:326)
	at org.apache.zookeeper.server.NIOServerCnxnFactory$IOWorkRequest.doWork(NIOServerCnxnFactory.java:522)
	at org.apache.zookeeper.server.WorkerService$ScheduledWorkRequest.run(WorkerService.java:154)
	at java.util.concurrent.ThreadPoolExecutor.runWorker(ThreadPoolExecutor.java:1149)
	at java.util.concurrent.ThreadPoolExecutor$Worker.run(ThreadPoolExecutor.java:624)
	at java.lang.Thread.run(Thread.java:748)
2020-11-04 23:51:17,950 [myid:1] - WARN  [NIOWorkerThread-44:NIOServerCnxn@364] - Unexpected exception
EndOfStreamException: Unable to read additional data from client, it probably closed the socket: address = /10.141.0.20:60799, session = 0x11401bb762f0011
	at org.apache.zookeeper.server.NIOServerCnxn.handleFailedRead(NIOServerCnxn.java:163)
	at org.apache.zookeeper.server.NIOServerCnxn.doIO(NIOServerCnxn.java:326)
	at org.apache.zookeeper.server.NIOServerCnxnFactory$IOWorkRequest.doWork(NIOServerCnxnFactory.java:522)
	at org.apache.zookeeper.server.WorkerService$ScheduledWorkRequest.run(WorkerService.java:154)
	at java.util.concurrent.ThreadPoolExecutor.runWorker(ThreadPoolExecutor.java:1149)
	at java.util.concurrent.ThreadPoolExecutor$Worker.run(ThreadPoolExecutor.java:624)
	at java.lang.Thread.run(Thread.java:748)
2020-11-04 23:51:17,950 [myid:1] - WARN  [NIOWorkerThread-7:NIOServerCnxn@364] - Unexpected exception
EndOfStreamException: Unable to read additional data from client, it probably closed the socket: address = /10.141.0.20:60803, session = 0x11401bb762f0013
	at org.apache.zookeeper.server.NIOServerCnxn.handleFailedRead(NIOServerCnxn.java:163)
	at org.apache.zookeeper.server.NIOServerCnxn.doIO(NIOServerCnxn.java:326)
	at org.apache.zookeeper.server.NIOServerCnxnFactory$IOWorkRequest.doWork(NIOServerCnxnFactory.java:522)
	at org.apache.zookeeper.server.WorkerService$ScheduledWorkRequest.run(WorkerService.java:154)
	at java.util.concurrent.ThreadPoolExecutor.runWorker(ThreadPoolExecutor.java:1149)
	at java.util.concurrent.ThreadPoolExecutor$Worker.run(ThreadPoolExecutor.java:624)
	at java.lang.Thread.run(Thread.java:748)
2020-11-04 23:51:17,949 [myid:1] - WARN  [NIOWorkerThread-9:NIOServerCnxn@364] - Unexpected exception
EndOfStreamException: Unable to read additional data from client, it probably closed the socket: address = /10.141.0.20:60777, session = 0x11401bb762f0004
	at org.apache.zookeeper.server.NIOServerCnxn.handleFailedRead(NIOServerCnxn.java:163)
	at org.apache.zookeeper.server.NIOServerCnxn.doIO(NIOServerCnxn.java:326)
	at org.apache.zookeeper.server.NIOServerCnxnFactory$IOWorkRequest.doWork(NIOServerCnxnFactory.java:522)
	at org.apache.zookeeper.server.WorkerService$ScheduledWorkRequest.run(WorkerService.java:154)
	at java.util.concurrent.ThreadPoolExecutor.runWorker(ThreadPoolExecutor.java:1149)
	at java.util.concurrent.ThreadPoolExecutor$Worker.run(ThreadPoolExecutor.java:624)
	at java.lang.Thread.run(Thread.java:748)
2020-11-04 23:51:17,950 [myid:1] - WARN  [NIOWorkerThread-47:NIOServerCnxn@364] - Unexpected exception
EndOfStreamException: Unable to read additional data from client, it probably closed the socket: address = /10.141.0.20:60791, session = 0x11401bb762f000e
	at org.apache.zookeeper.server.NIOServerCnxn.handleFailedRead(NIOServerCnxn.java:163)
	at org.apache.zookeeper.server.NIOServerCnxn.doIO(NIOServerCnxn.java:326)
	at org.apache.zookeeper.server.NIOServerCnxnFactory$IOWorkRequest.doWork(NIOServerCnxnFactory.java:522)
	at org.apache.zookeeper.server.WorkerService$ScheduledWorkRequest.run(WorkerService.java:154)
	at java.util.concurrent.ThreadPoolExecutor.runWorker(ThreadPoolExecutor.java:1149)
	at java.util.concurrent.ThreadPoolExecutor$Worker.run(ThreadPoolExecutor.java:624)
	at java.lang.Thread.run(Thread.java:748)
2020-11-04 23:51:17,950 [myid:1] - WARN  [NIOWorkerThread-19:NIOServerCnxn@364] - Unexpected exception
EndOfStreamException: Unable to read additional data from client, it probably closed the socket: address = /10.141.0.20:60773, session = 0x11401bb762f0009
	at org.apache.zookeeper.server.NIOServerCnxn.handleFailedRead(NIOServerCnxn.java:163)
	at org.apache.zookeeper.server.NIOServerCnxn.doIO(NIOServerCnxn.java:326)
	at org.apache.zookeeper.server.NIOServerCnxnFactory$IOWorkRequest.doWork(NIOServerCnxnFactory.java:522)
	at org.apache.zookeeper.server.WorkerService$ScheduledWorkRequest.run(WorkerService.java:154)
	at java.util.concurrent.ThreadPoolExecutor.runWorker(ThreadPoolExecutor.java:1149)
	at java.util.concurrent.ThreadPoolExecutor$Worker.run(ThreadPoolExecutor.java:624)
	at java.lang.Thread.run(Thread.java:748)
2020-11-04 23:51:23,238 [myid:1] - WARN  [NIOWorkerThread-22:NIOServerCnxn@364] - Unexpected exception
EndOfStreamException: Unable to read additional data from client, it probably closed the socket: address = /10.141.0.21:54264, session = 0x11401bb762f0017
	at org.apache.zookeeper.server.NIOServerCnxn.handleFailedRead(NIOServerCnxn.java:163)
	at org.apache.zookeeper.server.NIOServerCnxn.doIO(NIOServerCnxn.java:326)
	at org.apache.zookeeper.server.NIOServerCnxnFactory$IOWorkRequest.doWork(NIOServerCnxnFactory.java:522)
	at org.apache.zookeeper.server.WorkerService$ScheduledWorkRequest.run(WorkerService.java:154)
	at java.util.concurrent.ThreadPoolExecutor.runWorker(ThreadPoolExecutor.java:1149)
	at java.util.concurrent.ThreadPoolExecutor$Worker.run(ThreadPoolExecutor.java:624)
	at java.lang.Thread.run(Thread.java:748)
2020-11-04 23:51:23,238 [myid:1] - WARN  [NIOWorkerThread-13:NIOServerCnxn@364] - Unexpected exception
EndOfStreamException: Unable to read additional data from client, it probably closed the socket: address = /10.141.0.21:54268, session = 0x11401bb762f001c
	at org.apache.zookeeper.server.NIOServerCnxn.handleFailedRead(NIOServerCnxn.java:163)
	at org.apache.zookeeper.server.NIOServerCnxn.doIO(NIOServerCnxn.java:326)
	at org.apache.zookeeper.server.NIOServerCnxnFactory$IOWorkRequest.doWork(NIOServerCnxnFactory.java:522)
	at org.apache.zookeeper.server.WorkerService$ScheduledWorkRequest.run(WorkerService.java:154)
	at java.util.concurrent.ThreadPoolExecutor.runWorker(ThreadPoolExecutor.java:1149)
	at java.util.concurrent.ThreadPoolExecutor$Worker.run(ThreadPoolExecutor.java:624)
	at java.lang.Thread.run(Thread.java:748)
2020-11-04 23:51:23,238 [myid:1] - WARN  [NIOWorkerThread-29:NIOServerCnxn@364] - Unexpected exception
EndOfStreamException: Unable to read additional data from client, it probably closed the socket: address = /10.141.0.21:54262, session = 0x11401bb762f0018
	at org.apache.zookeeper.server.NIOServerCnxn.handleFailedRead(NIOServerCnxn.java:163)
	at org.apache.zookeeper.server.NIOServerCnxn.doIO(NIOServerCnxn.java:326)
	at org.apache.zookeeper.server.NIOServerCnxnFactory$IOWorkRequest.doWork(NIOServerCnxnFactory.java:522)
	at org.apache.zookeeper.server.WorkerService$ScheduledWorkRequest.run(WorkerService.java:154)
	at java.util.concurrent.ThreadPoolExecutor.runWorker(ThreadPoolExecutor.java:1149)
	at java.util.concurrent.ThreadPoolExecutor$Worker.run(ThreadPoolExecutor.java:624)
	at java.lang.Thread.run(Thread.java:748)
2020-11-04 23:51:23,238 [myid:1] - WARN  [NIOWorkerThread-47:NIOServerCnxn@364] - Unexpected exception
EndOfStreamException: Unable to read additional data from client, it probably closed the socket: address = /10.141.0.21:54266, session = 0x11401bb762f001b
	at org.apache.zookeeper.server.NIOServerCnxn.handleFailedRead(NIOServerCnxn.java:163)
	at org.apache.zookeeper.server.NIOServerCnxn.doIO(NIOServerCnxn.java:326)
	at org.apache.zookeeper.server.NIOServerCnxnFactory$IOWorkRequest.doWork(NIOServerCnxnFactory.java:522)
	at org.apache.zookeeper.server.WorkerService$ScheduledWorkRequest.run(WorkerService.java:154)
	at java.util.concurrent.ThreadPoolExecutor.runWorker(ThreadPoolExecutor.java:1149)
	at java.util.concurrent.ThreadPoolExecutor$Worker.run(ThreadPoolExecutor.java:624)
	at java.lang.Thread.run(Thread.java:748)
2020-11-04 23:51:23,238 [myid:1] - WARN  [NIOWorkerThread-25:NIOServerCnxn@364] - Unexpected exception
EndOfStreamException: Unable to read additional data from client, it probably closed the socket: address = /10.141.0.21:54260, session = 0x11401bb762f0019
	at org.apache.zookeeper.server.NIOServerCnxn.handleFailedRead(NIOServerCnxn.java:163)
	at org.apache.zookeeper.server.NIOServerCnxn.doIO(NIOServerCnxn.java:326)
	at org.apache.zookeeper.server.NIOServerCnxnFactory$IOWorkRequest.doWork(NIOServerCnxnFactory.java:522)
	at org.apache.zookeeper.server.WorkerService$ScheduledWorkRequest.run(WorkerService.java:154)
	at java.util.concurrent.ThreadPoolExecutor.runWorker(ThreadPoolExecutor.java:1149)
	at java.util.concurrent.ThreadPoolExecutor$Worker.run(ThreadPoolExecutor.java:624)
	at java.lang.Thread.run(Thread.java:748)
2020-11-04 23:51:23,238 [myid:1] - WARN  [NIOWorkerThread-52:NIOServerCnxn@364] - Unexpected exception
EndOfStreamException: Unable to read additional data from client, it probably closed the socket: address = /10.141.0.21:54256, session = 0x11401bb762f0016
	at org.apache.zookeeper.server.NIOServerCnxn.handleFailedRead(NIOServerCnxn.java:163)
	at org.apache.zookeeper.server.NIOServerCnxn.doIO(NIOServerCnxn.java:326)
	at org.apache.zookeeper.server.NIOServerCnxnFactory$IOWorkRequest.doWork(NIOServerCnxnFactory.java:522)
	at org.apache.zookeeper.server.WorkerService$ScheduledWorkRequest.run(WorkerService.java:154)
	at java.util.concurrent.ThreadPoolExecutor.runWorker(ThreadPoolExecutor.java:1149)
	at java.util.concurrent.ThreadPoolExecutor$Worker.run(ThreadPoolExecutor.java:624)
	at java.lang.Thread.run(Thread.java:748)
2020-11-04 23:51:23,238 [myid:1] - WARN  [NIOWorkerThread-10:NIOServerCnxn@364] - Unexpected exception
EndOfStreamException: Unable to read additional data from client, it probably closed the socket: address = /10.141.0.21:54258, session = 0x11401bb762f0015
	at org.apache.zookeeper.server.NIOServerCnxn.handleFailedRead(NIOServerCnxn.java:163)
	at org.apache.zookeeper.server.NIOServerCnxn.doIO(NIOServerCnxn.java:326)
	at org.apache.zookeeper.server.NIOServerCnxnFactory$IOWorkRequest.doWork(NIOServerCnxnFactory.java:522)
	at org.apache.zookeeper.server.WorkerService$ScheduledWorkRequest.run(WorkerService.java:154)
	at java.util.concurrent.ThreadPoolExecutor.runWorker(ThreadPoolExecutor.java:1149)
	at java.util.concurrent.ThreadPoolExecutor$Worker.run(ThreadPoolExecutor.java:624)
	at java.lang.Thread.run(Thread.java:748)
2020-11-04 23:51:23,238 [myid:1] - WARN  [NIOWorkerThread-6:NIOServerCnxn@364] - Unexpected exception
EndOfStreamException: Unable to read additional data from client, it probably closed the socket: address = /10.141.0.21:54272, session = 0x11401bb762f001d
	at org.apache.zookeeper.server.NIOServerCnxn.handleFailedRead(NIOServerCnxn.java:163)
	at org.apache.zookeeper.server.NIOServerCnxn.doIO(NIOServerCnxn.java:326)
	at org.apache.zookeeper.server.NIOServerCnxnFactory$IOWorkRequest.doWork(NIOServerCnxnFactory.java:522)
	at org.apache.zookeeper.server.WorkerService$ScheduledWorkRequest.run(WorkerService.java:154)
	at java.util.concurrent.ThreadPoolExecutor.runWorker(ThreadPoolExecutor.java:1149)
	at java.util.concurrent.ThreadPoolExecutor$Worker.run(ThreadPoolExecutor.java:624)
	at java.lang.Thread.run(Thread.java:748)
2020-11-04 23:51:23,238 [myid:1] - WARN  [NIOWorkerThread-54:NIOServerCnxn@364] - Unexpected exception
EndOfStreamException: Unable to read additional data from client, it probably closed the socket: address = /10.141.0.21:54254, session = 0x11401bb762f0014
	at org.apache.zookeeper.server.NIOServerCnxn.handleFailedRead(NIOServerCnxn.java:163)
	at org.apache.zookeeper.server.NIOServerCnxn.doIO(NIOServerCnxn.java:326)
	at org.apache.zookeeper.server.NIOServerCnxnFactory$IOWorkRequest.doWork(NIOServerCnxnFactory.java:522)
	at org.apache.zookeeper.server.WorkerService$ScheduledWorkRequest.run(WorkerService.java:154)
	at java.util.concurrent.ThreadPoolExecutor.runWorker(ThreadPoolExecutor.java:1149)
	at java.util.concurrent.ThreadPoolExecutor$Worker.run(ThreadPoolExecutor.java:624)
	at java.lang.Thread.run(Thread.java:748)
2020-11-04 23:51:23,238 [myid:1] - WARN  [NIOWorkerThread-51:NIOServerCnxn@364] - Unexpected exception
EndOfStreamException: Unable to read additional data from client, it probably closed the socket: address = /10.141.0.21:54270, session = 0x11401bb762f001a
	at org.apache.zookeeper.server.NIOServerCnxn.handleFailedRead(NIOServerCnxn.java:163)
	at org.apache.zookeeper.server.NIOServerCnxn.doIO(NIOServerCnxn.java:326)
	at org.apache.zookeeper.server.NIOServerCnxnFactory$IOWorkRequest.doWork(NIOServerCnxnFactory.java:522)
	at org.apache.zookeeper.server.WorkerService$ScheduledWorkRequest.run(WorkerService.java:154)
	at java.util.concurrent.ThreadPoolExecutor.runWorker(ThreadPoolExecutor.java:1149)
	at java.util.concurrent.ThreadPoolExecutor$Worker.run(ThreadPoolExecutor.java:624)
	at java.lang.Thread.run(Thread.java:748)
2020-11-04 23:51:27,704 [myid:1] - INFO  [CommitProcessor:1:LearnerSessionTracker@116] - Committing global session 0x11401bb762f001f
2020-11-04 23:51:27,705 [myid:1] - INFO  [CommitProcessor:1:LearnerSessionTracker@116] - Committing global session 0x11401bb762f001e
2020-11-04 23:51:27,706 [myid:1] - INFO  [CommitProcessor:1:LearnerSessionTracker@116] - Committing global session 0x11401bb762f0020
2020-11-04 23:51:27,713 [myid:1] - INFO  [CommitProcessor:1:LearnerSessionTracker@116] - Committing global session 0x11401bb762f0021
2020-11-04 23:51:27,713 [myid:1] - INFO  [CommitProcessor:1:LearnerSessionTracker@116] - Committing global session 0x11401bb762f0022
2020-11-04 23:51:27,714 [myid:1] - INFO  [CommitProcessor:1:LearnerSessionTracker@116] - Committing global session 0x11401bb762f0023
2020-11-04 23:51:27,714 [myid:1] - INFO  [CommitProcessor:1:LearnerSessionTracker@116] - Committing global session 0x11401bb762f0024
2020-11-04 23:51:27,715 [myid:1] - INFO  [CommitProcessor:1:LearnerSessionTracker@116] - Committing global session 0x11401bb762f0025
2020-11-04 23:51:27,715 [myid:1] - INFO  [CommitProcessor:1:LearnerSessionTracker@116] - Committing global session 0x11401bb762f0026
2020-11-04 23:51:27,715 [myid:1] - INFO  [CommitProcessor:1:LearnerSessionTracker@116] - Committing global session 0x11401bb762f0027
2020-11-04 23:51:31,371 [myid:1] - INFO  [CommitProcessor:1:LearnerSessionTracker@116] - Committing global session 0x11401bb762f0028
2020-11-04 23:51:31,372 [myid:1] - INFO  [CommitProcessor:1:LearnerSessionTracker@116] - Committing global session 0x11401bb762f0029
2020-11-04 23:51:31,372 [myid:1] - INFO  [CommitProcessor:1:LearnerSessionTracker@116] - Committing global session 0x11401bb762f002a
2020-11-04 23:51:31,373 [myid:1] - INFO  [CommitProcessor:1:LearnerSessionTracker@116] - Committing global session 0x11401bb762f002b
2020-11-04 23:51:31,373 [myid:1] - INFO  [CommitProcessor:1:LearnerSessionTracker@116] - Committing global session 0x11401bb762f002c
2020-11-04 23:51:31,373 [myid:1] - INFO  [CommitProcessor:1:LearnerSessionTracker@116] - Committing global session 0x11401bb762f002d
2020-11-04 23:51:31,374 [myid:1] - INFO  [CommitProcessor:1:LearnerSessionTracker@116] - Committing global session 0x11401bb762f002e
2020-11-04 23:51:31,374 [myid:1] - INFO  [CommitProcessor:1:LearnerSessionTracker@116] - Committing global session 0x11401bb762f002f
2020-11-04 23:51:31,374 [myid:1] - INFO  [CommitProcessor:1:LearnerSessionTracker@116] - Committing global session 0x11401bb762f0030
2020-11-04 23:51:31,375 [myid:1] - INFO  [CommitProcessor:1:LearnerSessionTracker@116] - Committing global session 0x11401bb762f0031
2020-11-04 23:53:36,700 [myid:1] - INFO  [SyncThread:1:FileTxnLog@284] - Creating new log file: log.150001450f
2020-11-04 23:53:36,700 [myid:1] - INFO  [Snapshot Thread:FileTxnSnapLog@470] - Snapshotting: 0x1500014506 to /local/ddps2008/zooData/version-2/snapshot.1500014506
2020-11-04 23:53:36,711 [myid:1] - INFO  [Snapshot Thread:ZooKeeperServer@529] - Snapshot taken in 11 ms
2020-11-04 23:54:38,941 [myid:1] - INFO  [RequestThrottler:QuorumZooKeeperServer@159] - Submitting global closeSession request for session 0x11401bb762f0021
2020-11-04 23:54:39,755 [myid:1] - INFO  [RequestThrottler:QuorumZooKeeperServer@159] - Submitting global closeSession request for session 0x11401bb762f001f
2020-11-04 23:54:39,832 [myid:1] - INFO  [RequestThrottler:QuorumZooKeeperServer@159] - Submitting global closeSession request for session 0x11401bb762f0025
2020-11-04 23:54:39,865 [myid:1] - INFO  [RequestThrottler:QuorumZooKeeperServer@159] - Submitting global closeSession request for session 0x11401bb762f0027
2020-11-04 23:54:39,892 [myid:1] - INFO  [RequestThrottler:QuorumZooKeeperServer@159] - Submitting global closeSession request for session 0x11401bb762f0023
2020-11-04 23:54:40,375 [myid:1] - INFO  [RequestThrottler:QuorumZooKeeperServer@159] - Submitting global closeSession request for session 0x11401bb762f0020
2020-11-04 23:54:40,676 [myid:1] - INFO  [RequestThrottler:QuorumZooKeeperServer@159] - Submitting global closeSession request for session 0x11401bb762f0024
2020-11-04 23:54:40,871 [myid:1] - INFO  [RequestThrottler:QuorumZooKeeperServer@159] - Submitting global closeSession request for session 0x11401bb762f0022
2020-11-04 23:54:41,099 [myid:1] - INFO  [RequestThrottler:QuorumZooKeeperServer@159] - Submitting global closeSession request for session 0x11401bb762f001e
2020-11-04 23:54:41,267 [myid:1] - INFO  [RequestThrottler:QuorumZooKeeperServer@159] - Submitting global closeSession request for session 0x11401bb762f0026
2020-11-04 23:54:43,955 [myid:1] - INFO  [RequestThrottler:QuorumZooKeeperServer@159] - Submitting global closeSession request for session 0x11401bb762f0029
2020-11-04 23:54:44,134 [myid:1] - INFO  [RequestThrottler:QuorumZooKeeperServer@159] - Submitting global closeSession request for session 0x11401bb762f002d
2020-11-04 23:54:44,367 [myid:1] - INFO  [RequestThrottler:QuorumZooKeeperServer@159] - Submitting global closeSession request for session 0x11401bb762f002c
2020-11-04 23:54:44,577 [myid:1] - INFO  [RequestThrottler:QuorumZooKeeperServer@159] - Submitting global closeSession request for session 0x11401bb762f0030
2020-11-04 23:54:44,584 [myid:1] - INFO  [RequestThrottler:QuorumZooKeeperServer@159] - Submitting global closeSession request for session 0x11401bb762f0028
2020-11-04 23:54:44,735 [myid:1] - INFO  [RequestThrottler:QuorumZooKeeperServer@159] - Submitting global closeSession request for session 0x11401bb762f002b
2020-11-04 23:54:45,119 [myid:1] - INFO  [RequestThrottler:QuorumZooKeeperServer@159] - Submitting global closeSession request for session 0x11401bb762f0031
2020-11-04 23:54:45,248 [myid:1] - INFO  [RequestThrottler:QuorumZooKeeperServer@159] - Submitting global closeSession request for session 0x11401bb762f002e
2020-11-04 23:54:45,256 [myid:1] - INFO  [RequestThrottler:QuorumZooKeeperServer@159] - Submitting global closeSession request for session 0x11401bb762f002f
2020-11-04 23:54:45,319 [myid:1] - INFO  [RequestThrottler:QuorumZooKeeperServer@159] - Submitting global closeSession request for session 0x11401bb762f002a
2020-11-04 23:54:59,527 [myid:1] - INFO  [CommitProcessor:1:LearnerSessionTracker@116] - Committing global session 0x11401bb762f0032
2020-11-04 23:54:59,528 [myid:1] - INFO  [CommitProcessor:1:LearnerSessionTracker@116] - Committing global session 0x11401bb762f0033
2020-11-04 23:54:59,529 [myid:1] - INFO  [CommitProcessor:1:LearnerSessionTracker@116] - Committing global session 0x11401bb762f0034
2020-11-04 23:54:59,529 [myid:1] - INFO  [CommitProcessor:1:LearnerSessionTracker@116] - Committing global session 0x11401bb762f0035
2020-11-04 23:54:59,529 [myid:1] - INFO  [CommitProcessor:1:LearnerSessionTracker@116] - Committing global session 0x11401bb762f0036
2020-11-04 23:54:59,530 [myid:1] - INFO  [CommitProcessor:1:LearnerSessionTracker@116] - Committing global session 0x11401bb762f0037
2020-11-04 23:54:59,530 [myid:1] - INFO  [CommitProcessor:1:LearnerSessionTracker@116] - Committing global session 0x11401bb762f0038
2020-11-04 23:54:59,532 [myid:1] - INFO  [CommitProcessor:1:LearnerSessionTracker@116] - Committing global session 0x11401bb762f0039
2020-11-04 23:54:59,532 [myid:1] - INFO  [CommitProcessor:1:LearnerSessionTracker@116] - Committing global session 0x11401bb762f003a
2020-11-04 23:54:59,532 [myid:1] - INFO  [CommitProcessor:1:LearnerSessionTracker@116] - Committing global session 0x11401bb762f003b
2020-11-04 23:55:02,751 [myid:1] - INFO  [CommitProcessor:1:LearnerSessionTracker@116] - Committing global session 0x11401bb762f003c
2020-11-04 23:55:02,751 [myid:1] - INFO  [CommitProcessor:1:LearnerSessionTracker@116] - Committing global session 0x11401bb762f003d
2020-11-04 23:55:02,752 [myid:1] - INFO  [CommitProcessor:1:LearnerSessionTracker@116] - Committing global session 0x11401bb762f003e
2020-11-04 23:55:02,752 [myid:1] - INFO  [CommitProcessor:1:LearnerSessionTracker@116] - Committing global session 0x11401bb762f003f
2020-11-04 23:55:02,753 [myid:1] - INFO  [CommitProcessor:1:LearnerSessionTracker@116] - Committing global session 0x11401bb762f0040
2020-11-04 23:55:02,753 [myid:1] - INFO  [CommitProcessor:1:LearnerSessionTracker@116] - Committing global session 0x11401bb762f0041
2020-11-04 23:55:02,753 [myid:1] - INFO  [CommitProcessor:1:LearnerSessionTracker@116] - Committing global session 0x11401bb762f0042
2020-11-04 23:55:02,754 [myid:1] - INFO  [CommitProcessor:1:LearnerSessionTracker@116] - Committing global session 0x11401bb762f0043
2020-11-04 23:55:02,754 [myid:1] - INFO  [CommitProcessor:1:LearnerSessionTracker@116] - Committing global session 0x11401bb762f0044
2020-11-04 23:55:02,754 [myid:1] - INFO  [CommitProcessor:1:LearnerSessionTracker@116] - Committing global session 0x11401bb762f0045
2020-11-04 23:56:53,312 [myid:1] - INFO  [SyncThread:1:FileTxnLog@284] - Creating new log file: log.150002b197
2020-11-04 23:56:53,312 [myid:1] - INFO  [Snapshot Thread:FileTxnSnapLog@470] - Snapshotting: 0x150002b185 to /local/ddps2008/zooData/version-2/snapshot.150002b185
2020-11-04 23:56:53,323 [myid:1] - INFO  [Snapshot Thread:ZooKeeperServer@529] - Snapshot taken in 11 ms
2020-11-04 23:57:30,801 [myid:1] - WARN  [NIOWorkerThread-8:NIOServerCnxn@364] - Unexpected exception
EndOfStreamException: Unable to read additional data from client, it probably closed the socket: address = /10.141.0.21:54338, session = 0x11401bb762f003e
	at org.apache.zookeeper.server.NIOServerCnxn.handleFailedRead(NIOServerCnxn.java:163)
	at org.apache.zookeeper.server.NIOServerCnxn.doIO(NIOServerCnxn.java:326)
	at org.apache.zookeeper.server.NIOServerCnxnFactory$IOWorkRequest.doWork(NIOServerCnxnFactory.java:522)
	at org.apache.zookeeper.server.WorkerService$ScheduledWorkRequest.run(WorkerService.java:154)
	at java.util.concurrent.ThreadPoolExecutor.runWorker(ThreadPoolExecutor.java:1149)
	at java.util.concurrent.ThreadPoolExecutor$Worker.run(ThreadPoolExecutor.java:624)
	at java.lang.Thread.run(Thread.java:748)
2020-11-04 23:57:30,801 [myid:1] - WARN  [NIOWorkerThread-26:NIOServerCnxn@364] - Unexpected exception
EndOfStreamException: Unable to read additional data from client, it probably closed the socket: address = /10.141.0.21:54336, session = 0x11401bb762f003d
	at org.apache.zookeeper.server.NIOServerCnxn.handleFailedRead(NIOServerCnxn.java:163)
	at org.apache.zookeeper.server.NIOServerCnxn.doIO(NIOServerCnxn.java:326)
	at org.apache.zookeeper.server.NIOServerCnxnFactory$IOWorkRequest.doWork(NIOServerCnxnFactory.java:522)
	at org.apache.zookeeper.server.WorkerService$ScheduledWorkRequest.run(WorkerService.java:154)
	at java.util.concurrent.ThreadPoolExecutor.runWorker(ThreadPoolExecutor.java:1149)
	at java.util.concurrent.ThreadPoolExecutor$Worker.run(ThreadPoolExecutor.java:624)
	at java.lang.Thread.run(Thread.java:748)
2020-11-04 23:57:30,801 [myid:1] - WARN  [NIOWorkerThread-29:NIOServerCnxn@364] - Unexpected exception
EndOfStreamException: Unable to read additional data from client, it probably closed the socket: address = /10.141.0.21:54334, session = 0x11401bb762f003f
	at org.apache.zookeeper.server.NIOServerCnxn.handleFailedRead(NIOServerCnxn.java:163)
	at org.apache.zookeeper.server.NIOServerCnxn.doIO(NIOServerCnxn.java:326)
	at org.apache.zookeeper.server.NIOServerCnxnFactory$IOWorkRequest.doWork(NIOServerCnxnFactory.java:522)
	at org.apache.zookeeper.server.WorkerService$ScheduledWorkRequest.run(WorkerService.java:154)
	at java.util.concurrent.ThreadPoolExecutor.runWorker(ThreadPoolExecutor.java:1149)
	at java.util.concurrent.ThreadPoolExecutor$Worker.run(ThreadPoolExecutor.java:624)
	at java.lang.Thread.run(Thread.java:748)
2020-11-04 23:57:30,801 [myid:1] - WARN  [NIOWorkerThread-36:NIOServerCnxn@364] - Unexpected exception
EndOfStreamException: Unable to read additional data from client, it probably closed the socket: address = /10.141.0.21:54346, session = 0x11401bb762f0042
	at org.apache.zookeeper.server.NIOServerCnxn.handleFailedRead(NIOServerCnxn.java:163)
	at org.apache.zookeeper.server.NIOServerCnxn.doIO(NIOServerCnxn.java:326)
	at org.apache.zookeeper.server.NIOServerCnxnFactory$IOWorkRequest.doWork(NIOServerCnxnFactory.java:522)
	at org.apache.zookeeper.server.WorkerService$ScheduledWorkRequest.run(WorkerService.java:154)
	at java.util.concurrent.ThreadPoolExecutor.runWorker(ThreadPoolExecutor.java:1149)
	at java.util.concurrent.ThreadPoolExecutor$Worker.run(ThreadPoolExecutor.java:624)
	at java.lang.Thread.run(Thread.java:748)
2020-11-04 23:57:30,801 [myid:1] - WARN  [NIOWorkerThread-20:NIOServerCnxn@364] - Unexpected exception
EndOfStreamException: Unable to read additional data from client, it probably closed the socket: address = /10.141.0.21:54340, session = 0x11401bb762f003c
	at org.apache.zookeeper.server.NIOServerCnxn.handleFailedRead(NIOServerCnxn.java:163)
	at org.apache.zookeeper.server.NIOServerCnxn.doIO(NIOServerCnxn.java:326)
	at org.apache.zookeeper.server.NIOServerCnxnFactory$IOWorkRequest.doWork(NIOServerCnxnFactory.java:522)
	at org.apache.zookeeper.server.WorkerService$ScheduledWorkRequest.run(WorkerService.java:154)
	at java.util.concurrent.ThreadPoolExecutor.runWorker(ThreadPoolExecutor.java:1149)
	at java.util.concurrent.ThreadPoolExecutor$Worker.run(ThreadPoolExecutor.java:624)
	at java.lang.Thread.run(Thread.java:748)
2020-11-04 23:57:30,801 [myid:1] - WARN  [NIOWorkerThread-28:NIOServerCnxn@364] - Unexpected exception
EndOfStreamException: Unable to read additional data from client, it probably closed the socket: address = /10.141.0.21:54348, session = 0x11401bb762f0043
	at org.apache.zookeeper.server.NIOServerCnxn.handleFailedRead(NIOServerCnxn.java:163)
	at org.apache.zookeeper.server.NIOServerCnxn.doIO(NIOServerCnxn.java:326)
	at org.apache.zookeeper.server.NIOServerCnxnFactory$IOWorkRequest.doWork(NIOServerCnxnFactory.java:522)
	at org.apache.zookeeper.server.WorkerService$ScheduledWorkRequest.run(WorkerService.java:154)
	at java.util.concurrent.ThreadPoolExecutor.runWorker(ThreadPoolExecutor.java:1149)
	at java.util.concurrent.ThreadPoolExecutor$Worker.run(ThreadPoolExecutor.java:624)
	at java.lang.Thread.run(Thread.java:748)
2020-11-04 23:57:30,801 [myid:1] - WARN  [NIOWorkerThread-41:NIOServerCnxn@364] - Unexpected exception
EndOfStreamException: Unable to read additional data from client, it probably closed the socket: address = /10.141.0.21:54342, session = 0x11401bb762f0040
	at org.apache.zookeeper.server.NIOServerCnxn.handleFailedRead(NIOServerCnxn.java:163)
	at org.apache.zookeeper.server.NIOServerCnxn.doIO(NIOServerCnxn.java:326)
	at org.apache.zookeeper.server.NIOServerCnxnFactory$IOWorkRequest.doWork(NIOServerCnxnFactory.java:522)
	at org.apache.zookeeper.server.WorkerService$ScheduledWorkRequest.run(WorkerService.java:154)
	at java.util.concurrent.ThreadPoolExecutor.runWorker(ThreadPoolExecutor.java:1149)
	at java.util.concurrent.ThreadPoolExecutor$Worker.run(ThreadPoolExecutor.java:624)
	at java.lang.Thread.run(Thread.java:748)
2020-11-04 23:57:30,801 [myid:1] - WARN  [NIOWorkerThread-40:NIOServerCnxn@364] - Unexpected exception
EndOfStreamException: Unable to read additional data from client, it probably closed the socket: address = /10.141.0.21:54344, session = 0x11401bb762f0041
	at org.apache.zookeeper.server.NIOServerCnxn.handleFailedRead(NIOServerCnxn.java:163)
	at org.apache.zookeeper.server.NIOServerCnxn.doIO(NIOServerCnxn.java:326)
	at org.apache.zookeeper.server.NIOServerCnxnFactory$IOWorkRequest.doWork(NIOServerCnxnFactory.java:522)
	at org.apache.zookeeper.server.WorkerService$ScheduledWorkRequest.run(WorkerService.java:154)
	at java.util.concurrent.ThreadPoolExecutor.runWorker(ThreadPoolExecutor.java:1149)
	at java.util.concurrent.ThreadPoolExecutor$Worker.run(ThreadPoolExecutor.java:624)
	at java.lang.Thread.run(Thread.java:748)
2020-11-04 23:57:30,801 [myid:1] - WARN  [NIOWorkerThread-15:NIOServerCnxn@364] - Unexpected exception
EndOfStreamException: Unable to read additional data from client, it probably closed the socket: address = /10.141.0.21:54352, session = 0x11401bb762f0045
	at org.apache.zookeeper.server.NIOServerCnxn.handleFailedRead(NIOServerCnxn.java:163)
	at org.apache.zookeeper.server.NIOServerCnxn.doIO(NIOServerCnxn.java:326)
	at org.apache.zookeeper.server.NIOServerCnxnFactory$IOWorkRequest.doWork(NIOServerCnxnFactory.java:522)
	at org.apache.zookeeper.server.WorkerService$ScheduledWorkRequest.run(WorkerService.java:154)
	at java.util.concurrent.ThreadPoolExecutor.runWorker(ThreadPoolExecutor.java:1149)
	at java.util.concurrent.ThreadPoolExecutor$Worker.run(ThreadPoolExecutor.java:624)
	at java.lang.Thread.run(Thread.java:748)
2020-11-04 23:57:30,801 [myid:1] - WARN  [NIOWorkerThread-27:NIOServerCnxn@364] - Unexpected exception
EndOfStreamException: Unable to read additional data from client, it probably closed the socket: address = /10.141.0.21:54350, session = 0x11401bb762f0044
	at org.apache.zookeeper.server.NIOServerCnxn.handleFailedRead(NIOServerCnxn.java:163)
	at org.apache.zookeeper.server.NIOServerCnxn.doIO(NIOServerCnxn.java:326)
	at org.apache.zookeeper.server.NIOServerCnxnFactory$IOWorkRequest.doWork(NIOServerCnxnFactory.java:522)
	at org.apache.zookeeper.server.WorkerService$ScheduledWorkRequest.run(WorkerService.java:154)
	at java.util.concurrent.ThreadPoolExecutor.runWorker(ThreadPoolExecutor.java:1149)
	at java.util.concurrent.ThreadPoolExecutor$Worker.run(ThreadPoolExecutor.java:624)
	at java.lang.Thread.run(Thread.java:748)
2020-11-04 23:57:36,842 [myid:1] - WARN  [NIOWorkerThread-15:NIOServerCnxn@364] - Unexpected exception
EndOfStreamException: Unable to read additional data from client, it probably closed the socket: address = /10.141.0.20:60867, session = 0x11401bb762f0034
	at org.apache.zookeeper.server.NIOServerCnxn.handleFailedRead(NIOServerCnxn.java:163)
	at org.apache.zookeeper.server.NIOServerCnxn.doIO(NIOServerCnxn.java:326)
	at org.apache.zookeeper.server.NIOServerCnxnFactory$IOWorkRequest.doWork(NIOServerCnxnFactory.java:522)
	at org.apache.zookeeper.server.WorkerService$ScheduledWorkRequest.run(WorkerService.java:154)
	at java.util.concurrent.ThreadPoolExecutor.runWorker(ThreadPoolExecutor.java:1149)
	at java.util.concurrent.ThreadPoolExecutor$Worker.run(ThreadPoolExecutor.java:624)
	at java.lang.Thread.run(Thread.java:748)
2020-11-04 23:57:36,842 [myid:1] - WARN  [NIOWorkerThread-39:NIOServerCnxn@364] - Unexpected exception
EndOfStreamException: Unable to read additional data from client, it probably closed the socket: address = /10.141.0.20:60877, session = 0x11401bb762f0038
	at org.apache.zookeeper.server.NIOServerCnxn.handleFailedRead(NIOServerCnxn.java:163)
	at org.apache.zookeeper.server.NIOServerCnxn.doIO(NIOServerCnxn.java:326)
	at org.apache.zookeeper.server.NIOServerCnxnFactory$IOWorkRequest.doWork(NIOServerCnxnFactory.java:522)
	at org.apache.zookeeper.server.WorkerService$ScheduledWorkRequest.run(WorkerService.java:154)
	at java.util.concurrent.ThreadPoolExecutor.runWorker(ThreadPoolExecutor.java:1149)
	at java.util.concurrent.ThreadPoolExecutor$Worker.run(ThreadPoolExecutor.java:624)
	at java.lang.Thread.run(Thread.java:748)
2020-11-04 23:57:36,842 [myid:1] - WARN  [NIOWorkerThread-7:NIOServerCnxn@364] - Unexpected exception
EndOfStreamException: Unable to read additional data from client, it probably closed the socket: address = /10.141.0.20:60869, session = 0x11401bb762f0032
	at org.apache.zookeeper.server.NIOServerCnxn.handleFailedRead(NIOServerCnxn.java:163)
	at org.apache.zookeeper.server.NIOServerCnxn.doIO(NIOServerCnxn.java:326)
	at org.apache.zookeeper.server.NIOServerCnxnFactory$IOWorkRequest.doWork(NIOServerCnxnFactory.java:522)
	at org.apache.zookeeper.server.WorkerService$ScheduledWorkRequest.run(WorkerService.java:154)
	at java.util.concurrent.ThreadPoolExecutor.runWorker(ThreadPoolExecutor.java:1149)
	at java.util.concurrent.ThreadPoolExecutor$Worker.run(ThreadPoolExecutor.java:624)
	at java.lang.Thread.run(Thread.java:748)
2020-11-04 23:57:36,842 [myid:1] - WARN  [NIOWorkerThread-64:NIOServerCnxn@364] - Unexpected exception
EndOfStreamException: Unable to read additional data from client, it probably closed the socket: address = /10.141.0.20:60873, session = 0x11401bb762f0037
	at org.apache.zookeeper.server.NIOServerCnxn.handleFailedRead(NIOServerCnxn.java:163)
	at org.apache.zookeeper.server.NIOServerCnxn.doIO(NIOServerCnxn.java:326)
	at org.apache.zookeeper.server.NIOServerCnxnFactory$IOWorkRequest.doWork(NIOServerCnxnFactory.java:522)
	at org.apache.zookeeper.server.WorkerService$ScheduledWorkRequest.run(WorkerService.java:154)
	at java.util.concurrent.ThreadPoolExecutor.runWorker(ThreadPoolExecutor.java:1149)
	at java.util.concurrent.ThreadPoolExecutor$Worker.run(ThreadPoolExecutor.java:624)
	at java.lang.Thread.run(Thread.java:748)
2020-11-04 23:57:36,842 [myid:1] - WARN  [NIOWorkerThread-8:NIOServerCnxn@364] - Unexpected exception
EndOfStreamException: Unable to read additional data from client, it probably closed the socket: address = /10.141.0.20:60865, session = 0x11401bb762f0033
	at org.apache.zookeeper.server.NIOServerCnxn.handleFailedRead(NIOServerCnxn.java:163)
	at org.apache.zookeeper.server.NIOServerCnxn.doIO(NIOServerCnxn.java:326)
	at org.apache.zookeeper.server.NIOServerCnxnFactory$IOWorkRequest.doWork(NIOServerCnxnFactory.java:522)
	at org.apache.zookeeper.server.WorkerService$ScheduledWorkRequest.run(WorkerService.java:154)
	at java.util.concurrent.ThreadPoolExecutor.runWorker(ThreadPoolExecutor.java:1149)
	at java.util.concurrent.ThreadPoolExecutor$Worker.run(ThreadPoolExecutor.java:624)
	at java.lang.Thread.run(Thread.java:748)
2020-11-04 23:57:36,842 [myid:1] - WARN  [NIOWorkerThread-12:NIOServerCnxn@364] - Unexpected exception
EndOfStreamException: Unable to read additional data from client, it probably closed the socket: address = /10.141.0.20:60879, session = 0x11401bb762f0039
	at org.apache.zookeeper.server.NIOServerCnxn.handleFailedRead(NIOServerCnxn.java:163)
	at org.apache.zookeeper.server.NIOServerCnxn.doIO(NIOServerCnxn.java:326)
	at org.apache.zookeeper.server.NIOServerCnxnFactory$IOWorkRequest.doWork(NIOServerCnxnFactory.java:522)
	at org.apache.zookeeper.server.WorkerService$ScheduledWorkRequest.run(WorkerService.java:154)
	at java.util.concurrent.ThreadPoolExecutor.runWorker(ThreadPoolExecutor.java:1149)
	at java.util.concurrent.ThreadPoolExecutor$Worker.run(ThreadPoolExecutor.java:624)
	at java.lang.Thread.run(Thread.java:748)
2020-11-04 23:57:36,842 [myid:1] - WARN  [NIOWorkerThread-35:NIOServerCnxn@364] - Unexpected exception
EndOfStreamException: Unable to read additional data from client, it probably closed the socket: address = /10.141.0.20:60875, session = 0x11401bb762f0036
	at org.apache.zookeeper.server.NIOServerCnxn.handleFailedRead(NIOServerCnxn.java:163)
	at org.apache.zookeeper.server.NIOServerCnxn.doIO(NIOServerCnxn.java:326)
	at org.apache.zookeeper.server.NIOServerCnxnFactory$IOWorkRequest.doWork(NIOServerCnxnFactory.java:522)
	at org.apache.zookeeper.server.WorkerService$ScheduledWorkRequest.run(WorkerService.java:154)
	at java.util.concurrent.ThreadPoolExecutor.runWorker(ThreadPoolExecutor.java:1149)
	at java.util.concurrent.ThreadPoolExecutor$Worker.run(ThreadPoolExecutor.java:624)
	at java.lang.Thread.run(Thread.java:748)
2020-11-04 23:57:36,842 [myid:1] - WARN  [NIOWorkerThread-52:NIOServerCnxn@364] - Unexpected exception
EndOfStreamException: Unable to read additional data from client, it probably closed the socket: address = /10.141.0.20:60871, session = 0x11401bb762f0035
	at org.apache.zookeeper.server.NIOServerCnxn.handleFailedRead(NIOServerCnxn.java:163)
	at org.apache.zookeeper.server.NIOServerCnxn.doIO(NIOServerCnxn.java:326)
	at org.apache.zookeeper.server.NIOServerCnxnFactory$IOWorkRequest.doWork(NIOServerCnxnFactory.java:522)
	at org.apache.zookeeper.server.WorkerService$ScheduledWorkRequest.run(WorkerService.java:154)
	at java.util.concurrent.ThreadPoolExecutor.runWorker(ThreadPoolExecutor.java:1149)
	at java.util.concurrent.ThreadPoolExecutor$Worker.run(ThreadPoolExecutor.java:624)
	at java.lang.Thread.run(Thread.java:748)
2020-11-04 23:57:36,842 [myid:1] - WARN  [NIOWorkerThread-34:NIOServerCnxn@364] - Unexpected exception
EndOfStreamException: Unable to read additional data from client, it probably closed the socket: address = /10.141.0.20:60883, session = 0x11401bb762f003b
	at org.apache.zookeeper.server.NIOServerCnxn.handleFailedRead(NIOServerCnxn.java:163)
	at org.apache.zookeeper.server.NIOServerCnxn.doIO(NIOServerCnxn.java:326)
	at org.apache.zookeeper.server.NIOServerCnxnFactory$IOWorkRequest.doWork(NIOServerCnxnFactory.java:522)
	at org.apache.zookeeper.server.WorkerService$ScheduledWorkRequest.run(WorkerService.java:154)
	at java.util.concurrent.ThreadPoolExecutor.runWorker(ThreadPoolExecutor.java:1149)
	at java.util.concurrent.ThreadPoolExecutor$Worker.run(ThreadPoolExecutor.java:624)
	at java.lang.Thread.run(Thread.java:748)
2020-11-04 23:57:36,842 [myid:1] - WARN  [NIOWorkerThread-3:NIOServerCnxn@364] - Unexpected exception
EndOfStreamException: Unable to read additional data from client, it probably closed the socket: address = /10.141.0.20:60881, session = 0x11401bb762f003a
	at org.apache.zookeeper.server.NIOServerCnxn.handleFailedRead(NIOServerCnxn.java:163)
	at org.apache.zookeeper.server.NIOServerCnxn.doIO(NIOServerCnxn.java:326)
	at org.apache.zookeeper.server.NIOServerCnxnFactory$IOWorkRequest.doWork(NIOServerCnxnFactory.java:522)
	at org.apache.zookeeper.server.WorkerService$ScheduledWorkRequest.run(WorkerService.java:154)
	at java.util.concurrent.ThreadPoolExecutor.runWorker(ThreadPoolExecutor.java:1149)
	at java.util.concurrent.ThreadPoolExecutor$Worker.run(ThreadPoolExecutor.java:624)
	at java.lang.Thread.run(Thread.java:748)
