2020-11-04 23:27:20,300 [myid:] - INFO  [main:QuorumPeerConfig@174] - Reading configuration from: /home/ddps2008/DPS_A1/bin/../conf/zoo.cfg
2020-11-04 23:27:20,311 [myid:] - INFO  [main:QuorumPeerConfig@460] - clientPortAddress is 0.0.0.0:2181
2020-11-04 23:27:20,311 [myid:] - INFO  [main:QuorumPeerConfig@464] - secureClientPort is not set
2020-11-04 23:27:20,311 [myid:] - INFO  [main:QuorumPeerConfig@480] - observerMasterPort is not set
2020-11-04 23:27:20,312 [myid:] - INFO  [main:QuorumPeerConfig@497] - metricsProvider.className is org.apache.zookeeper.metrics.impl.DefaultMetricsProvider
2020-11-04 23:27:20,323 [myid:7] - INFO  [main:DatadirCleanupManager@78] - autopurge.snapRetainCount set to 3
2020-11-04 23:27:20,323 [myid:7] - INFO  [main:DatadirCleanupManager@79] - autopurge.purgeInterval set to 0
2020-11-04 23:27:20,323 [myid:7] - INFO  [main:DatadirCleanupManager@101] - Purge task is not scheduled.
2020-11-04 23:27:20,326 [myid:7] - INFO  [main:ManagedUtil@44] - Log4j 1.2 jmx support found and enabled.
2020-11-04 23:27:20,334 [myid:7] - INFO  [main:QuorumPeerMain@151] - Starting quorum peer, myid=7
2020-11-04 23:27:20,350 [myid:7] - INFO  [main:ServerMetrics@62] - ServerMetrics initialized with provider org.apache.zookeeper.metrics.impl.DefaultMetricsProvider@511baa65
2020-11-04 23:27:20,359 [myid:7] - INFO  [main:ServerCnxnFactory@169] - Using org.apache.zookeeper.server.NIOServerCnxnFactory as server connection factory
2020-11-04 23:27:20,360 [myid:7] - WARN  [main:ServerCnxnFactory@309] - maxCnxns is not configured, using default value 0.
2020-11-04 23:27:20,362 [myid:7] - INFO  [main:NIOServerCnxnFactory@666] - Configuring NIO connection handler with 10s sessionless connection timeout, 4 selector thread(s), 64 worker threads, and 64 kB direct buffers.
2020-11-04 23:27:20,365 [myid:7] - INFO  [main:NIOServerCnxnFactory@674] - binding to port 0.0.0.0/0.0.0.0:2181
2020-11-04 23:27:20,373 [myid:7] - INFO  [main:QuorumPeer@752] - zookeeper.quorumCnxnTimeoutMs=-1
2020-11-04 23:27:20,401 [myid:7] - INFO  [main:Log@169] - Logging initialized @664ms to org.eclipse.jetty.util.log.Slf4jLog
2020-11-04 23:27:20,489 [myid:7] - WARN  [main:ContextHandler@1520] - o.e.j.s.ServletContextHandler@1b68ddbd{/,null,UNAVAILABLE} contextPath ends with /*
2020-11-04 23:27:20,489 [myid:7] - WARN  [main:ContextHandler@1531] - Empty contextPath
2020-11-04 23:27:20,514 [myid:7] - INFO  [main:X509Util@77] - Setting -D jdk.tls.rejectClientInitiatedRenegotiation=true to disable client-initiated TLS renegotiation
2020-11-04 23:27:20,516 [myid:7] - INFO  [main:FileTxnSnapLog@124] - zookeeper.snapshot.trust.empty : false
2020-11-04 23:27:20,526 [myid:7] - INFO  [main:QuorumPeer@1683] - Local sessions disabled
2020-11-04 23:27:20,526 [myid:7] - INFO  [main:QuorumPeer@1694] - Local session upgrading disabled
2020-11-04 23:27:20,526 [myid:7] - INFO  [main:QuorumPeer@1661] - tickTime set to 2000
2020-11-04 23:27:20,526 [myid:7] - INFO  [main:QuorumPeer@1705] - minSessionTimeout set to 4000
2020-11-04 23:27:20,526 [myid:7] - INFO  [main:QuorumPeer@1716] - maxSessionTimeout set to 40000
2020-11-04 23:27:20,526 [myid:7] - INFO  [main:QuorumPeer@1741] - initLimit set to 10
2020-11-04 23:27:20,526 [myid:7] - INFO  [main:QuorumPeer@1928] - syncLimit set to 5
2020-11-04 23:27:20,526 [myid:7] - INFO  [main:QuorumPeer@1943] - connectToLearnerMasterLimit set to 0
2020-11-04 23:27:20,537 [myid:7] - INFO  [main:ZookeeperBanner@42] - 
2020-11-04 23:27:20,537 [myid:7] - INFO  [main:ZookeeperBanner@42] -   ______                  _                                          
2020-11-04 23:27:20,537 [myid:7] - INFO  [main:ZookeeperBanner@42] -  |___  /                 | |                                         
2020-11-04 23:27:20,538 [myid:7] - INFO  [main:ZookeeperBanner@42] -     / /    ___     ___   | | __   ___    ___   _ __     ___   _ __   
2020-11-04 23:27:20,538 [myid:7] - INFO  [main:ZookeeperBanner@42] -    / /    / _ \   / _ \  | |/ /  / _ \  / _ \ | '_ \   / _ \ | '__|
2020-11-04 23:27:20,538 [myid:7] - INFO  [main:ZookeeperBanner@42] -   / /__  | (_) | | (_) | |   <  |  __/ |  __/ | |_) | |  __/ | |    
2020-11-04 23:27:20,538 [myid:7] - INFO  [main:ZookeeperBanner@42] -  /_____|  \___/   \___/  |_|\_\  \___|  \___| | .__/   \___| |_|
2020-11-04 23:27:20,538 [myid:7] - INFO  [main:ZookeeperBanner@42] -                                               | |                     
2020-11-04 23:27:20,538 [myid:7] - INFO  [main:ZookeeperBanner@42] -                                               |_|                     
2020-11-04 23:27:20,538 [myid:7] - INFO  [main:ZookeeperBanner@42] - 
2020-11-04 23:27:20,540 [myid:7] - INFO  [main:Environment@98] - Server environment:zookeeper.version=3.6.2--803c7f1a12f85978cb049af5e4ef23bd8b688715, built on 09/04/2020 12:44 GMT
2020-11-04 23:27:20,540 [myid:7] - INFO  [main:Environment@98] - Server environment:host.name=node108.cm.cluster
2020-11-04 23:27:20,540 [myid:7] - INFO  [main:Environment@98] - Server environment:java.version=1.8.0_261
2020-11-04 23:27:20,540 [myid:7] - INFO  [main:Environment@98] - Server environment:java.vendor=Oracle Corporation
2020-11-04 23:27:20,540 [myid:7] - INFO  [main:Environment@98] - Server environment:java.home=/home/ddps2008/DPS_A1/java/jre1.8.0_261
2020-11-04 23:27:20,540 [myid:7] - INFO  [main:Environment@98] - Server environment:java.class.path=/home/ddps2008/DPS_A1/bin/../zookeeper-server/target/classes:/home/ddps2008/DPS_A1/bin/../build/classes:/home/ddps2008/DPS_A1/bin/../zookeeper-server/target/lib/*.jar:/home/ddps2008/DPS_A1/bin/../build/lib/*.jar:/home/ddps2008/DPS_A1/bin/../lib/zookeeper-prometheus-metrics-3.6.2.jar:/home/ddps2008/DPS_A1/bin/../lib/zookeeper-jute-3.6.2.jar:/home/ddps2008/DPS_A1/bin/../lib/zookeeper-3.6.2.jar:/home/ddps2008/DPS_A1/bin/../lib/snappy-java-1.1.7.jar:/home/ddps2008/DPS_A1/bin/../lib/slf4j-log4j12-1.7.25.jar:/home/ddps2008/DPS_A1/bin/../lib/slf4j-api-1.7.25.jar:/home/ddps2008/DPS_A1/bin/../lib/simpleclient_servlet-0.6.0.jar:/home/ddps2008/DPS_A1/bin/../lib/simpleclient_hotspot-0.6.0.jar:/home/ddps2008/DPS_A1/bin/../lib/simpleclient_common-0.6.0.jar:/home/ddps2008/DPS_A1/bin/../lib/simpleclient-0.6.0.jar:/home/ddps2008/DPS_A1/bin/../lib/netty-transport-native-unix-common-4.1.50.Final.jar:/home/ddps2008/DPS_A1/bin/../lib/netty-transport-native-epoll-4.1.50.Final.jar:/home/ddps2008/DPS_A1/bin/../lib/netty-transport-4.1.50.Final.jar:/home/ddps2008/DPS_A1/bin/../lib/netty-resolver-4.1.50.Final.jar:/home/ddps2008/DPS_A1/bin/../lib/netty-handler-4.1.50.Final.jar:/home/ddps2008/DPS_A1/bin/../lib/netty-common-4.1.50.Final.jar:/home/ddps2008/DPS_A1/bin/../lib/netty-codec-4.1.50.Final.jar:/home/ddps2008/DPS_A1/bin/../lib/netty-buffer-4.1.50.Final.jar:/home/ddps2008/DPS_A1/bin/../lib/metrics-core-3.2.5.jar:/home/ddps2008/DPS_A1/bin/../lib/log4j-1.2.17.jar:/home/ddps2008/DPS_A1/bin/../lib/json-simple-1.1.1.jar:/home/ddps2008/DPS_A1/bin/../lib/jline-2.14.6.jar:/home/ddps2008/DPS_A1/bin/../lib/jetty-util-9.4.24.v20191120.jar:/home/ddps2008/DPS_A1/bin/../lib/jetty-servlet-9.4.24.v20191120.jar:/home/ddps2008/DPS_A1/bin/../lib/jetty-server-9.4.24.v20191120.jar:/home/ddps2008/DPS_A1/bin/../lib/jetty-security-9.4.24.v20191120.jar:/home/ddps2008/DPS_A1/bin/../lib/jetty-io-9.4.24.v20191120.jar:/home/ddps2008/DPS_A1/bin/../lib/jetty-http-9.4.24.v20191120.jar:/home/ddps2008/DPS_A1/bin/../lib/javax.servlet-api-3.1.0.jar:/home/ddps2008/DPS_A1/bin/../lib/jackson-databind-2.10.3.jar:/home/ddps2008/DPS_A1/bin/../lib/jackson-core-2.10.3.jar:/home/ddps2008/DPS_A1/bin/../lib/jackson-annotations-2.10.3.jar:/home/ddps2008/DPS_A1/bin/../lib/commons-lang-2.6.jar:/home/ddps2008/DPS_A1/bin/../lib/commons-cli-1.2.jar:/home/ddps2008/DPS_A1/bin/../lib/audience-annotations-0.5.0.jar:/home/ddps2008/DPS_A1/bin/../zookeeper-*.jar:/home/ddps2008/DPS_A1/bin/../zookeeper-server/src/main/resources/lib/*.jar:/home/ddps2008/DPS_A1/bin/../conf:
2020-11-04 23:27:20,541 [myid:7] - INFO  [main:Environment@98] - Server environment:java.library.path=/cm/shared/apps/slurm/17.02.2/lib64/slurm:/cm/shared/apps/slurm/17.02.2/lib64:/cm/local/apps/gcc/6.3.0/lib:/cm/local/apps/gcc/6.3.0/lib64:/usr/java/packages/lib/amd64:/usr/lib64:/lib64:/lib:/usr/lib
2020-11-04 23:27:20,541 [myid:7] - INFO  [main:Environment@98] - Server environment:java.io.tmpdir=/tmp
2020-11-04 23:27:20,541 [myid:7] - INFO  [main:Environment@98] - Server environment:java.compiler=<NA>
2020-11-04 23:27:20,541 [myid:7] - INFO  [main:Environment@98] - Server environment:os.name=Linux
2020-11-04 23:27:20,541 [myid:7] - INFO  [main:Environment@98] - Server environment:os.arch=amd64
2020-11-04 23:27:20,541 [myid:7] - INFO  [main:Environment@98] - Server environment:os.version=3.10.0-693.17.1.el7.x86_64
2020-11-04 23:27:20,541 [myid:7] - INFO  [main:Environment@98] - Server environment:user.name=ddps2008
2020-11-04 23:27:20,541 [myid:7] - INFO  [main:Environment@98] - Server environment:user.home=/home/ddps2008
2020-11-04 23:27:20,541 [myid:7] - INFO  [main:Environment@98] - Server environment:user.dir=/home/ddps2008
2020-11-04 23:27:20,541 [myid:7] - INFO  [main:Environment@98] - Server environment:os.memory.free=903MB
2020-11-04 23:27:20,541 [myid:7] - INFO  [main:Environment@98] - Server environment:os.memory.max=958MB
2020-11-04 23:27:20,541 [myid:7] - INFO  [main:Environment@98] - Server environment:os.memory.total=958MB
2020-11-04 23:27:20,542 [myid:7] - INFO  [main:ZooKeeperServer@129] - zookeeper.enableEagerACLCheck = false
2020-11-04 23:27:20,542 [myid:7] - INFO  [main:ZooKeeperServer@137] - zookeeper.digest.enabled = true
2020-11-04 23:27:20,542 [myid:7] - INFO  [main:ZooKeeperServer@141] - zookeeper.closeSessionTxn.enabled = true
2020-11-04 23:27:20,542 [myid:7] - INFO  [main:ZooKeeperServer@1444] - zookeeper.flushDelay=0
2020-11-04 23:27:20,542 [myid:7] - INFO  [main:ZooKeeperServer@1453] - zookeeper.maxWriteQueuePollTime=0
2020-11-04 23:27:20,542 [myid:7] - INFO  [main:ZooKeeperServer@1462] - zookeeper.maxBatchSize=1000
2020-11-04 23:27:20,546 [myid:7] - INFO  [main:ZooKeeperServer@243] - zookeeper.intBufferStartingSizeBytes = 1024
2020-11-04 23:27:20,551 [myid:7] - INFO  [main:WatchManagerFactory@42] - Using org.apache.zookeeper.server.watch.WatchManager as watch manager
2020-11-04 23:27:20,551 [myid:7] - INFO  [main:WatchManagerFactory@42] - Using org.apache.zookeeper.server.watch.WatchManager as watch manager
2020-11-04 23:27:20,551 [myid:7] - INFO  [main:ZKDatabase@132] - zookeeper.snapshotSizeFactor = 0.33
2020-11-04 23:27:20,551 [myid:7] - INFO  [main:ZKDatabase@152] - zookeeper.commitLogCount=500
2020-11-04 23:27:20,566 [myid:7] - INFO  [main:QuorumPeer@2009] - Using insecure (non-TLS) quorum communication
2020-11-04 23:27:20,566 [myid:7] - INFO  [main:QuorumPeer@2015] - Port unification disabled
2020-11-04 23:27:20,566 [myid:7] - INFO  [main:QuorumPeer@174] - multiAddress.enabled set to false
2020-11-04 23:27:20,566 [myid:7] - INFO  [main:QuorumPeer@199] - multiAddress.reachabilityCheckEnabled set to true
2020-11-04 23:27:20,566 [myid:7] - INFO  [main:QuorumPeer@186] - multiAddress.reachabilityCheckTimeoutMs set to 1000
2020-11-04 23:27:20,566 [myid:7] - INFO  [main:QuorumPeer@2469] - QuorumPeer communication is not secured! (SASL auth disabled)
2020-11-04 23:27:20,566 [myid:7] - INFO  [main:QuorumPeer@2494] - quorum.cnxn.threads.size set to 20
2020-11-04 23:27:20,593 [myid:7] - INFO  [main:SnapStream@61] - zookeeper.snapshot.compression.method = CHECKED
2020-11-04 23:27:21,171 [myid:7] - INFO  [main:FileSnap@85] - Reading snapshot /local/ddps2008/zooData/version-2/snapshot.1100024a36
2020-11-04 23:27:21,189 [myid:7] - INFO  [main:DataTree@1730] - The digest in the snapshot has digest version of 2, , with zxid as 0x1100024a36, and digest value as 252884275955
2020-11-04 23:27:21,870 [myid:7] - INFO  [main:FileTxnSnapLog@363] - 55022 txns loaded in 525 ms
2020-11-04 23:27:21,870 [myid:7] - INFO  [main:ZKDatabase@289] - Snapshot loaded in 1304 ms, highest zxid is 0x120000d6ee, digest is 254293167349
2020-11-04 23:27:21,876 [myid:7] - INFO  [main:Server@359] - jetty-9.4.24.v20191120; built: 2019-11-20T21:37:49.771Z; git: 363d5f2df3a8a28de40604320230664b9c793c16; jvm 1.8.0_261-b12
2020-11-04 23:27:21,902 [myid:7] - INFO  [main:DefaultSessionIdManager@333] - DefaultSessionIdManager workerName=node0
2020-11-04 23:27:21,903 [myid:7] - INFO  [main:DefaultSessionIdManager@338] - No SessionScavenger set, using defaults
2020-11-04 23:27:21,904 [myid:7] - INFO  [main:HouseKeeper@140] - node0 Scavenging every 600000ms
2020-11-04 23:27:21,907 [myid:7] - WARN  [main:ConstraintSecurityHandler@757] - ServletContext@o.e.j.s.ServletContextHandler@1b68ddbd{/,null,STARTING} has uncovered http methods for path: /*
2020-11-04 23:27:21,914 [myid:7] - INFO  [main:ContextHandler@825] - Started o.e.j.s.ServletContextHandler@1b68ddbd{/,null,AVAILABLE}
2020-11-04 23:27:21,915 [myid:7] - WARN  [main:QuorumPeer@1083] - Problem starting AdminServer
org.apache.zookeeper.server.admin.AdminServer$AdminServerException: Problem starting AdminServer on address 0.0.0.0, port 8080 and command URL /commands
	at org.apache.zookeeper.server.admin.JettyAdminServer.start(JettyAdminServer.java:180)
	at org.apache.zookeeper.server.quorum.QuorumPeer.start(QuorumPeer.java:1081)
	at org.apache.zookeeper.server.quorum.QuorumPeerMain.runFromConfig(QuorumPeerMain.java:227)
	at org.apache.zookeeper.server.quorum.QuorumPeerMain.initializeAndRun(QuorumPeerMain.java:136)
	at org.apache.zookeeper.server.quorum.QuorumPeerMain.main(QuorumPeerMain.java:90)
Caused by: java.io.IOException: Failed to bind to /0.0.0.0:8080
	at org.eclipse.jetty.server.ServerConnector.openAcceptChannel(ServerConnector.java:346)
	at org.eclipse.jetty.server.ServerConnector.open(ServerConnector.java:307)
	at org.eclipse.jetty.server.AbstractNetworkConnector.doStart(AbstractNetworkConnector.java:80)
	at org.eclipse.jetty.server.ServerConnector.doStart(ServerConnector.java:231)
	at org.eclipse.jetty.util.component.AbstractLifeCycle.start(AbstractLifeCycle.java:72)
	at org.eclipse.jetty.server.Server.doStart(Server.java:385)
	at org.eclipse.jetty.util.component.AbstractLifeCycle.start(AbstractLifeCycle.java:72)
	at org.apache.zookeeper.server.admin.JettyAdminServer.start(JettyAdminServer.java:171)
	... 4 more
Caused by: java.net.BindException: Address already in use
	at sun.nio.ch.Net.bind0(Native Method)
	at sun.nio.ch.Net.bind(Net.java:444)
	at sun.nio.ch.Net.bind(Net.java:436)
	at sun.nio.ch.ServerSocketChannelImpl.bind(ServerSocketChannelImpl.java:225)
	at sun.nio.ch.ServerSocketAdaptor.bind(ServerSocketAdaptor.java:74)
	at org.eclipse.jetty.server.ServerConnector.openAcceptChannel(ServerConnector.java:342)
	... 11 more
org.apache.zookeeper.server.admin.AdminServer$AdminServerException: Problem starting AdminServer on address 0.0.0.0, port 8080 and command URL /commands
2020-11-04 23:27:21,917 [myid:7] - INFO  [main:QuorumPeer@2511] - Using 10000ms as the quorum cnxn socket timeout
2020-11-04 23:27:21,923 [myid:7] - INFO  [main:QuorumCnxManager$Listener@923] - Election port bind maximum retries is 3
2020-11-04 23:27:21,924 [myid:7] - INFO  [main:FastLeaderElection@88] - zookeeper.fastleader.minNotificationInterval=200
2020-11-04 23:27:21,925 [myid:7] - INFO  [main:FastLeaderElection@90] - zookeeper.fastleader.maxNotificationInterval=60000
2020-11-04 23:27:21,928 [myid:7] - INFO  [main:ZKAuditProvider@42] - ZooKeeper audit is disabled.
2020-11-04 23:27:21,932 [myid:7] - INFO  [ListenerHandler-node108/10.141.0.8:3888:QuorumCnxManager$Listener$ListenerHandler@1065] - 7 is accepting connections now, my election bind port: node108/10.141.0.8:3888
2020-11-04 23:27:21,937 [myid:7] - INFO  [QuorumPeer[myid=7](plain=[0:0:0:0:0:0:0:0]:2181)(secure=disabled):QuorumPeer@1374] - LOOKING
2020-11-04 23:27:21,938 [myid:7] - INFO  [QuorumPeer[myid=7](plain=[0:0:0:0:0:0:0:0]:2181)(secure=disabled):FastLeaderElection@944] - New election. My id = 7, proposed zxid=0x120000d6ee
2020-11-04 23:27:21,959 [myid:7] - INFO  [WorkerReceiver[myid=7]:FastLeaderElection$Messenger$WorkerReceiver@389] - Notification: my state:LOOKING; n.sid:7, n.state:LOOKING, n.leader:7, n.round:0x1, n.peerEpoch:0x12, n.zxid:0x120000d6ee, message format version:0x2, n.config version:0x0
2020-11-04 23:27:21,960 [myid:7] - INFO  [WorkerReceiver[myid=7]:FastLeaderElection$Messenger$WorkerReceiver@389] - Notification: my state:LOOKING; n.sid:5, n.state:LOOKING, n.leader:5, n.round:0x1, n.peerEpoch:0x12, n.zxid:0x120000d6ee, message format version:0x2, n.config version:0x0
2020-11-04 23:27:21,961 [myid:7] - INFO  [WorkerReceiver[myid=7]:FastLeaderElection$Messenger$WorkerReceiver@389] - Notification: my state:LOOKING; n.sid:4, n.state:LOOKING, n.leader:3, n.round:0x1, n.peerEpoch:0x11, n.zxid:0x1100026a92, message format version:0x2, n.config version:0x0
2020-11-04 23:27:21,962 [myid:7] - INFO  [WorkerReceiver[myid=7]:FastLeaderElection$Messenger$WorkerReceiver@389] - Notification: my state:LOOKING; n.sid:1, n.state:LOOKING, n.leader:3, n.round:0x1, n.peerEpoch:0x11, n.zxid:0x1100026a92, message format version:0x2, n.config version:0x0
2020-11-04 23:27:21,963 [myid:7] - INFO  [WorkerReceiver[myid=7]:FastLeaderElection$Messenger$WorkerReceiver@389] - Notification: my state:LOOKING; n.sid:2, n.state:LOOKING, n.leader:3, n.round:0x1, n.peerEpoch:0x11, n.zxid:0x1100026a92, message format version:0x2, n.config version:0x0
2020-11-04 23:27:21,964 [myid:7] - INFO  [WorkerReceiver[myid=7]:FastLeaderElection$Messenger$WorkerReceiver@389] - Notification: my state:LOOKING; n.sid:3, n.state:LOOKING, n.leader:3, n.round:0x1, n.peerEpoch:0x11, n.zxid:0x1100026a92, message format version:0x2, n.config version:0x0
2020-11-04 23:27:21,965 [myid:7] - INFO  [WorkerReceiver[myid=7]:FastLeaderElection$Messenger$WorkerReceiver@389] - Notification: my state:LOOKING; n.sid:6, n.state:LOOKING, n.leader:6, n.round:0x1, n.peerEpoch:0x12, n.zxid:0x120000d6ee, message format version:0x2, n.config version:0x0
2020-11-04 23:27:21,966 [myid:7] - INFO  [WorkerReceiver[myid=7]:FastLeaderElection$Messenger$WorkerReceiver@389] - Notification: my state:LOOKING; n.sid:2, n.state:FOLLOWING, n.leader:3, n.round:0x1, n.peerEpoch:0x12, n.zxid:0x1100026a92, message format version:0x2, n.config version:0x0
2020-11-04 23:27:21,967 [myid:7] - INFO  [WorkerReceiver[myid=7]:FastLeaderElection$Messenger$WorkerReceiver@389] - Notification: my state:LOOKING; n.sid:5, n.state:FOLLOWING, n.leader:3, n.round:0x1, n.peerEpoch:0x12, n.zxid:0x1100026a92, message format version:0x2, n.config version:0x0
2020-11-04 23:27:21,968 [myid:7] - INFO  [WorkerReceiver[myid=7]:FastLeaderElection$Messenger$WorkerReceiver@389] - Notification: my state:LOOKING; n.sid:1, n.state:FOLLOWING, n.leader:3, n.round:0x1, n.peerEpoch:0x12, n.zxid:0x1100026a92, message format version:0x2, n.config version:0x0
2020-11-04 23:27:21,968 [myid:7] - INFO  [WorkerReceiver[myid=7]:FastLeaderElection$Messenger$WorkerReceiver@389] - Notification: my state:LOOKING; n.sid:4, n.state:FOLLOWING, n.leader:3, n.round:0x1, n.peerEpoch:0x12, n.zxid:0x1100026a92, message format version:0x2, n.config version:0x0
2020-11-04 23:27:21,969 [myid:7] - INFO  [WorkerReceiver[myid=7]:FastLeaderElection$Messenger$WorkerReceiver@389] - Notification: my state:LOOKING; n.sid:3, n.state:LEADING, n.leader:3, n.round:0x1, n.peerEpoch:0x12, n.zxid:0x1100026a92, message format version:0x2, n.config version:0x0
2020-11-04 23:27:21,970 [myid:7] - INFO  [WorkerReceiver[myid=7]:FastLeaderElection$Messenger$WorkerReceiver@389] - Notification: my state:LOOKING; n.sid:6, n.state:FOLLOWING, n.leader:3, n.round:0x1, n.peerEpoch:0x12, n.zxid:0x1100026a92, message format version:0x2, n.config version:0x0
2020-11-04 23:27:21,970 [myid:7] - INFO  [QuorumPeer[myid=7](plain=[0:0:0:0:0:0:0:0]:2181)(secure=disabled):QuorumPeer@857] - Peer state changed: following
2020-11-04 23:27:21,971 [myid:7] - INFO  [QuorumPeer[myid=7](plain=[0:0:0:0:0:0:0:0]:2181)(secure=disabled):QuorumPeer@1456] - FOLLOWING
2020-11-04 23:27:21,977 [myid:7] - INFO  [QuorumPeer[myid=7](plain=[0:0:0:0:0:0:0:0]:2181)(secure=disabled):Learner@117] - leaderConnectDelayDuringRetryMs: 100
2020-11-04 23:27:21,977 [myid:7] - INFO  [QuorumPeer[myid=7](plain=[0:0:0:0:0:0:0:0]:2181)(secure=disabled):Learner@118] - TCP NoDelay set to: true
2020-11-04 23:27:21,981 [myid:7] - INFO  [QuorumPeer[myid=7](plain=[0:0:0:0:0:0:0:0]:2181)(secure=disabled):BlueThrottle@141] - Weighed connection throttling is disabled
2020-11-04 23:27:21,983 [myid:7] - INFO  [QuorumPeer[myid=7](plain=[0:0:0:0:0:0:0:0]:2181)(secure=disabled):ZooKeeperServer@1256] - minSessionTimeout set to 4000
2020-11-04 23:27:21,983 [myid:7] - INFO  [QuorumPeer[myid=7](plain=[0:0:0:0:0:0:0:0]:2181)(secure=disabled):ZooKeeperServer@1265] - maxSessionTimeout set to 40000
2020-11-04 23:27:21,985 [myid:7] - INFO  [QuorumPeer[myid=7](plain=[0:0:0:0:0:0:0:0]:2181)(secure=disabled):ResponseCache@45] - Response cache size is initialized with value 400.
2020-11-04 23:27:21,985 [myid:7] - INFO  [QuorumPeer[myid=7](plain=[0:0:0:0:0:0:0:0]:2181)(secure=disabled):ResponseCache@45] - Response cache size is initialized with value 400.
2020-11-04 23:27:21,987 [myid:7] - INFO  [QuorumPeer[myid=7](plain=[0:0:0:0:0:0:0:0]:2181)(secure=disabled):RequestPathMetricsCollector@111] - zookeeper.pathStats.slotCapacity = 60
2020-11-04 23:27:21,988 [myid:7] - INFO  [QuorumPeer[myid=7](plain=[0:0:0:0:0:0:0:0]:2181)(secure=disabled):RequestPathMetricsCollector@112] - zookeeper.pathStats.slotDuration = 15
2020-11-04 23:27:21,988 [myid:7] - INFO  [QuorumPeer[myid=7](plain=[0:0:0:0:0:0:0:0]:2181)(secure=disabled):RequestPathMetricsCollector@113] - zookeeper.pathStats.maxDepth = 6
2020-11-04 23:27:21,988 [myid:7] - INFO  [QuorumPeer[myid=7](plain=[0:0:0:0:0:0:0:0]:2181)(secure=disabled):RequestPathMetricsCollector@114] - zookeeper.pathStats.initialDelay = 5
2020-11-04 23:27:21,988 [myid:7] - INFO  [QuorumPeer[myid=7](plain=[0:0:0:0:0:0:0:0]:2181)(secure=disabled):RequestPathMetricsCollector@115] - zookeeper.pathStats.delay = 5
2020-11-04 23:27:21,989 [myid:7] - INFO  [QuorumPeer[myid=7](plain=[0:0:0:0:0:0:0:0]:2181)(secure=disabled):RequestPathMetricsCollector@116] - zookeeper.pathStats.enabled = false
2020-11-04 23:27:21,990 [myid:7] - INFO  [QuorumPeer[myid=7](plain=[0:0:0:0:0:0:0:0]:2181)(secure=disabled):ZooKeeperServer@1481] - The max bytes for all large requests are set to 104857600
2020-11-04 23:27:21,991 [myid:7] - INFO  [QuorumPeer[myid=7](plain=[0:0:0:0:0:0:0:0]:2181)(secure=disabled):ZooKeeperServer@1495] - The large request threshold is set to -1
2020-11-04 23:27:21,991 [myid:7] - INFO  [QuorumPeer[myid=7](plain=[0:0:0:0:0:0:0:0]:2181)(secure=disabled):ZooKeeperServer@339] - Created server with tickTime 2000 minSessionTimeout 4000 maxSessionTimeout 40000 clientPortListenBacklog -1 datadir /local/ddps2008/zooData/version-2 snapdir /local/ddps2008/zooData/version-2
2020-11-04 23:27:21,993 [myid:7] - INFO  [QuorumPeer[myid=7](plain=[0:0:0:0:0:0:0:0]:2181)(secure=disabled):Follower@75] - FOLLOWING - LEADER ELECTION TOOK - 55 MS
2020-11-04 23:27:21,998 [myid:7] - INFO  [QuorumPeer[myid=7](plain=[0:0:0:0:0:0:0:0]:2181)(secure=disabled):QuorumPeer@863] - Peer state changed: following - discovery
2020-11-04 23:27:22,002 [myid:7] - INFO  [LeaderConnector-node104/10.141.0.4:2888:Learner$LeaderConnector@330] - Successfully connected to leader, using address: node104/10.141.0.4:2888
2020-11-04 23:27:22,006 [myid:7] - INFO  [QuorumPeer[myid=7](plain=[0:0:0:0:0:0:0:0]:2181)(secure=disabled):QuorumPeer@863] - Peer state changed: following - synchronization
2020-11-04 23:27:22,007 [myid:7] - INFO  [QuorumPeer[myid=7](plain=[0:0:0:0:0:0:0:0]:2181)(secure=disabled):QuorumPeer@868] - Peer state changed: following - synchronization - trunc
2020-11-04 23:27:22,007 [myid:7] - WARN  [QuorumPeer[myid=7](plain=[0:0:0:0:0:0:0:0]:2181)(secure=disabled):Learner@539] - Truncating log to get in sync with the leader 0x1100026a92
2020-11-04 23:27:22,008 [myid:7] - INFO  [QuorumPeer[myid=7](plain=[0:0:0:0:0:0:0:0]:2181)(secure=disabled):WatchManagerFactory@42] - Using org.apache.zookeeper.server.watch.WatchManager as watch manager
2020-11-04 23:27:22,008 [myid:7] - INFO  [QuorumPeer[myid=7](plain=[0:0:0:0:0:0:0:0]:2181)(secure=disabled):WatchManagerFactory@42] - Using org.apache.zookeeper.server.watch.WatchManager as watch manager
2020-11-04 23:27:22,087 [myid:7] - INFO  [QuorumPeer[myid=7](plain=[0:0:0:0:0:0:0:0]:2181)(secure=disabled):FileSnap@85] - Reading snapshot /local/ddps2008/zooData/version-2/snapshot.1100024a36
2020-11-04 23:27:22,090 [myid:7] - INFO  [QuorumPeer[myid=7](plain=[0:0:0:0:0:0:0:0]:2181)(secure=disabled):DataTree@1730] - The digest in the snapshot has digest version of 2, , with zxid as 0x1100024a36, and digest value as 252884275955
2020-11-04 23:27:22,166 [myid:7] - INFO  [QuorumPeer[myid=7](plain=[0:0:0:0:0:0:0:0]:2181)(secure=disabled):FileTxnSnapLog@363] - 1 txns loaded in 0 ms
2020-11-04 23:27:22,166 [myid:7] - INFO  [QuorumPeer[myid=7](plain=[0:0:0:0:0:0:0:0]:2181)(secure=disabled):ZKDatabase@289] - Snapshot loaded in 82 ms, highest zxid is 0x1200000001, digest is 252884275955
2020-11-04 23:27:22,169 [myid:7] - INFO  [QuorumPeer[myid=7](plain=[0:0:0:0:0:0:0:0]:2181)(secure=disabled):Learner@677] - Learner received NEWLEADER message
2020-11-04 23:27:22,170 [myid:7] - INFO  [QuorumPeer[myid=7](plain=[0:0:0:0:0:0:0:0]:2181)(secure=disabled):QuorumPeer@1811] - Dynamic reconfig is disabled, we don't store the last seen config.
2020-11-04 23:27:22,170 [myid:7] - INFO  [QuorumPeer[myid=7](plain=[0:0:0:0:0:0:0:0]:2181)(secure=disabled):FileTxnSnapLog@470] - Snapshotting: 0x1100026a92 to /local/ddps2008/zooData/version-2/snapshot.1100026a92
2020-11-04 23:27:22,173 [myid:7] - INFO  [QuorumPeer[myid=7](plain=[0:0:0:0:0:0:0:0]:2181)(secure=disabled):ZooKeeperServer@529] - Snapshot taken in 4 ms
2020-11-04 23:27:22,187 [myid:7] - INFO  [QuorumPeer[myid=7](plain=[0:0:0:0:0:0:0:0]:2181)(secure=disabled):Learner@661] - Learner received UPTODATE message
2020-11-04 23:27:22,187 [myid:7] - INFO  [QuorumPeer[myid=7](plain=[0:0:0:0:0:0:0:0]:2181)(secure=disabled):QuorumPeer@868] - Peer state changed: following - synchronization
2020-11-04 23:27:22,192 [myid:7] - INFO  [QuorumPeer[myid=7](plain=[0:0:0:0:0:0:0:0]:2181)(secure=disabled):CommitProcessor@476] - Configuring CommitProcessor with readBatchSize -1 commitBatchSize 1
2020-11-04 23:27:22,192 [myid:7] - INFO  [QuorumPeer[myid=7](plain=[0:0:0:0:0:0:0:0]:2181)(secure=disabled):CommitProcessor@438] - Configuring CommitProcessor with 32 worker threads.
2020-11-04 23:27:22,195 [myid:7] - INFO  [QuorumPeer[myid=7](plain=[0:0:0:0:0:0:0:0]:2181)(secure=disabled):RequestThrottler@74] - zookeeper.request_throttler.shutdownTimeout = 10000
2020-11-04 23:27:22,207 [myid:7] - INFO  [QuorumPeer[myid=7](plain=[0:0:0:0:0:0:0:0]:2181)(secure=disabled):QuorumPeer@863] - Peer state changed: following - broadcast
2020-11-04 23:28:16,223 [myid:7] - WARN  [QuorumPeer[myid=7](plain=[0:0:0:0:0:0:0:0]:2181)(secure=disabled):Follower@170] - Got zxid 0x1200000001 expected 0x1
2020-11-04 23:28:16,224 [myid:7] - INFO  [SyncThread:7:FileTxnLog@284] - Creating new log file: log.1200000001
2020-11-04 23:28:16,262 [myid:7] - INFO  [CommitProcessor:7:LearnerSessionTracker@116] - Committing global session 0x11401ba79de0001
2020-11-04 23:28:16,263 [myid:7] - WARN  [CommitProcessor:7:RateLogger@86] - Message:Digests are not matching. Value is Zxid. Value:77309411329
2020-11-04 23:28:16,266 [myid:7] - ERROR [CommitProcessor:7:DataTree@1832] - First digest mismatch on txn: 77688993992278017,0,77309411329,1604528896221,-10
, 30000
, expected digest is 2,266294789095
, actual digest is 252884275955, 
2020-11-04 23:28:16,266 [myid:7] - INFO  [CommitProcessor:7:LearnerSessionTracker@116] - Committing global session 0x11401ba79de0007
2020-11-04 23:28:16,266 [myid:7] - INFO  [CommitProcessor:7:LearnerSessionTracker@116] - Committing global session 0x11401ba79de0003
2020-11-04 23:28:16,267 [myid:7] - INFO  [CommitProcessor:7:LearnerSessionTracker@116] - Committing global session 0x11401ba79de0004
2020-11-04 23:28:16,267 [myid:7] - INFO  [CommitProcessor:7:LearnerSessionTracker@116] - Committing global session 0x11401ba79de0006
2020-11-04 23:28:16,267 [myid:7] - INFO  [CommitProcessor:7:LearnerSessionTracker@116] - Committing global session 0x11401ba79de0009
2020-11-04 23:28:16,267 [myid:7] - INFO  [CommitProcessor:7:LearnerSessionTracker@116] - Committing global session 0x11401ba79de0005
2020-11-04 23:28:16,268 [myid:7] - INFO  [CommitProcessor:7:LearnerSessionTracker@116] - Committing global session 0x11401ba79de0008
2020-11-04 23:28:16,268 [myid:7] - INFO  [CommitProcessor:7:LearnerSessionTracker@116] - Committing global session 0x11401ba79de0002
2020-11-04 23:28:16,268 [myid:7] - INFO  [CommitProcessor:7:LearnerSessionTracker@116] - Committing global session 0x11401ba79de0000
2020-11-04 23:28:19,836 [myid:7] - INFO  [CommitProcessor:7:LearnerSessionTracker@116] - Committing global session 0x11401ba79de000a
2020-11-04 23:28:19,837 [myid:7] - INFO  [CommitProcessor:7:LearnerSessionTracker@116] - Committing global session 0x11401ba79de000b
2020-11-04 23:28:19,837 [myid:7] - INFO  [CommitProcessor:7:LearnerSessionTracker@116] - Committing global session 0x11401ba79de000c
2020-11-04 23:28:19,837 [myid:7] - INFO  [CommitProcessor:7:LearnerSessionTracker@116] - Committing global session 0x11401ba79de000d
2020-11-04 23:28:19,837 [myid:7] - INFO  [CommitProcessor:7:LearnerSessionTracker@116] - Committing global session 0x11401ba79de000e
2020-11-04 23:28:19,838 [myid:7] - INFO  [CommitProcessor:7:LearnerSessionTracker@116] - Committing global session 0x11401ba79de000f
2020-11-04 23:28:19,838 [myid:7] - INFO  [CommitProcessor:7:LearnerSessionTracker@116] - Committing global session 0x11401ba79de0010
2020-11-04 23:28:19,838 [myid:7] - INFO  [CommitProcessor:7:LearnerSessionTracker@116] - Committing global session 0x11401ba79de0011
2020-11-04 23:28:19,838 [myid:7] - INFO  [CommitProcessor:7:LearnerSessionTracker@116] - Committing global session 0x11401ba79de0012
2020-11-04 23:28:19,838 [myid:7] - INFO  [CommitProcessor:7:LearnerSessionTracker@116] - Committing global session 0x11401ba79de0013
2020-11-04 23:31:07,174 [myid:7] - INFO  [SyncThread:7:FileTxnLog@284] - Creating new log file: log.1200017544
2020-11-04 23:31:07,175 [myid:7] - INFO  [Snapshot Thread:FileTxnSnapLog@470] - Snapshotting: 0x1200017533 to /local/ddps2008/zooData/version-2/snapshot.1200017533
2020-11-04 23:31:07,181 [myid:7] - INFO  [Snapshot Thread:ZooKeeperServer@529] - Snapshot taken in 7 ms
2020-11-04 23:31:28,243 [myid:7] - INFO  [CommitProcessor:7:LearnerSessionTracker@116] - Committing global session 0x11401ba79de0014
2020-11-04 23:31:28,243 [myid:7] - INFO  [CommitProcessor:7:LearnerSessionTracker@116] - Committing global session 0x11401ba79de0016
2020-11-04 23:31:28,243 [myid:7] - INFO  [CommitProcessor:7:LearnerSessionTracker@116] - Committing global session 0x11401ba79de0017
2020-11-04 23:31:28,243 [myid:7] - INFO  [CommitProcessor:7:LearnerSessionTracker@116] - Committing global session 0x11401ba79de0015
2020-11-04 23:31:28,244 [myid:7] - INFO  [CommitProcessor:7:LearnerSessionTracker@116] - Committing global session 0x11401ba79de0018
2020-11-04 23:31:28,244 [myid:7] - INFO  [CommitProcessor:7:LearnerSessionTracker@116] - Committing global session 0x11401ba79de0019
2020-11-04 23:31:28,244 [myid:7] - INFO  [CommitProcessor:7:LearnerSessionTracker@116] - Committing global session 0x11401ba79de001b
2020-11-04 23:31:28,249 [myid:7] - INFO  [CommitProcessor:7:LearnerSessionTracker@116] - Committing global session 0x11401ba79de001a
2020-11-04 23:31:28,251 [myid:7] - INFO  [CommitProcessor:7:LearnerSessionTracker@116] - Committing global session 0x11401ba79de001c
2020-11-04 23:31:28,251 [myid:7] - INFO  [CommitProcessor:7:LearnerSessionTracker@116] - Committing global session 0x11401ba79de001d
2020-11-04 23:31:31,620 [myid:7] - INFO  [CommitProcessor:7:LearnerSessionTracker@116] - Committing global session 0x11401ba79de001e
2020-11-04 23:31:31,621 [myid:7] - INFO  [CommitProcessor:7:LearnerSessionTracker@116] - Committing global session 0x11401ba79de001f
2020-11-04 23:31:31,621 [myid:7] - INFO  [CommitProcessor:7:LearnerSessionTracker@116] - Committing global session 0x11401ba79de0020
2020-11-04 23:31:31,621 [myid:7] - INFO  [CommitProcessor:7:LearnerSessionTracker@116] - Committing global session 0x11401ba79de0021
2020-11-04 23:31:31,621 [myid:7] - INFO  [CommitProcessor:7:LearnerSessionTracker@116] - Committing global session 0x11401ba79de0022
2020-11-04 23:31:31,621 [myid:7] - INFO  [CommitProcessor:7:LearnerSessionTracker@116] - Committing global session 0x11401ba79de0023
2020-11-04 23:31:31,622 [myid:7] - INFO  [CommitProcessor:7:LearnerSessionTracker@116] - Committing global session 0x11401ba79de0024
2020-11-04 23:31:31,622 [myid:7] - INFO  [CommitProcessor:7:LearnerSessionTracker@116] - Committing global session 0x11401ba79de0025
2020-11-04 23:31:31,622 [myid:7] - INFO  [CommitProcessor:7:LearnerSessionTracker@116] - Committing global session 0x11401ba79de0026
2020-11-04 23:31:31,622 [myid:7] - INFO  [CommitProcessor:7:LearnerSessionTracker@116] - Committing global session 0x11401ba79de0027
2020-11-04 23:32:36,470 [myid:7] - INFO  [CommitProcessor:7:LearnerSessionTracker@116] - Committing global session 0x11401ba79de0028
2020-11-04 23:34:18,761 [myid:7] - INFO  [Snapshot Thread:FileTxnSnapLog@470] - Snapshotting: 0x120002fa74 to /local/ddps2008/zooData/version-2/snapshot.120002fa74
2020-11-04 23:34:18,761 [myid:7] - INFO  [SyncThread:7:FileTxnLog@284] - Creating new log file: log.120002fa7a
2020-11-04 23:34:18,767 [myid:7] - INFO  [Snapshot Thread:ZooKeeperServer@529] - Snapshot taken in 7 ms
2020-11-04 23:37:18,718 [myid:7] - WARN  [RecvWorker:1:QuorumCnxManager$RecvWorker@1395] - Connection broken for id 1, my id = 7
java.io.EOFException
	at java.io.DataInputStream.readInt(DataInputStream.java:392)
	at org.apache.zookeeper.server.quorum.QuorumCnxManager$RecvWorker.run(QuorumCnxManager.java:1383)
2020-11-04 23:37:18,719 [myid:7] - WARN  [RecvWorker:1:QuorumCnxManager$RecvWorker@1401] - Interrupting SendWorker thread from RecvWorker. sid: 1. myId: 7
2020-11-04 23:37:18,720 [myid:7] - WARN  [SendWorker:1:QuorumCnxManager$SendWorker@1281] - Interrupted while waiting for message on queue
java.lang.InterruptedException
	at java.util.concurrent.locks.AbstractQueuedSynchronizer$ConditionObject.reportInterruptAfterWait(AbstractQueuedSynchronizer.java:2014)
	at java.util.concurrent.locks.AbstractQueuedSynchronizer$ConditionObject.awaitNanos(AbstractQueuedSynchronizer.java:2088)
	at org.apache.zookeeper.util.CircularBlockingQueue.poll(CircularBlockingQueue.java:105)
	at org.apache.zookeeper.server.quorum.QuorumCnxManager.pollSendQueue(QuorumCnxManager.java:1446)
	at org.apache.zookeeper.server.quorum.QuorumCnxManager.access$900(QuorumCnxManager.java:98)
	at org.apache.zookeeper.server.quorum.QuorumCnxManager$SendWorker.run(QuorumCnxManager.java:1270)
2020-11-04 23:37:18,721 [myid:7] - WARN  [SendWorker:1:QuorumCnxManager$SendWorker@1293] - Send worker leaving thread id 1 my id = 7
2020-11-04 23:37:20,117 [myid:7] - WARN  [RecvWorker:2:QuorumCnxManager$RecvWorker@1395] - Connection broken for id 2, my id = 7
java.io.EOFException
	at java.io.DataInputStream.readInt(DataInputStream.java:392)
	at org.apache.zookeeper.server.quorum.QuorumCnxManager$RecvWorker.run(QuorumCnxManager.java:1383)
2020-11-04 23:37:20,117 [myid:7] - WARN  [RecvWorker:2:QuorumCnxManager$RecvWorker@1401] - Interrupting SendWorker thread from RecvWorker. sid: 2. myId: 7
2020-11-04 23:37:20,117 [myid:7] - WARN  [SendWorker:2:QuorumCnxManager$SendWorker@1281] - Interrupted while waiting for message on queue
java.lang.InterruptedException
	at java.util.concurrent.locks.AbstractQueuedSynchronizer$ConditionObject.reportInterruptAfterWait(AbstractQueuedSynchronizer.java:2014)
	at java.util.concurrent.locks.AbstractQueuedSynchronizer$ConditionObject.awaitNanos(AbstractQueuedSynchronizer.java:2088)
	at org.apache.zookeeper.util.CircularBlockingQueue.poll(CircularBlockingQueue.java:105)
	at org.apache.zookeeper.server.quorum.QuorumCnxManager.pollSendQueue(QuorumCnxManager.java:1446)
	at org.apache.zookeeper.server.quorum.QuorumCnxManager.access$900(QuorumCnxManager.java:98)
	at org.apache.zookeeper.server.quorum.QuorumCnxManager$SendWorker.run(QuorumCnxManager.java:1270)
2020-11-04 23:37:20,118 [myid:7] - WARN  [SendWorker:2:QuorumCnxManager$SendWorker@1293] - Send worker leaving thread id 2 my id = 7
2020-11-04 23:37:21,574 [myid:7] - WARN  [QuorumPeer[myid=7](plain=[0:0:0:0:0:0:0:0]:2181)(secure=disabled):Follower@129] - Exception when following the leader
java.io.EOFException
	at java.io.DataInputStream.readInt(DataInputStream.java:392)
	at org.apache.jute.BinaryInputArchive.readInt(BinaryInputArchive.java:96)
	at org.apache.zookeeper.server.quorum.QuorumPacket.deserialize(QuorumPacket.java:86)
	at org.apache.jute.BinaryInputArchive.readRecord(BinaryInputArchive.java:134)
	at org.apache.zookeeper.server.quorum.Learner.readPacket(Learner.java:182)
	at org.apache.zookeeper.server.quorum.Follower.followLeader(Follower.java:125)
	at org.apache.zookeeper.server.quorum.QuorumPeer.run(QuorumPeer.java:1458)
2020-11-04 23:37:21,574 [myid:7] - WARN  [RecvWorker:3:QuorumCnxManager$RecvWorker@1395] - Connection broken for id 3, my id = 7
java.io.EOFException
	at java.io.DataInputStream.readInt(DataInputStream.java:392)
	at org.apache.zookeeper.server.quorum.QuorumCnxManager$RecvWorker.run(QuorumCnxManager.java:1383)
2020-11-04 23:37:21,575 [myid:7] - WARN  [RecvWorker:3:QuorumCnxManager$RecvWorker@1401] - Interrupting SendWorker thread from RecvWorker. sid: 3. myId: 7
2020-11-04 23:37:21,575 [myid:7] - WARN  [SendWorker:3:QuorumCnxManager$SendWorker@1281] - Interrupted while waiting for message on queue
java.lang.InterruptedException
	at java.util.concurrent.locks.AbstractQueuedSynchronizer$ConditionObject.reportInterruptAfterWait(AbstractQueuedSynchronizer.java:2014)
	at java.util.concurrent.locks.AbstractQueuedSynchronizer$ConditionObject.awaitNanos(AbstractQueuedSynchronizer.java:2088)
	at org.apache.zookeeper.util.CircularBlockingQueue.poll(CircularBlockingQueue.java:105)
	at org.apache.zookeeper.server.quorum.QuorumCnxManager.pollSendQueue(QuorumCnxManager.java:1446)
	at org.apache.zookeeper.server.quorum.QuorumCnxManager.access$900(QuorumCnxManager.java:98)
	at org.apache.zookeeper.server.quorum.QuorumCnxManager$SendWorker.run(QuorumCnxManager.java:1270)
2020-11-04 23:37:21,576 [myid:7] - WARN  [SendWorker:3:QuorumCnxManager$SendWorker@1293] - Send worker leaving thread id 3 my id = 7
2020-11-04 23:37:21,578 [myid:7] - INFO  [QuorumPeer[myid=7](plain=[0:0:0:0:0:0:0:0]:2181)(secure=disabled):Follower@143] - Disconnected from leader (with address: node104/10.141.0.4:2888). Was connected for 599572ms. Sync state: true
2020-11-04 23:37:21,578 [myid:7] - INFO  [QuorumPeer[myid=7](plain=[0:0:0:0:0:0:0:0]:2181)(secure=disabled):Follower@292] - shutdown Follower
2020-11-04 23:37:21,578 [myid:7] - INFO  [QuorumPeer[myid=7](plain=[0:0:0:0:0:0:0:0]:2181)(secure=disabled):LearnerZooKeeperServer@160] - Shutting down
2020-11-04 23:37:21,578 [myid:7] - INFO  [QuorumPeer[myid=7](plain=[0:0:0:0:0:0:0:0]:2181)(secure=disabled):ZooKeeperServer@794] - shutting down
2020-11-04 23:37:21,579 [myid:7] - INFO  [QuorumPeer[myid=7](plain=[0:0:0:0:0:0:0:0]:2181)(secure=disabled):RequestThrottler@244] - Shutting down
2020-11-04 23:37:21,579 [myid:7] - INFO  [RequestThrottler:RequestThrottler@205] - Draining request throttler queue
2020-11-04 23:37:21,579 [myid:7] - INFO  [RequestThrottler:RequestThrottler@181] - RequestThrottler shutdown. Dropped 0 requests
2020-11-04 23:37:21,580 [myid:7] - INFO  [QuorumPeer[myid=7](plain=[0:0:0:0:0:0:0:0]:2181)(secure=disabled):FollowerRequestProcessor@148] - Shutting down
2020-11-04 23:37:21,580 [myid:7] - INFO  [QuorumPeer[myid=7](plain=[0:0:0:0:0:0:0:0]:2181)(secure=disabled):CommitProcessor@617] - Shutting down
2020-11-04 23:37:21,580 [myid:7] - INFO  [FollowerRequestProcessor:7:FollowerRequestProcessor@112] - FollowerRequestProcessor exited loop!
2020-11-04 23:37:21,580 [myid:7] - INFO  [CommitProcessor:7:CommitProcessor@406] - CommitProcessor exited loop!
2020-11-04 23:37:21,581 [myid:7] - INFO  [QuorumPeer[myid=7](plain=[0:0:0:0:0:0:0:0]:2181)(secure=disabled):FinalRequestProcessor@662] - shutdown of request processor complete
2020-11-04 23:37:21,598 [myid:7] - INFO  [QuorumPeer[myid=7](plain=[0:0:0:0:0:0:0:0]:2181)(secure=disabled):SyncRequestProcessor@256] - Shutting down
2020-11-04 23:37:21,599 [myid:7] - INFO  [SyncThread:7:SyncRequestProcessor@225] - SyncRequestProcessor exited!
2020-11-04 23:37:21,599 [myid:7] - INFO  [QuorumPeer[myid=7](plain=[0:0:0:0:0:0:0:0]:2181)(secure=disabled):QuorumPeer@863] - Peer state changed: looking
2020-11-04 23:37:21,599 [myid:7] - WARN  [QuorumPeer[myid=7](plain=[0:0:0:0:0:0:0:0]:2181)(secure=disabled):QuorumPeer@1504] - PeerState set to LOOKING
2020-11-04 23:37:21,599 [myid:7] - INFO  [QuorumPeer[myid=7](plain=[0:0:0:0:0:0:0:0]:2181)(secure=disabled):QuorumPeer@1374] - LOOKING
2020-11-04 23:37:21,600 [myid:7] - INFO  [QuorumPeer[myid=7](plain=[0:0:0:0:0:0:0:0]:2181)(secure=disabled):FastLeaderElection@944] - New election. My id = 7, proposed zxid=0x1200030d92
2020-11-04 23:37:21,606 [myid:7] - WARN  [QuorumConnectionThread-[myid=7]-7:QuorumCnxManager@400] - Cannot open channel to 1 at election address node102/10.141.0.2:3888
java.net.ConnectException: Connection refused (Connection refused)
	at java.net.PlainSocketImpl.socketConnect(Native Method)
	at java.net.AbstractPlainSocketImpl.doConnect(AbstractPlainSocketImpl.java:476)
	at java.net.AbstractPlainSocketImpl.connectToAddress(AbstractPlainSocketImpl.java:218)
	at java.net.AbstractPlainSocketImpl.connect(AbstractPlainSocketImpl.java:200)
	at java.net.SocksSocketImpl.connect(SocksSocketImpl.java:394)
	at java.net.Socket.connect(Socket.java:606)
	at org.apache.zookeeper.server.quorum.QuorumCnxManager.initiateConnection(QuorumCnxManager.java:383)
	at org.apache.zookeeper.server.quorum.QuorumCnxManager$QuorumConnectionReqThread.run(QuorumCnxManager.java:457)
	at java.util.concurrent.ThreadPoolExecutor.runWorker(ThreadPoolExecutor.java:1149)
	at java.util.concurrent.ThreadPoolExecutor$Worker.run(ThreadPoolExecutor.java:624)
	at java.lang.Thread.run(Thread.java:748)
2020-11-04 23:37:21,607 [myid:7] - WARN  [QuorumConnectionThread-[myid=7]-8:QuorumCnxManager@400] - Cannot open channel to 2 at election address node103/10.141.0.3:3888
java.net.ConnectException: Connection refused (Connection refused)
	at java.net.PlainSocketImpl.socketConnect(Native Method)
	at java.net.AbstractPlainSocketImpl.doConnect(AbstractPlainSocketImpl.java:476)
	at java.net.AbstractPlainSocketImpl.connectToAddress(AbstractPlainSocketImpl.java:218)
	at java.net.AbstractPlainSocketImpl.connect(AbstractPlainSocketImpl.java:200)
	at java.net.SocksSocketImpl.connect(SocksSocketImpl.java:394)
	at java.net.Socket.connect(Socket.java:606)
	at org.apache.zookeeper.server.quorum.QuorumCnxManager.initiateConnection(QuorumCnxManager.java:383)
	at org.apache.zookeeper.server.quorum.QuorumCnxManager$QuorumConnectionReqThread.run(QuorumCnxManager.java:457)
	at java.util.concurrent.ThreadPoolExecutor.runWorker(ThreadPoolExecutor.java:1149)
	at java.util.concurrent.ThreadPoolExecutor$Worker.run(ThreadPoolExecutor.java:624)
	at java.lang.Thread.run(Thread.java:748)
2020-11-04 23:37:21,608 [myid:7] - WARN  [QuorumConnectionThread-[myid=7]-9:QuorumCnxManager@400] - Cannot open channel to 3 at election address node104/10.141.0.4:3888
java.net.ConnectException: Connection refused (Connection refused)
	at java.net.PlainSocketImpl.socketConnect(Native Method)
	at java.net.AbstractPlainSocketImpl.doConnect(AbstractPlainSocketImpl.java:476)
	at java.net.AbstractPlainSocketImpl.connectToAddress(AbstractPlainSocketImpl.java:218)
	at java.net.AbstractPlainSocketImpl.connect(AbstractPlainSocketImpl.java:200)
	at java.net.SocksSocketImpl.connect(SocksSocketImpl.java:394)
	at java.net.Socket.connect(Socket.java:606)
	at org.apache.zookeeper.server.quorum.QuorumCnxManager.initiateConnection(QuorumCnxManager.java:383)
	at org.apache.zookeeper.server.quorum.QuorumCnxManager$QuorumConnectionReqThread.run(QuorumCnxManager.java:457)
	at java.util.concurrent.ThreadPoolExecutor.runWorker(ThreadPoolExecutor.java:1149)
	at java.util.concurrent.ThreadPoolExecutor$Worker.run(ThreadPoolExecutor.java:624)
	at java.lang.Thread.run(Thread.java:748)
2020-11-04 23:37:21,616 [myid:7] - INFO  [WorkerReceiver[myid=7]:FastLeaderElection$Messenger$WorkerReceiver@389] - Notification: my state:LOOKING; n.sid:7, n.state:LOOKING, n.leader:7, n.round:0x2, n.peerEpoch:0x12, n.zxid:0x1200030d92, message format version:0x2, n.config version:0x0
2020-11-04 23:37:21,617 [myid:7] - INFO  [WorkerReceiver[myid=7]:FastLeaderElection$Messenger$WorkerReceiver@389] - Notification: my state:LOOKING; n.sid:4, n.state:FOLLOWING, n.leader:3, n.round:0x1, n.peerEpoch:0x12, n.zxid:0x1100026a92, message format version:0x2, n.config version:0x0
2020-11-04 23:37:21,618 [myid:7] - INFO  [WorkerReceiver[myid=7]:FastLeaderElection$Messenger$WorkerReceiver@389] - Notification: my state:LOOKING; n.sid:5, n.state:FOLLOWING, n.leader:3, n.round:0x1, n.peerEpoch:0x12, n.zxid:0x1100026a92, message format version:0x2, n.config version:0x0
2020-11-04 23:37:21,619 [myid:7] - INFO  [WorkerReceiver[myid=7]:FastLeaderElection$Messenger$WorkerReceiver@389] - Notification: my state:LOOKING; n.sid:6, n.state:FOLLOWING, n.leader:3, n.round:0x1, n.peerEpoch:0x12, n.zxid:0x1100026a92, message format version:0x2, n.config version:0x0
2020-11-04 23:37:21,630 [myid:7] - INFO  [WorkerReceiver[myid=7]:FastLeaderElection$Messenger$WorkerReceiver@389] - Notification: my state:LOOKING; n.sid:5, n.state:LOOKING, n.leader:5, n.round:0x2, n.peerEpoch:0x12, n.zxid:0x1200030d92, message format version:0x2, n.config version:0x0
2020-11-04 23:37:21,660 [myid:7] - INFO  [WorkerReceiver[myid=7]:FastLeaderElection$Messenger$WorkerReceiver@389] - Notification: my state:LOOKING; n.sid:6, n.state:LOOKING, n.leader:6, n.round:0x2, n.peerEpoch:0x12, n.zxid:0x1200030d92, message format version:0x2, n.config version:0x0
2020-11-04 23:37:21,668 [myid:7] - INFO  [WorkerReceiver[myid=7]:FastLeaderElection$Messenger$WorkerReceiver@389] - Notification: my state:LOOKING; n.sid:5, n.state:LOOKING, n.leader:6, n.round:0x2, n.peerEpoch:0x12, n.zxid:0x1200030d92, message format version:0x2, n.config version:0x0
2020-11-04 23:37:21,711 [myid:7] - INFO  [WorkerReceiver[myid=7]:FastLeaderElection$Messenger$WorkerReceiver@389] - Notification: my state:LOOKING; n.sid:4, n.state:LOOKING, n.leader:4, n.round:0x2, n.peerEpoch:0x12, n.zxid:0x1200030d92, message format version:0x2, n.config version:0x0
2020-11-04 23:37:21,915 [myid:7] - WARN  [QuorumConnectionThread-[myid=7]-9:QuorumCnxManager@400] - Cannot open channel to 1 at election address node102/10.141.0.2:3888
java.net.ConnectException: Connection refused (Connection refused)
	at java.net.PlainSocketImpl.socketConnect(Native Method)
	at java.net.AbstractPlainSocketImpl.doConnect(AbstractPlainSocketImpl.java:476)
	at java.net.AbstractPlainSocketImpl.connectToAddress(AbstractPlainSocketImpl.java:218)
	at java.net.AbstractPlainSocketImpl.connect(AbstractPlainSocketImpl.java:200)
	at java.net.SocksSocketImpl.connect(SocksSocketImpl.java:394)
	at java.net.Socket.connect(Socket.java:606)
	at org.apache.zookeeper.server.quorum.QuorumCnxManager.initiateConnection(QuorumCnxManager.java:383)
	at org.apache.zookeeper.server.quorum.QuorumCnxManager$QuorumConnectionReqThread.run(QuorumCnxManager.java:457)
	at java.util.concurrent.ThreadPoolExecutor.runWorker(ThreadPoolExecutor.java:1149)
	at java.util.concurrent.ThreadPoolExecutor$Worker.run(ThreadPoolExecutor.java:624)
	at java.lang.Thread.run(Thread.java:748)
2020-11-04 23:37:21,916 [myid:7] - WARN  [QuorumConnectionThread-[myid=7]-8:QuorumCnxManager@400] - Cannot open channel to 2 at election address node103/10.141.0.3:3888
java.net.ConnectException: Connection refused (Connection refused)
	at java.net.PlainSocketImpl.socketConnect(Native Method)
	at java.net.AbstractPlainSocketImpl.doConnect(AbstractPlainSocketImpl.java:476)
	at java.net.AbstractPlainSocketImpl.connectToAddress(AbstractPlainSocketImpl.java:218)
	at java.net.AbstractPlainSocketImpl.connect(AbstractPlainSocketImpl.java:200)
	at java.net.SocksSocketImpl.connect(SocksSocketImpl.java:394)
	at java.net.Socket.connect(Socket.java:606)
	at org.apache.zookeeper.server.quorum.QuorumCnxManager.initiateConnection(QuorumCnxManager.java:383)
	at org.apache.zookeeper.server.quorum.QuorumCnxManager$QuorumConnectionReqThread.run(QuorumCnxManager.java:457)
	at java.util.concurrent.ThreadPoolExecutor.runWorker(ThreadPoolExecutor.java:1149)
	at java.util.concurrent.ThreadPoolExecutor$Worker.run(ThreadPoolExecutor.java:624)
	at java.lang.Thread.run(Thread.java:748)
2020-11-04 23:37:21,916 [myid:7] - WARN  [QuorumConnectionThread-[myid=7]-9:QuorumCnxManager@400] - Cannot open channel to 3 at election address node104/10.141.0.4:3888
java.net.ConnectException: Connection refused (Connection refused)
	at java.net.PlainSocketImpl.socketConnect(Native Method)
	at java.net.AbstractPlainSocketImpl.doConnect(AbstractPlainSocketImpl.java:476)
	at java.net.AbstractPlainSocketImpl.connectToAddress(AbstractPlainSocketImpl.java:218)
	at java.net.AbstractPlainSocketImpl.connect(AbstractPlainSocketImpl.java:200)
	at java.net.SocksSocketImpl.connect(SocksSocketImpl.java:394)
	at java.net.Socket.connect(Socket.java:606)
	at org.apache.zookeeper.server.quorum.QuorumCnxManager.initiateConnection(QuorumCnxManager.java:383)
	at org.apache.zookeeper.server.quorum.QuorumCnxManager$QuorumConnectionReqThread.run(QuorumCnxManager.java:457)
	at java.util.concurrent.ThreadPoolExecutor.runWorker(ThreadPoolExecutor.java:1149)
	at java.util.concurrent.ThreadPoolExecutor$Worker.run(ThreadPoolExecutor.java:624)
	at java.lang.Thread.run(Thread.java:748)
2020-11-04 23:37:21,919 [myid:7] - INFO  [WorkerReceiver[myid=7]:FastLeaderElection$Messenger$WorkerReceiver@389] - Notification: my state:LOOKING; n.sid:4, n.state:LOOKING, n.leader:4, n.round:0x2, n.peerEpoch:0x12, n.zxid:0x1200030d92, message format version:0x2, n.config version:0x0
2020-11-04 23:37:21,919 [myid:7] - INFO  [WorkerReceiver[myid=7]:FastLeaderElection$Messenger$WorkerReceiver@389] - Notification: my state:LOOKING; n.sid:5, n.state:LOOKING, n.leader:6, n.round:0x2, n.peerEpoch:0x12, n.zxid:0x1200030d92, message format version:0x2, n.config version:0x0
2020-11-04 23:37:21,919 [myid:7] - INFO  [QuorumPeer[myid=7](plain=[0:0:0:0:0:0:0:0]:2181)(secure=disabled):FastLeaderElection@979] - Notification time out: 400
2020-11-04 23:37:21,920 [myid:7] - INFO  [WorkerReceiver[myid=7]:FastLeaderElection$Messenger$WorkerReceiver@389] - Notification: my state:LOOKING; n.sid:6, n.state:LOOKING, n.leader:6, n.round:0x2, n.peerEpoch:0x12, n.zxid:0x1200030d92, message format version:0x2, n.config version:0x0
2020-11-04 23:37:21,921 [myid:7] - INFO  [WorkerReceiver[myid=7]:FastLeaderElection$Messenger$WorkerReceiver@389] - Notification: my state:LOOKING; n.sid:7, n.state:LOOKING, n.leader:7, n.round:0x2, n.peerEpoch:0x12, n.zxid:0x1200030d92, message format version:0x2, n.config version:0x0
2020-11-04 23:37:21,923 [myid:7] - INFO  [WorkerReceiver[myid=7]:FastLeaderElection$Messenger$WorkerReceiver@389] - Notification: my state:LOOKING; n.sid:4, n.state:LOOKING, n.leader:6, n.round:0x2, n.peerEpoch:0x12, n.zxid:0x1200030d92, message format version:0x2, n.config version:0x0
2020-11-04 23:37:21,927 [myid:7] - INFO  [WorkerReceiver[myid=7]:FastLeaderElection$Messenger$WorkerReceiver@389] - Notification: my state:LOOKING; n.sid:6, n.state:LOOKING, n.leader:7, n.round:0x2, n.peerEpoch:0x12, n.zxid:0x1200030d92, message format version:0x2, n.config version:0x0
2020-11-04 23:37:21,927 [myid:7] - INFO  [WorkerReceiver[myid=7]:FastLeaderElection$Messenger$WorkerReceiver@389] - Notification: my state:LOOKING; n.sid:5, n.state:LOOKING, n.leader:7, n.round:0x2, n.peerEpoch:0x12, n.zxid:0x1200030d92, message format version:0x2, n.config version:0x0
2020-11-04 23:37:21,928 [myid:7] - INFO  [WorkerReceiver[myid=7]:FastLeaderElection$Messenger$WorkerReceiver@389] - Notification: my state:LOOKING; n.sid:4, n.state:LOOKING, n.leader:7, n.round:0x2, n.peerEpoch:0x12, n.zxid:0x1200030d92, message format version:0x2, n.config version:0x0
2020-11-04 23:37:22,128 [myid:7] - INFO  [QuorumPeer[myid=7](plain=[0:0:0:0:0:0:0:0]:2181)(secure=disabled):QuorumPeer@857] - Peer state changed: leading
2020-11-04 23:37:22,129 [myid:7] - INFO  [QuorumPeer[myid=7](plain=[0:0:0:0:0:0:0:0]:2181)(secure=disabled):QuorumPeer@1468] - LEADING
2020-11-04 23:37:22,135 [myid:7] - INFO  [QuorumPeer[myid=7](plain=[0:0:0:0:0:0:0:0]:2181)(secure=disabled):LearnerMaster@47] - zookeeper.leader.maxConcurrentSnapSyncs = 10
2020-11-04 23:37:22,135 [myid:7] - INFO  [QuorumPeer[myid=7](plain=[0:0:0:0:0:0:0:0]:2181)(secure=disabled):LearnerMaster@50] - zookeeper.leader.maxConcurrentDiffSyncs = 100
2020-11-04 23:37:22,136 [myid:7] - INFO  [QuorumPeer[myid=7](plain=[0:0:0:0:0:0:0:0]:2181)(secure=disabled):Leader@84] - TCP NoDelay set to: true
2020-11-04 23:37:22,136 [myid:7] - INFO  [QuorumPeer[myid=7](plain=[0:0:0:0:0:0:0:0]:2181)(secure=disabled):Leader@105] - zookeeper.leader.ackLoggingFrequency = 1000
2020-11-04 23:37:22,136 [myid:7] - INFO  [QuorumPeer[myid=7](plain=[0:0:0:0:0:0:0:0]:2181)(secure=disabled):Leader@1354] - zookeeper.leader.maxTimeToWaitForEpoch = -1ms
2020-11-04 23:37:22,137 [myid:7] - INFO  [QuorumPeer[myid=7](plain=[0:0:0:0:0:0:0:0]:2181)(secure=disabled):ZooKeeperServer@1256] - minSessionTimeout set to 4000
2020-11-04 23:37:22,138 [myid:7] - INFO  [QuorumPeer[myid=7](plain=[0:0:0:0:0:0:0:0]:2181)(secure=disabled):ZooKeeperServer@1265] - maxSessionTimeout set to 40000
2020-11-04 23:37:22,138 [myid:7] - INFO  [QuorumPeer[myid=7](plain=[0:0:0:0:0:0:0:0]:2181)(secure=disabled):ResponseCache@45] - Response cache size is initialized with value 400.
2020-11-04 23:37:22,138 [myid:7] - INFO  [QuorumPeer[myid=7](plain=[0:0:0:0:0:0:0:0]:2181)(secure=disabled):ResponseCache@45] - Response cache size is initialized with value 400.
2020-11-04 23:37:22,138 [myid:7] - INFO  [QuorumPeer[myid=7](plain=[0:0:0:0:0:0:0:0]:2181)(secure=disabled):RequestPathMetricsCollector@111] - zookeeper.pathStats.slotCapacity = 60
2020-11-04 23:37:22,138 [myid:7] - INFO  [QuorumPeer[myid=7](plain=[0:0:0:0:0:0:0:0]:2181)(secure=disabled):RequestPathMetricsCollector@112] - zookeeper.pathStats.slotDuration = 15
2020-11-04 23:37:22,138 [myid:7] - INFO  [QuorumPeer[myid=7](plain=[0:0:0:0:0:0:0:0]:2181)(secure=disabled):RequestPathMetricsCollector@113] - zookeeper.pathStats.maxDepth = 6
2020-11-04 23:37:22,138 [myid:7] - INFO  [QuorumPeer[myid=7](plain=[0:0:0:0:0:0:0:0]:2181)(secure=disabled):RequestPathMetricsCollector@114] - zookeeper.pathStats.initialDelay = 5
2020-11-04 23:37:22,139 [myid:7] - INFO  [QuorumPeer[myid=7](plain=[0:0:0:0:0:0:0:0]:2181)(secure=disabled):RequestPathMetricsCollector@115] - zookeeper.pathStats.delay = 5
2020-11-04 23:37:22,139 [myid:7] - INFO  [QuorumPeer[myid=7](plain=[0:0:0:0:0:0:0:0]:2181)(secure=disabled):RequestPathMetricsCollector@116] - zookeeper.pathStats.enabled = false
2020-11-04 23:37:22,139 [myid:7] - INFO  [QuorumPeer[myid=7](plain=[0:0:0:0:0:0:0:0]:2181)(secure=disabled):ZooKeeperServer@1481] - The max bytes for all large requests are set to 104857600
2020-11-04 23:37:22,139 [myid:7] - INFO  [QuorumPeer[myid=7](plain=[0:0:0:0:0:0:0:0]:2181)(secure=disabled):ZooKeeperServer@1495] - The large request threshold is set to -1
2020-11-04 23:37:22,140 [myid:7] - INFO  [QuorumPeer[myid=7](plain=[0:0:0:0:0:0:0:0]:2181)(secure=disabled):ZooKeeperServer@339] - Created server with tickTime 2000 minSessionTimeout 4000 maxSessionTimeout 40000 clientPortListenBacklog -1 datadir /local/ddps2008/zooData/version-2 snapdir /local/ddps2008/zooData/version-2
2020-11-04 23:37:22,144 [myid:7] - INFO  [QuorumPeer[myid=7](plain=[0:0:0:0:0:0:0:0]:2181)(secure=disabled):Leader@581] - LEADING - LEADER ELECTION TOOK - 544 MS
2020-11-04 23:37:22,147 [myid:7] - INFO  [QuorumPeer[myid=7](plain=[0:0:0:0:0:0:0:0]:2181)(secure=disabled):QuorumPeer@863] - Peer state changed: leading - discovery
2020-11-04 23:37:22,147 [myid:7] - INFO  [QuorumPeer[myid=7](plain=[0:0:0:0:0:0:0:0]:2181)(secure=disabled):FileTxnSnapLog@470] - Snapshotting: 0x1200030d92 to /local/ddps2008/zooData/version-2/snapshot.1200030d92
2020-11-04 23:37:22,148 [myid:7] - INFO  [QuorumPeer[myid=7](plain=[0:0:0:0:0:0:0:0]:2181)(secure=disabled):ZooKeeperServer@529] - Snapshot taken in 1 ms
2020-11-04 23:37:22,244 [myid:7] - INFO  [LearnerHandler-/10.141.0.6:34951:LearnerHandler@504] - Follower sid: 5 : info : node106:2888:3888:participant
2020-11-04 23:37:22,244 [myid:7] - INFO  [LearnerHandler-/10.141.0.7:54572:LearnerHandler@504] - Follower sid: 6 : info : node107:2888:3888:participant
2020-11-04 23:37:22,244 [myid:7] - INFO  [LearnerHandler-/10.141.0.5:40634:LearnerHandler@504] - Follower sid: 4 : info : node105:2888:3888:participant
2020-11-04 23:37:22,276 [myid:7] - INFO  [QuorumPeer[myid=7](plain=[0:0:0:0:0:0:0:0]:2181)(secure=disabled):QuorumPeer@1811] - Dynamic reconfig is disabled, we don't store the last seen config.
2020-11-04 23:37:22,307 [myid:7] - INFO  [LearnerHandler-/10.141.0.5:40634:ZKDatabase@345] - On disk txn sync enabled with snapshotSizeFactor 0.33
2020-11-04 23:37:22,307 [myid:7] - INFO  [LearnerHandler-/10.141.0.7:54572:ZKDatabase@345] - On disk txn sync enabled with snapshotSizeFactor 0.33
2020-11-04 23:37:22,307 [myid:7] - INFO  [LearnerHandler-/10.141.0.6:34951:ZKDatabase@345] - On disk txn sync enabled with snapshotSizeFactor 0.33
2020-11-04 23:37:22,307 [myid:7] - INFO  [LearnerHandler-/10.141.0.5:40634:LearnerHandler@807] - Synchronizing with Learner sid: 4 maxCommittedLog=0x1200030d92 minCommittedLog=0x1200030b9e lastProcessedZxid=0x1200030d92 peerLastZxid=0x1200030d92
2020-11-04 23:37:22,308 [myid:7] - INFO  [LearnerHandler-/10.141.0.7:54572:LearnerHandler@807] - Synchronizing with Learner sid: 6 maxCommittedLog=0x1200030d92 minCommittedLog=0x1200030b9e lastProcessedZxid=0x1200030d92 peerLastZxid=0x1200030d92
2020-11-04 23:37:22,308 [myid:7] - INFO  [LearnerHandler-/10.141.0.5:40634:LearnerHandler@852] - Sending DIFF zxid=0x1200030d92 for peer sid: 4
2020-11-04 23:37:22,308 [myid:7] - INFO  [LearnerHandler-/10.141.0.6:34951:LearnerHandler@807] - Synchronizing with Learner sid: 5 maxCommittedLog=0x1200030d92 minCommittedLog=0x1200030b9e lastProcessedZxid=0x1200030d92 peerLastZxid=0x1200030d92
2020-11-04 23:37:22,308 [myid:7] - INFO  [LearnerHandler-/10.141.0.7:54572:LearnerHandler@852] - Sending DIFF zxid=0x1200030d92 for peer sid: 6
2020-11-04 23:37:22,308 [myid:7] - INFO  [LearnerHandler-/10.141.0.6:34951:LearnerHandler@852] - Sending DIFF zxid=0x1200030d92 for peer sid: 5
2020-11-04 23:37:22,340 [myid:7] - INFO  [QuorumPeer[myid=7](plain=[0:0:0:0:0:0:0:0]:2181)(secure=disabled):QuorumPeer@863] - Peer state changed: leading - synchronization
2020-11-04 23:37:22,341 [myid:7] - INFO  [QuorumPeer[myid=7](plain=[0:0:0:0:0:0:0:0]:2181)(secure=disabled):Leader@1504] - Have quorum of supporters, sids: [[4, 5, 6, 7]]; starting up and setting last processed zxid: 0x1300000000
2020-11-04 23:37:22,341 [myid:7] - INFO  [QuorumPeer[myid=7](plain=[0:0:0:0:0:0:0:0]:2181)(secure=disabled):Leader@1526] - Dynamic reconfig feature is disabled, skip designatedLeader calculation and reconfig processing.
2020-11-04 23:37:22,344 [myid:7] - INFO  [QuorumPeer[myid=7](plain=[0:0:0:0:0:0:0:0]:2181)(secure=disabled):CommitProcessor@476] - Configuring CommitProcessor with readBatchSize -1 commitBatchSize 1
2020-11-04 23:37:22,344 [myid:7] - INFO  [QuorumPeer[myid=7](plain=[0:0:0:0:0:0:0:0]:2181)(secure=disabled):CommitProcessor@438] - Configuring CommitProcessor with 32 worker threads.
2020-11-04 23:37:22,352 [myid:7] - INFO  [ProcessThread(sid:7 cport:-1)::PrepRequestProcessor@136] - PrepRequestProcessor (sid:7) started, reconfigEnabled=false
2020-11-04 23:37:22,354 [myid:7] - INFO  [QuorumPeer[myid=7](plain=[0:0:0:0:0:0:0:0]:2181)(secure=disabled):ContainerManager@83] - Using checkIntervalMs=60000 maxPerMinute=10000 maxNeverUsedIntervalMs=0
2020-11-04 23:37:22,359 [myid:7] - INFO  [QuorumPeer[myid=7](plain=[0:0:0:0:0:0:0:0]:2181)(secure=disabled):QuorumPeer@863] - Peer state changed: leading - broadcast
2020-11-04 23:37:23,063 [myid:7] - WARN  [RecvWorker:4:QuorumCnxManager$RecvWorker@1395] - Connection broken for id 4, my id = 7
java.io.EOFException
	at java.io.DataInputStream.readInt(DataInputStream.java:392)
	at org.apache.zookeeper.server.quorum.QuorumCnxManager$RecvWorker.run(QuorumCnxManager.java:1383)
2020-11-04 23:37:23,063 [myid:7] - ERROR [LearnerHandler-/10.141.0.5:40634:LearnerHandler@714] - Unexpected exception causing shutdown while sock still open
java.io.EOFException
	at java.io.DataInputStream.readInt(DataInputStream.java:392)
	at org.apache.jute.BinaryInputArchive.readInt(BinaryInputArchive.java:96)
	at org.apache.zookeeper.server.quorum.QuorumPacket.deserialize(QuorumPacket.java:86)
	at org.apache.jute.BinaryInputArchive.readRecord(BinaryInputArchive.java:134)
	at org.apache.zookeeper.server.quorum.LearnerHandler.run(LearnerHandler.java:650)
2020-11-04 23:37:23,064 [myid:7] - WARN  [RecvWorker:4:QuorumCnxManager$RecvWorker@1401] - Interrupting SendWorker thread from RecvWorker. sid: 4. myId: 7
2020-11-04 23:37:23,064 [myid:7] - WARN  [SendWorker:4:QuorumCnxManager$SendWorker@1281] - Interrupted while waiting for message on queue
java.lang.InterruptedException
	at java.util.concurrent.locks.AbstractQueuedSynchronizer$ConditionObject.reportInterruptAfterWait(AbstractQueuedSynchronizer.java:2014)
	at java.util.concurrent.locks.AbstractQueuedSynchronizer$ConditionObject.awaitNanos(AbstractQueuedSynchronizer.java:2088)
	at org.apache.zookeeper.util.CircularBlockingQueue.poll(CircularBlockingQueue.java:105)
	at org.apache.zookeeper.server.quorum.QuorumCnxManager.pollSendQueue(QuorumCnxManager.java:1446)
	at org.apache.zookeeper.server.quorum.QuorumCnxManager.access$900(QuorumCnxManager.java:98)
	at org.apache.zookeeper.server.quorum.QuorumCnxManager$SendWorker.run(QuorumCnxManager.java:1270)
2020-11-04 23:37:23,064 [myid:7] - WARN  [LearnerHandler-/10.141.0.5:40634:LearnerHandler@737] - ******* GOODBYE /10.141.0.5:40634 ********
2020-11-04 23:37:23,065 [myid:7] - WARN  [SendWorker:4:QuorumCnxManager$SendWorker@1293] - Send worker leaving thread id 4 my id = 7
2020-11-04 23:37:24,360 [myid:7] - INFO  [QuorumPeer[myid=7](plain=[0:0:0:0:0:0:0:0]:2181)(secure=disabled):Leader@793] - Shutting down
2020-11-04 23:37:24,361 [myid:7] - INFO  [QuorumPeer[myid=7](plain=[0:0:0:0:0:0:0:0]:2181)(secure=disabled):Leader@799] - Shutdown called. For the reason Not sufficient followers synced, only synced with sids: [ [5, 6, 7] ]
2020-11-04 23:37:24,361 [myid:7] - INFO  [QuorumPeer[myid=7](plain=[0:0:0:0:0:0:0:0]:2181)(secure=disabled):ZooKeeperServer@794] - shutting down
2020-11-04 23:37:24,361 [myid:7] - INFO  [QuorumPeer[myid=7](plain=[0:0:0:0:0:0:0:0]:2181)(secure=disabled):RequestThrottler@244] - Shutting down
2020-11-04 23:37:24,361 [myid:7] - WARN  [LearnerCnxAcceptorHandler-node108/10.141.0.8:2888:Leader$LearnerCnxAcceptor$LearnerCnxAcceptorHandler@523] - Exception while shutting down acceptor.
java.net.SocketException: Socket closed
	at java.net.PlainSocketImpl.socketAccept(Native Method)
	at java.net.AbstractPlainSocketImpl.accept(AbstractPlainSocketImpl.java:535)
	at java.net.ServerSocket.implAccept(ServerSocket.java:545)
	at java.net.ServerSocket.accept(ServerSocket.java:513)
	at org.apache.zookeeper.server.quorum.Leader$LearnerCnxAcceptor$LearnerCnxAcceptorHandler.acceptConnections(Leader.java:510)
	at org.apache.zookeeper.server.quorum.Leader$LearnerCnxAcceptor$LearnerCnxAcceptorHandler.run(Leader.java:493)
	at java.util.concurrent.Executors$RunnableAdapter.call(Executors.java:511)
	at java.util.concurrent.FutureTask.run(FutureTask.java:266)
	at java.util.concurrent.ThreadPoolExecutor.runWorker(ThreadPoolExecutor.java:1149)
	at java.util.concurrent.ThreadPoolExecutor$Worker.run(ThreadPoolExecutor.java:624)
	at java.lang.Thread.run(Thread.java:748)
2020-11-04 23:37:24,362 [myid:7] - INFO  [RequestThrottler:RequestThrottler@205] - Draining request throttler queue
2020-11-04 23:37:24,362 [myid:7] - INFO  [RequestThrottler:RequestThrottler@181] - RequestThrottler shutdown. Dropped 0 requests
2020-11-04 23:37:24,363 [myid:7] - INFO  [QuorumPeer[myid=7](plain=[0:0:0:0:0:0:0:0]:2181)(secure=disabled):SessionTrackerImpl@247] - Shutting down
2020-11-04 23:37:24,363 [myid:7] - INFO  [QuorumPeer[myid=7](plain=[0:0:0:0:0:0:0:0]:2181)(secure=disabled):LeaderRequestProcessor@79] - Shutting down
2020-11-04 23:37:24,363 [myid:7] - INFO  [QuorumPeer[myid=7](plain=[0:0:0:0:0:0:0:0]:2181)(secure=disabled):PrepRequestProcessor@1048] - Shutting down
2020-11-04 23:37:24,363 [myid:7] - INFO  [QuorumPeer[myid=7](plain=[0:0:0:0:0:0:0:0]:2181)(secure=disabled):ProposalRequestProcessor@87] - Shutting down
2020-11-04 23:37:24,363 [myid:7] - INFO  [ProcessThread(sid:7 cport:-1)::PrepRequestProcessor@160] - PrepRequestProcessor exited loop!
2020-11-04 23:37:24,363 [myid:7] - INFO  [QuorumPeer[myid=7](plain=[0:0:0:0:0:0:0:0]:2181)(secure=disabled):CommitProcessor@617] - Shutting down
2020-11-04 23:37:24,364 [myid:7] - INFO  [CommitProcessor:7:CommitProcessor@406] - CommitProcessor exited loop!
2020-11-04 23:37:24,364 [myid:7] - INFO  [QuorumPeer[myid=7](plain=[0:0:0:0:0:0:0:0]:2181)(secure=disabled):Leader$ToBeAppliedRequestProcessor@1109] - Shutting down
2020-11-04 23:37:24,364 [myid:7] - INFO  [QuorumPeer[myid=7](plain=[0:0:0:0:0:0:0:0]:2181)(secure=disabled):FinalRequestProcessor@662] - shutdown of request processor complete
2020-11-04 23:37:24,364 [myid:7] - INFO  [QuorumPeer[myid=7](plain=[0:0:0:0:0:0:0:0]:2181)(secure=disabled):SyncRequestProcessor@256] - Shutting down
2020-11-04 23:37:24,364 [myid:7] - INFO  [SyncThread:7:SyncRequestProcessor@225] - SyncRequestProcessor exited!
2020-11-04 23:37:24,380 [myid:7] - WARN  [LearnerHandler-/10.141.0.6:34951:LearnerHandler@737] - ******* GOODBYE /10.141.0.6:34951 ********
2020-11-04 23:37:24,380 [myid:7] - WARN  [LearnerHandler-/10.141.0.6:34951:LearnerHandler@1051] - Ignoring unexpected exception
java.lang.InterruptedException
	at java.util.concurrent.locks.AbstractQueuedSynchronizer.acquireInterruptibly(AbstractQueuedSynchronizer.java:1220)
	at java.util.concurrent.locks.ReentrantLock.lockInterruptibly(ReentrantLock.java:335)
	at java.util.concurrent.LinkedBlockingQueue.put(LinkedBlockingQueue.java:339)
	at org.apache.zookeeper.server.quorum.LearnerHandler.shutdown(LearnerHandler.java:1049)
	at org.apache.zookeeper.server.quorum.LearnerHandler.run(LearnerHandler.java:739)
2020-11-04 23:37:24,380 [myid:7] - WARN  [LearnerHandler-/10.141.0.7:54572:LearnerHandler@737] - ******* GOODBYE /10.141.0.7:54572 ********
2020-11-04 23:37:24,381 [myid:7] - INFO  [QuorumPeer[myid=7](plain=[0:0:0:0:0:0:0:0]:2181)(secure=disabled):QuorumPeer@863] - Peer state changed: looking
2020-11-04 23:37:24,381 [myid:7] - WARN  [QuorumPeer[myid=7](plain=[0:0:0:0:0:0:0:0]:2181)(secure=disabled):QuorumPeer@1504] - PeerState set to LOOKING
2020-11-04 23:37:24,381 [myid:7] - WARN  [LearnerHandler-/10.141.0.7:54572:LearnerHandler@1051] - Ignoring unexpected exception
java.lang.InterruptedException
	at java.util.concurrent.locks.AbstractQueuedSynchronizer.acquireInterruptibly(AbstractQueuedSynchronizer.java:1220)
	at java.util.concurrent.locks.ReentrantLock.lockInterruptibly(ReentrantLock.java:335)
	at java.util.concurrent.LinkedBlockingQueue.put(LinkedBlockingQueue.java:339)
	at org.apache.zookeeper.server.quorum.LearnerHandler.shutdown(LearnerHandler.java:1049)
	at org.apache.zookeeper.server.quorum.LearnerHandler.run(LearnerHandler.java:739)
2020-11-04 23:37:24,381 [myid:7] - INFO  [QuorumPeer[myid=7](plain=[0:0:0:0:0:0:0:0]:2181)(secure=disabled):QuorumPeer@1374] - LOOKING
2020-11-04 23:37:24,382 [myid:7] - INFO  [QuorumPeer[myid=7](plain=[0:0:0:0:0:0:0:0]:2181)(secure=disabled):FastLeaderElection@944] - New election. My id = 7, proposed zxid=0x1300000000
2020-11-04 23:37:24,384 [myid:7] - WARN  [QuorumConnectionThread-[myid=7]-9:QuorumCnxManager@400] - Cannot open channel to 1 at election address node102/10.141.0.2:3888
java.net.ConnectException: Connection refused (Connection refused)
	at java.net.PlainSocketImpl.socketConnect(Native Method)
	at java.net.AbstractPlainSocketImpl.doConnect(AbstractPlainSocketImpl.java:476)
	at java.net.AbstractPlainSocketImpl.connectToAddress(AbstractPlainSocketImpl.java:218)
	at java.net.AbstractPlainSocketImpl.connect(AbstractPlainSocketImpl.java:200)
	at java.net.SocksSocketImpl.connect(SocksSocketImpl.java:394)
	at java.net.Socket.connect(Socket.java:606)
	at org.apache.zookeeper.server.quorum.QuorumCnxManager.initiateConnection(QuorumCnxManager.java:383)
	at org.apache.zookeeper.server.quorum.QuorumCnxManager$QuorumConnectionReqThread.run(QuorumCnxManager.java:457)
	at java.util.concurrent.ThreadPoolExecutor.runWorker(ThreadPoolExecutor.java:1149)
	at java.util.concurrent.ThreadPoolExecutor$Worker.run(ThreadPoolExecutor.java:624)
	at java.lang.Thread.run(Thread.java:748)
2020-11-04 23:37:24,384 [myid:7] - WARN  [QuorumConnectionThread-[myid=7]-8:QuorumCnxManager@400] - Cannot open channel to 2 at election address node103/10.141.0.3:3888
java.net.ConnectException: Connection refused (Connection refused)
	at java.net.PlainSocketImpl.socketConnect(Native Method)
	at java.net.AbstractPlainSocketImpl.doConnect(AbstractPlainSocketImpl.java:476)
	at java.net.AbstractPlainSocketImpl.connectToAddress(AbstractPlainSocketImpl.java:218)
	at java.net.AbstractPlainSocketImpl.connect(AbstractPlainSocketImpl.java:200)
	at java.net.SocksSocketImpl.connect(SocksSocketImpl.java:394)
	at java.net.Socket.connect(Socket.java:606)
	at org.apache.zookeeper.server.quorum.QuorumCnxManager.initiateConnection(QuorumCnxManager.java:383)
	at org.apache.zookeeper.server.quorum.QuorumCnxManager$QuorumConnectionReqThread.run(QuorumCnxManager.java:457)
	at java.util.concurrent.ThreadPoolExecutor.runWorker(ThreadPoolExecutor.java:1149)
	at java.util.concurrent.ThreadPoolExecutor$Worker.run(ThreadPoolExecutor.java:624)
	at java.lang.Thread.run(Thread.java:748)
2020-11-04 23:37:24,385 [myid:7] - WARN  [QuorumConnectionThread-[myid=7]-7:QuorumCnxManager@400] - Cannot open channel to 3 at election address node104/10.141.0.4:3888
java.net.ConnectException: Connection refused (Connection refused)
	at java.net.PlainSocketImpl.socketConnect(Native Method)
	at java.net.AbstractPlainSocketImpl.doConnect(AbstractPlainSocketImpl.java:476)
	at java.net.AbstractPlainSocketImpl.connectToAddress(AbstractPlainSocketImpl.java:218)
	at java.net.AbstractPlainSocketImpl.connect(AbstractPlainSocketImpl.java:200)
	at java.net.SocksSocketImpl.connect(SocksSocketImpl.java:394)
	at java.net.Socket.connect(Socket.java:606)
	at org.apache.zookeeper.server.quorum.QuorumCnxManager.initiateConnection(QuorumCnxManager.java:383)
	at org.apache.zookeeper.server.quorum.QuorumCnxManager$QuorumConnectionReqThread.run(QuorumCnxManager.java:457)
	at java.util.concurrent.ThreadPoolExecutor.runWorker(ThreadPoolExecutor.java:1149)
	at java.util.concurrent.ThreadPoolExecutor$Worker.run(ThreadPoolExecutor.java:624)
	at java.lang.Thread.run(Thread.java:748)
2020-11-04 23:37:24,385 [myid:7] - WARN  [QuorumConnectionThread-[myid=7]-9:QuorumCnxManager@400] - Cannot open channel to 4 at election address node105/10.141.0.5:3888
java.net.ConnectException: Connection refused (Connection refused)
	at java.net.PlainSocketImpl.socketConnect(Native Method)
	at java.net.AbstractPlainSocketImpl.doConnect(AbstractPlainSocketImpl.java:476)
	at java.net.AbstractPlainSocketImpl.connectToAddress(AbstractPlainSocketImpl.java:218)
	at java.net.AbstractPlainSocketImpl.connect(AbstractPlainSocketImpl.java:200)
	at java.net.SocksSocketImpl.connect(SocksSocketImpl.java:394)
	at java.net.Socket.connect(Socket.java:606)
	at org.apache.zookeeper.server.quorum.QuorumCnxManager.initiateConnection(QuorumCnxManager.java:383)
	at org.apache.zookeeper.server.quorum.QuorumCnxManager$QuorumConnectionReqThread.run(QuorumCnxManager.java:457)
	at java.util.concurrent.ThreadPoolExecutor.runWorker(ThreadPoolExecutor.java:1149)
	at java.util.concurrent.ThreadPoolExecutor$Worker.run(ThreadPoolExecutor.java:624)
	at java.lang.Thread.run(Thread.java:748)
2020-11-04 23:37:24,388 [myid:7] - INFO  [WorkerReceiver[myid=7]:FastLeaderElection$Messenger$WorkerReceiver@389] - Notification: my state:LOOKING; n.sid:7, n.state:LOOKING, n.leader:7, n.round:0x3, n.peerEpoch:0x13, n.zxid:0x1300000000, message format version:0x2, n.config version:0x0
2020-11-04 23:37:24,389 [myid:7] - INFO  [WorkerReceiver[myid=7]:FastLeaderElection$Messenger$WorkerReceiver@389] - Notification: my state:LOOKING; n.sid:6, n.state:FOLLOWING, n.leader:7, n.round:0x2, n.peerEpoch:0x13, n.zxid:0x1200030d92, message format version:0x2, n.config version:0x0
2020-11-04 23:37:24,458 [myid:7] - INFO  [WorkerReceiver[myid=7]:FastLeaderElection$Messenger$WorkerReceiver@389] - Notification: my state:LOOKING; n.sid:6, n.state:LOOKING, n.leader:6, n.round:0x3, n.peerEpoch:0x13, n.zxid:0x1200030d92, message format version:0x2, n.config version:0x0
2020-11-04 23:37:24,473 [myid:7] - WARN  [RecvWorker:5:QuorumCnxManager$RecvWorker@1395] - Connection broken for id 5, my id = 7
java.io.EOFException
	at java.io.DataInputStream.readInt(DataInputStream.java:392)
	at org.apache.zookeeper.server.quorum.QuorumCnxManager$RecvWorker.run(QuorumCnxManager.java:1383)
2020-11-04 23:37:24,474 [myid:7] - WARN  [RecvWorker:5:QuorumCnxManager$RecvWorker@1401] - Interrupting SendWorker thread from RecvWorker. sid: 5. myId: 7
2020-11-04 23:37:24,474 [myid:7] - WARN  [SendWorker:5:QuorumCnxManager$SendWorker@1281] - Interrupted while waiting for message on queue
java.lang.InterruptedException
	at java.util.concurrent.locks.AbstractQueuedSynchronizer$ConditionObject.reportInterruptAfterWait(AbstractQueuedSynchronizer.java:2014)
	at java.util.concurrent.locks.AbstractQueuedSynchronizer$ConditionObject.awaitNanos(AbstractQueuedSynchronizer.java:2088)
	at org.apache.zookeeper.util.CircularBlockingQueue.poll(CircularBlockingQueue.java:105)
	at org.apache.zookeeper.server.quorum.QuorumCnxManager.pollSendQueue(QuorumCnxManager.java:1446)
	at org.apache.zookeeper.server.quorum.QuorumCnxManager.access$900(QuorumCnxManager.java:98)
	at org.apache.zookeeper.server.quorum.QuorumCnxManager$SendWorker.run(QuorumCnxManager.java:1270)
2020-11-04 23:37:24,474 [myid:7] - WARN  [SendWorker:5:QuorumCnxManager$SendWorker@1293] - Send worker leaving thread id 5 my id = 7
2020-11-04 23:37:24,660 [myid:7] - WARN  [QuorumConnectionThread-[myid=7]-9:QuorumCnxManager@400] - Cannot open channel to 1 at election address node102/10.141.0.2:3888
java.net.ConnectException: Connection refused (Connection refused)
	at java.net.PlainSocketImpl.socketConnect(Native Method)
	at java.net.AbstractPlainSocketImpl.doConnect(AbstractPlainSocketImpl.java:476)
	at java.net.AbstractPlainSocketImpl.connectToAddress(AbstractPlainSocketImpl.java:218)
	at java.net.AbstractPlainSocketImpl.connect(AbstractPlainSocketImpl.java:200)
	at java.net.SocksSocketImpl.connect(SocksSocketImpl.java:394)
	at java.net.Socket.connect(Socket.java:606)
	at org.apache.zookeeper.server.quorum.QuorumCnxManager.initiateConnection(QuorumCnxManager.java:383)
	at org.apache.zookeeper.server.quorum.QuorumCnxManager$QuorumConnectionReqThread.run(QuorumCnxManager.java:457)
	at java.util.concurrent.ThreadPoolExecutor.runWorker(ThreadPoolExecutor.java:1149)
	at java.util.concurrent.ThreadPoolExecutor$Worker.run(ThreadPoolExecutor.java:624)
	at java.lang.Thread.run(Thread.java:748)
2020-11-04 23:37:24,660 [myid:7] - WARN  [QuorumConnectionThread-[myid=7]-7:QuorumCnxManager@400] - Cannot open channel to 2 at election address node103/10.141.0.3:3888
java.net.ConnectException: Connection refused (Connection refused)
	at java.net.PlainSocketImpl.socketConnect(Native Method)
	at java.net.AbstractPlainSocketImpl.doConnect(AbstractPlainSocketImpl.java:476)
	at java.net.AbstractPlainSocketImpl.connectToAddress(AbstractPlainSocketImpl.java:218)
	at java.net.AbstractPlainSocketImpl.connect(AbstractPlainSocketImpl.java:200)
	at java.net.SocksSocketImpl.connect(SocksSocketImpl.java:394)
	at java.net.Socket.connect(Socket.java:606)
	at org.apache.zookeeper.server.quorum.QuorumCnxManager.initiateConnection(QuorumCnxManager.java:383)
	at org.apache.zookeeper.server.quorum.QuorumCnxManager$QuorumConnectionReqThread.run(QuorumCnxManager.java:457)
	at java.util.concurrent.ThreadPoolExecutor.runWorker(ThreadPoolExecutor.java:1149)
	at java.util.concurrent.ThreadPoolExecutor$Worker.run(ThreadPoolExecutor.java:624)
	at java.lang.Thread.run(Thread.java:748)
2020-11-04 23:37:24,660 [myid:7] - WARN  [QuorumConnectionThread-[myid=7]-8:QuorumCnxManager@400] - Cannot open channel to 3 at election address node104/10.141.0.4:3888
java.net.ConnectException: Connection refused (Connection refused)
	at java.net.PlainSocketImpl.socketConnect(Native Method)
	at java.net.AbstractPlainSocketImpl.doConnect(AbstractPlainSocketImpl.java:476)
	at java.net.AbstractPlainSocketImpl.connectToAddress(AbstractPlainSocketImpl.java:218)
	at java.net.AbstractPlainSocketImpl.connect(AbstractPlainSocketImpl.java:200)
	at java.net.SocksSocketImpl.connect(SocksSocketImpl.java:394)
	at java.net.Socket.connect(Socket.java:606)
	at org.apache.zookeeper.server.quorum.QuorumCnxManager.initiateConnection(QuorumCnxManager.java:383)
	at org.apache.zookeeper.server.quorum.QuorumCnxManager$QuorumConnectionReqThread.run(QuorumCnxManager.java:457)
	at java.util.concurrent.ThreadPoolExecutor.runWorker(ThreadPoolExecutor.java:1149)
	at java.util.concurrent.ThreadPoolExecutor$Worker.run(ThreadPoolExecutor.java:624)
	at java.lang.Thread.run(Thread.java:748)
2020-11-04 23:37:24,661 [myid:7] - WARN  [QuorumConnectionThread-[myid=7]-9:QuorumCnxManager@400] - Cannot open channel to 4 at election address node105/10.141.0.5:3888
java.net.ConnectException: Connection refused (Connection refused)
	at java.net.PlainSocketImpl.socketConnect(Native Method)
	at java.net.AbstractPlainSocketImpl.doConnect(AbstractPlainSocketImpl.java:476)
	at java.net.AbstractPlainSocketImpl.connectToAddress(AbstractPlainSocketImpl.java:218)
	at java.net.AbstractPlainSocketImpl.connect(AbstractPlainSocketImpl.java:200)
	at java.net.SocksSocketImpl.connect(SocksSocketImpl.java:394)
	at java.net.Socket.connect(Socket.java:606)
	at org.apache.zookeeper.server.quorum.QuorumCnxManager.initiateConnection(QuorumCnxManager.java:383)
	at org.apache.zookeeper.server.quorum.QuorumCnxManager$QuorumConnectionReqThread.run(QuorumCnxManager.java:457)
	at java.util.concurrent.ThreadPoolExecutor.runWorker(ThreadPoolExecutor.java:1149)
	at java.util.concurrent.ThreadPoolExecutor$Worker.run(ThreadPoolExecutor.java:624)
	at java.lang.Thread.run(Thread.java:748)
2020-11-04 23:37:24,661 [myid:7] - INFO  [QuorumPeer[myid=7](plain=[0:0:0:0:0:0:0:0]:2181)(secure=disabled):FastLeaderElection@979] - Notification time out: 400
2020-11-04 23:37:24,662 [myid:7] - WARN  [QuorumConnectionThread-[myid=7]-7:QuorumCnxManager@400] - Cannot open channel to 5 at election address node106/10.141.0.6:3888
java.net.ConnectException: Connection refused (Connection refused)
	at java.net.PlainSocketImpl.socketConnect(Native Method)
	at java.net.AbstractPlainSocketImpl.doConnect(AbstractPlainSocketImpl.java:476)
	at java.net.AbstractPlainSocketImpl.connectToAddress(AbstractPlainSocketImpl.java:218)
	at java.net.AbstractPlainSocketImpl.connect(AbstractPlainSocketImpl.java:200)
	at java.net.SocksSocketImpl.connect(SocksSocketImpl.java:394)
	at java.net.Socket.connect(Socket.java:606)
	at org.apache.zookeeper.server.quorum.QuorumCnxManager.initiateConnection(QuorumCnxManager.java:383)
	at org.apache.zookeeper.server.quorum.QuorumCnxManager$QuorumConnectionReqThread.run(QuorumCnxManager.java:457)
	at java.util.concurrent.ThreadPoolExecutor.runWorker(ThreadPoolExecutor.java:1149)
	at java.util.concurrent.ThreadPoolExecutor$Worker.run(ThreadPoolExecutor.java:624)
	at java.lang.Thread.run(Thread.java:748)
2020-11-04 23:37:24,662 [myid:7] - INFO  [WorkerReceiver[myid=7]:FastLeaderElection$Messenger$WorkerReceiver@389] - Notification: my state:LOOKING; n.sid:7, n.state:LOOKING, n.leader:7, n.round:0x3, n.peerEpoch:0x13, n.zxid:0x1300000000, message format version:0x2, n.config version:0x0
2020-11-04 23:37:24,663 [myid:7] - INFO  [WorkerReceiver[myid=7]:FastLeaderElection$Messenger$WorkerReceiver@389] - Notification: my state:LOOKING; n.sid:6, n.state:LOOKING, n.leader:6, n.round:0x3, n.peerEpoch:0x13, n.zxid:0x1200030d92, message format version:0x2, n.config version:0x0
2020-11-04 23:37:24,667 [myid:7] - INFO  [WorkerReceiver[myid=7]:FastLeaderElection$Messenger$WorkerReceiver@389] - Notification: my state:LOOKING; n.sid:6, n.state:LOOKING, n.leader:7, n.round:0x3, n.peerEpoch:0x13, n.zxid:0x1300000000, message format version:0x2, n.config version:0x0
2020-11-04 23:37:24,999 [myid:7] - INFO  [SessionTracker:SessionTrackerImpl@170] - SessionTrackerImpl exited loop!
2020-11-04 23:37:25,069 [myid:7] - WARN  [QuorumConnectionThread-[myid=7]-7:QuorumCnxManager@400] - Cannot open channel to 1 at election address node102/10.141.0.2:3888
java.net.ConnectException: Connection refused (Connection refused)
	at java.net.PlainSocketImpl.socketConnect(Native Method)
	at java.net.AbstractPlainSocketImpl.doConnect(AbstractPlainSocketImpl.java:476)
	at java.net.AbstractPlainSocketImpl.connectToAddress(AbstractPlainSocketImpl.java:218)
	at java.net.AbstractPlainSocketImpl.connect(AbstractPlainSocketImpl.java:200)
	at java.net.SocksSocketImpl.connect(SocksSocketImpl.java:394)
	at java.net.Socket.connect(Socket.java:606)
	at org.apache.zookeeper.server.quorum.QuorumCnxManager.initiateConnection(QuorumCnxManager.java:383)
	at org.apache.zookeeper.server.quorum.QuorumCnxManager$QuorumConnectionReqThread.run(QuorumCnxManager.java:457)
	at java.util.concurrent.ThreadPoolExecutor.runWorker(ThreadPoolExecutor.java:1149)
	at java.util.concurrent.ThreadPoolExecutor$Worker.run(ThreadPoolExecutor.java:624)
	at java.lang.Thread.run(Thread.java:748)
2020-11-04 23:37:25,069 [myid:7] - WARN  [QuorumConnectionThread-[myid=7]-8:QuorumCnxManager@400] - Cannot open channel to 3 at election address node104/10.141.0.4:3888
java.net.ConnectException: Connection refused (Connection refused)
	at java.net.PlainSocketImpl.socketConnect(Native Method)
	at java.net.AbstractPlainSocketImpl.doConnect(AbstractPlainSocketImpl.java:476)
	at java.net.AbstractPlainSocketImpl.connectToAddress(AbstractPlainSocketImpl.java:218)
	at java.net.AbstractPlainSocketImpl.connect(AbstractPlainSocketImpl.java:200)
	at java.net.SocksSocketImpl.connect(SocksSocketImpl.java:394)
	at java.net.Socket.connect(Socket.java:606)
	at org.apache.zookeeper.server.quorum.QuorumCnxManager.initiateConnection(QuorumCnxManager.java:383)
	at org.apache.zookeeper.server.quorum.QuorumCnxManager$QuorumConnectionReqThread.run(QuorumCnxManager.java:457)
	at java.util.concurrent.ThreadPoolExecutor.runWorker(ThreadPoolExecutor.java:1149)
	at java.util.concurrent.ThreadPoolExecutor$Worker.run(ThreadPoolExecutor.java:624)
	at java.lang.Thread.run(Thread.java:748)
2020-11-04 23:37:25,069 [myid:7] - WARN  [QuorumConnectionThread-[myid=7]-9:QuorumCnxManager@400] - Cannot open channel to 2 at election address node103/10.141.0.3:3888
java.net.ConnectException: Connection refused (Connection refused)
	at java.net.PlainSocketImpl.socketConnect(Native Method)
	at java.net.AbstractPlainSocketImpl.doConnect(AbstractPlainSocketImpl.java:476)
	at java.net.AbstractPlainSocketImpl.connectToAddress(AbstractPlainSocketImpl.java:218)
	at java.net.AbstractPlainSocketImpl.connect(AbstractPlainSocketImpl.java:200)
	at java.net.SocksSocketImpl.connect(SocksSocketImpl.java:394)
	at java.net.Socket.connect(Socket.java:606)
	at org.apache.zookeeper.server.quorum.QuorumCnxManager.initiateConnection(QuorumCnxManager.java:383)
	at org.apache.zookeeper.server.quorum.QuorumCnxManager$QuorumConnectionReqThread.run(QuorumCnxManager.java:457)
	at java.util.concurrent.ThreadPoolExecutor.runWorker(ThreadPoolExecutor.java:1149)
	at java.util.concurrent.ThreadPoolExecutor$Worker.run(ThreadPoolExecutor.java:624)
	at java.lang.Thread.run(Thread.java:748)
2020-11-04 23:37:25,070 [myid:7] - INFO  [WorkerReceiver[myid=7]:FastLeaderElection$Messenger$WorkerReceiver@389] - Notification: my state:LOOKING; n.sid:6, n.state:LOOKING, n.leader:7, n.round:0x3, n.peerEpoch:0x13, n.zxid:0x1300000000, message format version:0x2, n.config version:0x0
2020-11-04 23:37:25,070 [myid:7] - INFO  [QuorumPeer[myid=7](plain=[0:0:0:0:0:0:0:0]:2181)(secure=disabled):FastLeaderElection@979] - Notification time out: 800
2020-11-04 23:37:25,070 [myid:7] - WARN  [QuorumConnectionThread-[myid=7]-10:QuorumCnxManager@400] - Cannot open channel to 4 at election address node105/10.141.0.5:3888
java.net.ConnectException: Connection refused (Connection refused)
	at java.net.PlainSocketImpl.socketConnect(Native Method)
	at java.net.AbstractPlainSocketImpl.doConnect(AbstractPlainSocketImpl.java:476)
	at java.net.AbstractPlainSocketImpl.connectToAddress(AbstractPlainSocketImpl.java:218)
	at java.net.AbstractPlainSocketImpl.connect(AbstractPlainSocketImpl.java:200)
	at java.net.SocksSocketImpl.connect(SocksSocketImpl.java:394)
	at java.net.Socket.connect(Socket.java:606)
	at org.apache.zookeeper.server.quorum.QuorumCnxManager.initiateConnection(QuorumCnxManager.java:383)
	at org.apache.zookeeper.server.quorum.QuorumCnxManager$QuorumConnectionReqThread.run(QuorumCnxManager.java:457)
	at java.util.concurrent.ThreadPoolExecutor.runWorker(ThreadPoolExecutor.java:1149)
	at java.util.concurrent.ThreadPoolExecutor$Worker.run(ThreadPoolExecutor.java:624)
	at java.lang.Thread.run(Thread.java:748)
2020-11-04 23:37:25,071 [myid:7] - INFO  [WorkerReceiver[myid=7]:FastLeaderElection$Messenger$WorkerReceiver@389] - Notification: my state:LOOKING; n.sid:7, n.state:LOOKING, n.leader:7, n.round:0x3, n.peerEpoch:0x13, n.zxid:0x1300000000, message format version:0x2, n.config version:0x0
2020-11-04 23:37:25,071 [myid:7] - WARN  [QuorumConnectionThread-[myid=7]-11:QuorumCnxManager@400] - Cannot open channel to 5 at election address node106/10.141.0.6:3888
java.net.ConnectException: Connection refused (Connection refused)
	at java.net.PlainSocketImpl.socketConnect(Native Method)
	at java.net.AbstractPlainSocketImpl.doConnect(AbstractPlainSocketImpl.java:476)
	at java.net.AbstractPlainSocketImpl.connectToAddress(AbstractPlainSocketImpl.java:218)
	at java.net.AbstractPlainSocketImpl.connect(AbstractPlainSocketImpl.java:200)
	at java.net.SocksSocketImpl.connect(SocksSocketImpl.java:394)
	at java.net.Socket.connect(Socket.java:606)
	at org.apache.zookeeper.server.quorum.QuorumCnxManager.initiateConnection(QuorumCnxManager.java:383)
	at org.apache.zookeeper.server.quorum.QuorumCnxManager$QuorumConnectionReqThread.run(QuorumCnxManager.java:457)
	at java.util.concurrent.ThreadPoolExecutor.runWorker(ThreadPoolExecutor.java:1149)
	at java.util.concurrent.ThreadPoolExecutor$Worker.run(ThreadPoolExecutor.java:624)
	at java.lang.Thread.run(Thread.java:748)
2020-11-04 23:37:25,872 [myid:7] - WARN  [RecvWorker:6:QuorumCnxManager$RecvWorker@1395] - Connection broken for id 6, my id = 7
java.io.EOFException
	at java.io.DataInputStream.readInt(DataInputStream.java:392)
	at org.apache.zookeeper.server.quorum.QuorumCnxManager$RecvWorker.run(QuorumCnxManager.java:1383)
2020-11-04 23:37:25,872 [myid:7] - WARN  [RecvWorker:6:QuorumCnxManager$RecvWorker@1401] - Interrupting SendWorker thread from RecvWorker. sid: 6. myId: 7
2020-11-04 23:37:25,872 [myid:7] - WARN  [SendWorker:6:QuorumCnxManager$SendWorker@1281] - Interrupted while waiting for message on queue
java.lang.InterruptedException
	at java.util.concurrent.locks.AbstractQueuedSynchronizer$ConditionObject.reportInterruptAfterWait(AbstractQueuedSynchronizer.java:2014)
	at java.util.concurrent.locks.AbstractQueuedSynchronizer$ConditionObject.awaitNanos(AbstractQueuedSynchronizer.java:2088)
	at org.apache.zookeeper.util.CircularBlockingQueue.poll(CircularBlockingQueue.java:105)
	at org.apache.zookeeper.server.quorum.QuorumCnxManager.pollSendQueue(QuorumCnxManager.java:1446)
	at org.apache.zookeeper.server.quorum.QuorumCnxManager.access$900(QuorumCnxManager.java:98)
	at org.apache.zookeeper.server.quorum.QuorumCnxManager$SendWorker.run(QuorumCnxManager.java:1270)
2020-11-04 23:37:25,873 [myid:7] - WARN  [SendWorker:6:QuorumCnxManager$SendWorker@1293] - Send worker leaving thread id 6 my id = 7
2020-11-04 23:37:25,873 [myid:7] - WARN  [QuorumConnectionThread-[myid=7]-11:QuorumCnxManager@400] - Cannot open channel to 1 at election address node102/10.141.0.2:3888
java.net.ConnectException: Connection refused (Connection refused)
	at java.net.PlainSocketImpl.socketConnect(Native Method)
	at java.net.AbstractPlainSocketImpl.doConnect(AbstractPlainSocketImpl.java:476)
	at java.net.AbstractPlainSocketImpl.connectToAddress(AbstractPlainSocketImpl.java:218)
	at java.net.AbstractPlainSocketImpl.connect(AbstractPlainSocketImpl.java:200)
	at java.net.SocksSocketImpl.connect(SocksSocketImpl.java:394)
	at java.net.Socket.connect(Socket.java:606)
	at org.apache.zookeeper.server.quorum.QuorumCnxManager.initiateConnection(QuorumCnxManager.java:383)
	at org.apache.zookeeper.server.quorum.QuorumCnxManager$QuorumConnectionReqThread.run(QuorumCnxManager.java:457)
	at java.util.concurrent.ThreadPoolExecutor.runWorker(ThreadPoolExecutor.java:1149)
	at java.util.concurrent.ThreadPoolExecutor$Worker.run(ThreadPoolExecutor.java:624)
	at java.lang.Thread.run(Thread.java:748)
2020-11-04 23:37:25,873 [myid:7] - WARN  [QuorumConnectionThread-[myid=7]-9:QuorumCnxManager@400] - Cannot open channel to 3 at election address node104/10.141.0.4:3888
java.net.ConnectException: Connection refused (Connection refused)
	at java.net.PlainSocketImpl.socketConnect(Native Method)
	at java.net.AbstractPlainSocketImpl.doConnect(AbstractPlainSocketImpl.java:476)
	at java.net.AbstractPlainSocketImpl.connectToAddress(AbstractPlainSocketImpl.java:218)
	at java.net.AbstractPlainSocketImpl.connect(AbstractPlainSocketImpl.java:200)
	at java.net.SocksSocketImpl.connect(SocksSocketImpl.java:394)
	at java.net.Socket.connect(Socket.java:606)
	at org.apache.zookeeper.server.quorum.QuorumCnxManager.initiateConnection(QuorumCnxManager.java:383)
	at org.apache.zookeeper.server.quorum.QuorumCnxManager$QuorumConnectionReqThread.run(QuorumCnxManager.java:457)
	at java.util.concurrent.ThreadPoolExecutor.runWorker(ThreadPoolExecutor.java:1149)
	at java.util.concurrent.ThreadPoolExecutor$Worker.run(ThreadPoolExecutor.java:624)
	at java.lang.Thread.run(Thread.java:748)
2020-11-04 23:37:25,873 [myid:7] - WARN  [QuorumConnectionThread-[myid=7]-10:QuorumCnxManager@400] - Cannot open channel to 2 at election address node103/10.141.0.3:3888
java.net.ConnectException: Connection refused (Connection refused)
	at java.net.PlainSocketImpl.socketConnect(Native Method)
	at java.net.AbstractPlainSocketImpl.doConnect(AbstractPlainSocketImpl.java:476)
	at java.net.AbstractPlainSocketImpl.connectToAddress(AbstractPlainSocketImpl.java:218)
	at java.net.AbstractPlainSocketImpl.connect(AbstractPlainSocketImpl.java:200)
	at java.net.SocksSocketImpl.connect(SocksSocketImpl.java:394)
	at java.net.Socket.connect(Socket.java:606)
	at org.apache.zookeeper.server.quorum.QuorumCnxManager.initiateConnection(QuorumCnxManager.java:383)
	at org.apache.zookeeper.server.quorum.QuorumCnxManager$QuorumConnectionReqThread.run(QuorumCnxManager.java:457)
	at java.util.concurrent.ThreadPoolExecutor.runWorker(ThreadPoolExecutor.java:1149)
	at java.util.concurrent.ThreadPoolExecutor$Worker.run(ThreadPoolExecutor.java:624)
	at java.lang.Thread.run(Thread.java:748)
2020-11-04 23:37:25,874 [myid:7] - WARN  [QuorumConnectionThread-[myid=7]-11:QuorumCnxManager@400] - Cannot open channel to 6 at election address node107/10.141.0.7:3888
java.net.ConnectException: Connection refused (Connection refused)
	at java.net.PlainSocketImpl.socketConnect(Native Method)
	at java.net.AbstractPlainSocketImpl.doConnect(AbstractPlainSocketImpl.java:476)
	at java.net.AbstractPlainSocketImpl.connectToAddress(AbstractPlainSocketImpl.java:218)
	at java.net.AbstractPlainSocketImpl.connect(AbstractPlainSocketImpl.java:200)
	at java.net.SocksSocketImpl.connect(SocksSocketImpl.java:394)
	at java.net.Socket.connect(Socket.java:606)
	at org.apache.zookeeper.server.quorum.QuorumCnxManager.initiateConnection(QuorumCnxManager.java:383)
	at org.apache.zookeeper.server.quorum.QuorumCnxManager$QuorumConnectionReqThread.run(QuorumCnxManager.java:457)
	at java.util.concurrent.ThreadPoolExecutor.runWorker(ThreadPoolExecutor.java:1149)
	at java.util.concurrent.ThreadPoolExecutor$Worker.run(ThreadPoolExecutor.java:624)
	at java.lang.Thread.run(Thread.java:748)
2020-11-04 23:37:25,874 [myid:7] - WARN  [QuorumConnectionThread-[myid=7]-7:QuorumCnxManager@400] - Cannot open channel to 5 at election address node106/10.141.0.6:3888
java.net.ConnectException: Connection refused (Connection refused)
	at java.net.PlainSocketImpl.socketConnect(Native Method)
	at java.net.AbstractPlainSocketImpl.doConnect(AbstractPlainSocketImpl.java:476)
	at java.net.AbstractPlainSocketImpl.connectToAddress(AbstractPlainSocketImpl.java:218)
	at java.net.AbstractPlainSocketImpl.connect(AbstractPlainSocketImpl.java:200)
	at java.net.SocksSocketImpl.connect(SocksSocketImpl.java:394)
	at java.net.Socket.connect(Socket.java:606)
	at org.apache.zookeeper.server.quorum.QuorumCnxManager.initiateConnection(QuorumCnxManager.java:383)
	at org.apache.zookeeper.server.quorum.QuorumCnxManager$QuorumConnectionReqThread.run(QuorumCnxManager.java:457)
	at java.util.concurrent.ThreadPoolExecutor.runWorker(ThreadPoolExecutor.java:1149)
	at java.util.concurrent.ThreadPoolExecutor$Worker.run(ThreadPoolExecutor.java:624)
	at java.lang.Thread.run(Thread.java:748)
2020-11-04 23:37:25,874 [myid:7] - INFO  [WorkerReceiver[myid=7]:FastLeaderElection$Messenger$WorkerReceiver@389] - Notification: my state:LOOKING; n.sid:7, n.state:LOOKING, n.leader:7, n.round:0x3, n.peerEpoch:0x13, n.zxid:0x1300000000, message format version:0x2, n.config version:0x0
2020-11-04 23:37:25,874 [myid:7] - INFO  [QuorumPeer[myid=7](plain=[0:0:0:0:0:0:0:0]:2181)(secure=disabled):FastLeaderElection@979] - Notification time out: 1600
2020-11-04 23:37:25,874 [myid:7] - WARN  [QuorumConnectionThread-[myid=7]-8:QuorumCnxManager@400] - Cannot open channel to 4 at election address node105/10.141.0.5:3888
java.net.ConnectException: Connection refused (Connection refused)
	at java.net.PlainSocketImpl.socketConnect(Native Method)
	at java.net.AbstractPlainSocketImpl.doConnect(AbstractPlainSocketImpl.java:476)
	at java.net.AbstractPlainSocketImpl.connectToAddress(AbstractPlainSocketImpl.java:218)
	at java.net.AbstractPlainSocketImpl.connect(AbstractPlainSocketImpl.java:200)
	at java.net.SocksSocketImpl.connect(SocksSocketImpl.java:394)
	at java.net.Socket.connect(Socket.java:606)
	at org.apache.zookeeper.server.quorum.QuorumCnxManager.initiateConnection(QuorumCnxManager.java:383)
	at org.apache.zookeeper.server.quorum.QuorumCnxManager$QuorumConnectionReqThread.run(QuorumCnxManager.java:457)
	at java.util.concurrent.ThreadPoolExecutor.runWorker(ThreadPoolExecutor.java:1149)
	at java.util.concurrent.ThreadPoolExecutor$Worker.run(ThreadPoolExecutor.java:624)
	at java.lang.Thread.run(Thread.java:748)
