2020-11-03 20:59:53,566 [myid:] - INFO  [main:QuorumPeerConfig@174] - Reading configuration from: /home/ddps2008/DPS_A1/bin/../conf/zoo.cfg
2020-11-03 20:59:53,575 [myid:] - INFO  [main:QuorumPeerConfig@460] - clientPortAddress is 0.0.0.0:2181
2020-11-03 20:59:53,575 [myid:] - INFO  [main:QuorumPeerConfig@464] - secureClientPort is not set
2020-11-03 20:59:53,575 [myid:] - INFO  [main:QuorumPeerConfig@480] - observerMasterPort is not set
2020-11-03 20:59:53,576 [myid:] - INFO  [main:QuorumPeerConfig@497] - metricsProvider.className is org.apache.zookeeper.metrics.impl.DefaultMetricsProvider
2020-11-03 20:59:53,587 [myid:5] - INFO  [main:DatadirCleanupManager@78] - autopurge.snapRetainCount set to 3
2020-11-03 20:59:53,587 [myid:5] - INFO  [main:DatadirCleanupManager@79] - autopurge.purgeInterval set to 0
2020-11-03 20:59:53,587 [myid:5] - INFO  [main:DatadirCleanupManager@101] - Purge task is not scheduled.
2020-11-03 20:59:53,591 [myid:5] - INFO  [main:ManagedUtil@44] - Log4j 1.2 jmx support found and enabled.
2020-11-03 20:59:53,601 [myid:5] - INFO  [main:QuorumPeerMain@151] - Starting quorum peer, myid=5
2020-11-03 20:59:53,617 [myid:5] - INFO  [main:ServerMetrics@62] - ServerMetrics initialized with provider org.apache.zookeeper.metrics.impl.DefaultMetricsProvider@511baa65
2020-11-03 20:59:53,625 [myid:5] - INFO  [main:ServerCnxnFactory@169] - Using org.apache.zookeeper.server.NIOServerCnxnFactory as server connection factory
2020-11-03 20:59:53,626 [myid:5] - WARN  [main:ServerCnxnFactory@309] - maxCnxns is not configured, using default value 0.
2020-11-03 20:59:53,628 [myid:5] - INFO  [main:NIOServerCnxnFactory@666] - Configuring NIO connection handler with 10s sessionless connection timeout, 4 selector thread(s), 64 worker threads, and 64 kB direct buffers.
2020-11-03 20:59:53,632 [myid:5] - INFO  [main:NIOServerCnxnFactory@674] - binding to port 0.0.0.0/0.0.0.0:2181
2020-11-03 20:59:53,640 [myid:5] - INFO  [main:QuorumPeer@752] - zookeeper.quorumCnxnTimeoutMs=-1
2020-11-03 20:59:53,673 [myid:5] - INFO  [main:Log@169] - Logging initialized @519ms to org.eclipse.jetty.util.log.Slf4jLog
2020-11-03 20:59:53,757 [myid:5] - WARN  [main:ContextHandler@1520] - o.e.j.s.ServletContextHandler@1b68ddbd{/,null,UNAVAILABLE} contextPath ends with /*
2020-11-03 20:59:53,757 [myid:5] - WARN  [main:ContextHandler@1531] - Empty contextPath
2020-11-03 20:59:53,774 [myid:5] - INFO  [main:X509Util@77] - Setting -D jdk.tls.rejectClientInitiatedRenegotiation=true to disable client-initiated TLS renegotiation
2020-11-03 20:59:53,776 [myid:5] - INFO  [main:FileTxnSnapLog@124] - zookeeper.snapshot.trust.empty : false
2020-11-03 20:59:53,779 [myid:5] - INFO  [main:QuorumPeer@1683] - Local sessions disabled
2020-11-03 20:59:53,779 [myid:5] - INFO  [main:QuorumPeer@1694] - Local session upgrading disabled
2020-11-03 20:59:53,779 [myid:5] - INFO  [main:QuorumPeer@1661] - tickTime set to 2000
2020-11-03 20:59:53,780 [myid:5] - INFO  [main:QuorumPeer@1705] - minSessionTimeout set to 4000
2020-11-03 20:59:53,780 [myid:5] - INFO  [main:QuorumPeer@1716] - maxSessionTimeout set to 40000
2020-11-03 20:59:53,780 [myid:5] - INFO  [main:QuorumPeer@1741] - initLimit set to 10
2020-11-03 20:59:53,780 [myid:5] - INFO  [main:QuorumPeer@1928] - syncLimit set to 5
2020-11-03 20:59:53,780 [myid:5] - INFO  [main:QuorumPeer@1943] - connectToLearnerMasterLimit set to 0
2020-11-03 20:59:53,791 [myid:5] - INFO  [main:ZookeeperBanner@42] - 
2020-11-03 20:59:53,791 [myid:5] - INFO  [main:ZookeeperBanner@42] -   ______                  _                                          
2020-11-03 20:59:53,791 [myid:5] - INFO  [main:ZookeeperBanner@42] -  |___  /                 | |                                         
2020-11-03 20:59:53,791 [myid:5] - INFO  [main:ZookeeperBanner@42] -     / /    ___     ___   | | __   ___    ___   _ __     ___   _ __   
2020-11-03 20:59:53,791 [myid:5] - INFO  [main:ZookeeperBanner@42] -    / /    / _ \   / _ \  | |/ /  / _ \  / _ \ | '_ \   / _ \ | '__|
2020-11-03 20:59:53,791 [myid:5] - INFO  [main:ZookeeperBanner@42] -   / /__  | (_) | | (_) | |   <  |  __/ |  __/ | |_) | |  __/ | |    
2020-11-03 20:59:53,791 [myid:5] - INFO  [main:ZookeeperBanner@42] -  /_____|  \___/   \___/  |_|\_\  \___|  \___| | .__/   \___| |_|
2020-11-03 20:59:53,791 [myid:5] - INFO  [main:ZookeeperBanner@42] -                                               | |                     
2020-11-03 20:59:53,792 [myid:5] - INFO  [main:ZookeeperBanner@42] -                                               |_|                     
2020-11-03 20:59:53,792 [myid:5] - INFO  [main:ZookeeperBanner@42] - 
2020-11-03 20:59:53,794 [myid:5] - INFO  [main:Environment@98] - Server environment:zookeeper.version=3.6.2--803c7f1a12f85978cb049af5e4ef23bd8b688715, built on 09/04/2020 12:44 GMT
2020-11-03 20:59:53,794 [myid:5] - INFO  [main:Environment@98] - Server environment:host.name=node113.cm.cluster
2020-11-03 20:59:53,794 [myid:5] - INFO  [main:Environment@98] - Server environment:java.version=1.8.0_261
2020-11-03 20:59:53,795 [myid:5] - INFO  [main:Environment@98] - Server environment:java.vendor=Oracle Corporation
2020-11-03 20:59:53,795 [myid:5] - INFO  [main:Environment@98] - Server environment:java.home=/home/ddps2008/DPS_A1/java/jre1.8.0_261
2020-11-03 20:59:53,795 [myid:5] - INFO  [main:Environment@98] - Server environment:java.class.path=/home/ddps2008/DPS_A1/bin/../zookeeper-server/target/classes:/home/ddps2008/DPS_A1/bin/../build/classes:/home/ddps2008/DPS_A1/bin/../zookeeper-server/target/lib/*.jar:/home/ddps2008/DPS_A1/bin/../build/lib/*.jar:/home/ddps2008/DPS_A1/bin/../lib/zookeeper-prometheus-metrics-3.6.2.jar:/home/ddps2008/DPS_A1/bin/../lib/zookeeper-jute-3.6.2.jar:/home/ddps2008/DPS_A1/bin/../lib/zookeeper-3.6.2.jar:/home/ddps2008/DPS_A1/bin/../lib/snappy-java-1.1.7.jar:/home/ddps2008/DPS_A1/bin/../lib/slf4j-log4j12-1.7.25.jar:/home/ddps2008/DPS_A1/bin/../lib/slf4j-api-1.7.25.jar:/home/ddps2008/DPS_A1/bin/../lib/simpleclient_servlet-0.6.0.jar:/home/ddps2008/DPS_A1/bin/../lib/simpleclient_hotspot-0.6.0.jar:/home/ddps2008/DPS_A1/bin/../lib/simpleclient_common-0.6.0.jar:/home/ddps2008/DPS_A1/bin/../lib/simpleclient-0.6.0.jar:/home/ddps2008/DPS_A1/bin/../lib/netty-transport-native-unix-common-4.1.50.Final.jar:/home/ddps2008/DPS_A1/bin/../lib/netty-transport-native-epoll-4.1.50.Final.jar:/home/ddps2008/DPS_A1/bin/../lib/netty-transport-4.1.50.Final.jar:/home/ddps2008/DPS_A1/bin/../lib/netty-resolver-4.1.50.Final.jar:/home/ddps2008/DPS_A1/bin/../lib/netty-handler-4.1.50.Final.jar:/home/ddps2008/DPS_A1/bin/../lib/netty-common-4.1.50.Final.jar:/home/ddps2008/DPS_A1/bin/../lib/netty-codec-4.1.50.Final.jar:/home/ddps2008/DPS_A1/bin/../lib/netty-buffer-4.1.50.Final.jar:/home/ddps2008/DPS_A1/bin/../lib/metrics-core-3.2.5.jar:/home/ddps2008/DPS_A1/bin/../lib/log4j-1.2.17.jar:/home/ddps2008/DPS_A1/bin/../lib/json-simple-1.1.1.jar:/home/ddps2008/DPS_A1/bin/../lib/jline-2.14.6.jar:/home/ddps2008/DPS_A1/bin/../lib/jetty-util-9.4.24.v20191120.jar:/home/ddps2008/DPS_A1/bin/../lib/jetty-servlet-9.4.24.v20191120.jar:/home/ddps2008/DPS_A1/bin/../lib/jetty-server-9.4.24.v20191120.jar:/home/ddps2008/DPS_A1/bin/../lib/jetty-security-9.4.24.v20191120.jar:/home/ddps2008/DPS_A1/bin/../lib/jetty-io-9.4.24.v20191120.jar:/home/ddps2008/DPS_A1/bin/../lib/jetty-http-9.4.24.v20191120.jar:/home/ddps2008/DPS_A1/bin/../lib/javax.servlet-api-3.1.0.jar:/home/ddps2008/DPS_A1/bin/../lib/jackson-databind-2.10.3.jar:/home/ddps2008/DPS_A1/bin/../lib/jackson-core-2.10.3.jar:/home/ddps2008/DPS_A1/bin/../lib/jackson-annotations-2.10.3.jar:/home/ddps2008/DPS_A1/bin/../lib/commons-lang-2.6.jar:/home/ddps2008/DPS_A1/bin/../lib/commons-cli-1.2.jar:/home/ddps2008/DPS_A1/bin/../lib/audience-annotations-0.5.0.jar:/home/ddps2008/DPS_A1/bin/../zookeeper-*.jar:/home/ddps2008/DPS_A1/bin/../zookeeper-server/src/main/resources/lib/*.jar:/home/ddps2008/DPS_A1/bin/../conf:
2020-11-03 20:59:53,795 [myid:5] - INFO  [main:Environment@98] - Server environment:java.library.path=/cm/shared/apps/slurm/17.02.2/lib64/slurm:/cm/shared/apps/slurm/17.02.2/lib64:/cm/local/apps/gcc/6.3.0/lib:/cm/local/apps/gcc/6.3.0/lib64:/usr/java/packages/lib/amd64:/usr/lib64:/lib64:/lib:/usr/lib
2020-11-03 20:59:53,795 [myid:5] - INFO  [main:Environment@98] - Server environment:java.io.tmpdir=/tmp
2020-11-03 20:59:53,795 [myid:5] - INFO  [main:Environment@98] - Server environment:java.compiler=<NA>
2020-11-03 20:59:53,796 [myid:5] - INFO  [main:Environment@98] - Server environment:os.name=Linux
2020-11-03 20:59:53,796 [myid:5] - INFO  [main:Environment@98] - Server environment:os.arch=amd64
2020-11-03 20:59:53,796 [myid:5] - INFO  [main:Environment@98] - Server environment:os.version=3.10.0-693.17.1.el7.x86_64
2020-11-03 20:59:53,796 [myid:5] - INFO  [main:Environment@98] - Server environment:user.name=ddps2008
2020-11-03 20:59:53,796 [myid:5] - INFO  [main:Environment@98] - Server environment:user.home=/home/ddps2008
2020-11-03 20:59:53,796 [myid:5] - INFO  [main:Environment@98] - Server environment:user.dir=/home/ddps2008
2020-11-03 20:59:53,796 [myid:5] - INFO  [main:Environment@98] - Server environment:os.memory.free=903MB
2020-11-03 20:59:53,796 [myid:5] - INFO  [main:Environment@98] - Server environment:os.memory.max=958MB
2020-11-03 20:59:53,797 [myid:5] - INFO  [main:Environment@98] - Server environment:os.memory.total=958MB
2020-11-03 20:59:53,797 [myid:5] - INFO  [main:ZooKeeperServer@129] - zookeeper.enableEagerACLCheck = false
2020-11-03 20:59:53,797 [myid:5] - INFO  [main:ZooKeeperServer@137] - zookeeper.digest.enabled = true
2020-11-03 20:59:53,797 [myid:5] - INFO  [main:ZooKeeperServer@141] - zookeeper.closeSessionTxn.enabled = true
2020-11-03 20:59:53,797 [myid:5] - INFO  [main:ZooKeeperServer@1444] - zookeeper.flushDelay=0
2020-11-03 20:59:53,798 [myid:5] - INFO  [main:ZooKeeperServer@1453] - zookeeper.maxWriteQueuePollTime=0
2020-11-03 20:59:53,798 [myid:5] - INFO  [main:ZooKeeperServer@1462] - zookeeper.maxBatchSize=1000
2020-11-03 20:59:53,798 [myid:5] - INFO  [main:ZooKeeperServer@243] - zookeeper.intBufferStartingSizeBytes = 1024
2020-11-03 20:59:53,805 [myid:5] - INFO  [main:WatchManagerFactory@42] - Using org.apache.zookeeper.server.watch.WatchManager as watch manager
2020-11-03 20:59:53,805 [myid:5] - INFO  [main:WatchManagerFactory@42] - Using org.apache.zookeeper.server.watch.WatchManager as watch manager
2020-11-03 20:59:53,805 [myid:5] - INFO  [main:ZKDatabase@132] - zookeeper.snapshotSizeFactor = 0.33
2020-11-03 20:59:53,806 [myid:5] - INFO  [main:ZKDatabase@152] - zookeeper.commitLogCount=500
2020-11-03 20:59:53,829 [myid:5] - INFO  [main:QuorumPeer@2009] - Using insecure (non-TLS) quorum communication
2020-11-03 20:59:53,829 [myid:5] - INFO  [main:QuorumPeer@2015] - Port unification disabled
2020-11-03 20:59:53,829 [myid:5] - INFO  [main:QuorumPeer@174] - multiAddress.enabled set to false
2020-11-03 20:59:53,830 [myid:5] - INFO  [main:QuorumPeer@199] - multiAddress.reachabilityCheckEnabled set to true
2020-11-03 20:59:53,830 [myid:5] - INFO  [main:QuorumPeer@186] - multiAddress.reachabilityCheckTimeoutMs set to 1000
2020-11-03 20:59:53,830 [myid:5] - INFO  [main:QuorumPeer@2469] - QuorumPeer communication is not secured! (SASL auth disabled)
2020-11-03 20:59:53,830 [myid:5] - INFO  [main:QuorumPeer@2494] - quorum.cnxn.threads.size set to 20
2020-11-03 20:59:53,839 [myid:5] - INFO  [main:SnapStream@61] - zookeeper.snapshot.compression.method = CHECKED
2020-11-03 20:59:53,841 [myid:5] - INFO  [main:FileSnap@85] - Reading snapshot /local/ddps2008/zooData/version-2/snapshot.90015d022
2020-11-03 20:59:53,853 [myid:5] - INFO  [main:DataTree@1730] - The digest in the snapshot has digest version of 2, , with zxid as 0x90015d022, and digest value as 210279239429
2020-11-03 20:59:55,011 [myid:5] - INFO  [main:FileTxnSnapLog@363] - 82467 txns loaded in 744 ms
2020-11-03 20:59:55,012 [myid:5] - INFO  [main:ZKDatabase@289] - Snapshot loaded in 1181 ms, highest zxid is 0x900171245, digest is 233857071805
2020-11-03 20:59:55,016 [myid:5] - INFO  [main:Server@359] - jetty-9.4.24.v20191120; built: 2019-11-20T21:37:49.771Z; git: 363d5f2df3a8a28de40604320230664b9c793c16; jvm 1.8.0_261-b12
2020-11-03 20:59:55,039 [myid:5] - INFO  [main:DefaultSessionIdManager@333] - DefaultSessionIdManager workerName=node0
2020-11-03 20:59:55,040 [myid:5] - INFO  [main:DefaultSessionIdManager@338] - No SessionScavenger set, using defaults
2020-11-03 20:59:55,041 [myid:5] - INFO  [main:HouseKeeper@140] - node0 Scavenging every 660000ms
2020-11-03 20:59:55,043 [myid:5] - WARN  [main:ConstraintSecurityHandler@757] - ServletContext@o.e.j.s.ServletContextHandler@1b68ddbd{/,null,STARTING} has uncovered http methods for path: /*
2020-11-03 20:59:55,049 [myid:5] - INFO  [main:ContextHandler@825] - Started o.e.j.s.ServletContextHandler@1b68ddbd{/,null,AVAILABLE}
2020-11-03 20:59:55,050 [myid:5] - WARN  [main:QuorumPeer@1083] - Problem starting AdminServer
org.apache.zookeeper.server.admin.AdminServer$AdminServerException: Problem starting AdminServer on address 0.0.0.0, port 8080 and command URL /commands
	at org.apache.zookeeper.server.admin.JettyAdminServer.start(JettyAdminServer.java:180)
	at org.apache.zookeeper.server.quorum.QuorumPeer.start(QuorumPeer.java:1081)
	at org.apache.zookeeper.server.quorum.QuorumPeerMain.runFromConfig(QuorumPeerMain.java:227)
	at org.apache.zookeeper.server.quorum.QuorumPeerMain.initializeAndRun(QuorumPeerMain.java:136)
	at org.apache.zookeeper.server.quorum.QuorumPeerMain.main(QuorumPeerMain.java:90)
Caused by: java.io.IOException: Failed to bind to /0.0.0.0:8080
	at org.eclipse.jetty.server.ServerConnector.openAcceptChannel(ServerConnector.java:346)
	at org.eclipse.jetty.server.ServerConnector.open(ServerConnector.java:307)
	at org.eclipse.jetty.server.AbstractNetworkConnector.doStart(AbstractNetworkConnector.java:80)
	at org.eclipse.jetty.server.ServerConnector.doStart(ServerConnector.java:231)
	at org.eclipse.jetty.util.component.AbstractLifeCycle.start(AbstractLifeCycle.java:72)
	at org.eclipse.jetty.server.Server.doStart(Server.java:385)
	at org.eclipse.jetty.util.component.AbstractLifeCycle.start(AbstractLifeCycle.java:72)
	at org.apache.zookeeper.server.admin.JettyAdminServer.start(JettyAdminServer.java:171)
	... 4 more
Caused by: java.net.BindException: Address already in use
	at sun.nio.ch.Net.bind0(Native Method)
	at sun.nio.ch.Net.bind(Net.java:444)
	at sun.nio.ch.Net.bind(Net.java:436)
	at sun.nio.ch.ServerSocketChannelImpl.bind(ServerSocketChannelImpl.java:225)
	at sun.nio.ch.ServerSocketAdaptor.bind(ServerSocketAdaptor.java:74)
	at org.eclipse.jetty.server.ServerConnector.openAcceptChannel(ServerConnector.java:342)
	... 11 more
org.apache.zookeeper.server.admin.AdminServer$AdminServerException: Problem starting AdminServer on address 0.0.0.0, port 8080 and command URL /commands
2020-11-03 20:59:55,052 [myid:5] - INFO  [main:QuorumPeer@2511] - Using 10000ms as the quorum cnxn socket timeout
2020-11-03 20:59:55,056 [myid:5] - INFO  [main:QuorumCnxManager$Listener@923] - Election port bind maximum retries is 3
2020-11-03 20:59:55,058 [myid:5] - INFO  [main:FastLeaderElection@88] - zookeeper.fastleader.minNotificationInterval=200
2020-11-03 20:59:55,058 [myid:5] - INFO  [main:FastLeaderElection@90] - zookeeper.fastleader.maxNotificationInterval=60000
2020-11-03 20:59:55,060 [myid:5] - INFO  [main:ZKAuditProvider@42] - ZooKeeper audit is disabled.
2020-11-03 20:59:55,065 [myid:5] - INFO  [ListenerHandler-node113/10.141.0.13:3888:QuorumCnxManager$Listener$ListenerHandler@1065] - 5 is accepting connections now, my election bind port: node113/10.141.0.13:3888
2020-11-03 20:59:55,067 [myid:5] - INFO  [QuorumPeer[myid=5](plain=[0:0:0:0:0:0:0:0]:2181)(secure=disabled):QuorumPeer@1374] - LOOKING
2020-11-03 20:59:55,068 [myid:5] - INFO  [QuorumPeer[myid=5](plain=[0:0:0:0:0:0:0:0]:2181)(secure=disabled):FastLeaderElection@944] - New election. My id = 5, proposed zxid=0x900171245
2020-11-03 20:59:55,082 [myid:5] - INFO  [WorkerReceiver[myid=5]:FastLeaderElection$Messenger$WorkerReceiver@389] - Notification: my state:LOOKING; n.sid:5, n.state:LOOKING, n.leader:5, n.round:0x1, n.peerEpoch:0x9, n.zxid:0x900171245, message format version:0x2, n.config version:0x0
2020-11-03 20:59:55,086 [myid:5] - INFO  [WorkerReceiver[myid=5]:FastLeaderElection$Messenger$WorkerReceiver@389] - Notification: my state:LOOKING; n.sid:4, n.state:LOOKING, n.leader:4, n.round:0x1, n.peerEpoch:0x9, n.zxid:0x900171245, message format version:0x2, n.config version:0x0
2020-11-03 20:59:55,087 [myid:5] - INFO  [WorkerReceiver[myid=5]:FastLeaderElection$Messenger$WorkerReceiver@389] - Notification: my state:LOOKING; n.sid:3, n.state:LOOKING, n.leader:3, n.round:0x1, n.peerEpoch:0x9, n.zxid:0x900171245, message format version:0x2, n.config version:0x0
2020-11-03 20:59:55,087 [myid:5] - INFO  [WorkerReceiver[myid=5]:FastLeaderElection$Messenger$WorkerReceiver@389] - Notification: my state:LOOKING; n.sid:2, n.state:LOOKING, n.leader:3, n.round:0x1, n.peerEpoch:0x9, n.zxid:0x900171245, message format version:0x2, n.config version:0x0
2020-11-03 20:59:55,088 [myid:5] - INFO  [WorkerReceiver[myid=5]:FastLeaderElection$Messenger$WorkerReceiver@389] - Notification: my state:LOOKING; n.sid:1, n.state:LOOKING, n.leader:3, n.round:0x1, n.peerEpoch:0x9, n.zxid:0x900171245, message format version:0x2, n.config version:0x0
2020-11-03 20:59:55,089 [myid:5] - INFO  [WorkerReceiver[myid=5]:FastLeaderElection$Messenger$WorkerReceiver@389] - Notification: my state:LOOKING; n.sid:2, n.state:FOLLOWING, n.leader:3, n.round:0x1, n.peerEpoch:0xa, n.zxid:0x900171245, message format version:0x2, n.config version:0x0
2020-11-03 20:59:55,089 [myid:5] - INFO  [WorkerReceiver[myid=5]:FastLeaderElection$Messenger$WorkerReceiver@389] - Notification: my state:LOOKING; n.sid:3, n.state:LEADING, n.leader:3, n.round:0x1, n.peerEpoch:0xa, n.zxid:0x900171245, message format version:0x2, n.config version:0x0
2020-11-03 20:59:55,090 [myid:5] - INFO  [WorkerReceiver[myid=5]:FastLeaderElection$Messenger$WorkerReceiver@389] - Notification: my state:LOOKING; n.sid:1, n.state:FOLLOWING, n.leader:3, n.round:0x1, n.peerEpoch:0xa, n.zxid:0x900171245, message format version:0x2, n.config version:0x0
2020-11-03 20:59:55,091 [myid:5] - INFO  [QuorumPeer[myid=5](plain=[0:0:0:0:0:0:0:0]:2181)(secure=disabled):QuorumPeer@857] - Peer state changed: following
2020-11-03 20:59:55,091 [myid:5] - INFO  [WorkerReceiver[myid=5]:FastLeaderElection$Messenger$WorkerReceiver@389] - Notification: my state:FOLLOWING; n.sid:4, n.state:FOLLOWING, n.leader:3, n.round:0x1, n.peerEpoch:0xa, n.zxid:0x900171245, message format version:0x2, n.config version:0x0
2020-11-03 20:59:55,091 [myid:5] - INFO  [QuorumPeer[myid=5](plain=[0:0:0:0:0:0:0:0]:2181)(secure=disabled):QuorumPeer@1456] - FOLLOWING
2020-11-03 20:59:55,095 [myid:5] - INFO  [QuorumPeer[myid=5](plain=[0:0:0:0:0:0:0:0]:2181)(secure=disabled):Learner@117] - leaderConnectDelayDuringRetryMs: 100
2020-11-03 20:59:55,095 [myid:5] - INFO  [QuorumPeer[myid=5](plain=[0:0:0:0:0:0:0:0]:2181)(secure=disabled):Learner@118] - TCP NoDelay set to: true
2020-11-03 20:59:55,097 [myid:5] - INFO  [QuorumPeer[myid=5](plain=[0:0:0:0:0:0:0:0]:2181)(secure=disabled):BlueThrottle@141] - Weighed connection throttling is disabled
2020-11-03 20:59:55,098 [myid:5] - INFO  [QuorumPeer[myid=5](plain=[0:0:0:0:0:0:0:0]:2181)(secure=disabled):ZooKeeperServer@1256] - minSessionTimeout set to 4000
2020-11-03 20:59:55,098 [myid:5] - INFO  [QuorumPeer[myid=5](plain=[0:0:0:0:0:0:0:0]:2181)(secure=disabled):ZooKeeperServer@1265] - maxSessionTimeout set to 40000
2020-11-03 20:59:55,099 [myid:5] - INFO  [QuorumPeer[myid=5](plain=[0:0:0:0:0:0:0:0]:2181)(secure=disabled):ResponseCache@45] - Response cache size is initialized with value 400.
2020-11-03 20:59:55,099 [myid:5] - INFO  [QuorumPeer[myid=5](plain=[0:0:0:0:0:0:0:0]:2181)(secure=disabled):ResponseCache@45] - Response cache size is initialized with value 400.
2020-11-03 20:59:55,100 [myid:5] - INFO  [QuorumPeer[myid=5](plain=[0:0:0:0:0:0:0:0]:2181)(secure=disabled):RequestPathMetricsCollector@111] - zookeeper.pathStats.slotCapacity = 60
2020-11-03 20:59:55,100 [myid:5] - INFO  [QuorumPeer[myid=5](plain=[0:0:0:0:0:0:0:0]:2181)(secure=disabled):RequestPathMetricsCollector@112] - zookeeper.pathStats.slotDuration = 15
2020-11-03 20:59:55,100 [myid:5] - INFO  [QuorumPeer[myid=5](plain=[0:0:0:0:0:0:0:0]:2181)(secure=disabled):RequestPathMetricsCollector@113] - zookeeper.pathStats.maxDepth = 6
2020-11-03 20:59:55,100 [myid:5] - INFO  [QuorumPeer[myid=5](plain=[0:0:0:0:0:0:0:0]:2181)(secure=disabled):RequestPathMetricsCollector@114] - zookeeper.pathStats.initialDelay = 5
2020-11-03 20:59:55,100 [myid:5] - INFO  [QuorumPeer[myid=5](plain=[0:0:0:0:0:0:0:0]:2181)(secure=disabled):RequestPathMetricsCollector@115] - zookeeper.pathStats.delay = 5
2020-11-03 20:59:55,100 [myid:5] - INFO  [QuorumPeer[myid=5](plain=[0:0:0:0:0:0:0:0]:2181)(secure=disabled):RequestPathMetricsCollector@116] - zookeeper.pathStats.enabled = false
2020-11-03 20:59:55,101 [myid:5] - INFO  [QuorumPeer[myid=5](plain=[0:0:0:0:0:0:0:0]:2181)(secure=disabled):ZooKeeperServer@1481] - The max bytes for all large requests are set to 104857600
2020-11-03 20:59:55,101 [myid:5] - INFO  [QuorumPeer[myid=5](plain=[0:0:0:0:0:0:0:0]:2181)(secure=disabled):ZooKeeperServer@1495] - The large request threshold is set to -1
2020-11-03 20:59:55,101 [myid:5] - INFO  [QuorumPeer[myid=5](plain=[0:0:0:0:0:0:0:0]:2181)(secure=disabled):ZooKeeperServer@339] - Created server with tickTime 2000 minSessionTimeout 4000 maxSessionTimeout 40000 clientPortListenBacklog -1 datadir /local/ddps2008/zooData/version-2 snapdir /local/ddps2008/zooData/version-2
2020-11-03 20:59:55,102 [myid:5] - INFO  [QuorumPeer[myid=5](plain=[0:0:0:0:0:0:0:0]:2181)(secure=disabled):Follower@75] - FOLLOWING - LEADER ELECTION TOOK - 35 MS
2020-11-03 20:59:55,105 [myid:5] - INFO  [QuorumPeer[myid=5](plain=[0:0:0:0:0:0:0:0]:2181)(secure=disabled):QuorumPeer@863] - Peer state changed: following - discovery
2020-11-03 20:59:55,107 [myid:5] - INFO  [LeaderConnector-node111/10.141.0.11:2888:Learner$LeaderConnector@330] - Successfully connected to leader, using address: node111/10.141.0.11:2888
2020-11-03 20:59:55,129 [myid:5] - INFO  [QuorumPeer[myid=5](plain=[0:0:0:0:0:0:0:0]:2181)(secure=disabled):QuorumPeer@863] - Peer state changed: following - synchronization
2020-11-03 20:59:55,132 [myid:5] - INFO  [QuorumPeer[myid=5](plain=[0:0:0:0:0:0:0:0]:2181)(secure=disabled):Learner@511] - Getting a diff from the leader 0x900171245
2020-11-03 20:59:55,133 [myid:5] - INFO  [QuorumPeer[myid=5](plain=[0:0:0:0:0:0:0:0]:2181)(secure=disabled):QuorumPeer@868] - Peer state changed: following - synchronization - diff
2020-11-03 20:59:55,137 [myid:5] - INFO  [QuorumPeer[myid=5](plain=[0:0:0:0:0:0:0:0]:2181)(secure=disabled):Learner@677] - Learner received NEWLEADER message
2020-11-03 20:59:55,137 [myid:5] - INFO  [QuorumPeer[myid=5](plain=[0:0:0:0:0:0:0:0]:2181)(secure=disabled):QuorumPeer@1811] - Dynamic reconfig is disabled, we don't store the last seen config.
2020-11-03 20:59:55,162 [myid:5] - INFO  [QuorumPeer[myid=5](plain=[0:0:0:0:0:0:0:0]:2181)(secure=disabled):Learner@661] - Learner received UPTODATE message
2020-11-03 20:59:55,163 [myid:5] - INFO  [QuorumPeer[myid=5](plain=[0:0:0:0:0:0:0:0]:2181)(secure=disabled):QuorumPeer@868] - Peer state changed: following - synchronization
2020-11-03 20:59:55,168 [myid:5] - INFO  [QuorumPeer[myid=5](plain=[0:0:0:0:0:0:0:0]:2181)(secure=disabled):CommitProcessor@476] - Configuring CommitProcessor with readBatchSize -1 commitBatchSize 1
2020-11-03 20:59:55,168 [myid:5] - INFO  [QuorumPeer[myid=5](plain=[0:0:0:0:0:0:0:0]:2181)(secure=disabled):CommitProcessor@438] - Configuring CommitProcessor with 32 worker threads.
2020-11-03 20:59:55,171 [myid:5] - INFO  [QuorumPeer[myid=5](plain=[0:0:0:0:0:0:0:0]:2181)(secure=disabled):RequestThrottler@74] - zookeeper.request_throttler.shutdownTimeout = 10000
2020-11-03 20:59:55,185 [myid:5] - INFO  [QuorumPeer[myid=5](plain=[0:0:0:0:0:0:0:0]:2181)(secure=disabled):QuorumPeer@863] - Peer state changed: following - broadcast
2020-11-03 20:59:56,265 [myid:5] - WARN  [QuorumPeer[myid=5](plain=[0:0:0:0:0:0:0:0]:2181)(secure=disabled):Follower@170] - Got zxid 0xa00000001 expected 0x1
2020-11-03 20:59:56,265 [myid:5] - INFO  [SyncThread:5:FileTxnLog@284] - Creating new log file: log.a00000001
2020-11-03 20:59:56,295 [myid:5] - INFO  [CommitProcessor:5:LearnerSessionTracker@116] - Committing global session 0x113fbf8be9e0000
2020-11-03 20:59:56,295 [myid:5] - INFO  [CommitProcessor:5:LearnerSessionTracker@116] - Committing global session 0x113fbf8be9e0007
2020-11-03 20:59:56,295 [myid:5] - INFO  [CommitProcessor:5:LearnerSessionTracker@116] - Committing global session 0x113fbf8be9e0003
2020-11-03 20:59:56,296 [myid:5] - INFO  [CommitProcessor:5:LearnerSessionTracker@116] - Committing global session 0x113fbf8be9e0006
2020-11-03 20:59:56,296 [myid:5] - INFO  [CommitProcessor:5:LearnerSessionTracker@116] - Committing global session 0x113fbf8be9e0004
2020-11-03 20:59:56,296 [myid:5] - INFO  [CommitProcessor:5:LearnerSessionTracker@116] - Committing global session 0x113fbf8be9e0005
2020-11-03 20:59:56,297 [myid:5] - INFO  [CommitProcessor:5:LearnerSessionTracker@116] - Committing global session 0x113fbf8be9e0002
2020-11-03 20:59:56,297 [myid:5] - INFO  [CommitProcessor:5:LearnerSessionTracker@116] - Committing global session 0x113fbf8be9e0009
2020-11-03 20:59:56,298 [myid:5] - INFO  [CommitProcessor:5:LearnerSessionTracker@116] - Committing global session 0x113fbf8be9e000b
2020-11-03 20:59:56,298 [myid:5] - INFO  [CommitProcessor:5:LearnerSessionTracker@116] - Committing global session 0x113fbf8be9e000c
2020-11-03 20:59:56,298 [myid:5] - INFO  [CommitProcessor:5:LearnerSessionTracker@116] - Committing global session 0x113fbf8be9e0001
2020-11-03 20:59:56,301 [myid:5] - INFO  [CommitProcessor:5:LearnerSessionTracker@116] - Committing global session 0x113fbf8be9e000e
2020-11-03 20:59:56,301 [myid:5] - INFO  [CommitProcessor:5:LearnerSessionTracker@116] - Committing global session 0x113fbf8be9e000a
2020-11-03 20:59:56,301 [myid:5] - INFO  [CommitProcessor:5:LearnerSessionTracker@116] - Committing global session 0x113fbf8be9e000f
2020-11-03 20:59:56,302 [myid:5] - INFO  [CommitProcessor:5:LearnerSessionTracker@116] - Committing global session 0x113fbf8be9e0008
2020-11-03 20:59:56,302 [myid:5] - INFO  [CommitProcessor:5:LearnerSessionTracker@116] - Committing global session 0x113fbf8be9e000d
2020-11-03 20:59:56,302 [myid:5] - INFO  [CommitProcessor:5:LearnerSessionTracker@116] - Committing global session 0x113fbf8be9e0011
2020-11-03 20:59:56,303 [myid:5] - INFO  [CommitProcessor:5:LearnerSessionTracker@116] - Committing global session 0x113fbf8be9e0010
2020-11-03 20:59:56,303 [myid:5] - INFO  [CommitProcessor:5:LearnerSessionTracker@116] - Committing global session 0x113fbf8be9e0013
2020-11-03 20:59:56,304 [myid:5] - INFO  [CommitProcessor:5:LearnerSessionTracker@116] - Committing global session 0x113fbf8be9e0012
2020-11-03 20:59:56,304 [myid:5] - INFO  [CommitProcessor:5:LearnerSessionTracker@116] - Committing global session 0x113fbf8be9e0014
2020-11-03 20:59:56,304 [myid:5] - INFO  [CommitProcessor:5:LearnerSessionTracker@116] - Committing global session 0x113fbf8be9e0015
2020-11-03 20:59:56,304 [myid:5] - INFO  [CommitProcessor:5:LearnerSessionTracker@116] - Committing global session 0x113fbf8be9e0016
2020-11-03 20:59:56,305 [myid:5] - INFO  [CommitProcessor:5:LearnerSessionTracker@116] - Committing global session 0x113fbf8be9e001a
2020-11-03 20:59:56,305 [myid:5] - INFO  [CommitProcessor:5:LearnerSessionTracker@116] - Committing global session 0x113fbf8be9e001b
2020-11-03 20:59:56,305 [myid:5] - INFO  [CommitProcessor:5:LearnerSessionTracker@116] - Committing global session 0x113fbf8be9e001e
2020-11-03 20:59:56,305 [myid:5] - INFO  [CommitProcessor:5:LearnerSessionTracker@116] - Committing global session 0x113fbf8be9e0019
2020-11-03 20:59:56,306 [myid:5] - INFO  [CommitProcessor:5:LearnerSessionTracker@116] - Committing global session 0x113fbf8be9e0018
2020-11-03 20:59:56,306 [myid:5] - INFO  [CommitProcessor:5:LearnerSessionTracker@116] - Committing global session 0x113fbf8be9e001c
2020-11-03 20:59:56,306 [myid:5] - INFO  [CommitProcessor:5:LearnerSessionTracker@116] - Committing global session 0x113fbf8be9e0017
2020-11-03 20:59:56,306 [myid:5] - INFO  [CommitProcessor:5:LearnerSessionTracker@116] - Committing global session 0x113fbf8be9e001d
2020-11-03 20:59:56,306 [myid:5] - INFO  [CommitProcessor:5:LearnerSessionTracker@116] - Committing global session 0x113fbf8be9e001f
2020-11-03 21:00:00,056 [myid:5] - INFO  [CommitProcessor:5:LearnerSessionTracker@116] - Committing global session 0x113fbf8be9e0020
2020-11-03 21:00:00,056 [myid:5] - INFO  [CommitProcessor:5:LearnerSessionTracker@116] - Committing global session 0x113fbf8be9e0021
2020-11-03 21:00:00,056 [myid:5] - INFO  [CommitProcessor:5:LearnerSessionTracker@116] - Committing global session 0x113fbf8be9e0022
2020-11-03 21:00:00,056 [myid:5] - INFO  [CommitProcessor:5:LearnerSessionTracker@116] - Committing global session 0x113fbf8be9e0023
2020-11-03 21:00:00,057 [myid:5] - INFO  [CommitProcessor:5:LearnerSessionTracker@116] - Committing global session 0x113fbf8be9e0024
2020-11-03 21:00:00,058 [myid:5] - INFO  [CommitProcessor:5:LearnerSessionTracker@116] - Committing global session 0x113fbf8be9e0025
2020-11-03 21:00:00,058 [myid:5] - INFO  [CommitProcessor:5:LearnerSessionTracker@116] - Committing global session 0x113fbf8be9e0026
2020-11-03 21:00:00,058 [myid:5] - INFO  [CommitProcessor:5:LearnerSessionTracker@116] - Committing global session 0x113fbf8be9e0027
2020-11-03 21:00:00,059 [myid:5] - INFO  [CommitProcessor:5:LearnerSessionTracker@116] - Committing global session 0x113fbf8be9e0028
2020-11-03 21:00:00,059 [myid:5] - INFO  [CommitProcessor:5:LearnerSessionTracker@116] - Committing global session 0x113fbf8be9e0029
2020-11-03 21:00:00,059 [myid:5] - INFO  [CommitProcessor:5:LearnerSessionTracker@116] - Committing global session 0x113fbf8be9e002a
2020-11-03 21:00:00,059 [myid:5] - INFO  [CommitProcessor:5:LearnerSessionTracker@116] - Committing global session 0x113fbf8be9e002b
2020-11-03 21:00:00,060 [myid:5] - INFO  [CommitProcessor:5:LearnerSessionTracker@116] - Committing global session 0x113fbf8be9e002c
2020-11-03 21:00:00,060 [myid:5] - INFO  [CommitProcessor:5:LearnerSessionTracker@116] - Committing global session 0x113fbf8be9e002d
2020-11-03 21:00:00,060 [myid:5] - INFO  [CommitProcessor:5:LearnerSessionTracker@116] - Committing global session 0x113fbf8be9e002e
2020-11-03 21:00:00,060 [myid:5] - INFO  [CommitProcessor:5:LearnerSessionTracker@116] - Committing global session 0x113fbf8be9e002f
2020-11-03 21:00:00,060 [myid:5] - INFO  [CommitProcessor:5:LearnerSessionTracker@116] - Committing global session 0x113fbf8be9e0030
2020-11-03 21:00:00,060 [myid:5] - INFO  [CommitProcessor:5:LearnerSessionTracker@116] - Committing global session 0x113fbf8be9e0031
2020-11-03 21:00:00,072 [myid:5] - INFO  [CommitProcessor:5:LearnerSessionTracker@116] - Committing global session 0x113fbf8be9e0032
2020-11-03 21:00:00,073 [myid:5] - INFO  [CommitProcessor:5:LearnerSessionTracker@116] - Committing global session 0x113fbf8be9e0033
2020-11-03 21:00:00,073 [myid:5] - INFO  [CommitProcessor:5:LearnerSessionTracker@116] - Committing global session 0x113fbf8be9e0034
2020-11-03 21:00:00,073 [myid:5] - INFO  [CommitProcessor:5:LearnerSessionTracker@116] - Committing global session 0x113fbf8be9e0035
2020-11-03 21:00:00,073 [myid:5] - INFO  [CommitProcessor:5:LearnerSessionTracker@116] - Committing global session 0x113fbf8be9e0036
2020-11-03 21:00:00,073 [myid:5] - INFO  [CommitProcessor:5:LearnerSessionTracker@116] - Committing global session 0x113fbf8be9e0037
2020-11-03 21:00:00,074 [myid:5] - INFO  [CommitProcessor:5:LearnerSessionTracker@116] - Committing global session 0x113fbf8be9e0038
2020-11-03 21:00:00,076 [myid:5] - INFO  [CommitProcessor:5:LearnerSessionTracker@116] - Committing global session 0x113fbf8be9e0039
2020-11-03 21:00:00,076 [myid:5] - INFO  [CommitProcessor:5:LearnerSessionTracker@116] - Committing global session 0x113fbf8be9e003a
2020-11-03 21:00:00,076 [myid:5] - INFO  [CommitProcessor:5:LearnerSessionTracker@116] - Committing global session 0x113fbf8be9e003b
2020-11-03 21:00:00,077 [myid:5] - INFO  [CommitProcessor:5:LearnerSessionTracker@116] - Committing global session 0x113fbf8be9e003c
2020-11-03 21:00:00,077 [myid:5] - INFO  [CommitProcessor:5:LearnerSessionTracker@116] - Committing global session 0x113fbf8be9e003d
2020-11-03 21:00:00,077 [myid:5] - INFO  [CommitProcessor:5:LearnerSessionTracker@116] - Committing global session 0x113fbf8be9e003e
2020-11-03 21:00:00,077 [myid:5] - INFO  [CommitProcessor:5:LearnerSessionTracker@116] - Committing global session 0x113fbf8be9e003f
2020-11-03 21:00:04,089 [myid:5] - INFO  [CommitProcessor:5:LearnerSessionTracker@116] - Committing global session 0x113fbf8be9e0040
2020-11-03 21:00:04,090 [myid:5] - INFO  [CommitProcessor:5:LearnerSessionTracker@116] - Committing global session 0x113fbf8be9e0042
2020-11-03 21:00:04,090 [myid:5] - INFO  [CommitProcessor:5:LearnerSessionTracker@116] - Committing global session 0x113fbf8be9e0041
2020-11-03 21:00:04,090 [myid:5] - INFO  [CommitProcessor:5:LearnerSessionTracker@116] - Committing global session 0x113fbf8be9e0043
2020-11-03 21:00:04,090 [myid:5] - INFO  [CommitProcessor:5:LearnerSessionTracker@116] - Committing global session 0x113fbf8be9e0044
2020-11-03 21:00:04,090 [myid:5] - INFO  [CommitProcessor:5:LearnerSessionTracker@116] - Committing global session 0x113fbf8be9e0045
2020-11-03 21:00:04,091 [myid:5] - INFO  [CommitProcessor:5:LearnerSessionTracker@116] - Committing global session 0x113fbf8be9e0046
2020-11-03 21:00:04,091 [myid:5] - INFO  [CommitProcessor:5:LearnerSessionTracker@116] - Committing global session 0x113fbf8be9e0047
2020-11-03 21:00:04,091 [myid:5] - INFO  [CommitProcessor:5:LearnerSessionTracker@116] - Committing global session 0x113fbf8be9e0048
2020-11-03 21:00:04,091 [myid:5] - INFO  [CommitProcessor:5:LearnerSessionTracker@116] - Committing global session 0x113fbf8be9e0049
2020-11-03 21:00:04,091 [myid:5] - INFO  [CommitProcessor:5:LearnerSessionTracker@116] - Committing global session 0x113fbf8be9e004a
2020-11-03 21:00:04,091 [myid:5] - INFO  [CommitProcessor:5:LearnerSessionTracker@116] - Committing global session 0x113fbf8be9e004b
2020-11-03 21:00:04,092 [myid:5] - INFO  [CommitProcessor:5:LearnerSessionTracker@116] - Committing global session 0x113fbf8be9e004c
2020-11-03 21:00:04,092 [myid:5] - INFO  [CommitProcessor:5:LearnerSessionTracker@116] - Committing global session 0x113fbf8be9e004d
2020-11-03 21:00:04,092 [myid:5] - INFO  [CommitProcessor:5:LearnerSessionTracker@116] - Committing global session 0x113fbf8be9e004e
2020-11-03 21:00:04,092 [myid:5] - INFO  [CommitProcessor:5:LearnerSessionTracker@116] - Committing global session 0x113fbf8be9e004f
2020-11-03 21:00:04,092 [myid:5] - INFO  [CommitProcessor:5:LearnerSessionTracker@116] - Committing global session 0x113fbf8be9e0050
2020-11-03 21:00:04,092 [myid:5] - INFO  [CommitProcessor:5:LearnerSessionTracker@116] - Committing global session 0x113fbf8be9e0051
2020-11-03 21:00:04,093 [myid:5] - INFO  [CommitProcessor:5:LearnerSessionTracker@116] - Committing global session 0x113fbf8be9e0052
2020-11-03 21:00:04,093 [myid:5] - INFO  [CommitProcessor:5:LearnerSessionTracker@116] - Committing global session 0x113fbf8be9e0053
2020-11-03 21:00:04,093 [myid:5] - INFO  [CommitProcessor:5:LearnerSessionTracker@116] - Committing global session 0x113fbf8be9e0054
2020-11-03 21:00:04,093 [myid:5] - INFO  [CommitProcessor:5:LearnerSessionTracker@116] - Committing global session 0x113fbf8be9e0055
2020-11-03 21:00:04,093 [myid:5] - INFO  [CommitProcessor:5:LearnerSessionTracker@116] - Committing global session 0x113fbf8be9e0056
2020-11-03 21:00:04,093 [myid:5] - INFO  [CommitProcessor:5:LearnerSessionTracker@116] - Committing global session 0x113fbf8be9e0057
2020-11-03 21:00:04,093 [myid:5] - INFO  [CommitProcessor:5:LearnerSessionTracker@116] - Committing global session 0x113fbf8be9e0058
2020-11-03 21:00:04,094 [myid:5] - INFO  [CommitProcessor:5:LearnerSessionTracker@116] - Committing global session 0x113fbf8be9e0059
2020-11-03 21:00:04,094 [myid:5] - INFO  [CommitProcessor:5:LearnerSessionTracker@116] - Committing global session 0x113fbf8be9e005a
2020-11-03 21:00:04,094 [myid:5] - INFO  [CommitProcessor:5:LearnerSessionTracker@116] - Committing global session 0x113fbf8be9e005b
2020-11-03 21:00:42,088 [myid:5] - INFO  [SyncThread:5:FileTxnLog@284] - Creating new log file: log.a000145d5
2020-11-03 21:00:42,088 [myid:5] - INFO  [Snapshot Thread:FileTxnSnapLog@470] - Snapshotting: 0xa00014596 to /local/ddps2008/zooData/version-2/snapshot.a00014596
2020-11-03 21:00:42,094 [myid:5] - INFO  [Snapshot Thread:ZooKeeperServer@529] - Snapshot taken in 6 ms
2020-11-03 21:01:17,195 [myid:5] - INFO  [SyncThread:5:FileTxnLog@284] - Creating new log file: log.a000258fe
2020-11-03 21:01:17,195 [myid:5] - INFO  [Snapshot Thread:FileTxnSnapLog@470] - Snapshotting: 0xa000258d0 to /local/ddps2008/zooData/version-2/snapshot.a000258d0
2020-11-03 21:01:17,199 [myid:5] - INFO  [Snapshot Thread:ZooKeeperServer@529] - Snapshot taken in 5 ms
2020-11-03 21:01:45,908 [myid:5] - INFO  [Snapshot Thread:FileTxnSnapLog@470] - Snapshotting: 0xa00033b2c to /local/ddps2008/zooData/version-2/snapshot.a00033b2c
2020-11-03 21:01:45,908 [myid:5] - INFO  [SyncThread:5:FileTxnLog@284] - Creating new log file: log.a00033b72
2020-11-03 21:01:45,913 [myid:5] - INFO  [Snapshot Thread:ZooKeeperServer@529] - Snapshot taken in 6 ms
2020-11-03 21:02:22,932 [myid:5] - INFO  [SyncThread:5:FileTxnLog@284] - Creating new log file: log.a000457df
2020-11-03 21:02:22,932 [myid:5] - INFO  [Snapshot Thread:FileTxnSnapLog@470] - Snapshotting: 0xa000457cb to /local/ddps2008/zooData/version-2/snapshot.a000457cb
2020-11-03 21:02:22,935 [myid:5] - INFO  [Snapshot Thread:ZooKeeperServer@529] - Snapshot taken in 4 ms
2020-11-03 21:02:54,011 [myid:5] - INFO  [SyncThread:5:FileTxnLog@284] - Creating new log file: log.a00054965
2020-11-03 21:02:54,011 [myid:5] - INFO  [Snapshot Thread:FileTxnSnapLog@470] - Snapshotting: 0xa00054956 to /local/ddps2008/zooData/version-2/snapshot.a00054956
2020-11-03 21:02:54,014 [myid:5] - INFO  [Snapshot Thread:ZooKeeperServer@529] - Snapshot taken in 2 ms
2020-11-03 21:03:19,382 [myid:5] - INFO  [Snapshot Thread:FileTxnSnapLog@470] - Snapshotting: 0xa00060f55 to /local/ddps2008/zooData/version-2/snapshot.a00060f55
2020-11-03 21:03:19,382 [myid:5] - INFO  [SyncThread:5:FileTxnLog@284] - Creating new log file: log.a00060fa1
2020-11-03 21:03:19,384 [myid:5] - INFO  [Snapshot Thread:ZooKeeperServer@529] - Snapshot taken in 3 ms
2020-11-03 21:03:52,811 [myid:5] - INFO  [SyncThread:5:FileTxnLog@284] - Creating new log file: log.a00071407
2020-11-03 21:03:52,811 [myid:5] - INFO  [Snapshot Thread:FileTxnSnapLog@470] - Snapshotting: 0xa000713cf to /local/ddps2008/zooData/version-2/snapshot.a000713cf
2020-11-03 21:03:52,814 [myid:5] - INFO  [Snapshot Thread:ZooKeeperServer@529] - Snapshot taken in 2 ms
2020-11-03 21:04:30,929 [myid:5] - INFO  [SyncThread:5:FileTxnLog@284] - Creating new log file: log.a000836a5
2020-11-03 21:04:30,929 [myid:5] - INFO  [Snapshot Thread:FileTxnSnapLog@470] - Snapshotting: 0xa0008369c to /local/ddps2008/zooData/version-2/snapshot.a0008369c
2020-11-03 21:04:30,932 [myid:5] - INFO  [Snapshot Thread:ZooKeeperServer@529] - Snapshot taken in 3 ms
2020-11-03 21:04:51,203 [myid:5] - INFO  [CommitProcessor:5:LearnerSessionTracker@116] - Committing global session 0x113fbf8be9e005c
2020-11-03 21:04:51,203 [myid:5] - INFO  [CommitProcessor:5:LearnerSessionTracker@116] - Committing global session 0x113fbf8be9e005d
2020-11-03 21:04:51,204 [myid:5] - INFO  [CommitProcessor:5:LearnerSessionTracker@116] - Committing global session 0x113fbf8be9e005e
2020-11-03 21:04:51,204 [myid:5] - INFO  [CommitProcessor:5:LearnerSessionTracker@116] - Committing global session 0x113fbf8be9e005f
2020-11-03 21:04:51,222 [myid:5] - INFO  [CommitProcessor:5:LearnerSessionTracker@116] - Committing global session 0x113fbf8be9e0060
2020-11-03 21:04:51,222 [myid:5] - INFO  [CommitProcessor:5:LearnerSessionTracker@116] - Committing global session 0x113fbf8be9e0061
2020-11-03 21:04:51,222 [myid:5] - INFO  [CommitProcessor:5:LearnerSessionTracker@116] - Committing global session 0x113fbf8be9e0062
2020-11-03 21:04:51,223 [myid:5] - INFO  [CommitProcessor:5:LearnerSessionTracker@116] - Committing global session 0x113fbf8be9e0064
2020-11-03 21:04:51,223 [myid:5] - INFO  [CommitProcessor:5:LearnerSessionTracker@116] - Committing global session 0x113fbf8be9e0063
2020-11-03 21:04:51,223 [myid:5] - INFO  [CommitProcessor:5:LearnerSessionTracker@116] - Committing global session 0x113fbf8be9e0065
2020-11-03 21:04:51,223 [myid:5] - INFO  [CommitProcessor:5:LearnerSessionTracker@116] - Committing global session 0x113fbf8be9e0066
2020-11-03 21:04:51,223 [myid:5] - INFO  [CommitProcessor:5:LearnerSessionTracker@116] - Committing global session 0x113fbf8be9e0067
2020-11-03 21:04:51,223 [myid:5] - INFO  [CommitProcessor:5:LearnerSessionTracker@116] - Committing global session 0x113fbf8be9e0068
2020-11-03 21:04:51,223 [myid:5] - INFO  [CommitProcessor:5:LearnerSessionTracker@116] - Committing global session 0x113fbf8be9e0069
2020-11-03 21:04:51,223 [myid:5] - INFO  [CommitProcessor:5:LearnerSessionTracker@116] - Committing global session 0x113fbf8be9e006a
2020-11-03 21:04:51,224 [myid:5] - INFO  [CommitProcessor:5:LearnerSessionTracker@116] - Committing global session 0x113fbf8be9e006b
2020-11-03 21:04:51,224 [myid:5] - INFO  [CommitProcessor:5:LearnerSessionTracker@116] - Committing global session 0x113fbf8be9e006c
2020-11-03 21:04:51,224 [myid:5] - INFO  [CommitProcessor:5:LearnerSessionTracker@116] - Committing global session 0x113fbf8be9e006d
2020-11-03 21:04:51,224 [myid:5] - INFO  [CommitProcessor:5:LearnerSessionTracker@116] - Committing global session 0x113fbf8be9e006e
2020-11-03 21:04:51,224 [myid:5] - INFO  [CommitProcessor:5:LearnerSessionTracker@116] - Committing global session 0x113fbf8be9e006f
2020-11-03 21:04:51,224 [myid:5] - INFO  [CommitProcessor:5:LearnerSessionTracker@116] - Committing global session 0x113fbf8be9e0070
2020-11-03 21:04:51,224 [myid:5] - INFO  [CommitProcessor:5:LearnerSessionTracker@116] - Committing global session 0x113fbf8be9e0071
2020-11-03 21:04:51,225 [myid:5] - INFO  [CommitProcessor:5:LearnerSessionTracker@116] - Committing global session 0x113fbf8be9e0072
2020-11-03 21:04:51,225 [myid:5] - INFO  [CommitProcessor:5:LearnerSessionTracker@116] - Committing global session 0x113fbf8be9e0073
2020-11-03 21:04:51,225 [myid:5] - INFO  [CommitProcessor:5:LearnerSessionTracker@116] - Committing global session 0x113fbf8be9e0074
2020-11-03 21:04:51,225 [myid:5] - INFO  [CommitProcessor:5:LearnerSessionTracker@116] - Committing global session 0x113fbf8be9e0075
2020-11-03 21:04:51,225 [myid:5] - INFO  [CommitProcessor:5:LearnerSessionTracker@116] - Committing global session 0x113fbf8be9e0076
2020-11-03 21:04:51,225 [myid:5] - INFO  [CommitProcessor:5:LearnerSessionTracker@116] - Committing global session 0x113fbf8be9e0077
2020-11-03 21:04:51,225 [myid:5] - INFO  [CommitProcessor:5:LearnerSessionTracker@116] - Committing global session 0x113fbf8be9e0078
2020-11-03 21:04:51,225 [myid:5] - INFO  [CommitProcessor:5:LearnerSessionTracker@116] - Committing global session 0x113fbf8be9e0079
2020-11-03 21:04:51,226 [myid:5] - INFO  [CommitProcessor:5:LearnerSessionTracker@116] - Committing global session 0x113fbf8be9e007a
2020-11-03 21:04:51,231 [myid:5] - INFO  [CommitProcessor:5:LearnerSessionTracker@116] - Committing global session 0x113fbf8be9e007b
2020-11-03 21:04:54,694 [myid:5] - INFO  [CommitProcessor:5:LearnerSessionTracker@116] - Committing global session 0x113fbf8be9e007c
2020-11-03 21:04:54,694 [myid:5] - INFO  [CommitProcessor:5:LearnerSessionTracker@116] - Committing global session 0x113fbf8be9e007d
2020-11-03 21:04:54,694 [myid:5] - INFO  [CommitProcessor:5:LearnerSessionTracker@116] - Committing global session 0x113fbf8be9e007e
2020-11-03 21:04:54,695 [myid:5] - INFO  [CommitProcessor:5:LearnerSessionTracker@116] - Committing global session 0x113fbf8be9e007f
2020-11-03 21:04:54,695 [myid:5] - INFO  [CommitProcessor:5:LearnerSessionTracker@116] - Committing global session 0x113fbf8be9e0080
2020-11-03 21:04:54,695 [myid:5] - INFO  [CommitProcessor:5:LearnerSessionTracker@116] - Committing global session 0x113fbf8be9e0081
2020-11-03 21:04:54,695 [myid:5] - INFO  [CommitProcessor:5:LearnerSessionTracker@116] - Committing global session 0x113fbf8be9e0082
2020-11-03 21:04:54,695 [myid:5] - INFO  [CommitProcessor:5:LearnerSessionTracker@116] - Committing global session 0x113fbf8be9e0083
2020-11-03 21:04:54,695 [myid:5] - INFO  [CommitProcessor:5:LearnerSessionTracker@116] - Committing global session 0x113fbf8be9e0084
2020-11-03 21:04:54,695 [myid:5] - INFO  [CommitProcessor:5:LearnerSessionTracker@116] - Committing global session 0x113fbf8be9e0085
2020-11-03 21:04:54,696 [myid:5] - INFO  [CommitProcessor:5:LearnerSessionTracker@116] - Committing global session 0x113fbf8be9e0086
2020-11-03 21:04:54,696 [myid:5] - INFO  [CommitProcessor:5:LearnerSessionTracker@116] - Committing global session 0x113fbf8be9e0087
2020-11-03 21:04:54,696 [myid:5] - INFO  [CommitProcessor:5:LearnerSessionTracker@116] - Committing global session 0x113fbf8be9e0088
2020-11-03 21:04:54,696 [myid:5] - INFO  [CommitProcessor:5:LearnerSessionTracker@116] - Committing global session 0x113fbf8be9e0089
2020-11-03 21:04:54,696 [myid:5] - INFO  [CommitProcessor:5:LearnerSessionTracker@116] - Committing global session 0x113fbf8be9e008a
2020-11-03 21:04:54,696 [myid:5] - INFO  [CommitProcessor:5:LearnerSessionTracker@116] - Committing global session 0x113fbf8be9e008b
2020-11-03 21:04:54,696 [myid:5] - INFO  [CommitProcessor:5:LearnerSessionTracker@116] - Committing global session 0x113fbf8be9e008c
2020-11-03 21:04:54,696 [myid:5] - INFO  [CommitProcessor:5:LearnerSessionTracker@116] - Committing global session 0x113fbf8be9e008d
2020-11-03 21:04:54,696 [myid:5] - INFO  [CommitProcessor:5:LearnerSessionTracker@116] - Committing global session 0x113fbf8be9e008e
2020-11-03 21:04:54,697 [myid:5] - INFO  [CommitProcessor:5:LearnerSessionTracker@116] - Committing global session 0x113fbf8be9e008f
2020-11-03 21:04:54,697 [myid:5] - INFO  [CommitProcessor:5:LearnerSessionTracker@116] - Committing global session 0x113fbf8be9e0090
2020-11-03 21:04:54,697 [myid:5] - INFO  [CommitProcessor:5:LearnerSessionTracker@116] - Committing global session 0x113fbf8be9e0091
2020-11-03 21:04:54,697 [myid:5] - INFO  [CommitProcessor:5:LearnerSessionTracker@116] - Committing global session 0x113fbf8be9e0092
2020-11-03 21:04:54,697 [myid:5] - INFO  [CommitProcessor:5:LearnerSessionTracker@116] - Committing global session 0x113fbf8be9e0093
2020-11-03 21:04:54,697 [myid:5] - INFO  [CommitProcessor:5:LearnerSessionTracker@116] - Committing global session 0x113fbf8be9e0094
2020-11-03 21:04:54,697 [myid:5] - INFO  [CommitProcessor:5:LearnerSessionTracker@116] - Committing global session 0x113fbf8be9e0095
2020-11-03 21:04:54,697 [myid:5] - INFO  [CommitProcessor:5:LearnerSessionTracker@116] - Committing global session 0x113fbf8be9e0096
2020-11-03 21:04:54,698 [myid:5] - INFO  [CommitProcessor:5:LearnerSessionTracker@116] - Committing global session 0x113fbf8be9e0097
2020-11-03 21:04:54,698 [myid:5] - INFO  [CommitProcessor:5:LearnerSessionTracker@116] - Committing global session 0x113fbf8be9e0098
2020-11-03 21:04:54,698 [myid:5] - INFO  [CommitProcessor:5:LearnerSessionTracker@116] - Committing global session 0x113fbf8be9e0099
2020-11-03 21:04:54,702 [myid:5] - INFO  [CommitProcessor:5:LearnerSessionTracker@116] - Committing global session 0x113fbf8be9e009a
2020-11-03 21:04:54,702 [myid:5] - INFO  [CommitProcessor:5:LearnerSessionTracker@116] - Committing global session 0x113fbf8be9e009b
2020-11-03 21:04:57,902 [myid:5] - INFO  [CommitProcessor:5:LearnerSessionTracker@116] - Committing global session 0x113fbf8be9e009c
2020-11-03 21:04:57,902 [myid:5] - INFO  [CommitProcessor:5:LearnerSessionTracker@116] - Committing global session 0x113fbf8be9e009d
2020-11-03 21:04:57,902 [myid:5] - INFO  [CommitProcessor:5:LearnerSessionTracker@116] - Committing global session 0x113fbf8be9e009e
2020-11-03 21:04:57,903 [myid:5] - INFO  [CommitProcessor:5:LearnerSessionTracker@116] - Committing global session 0x113fbf8be9e009f
2020-11-03 21:04:57,903 [myid:5] - INFO  [CommitProcessor:5:LearnerSessionTracker@116] - Committing global session 0x113fbf8be9e00a0
2020-11-03 21:04:57,903 [myid:5] - INFO  [CommitProcessor:5:LearnerSessionTracker@116] - Committing global session 0x113fbf8be9e00a1
2020-11-03 21:04:57,903 [myid:5] - INFO  [CommitProcessor:5:LearnerSessionTracker@116] - Committing global session 0x113fbf8be9e00a2
2020-11-03 21:04:57,903 [myid:5] - INFO  [CommitProcessor:5:LearnerSessionTracker@116] - Committing global session 0x113fbf8be9e00a3
2020-11-03 21:04:57,903 [myid:5] - INFO  [CommitProcessor:5:LearnerSessionTracker@116] - Committing global session 0x113fbf8be9e00a4
2020-11-03 21:04:57,912 [myid:5] - INFO  [CommitProcessor:5:LearnerSessionTracker@116] - Committing global session 0x113fbf8be9e00a5
2020-11-03 21:04:57,912 [myid:5] - INFO  [CommitProcessor:5:LearnerSessionTracker@116] - Committing global session 0x113fbf8be9e00a6
2020-11-03 21:04:57,913 [myid:5] - INFO  [CommitProcessor:5:LearnerSessionTracker@116] - Committing global session 0x113fbf8be9e00a7
2020-11-03 21:04:57,913 [myid:5] - INFO  [CommitProcessor:5:LearnerSessionTracker@116] - Committing global session 0x113fbf8be9e00a8
2020-11-03 21:04:57,913 [myid:5] - INFO  [CommitProcessor:5:LearnerSessionTracker@116] - Committing global session 0x113fbf8be9e00a9
2020-11-03 21:04:57,913 [myid:5] - INFO  [CommitProcessor:5:LearnerSessionTracker@116] - Committing global session 0x113fbf8be9e00aa
2020-11-03 21:04:57,913 [myid:5] - INFO  [CommitProcessor:5:LearnerSessionTracker@116] - Committing global session 0x113fbf8be9e00ab
2020-11-03 21:04:57,913 [myid:5] - INFO  [CommitProcessor:5:LearnerSessionTracker@116] - Committing global session 0x113fbf8be9e00ac
2020-11-03 21:04:57,913 [myid:5] - INFO  [CommitProcessor:5:LearnerSessionTracker@116] - Committing global session 0x113fbf8be9e00ad
2020-11-03 21:04:57,913 [myid:5] - INFO  [CommitProcessor:5:LearnerSessionTracker@116] - Committing global session 0x113fbf8be9e00ae
2020-11-03 21:04:57,913 [myid:5] - INFO  [CommitProcessor:5:LearnerSessionTracker@116] - Committing global session 0x113fbf8be9e00af
2020-11-03 21:04:57,914 [myid:5] - INFO  [CommitProcessor:5:LearnerSessionTracker@116] - Committing global session 0x113fbf8be9e00b0
2020-11-03 21:04:57,914 [myid:5] - INFO  [CommitProcessor:5:LearnerSessionTracker@116] - Committing global session 0x113fbf8be9e00b1
2020-11-03 21:04:57,914 [myid:5] - INFO  [CommitProcessor:5:LearnerSessionTracker@116] - Committing global session 0x113fbf8be9e00b2
2020-11-03 21:04:57,914 [myid:5] - INFO  [CommitProcessor:5:LearnerSessionTracker@116] - Committing global session 0x113fbf8be9e00b3
2020-11-03 21:04:57,914 [myid:5] - INFO  [CommitProcessor:5:LearnerSessionTracker@116] - Committing global session 0x113fbf8be9e00b4
2020-11-03 21:04:57,914 [myid:5] - INFO  [CommitProcessor:5:LearnerSessionTracker@116] - Committing global session 0x113fbf8be9e00b5
2020-11-03 21:04:57,927 [myid:5] - INFO  [CommitProcessor:5:LearnerSessionTracker@116] - Committing global session 0x113fbf8be9e00b6
2020-11-03 21:04:57,927 [myid:5] - INFO  [CommitProcessor:5:LearnerSessionTracker@116] - Committing global session 0x113fbf8be9e00b7
2020-11-03 21:04:57,927 [myid:5] - INFO  [CommitProcessor:5:LearnerSessionTracker@116] - Committing global session 0x113fbf8be9e00b8
2020-11-03 21:04:57,928 [myid:5] - INFO  [CommitProcessor:5:LearnerSessionTracker@116] - Committing global session 0x113fbf8be9e00b9
2020-11-03 21:04:57,928 [myid:5] - INFO  [CommitProcessor:5:LearnerSessionTracker@116] - Committing global session 0x113fbf8be9e00ba
2020-11-03 21:04:57,932 [myid:5] - INFO  [CommitProcessor:5:LearnerSessionTracker@116] - Committing global session 0x113fbf8be9e00bb
2020-11-03 21:05:18,346 [myid:5] - INFO  [SyncThread:5:FileTxnLog@284] - Creating new log file: log.a00092e17
2020-11-03 21:05:18,346 [myid:5] - INFO  [Snapshot Thread:FileTxnSnapLog@470] - Snapshotting: 0xa00092dc2 to /local/ddps2008/zooData/version-2/snapshot.a00092dc2
2020-11-03 21:05:18,348 [myid:5] - INFO  [Snapshot Thread:ZooKeeperServer@529] - Snapshot taken in 2 ms
2020-11-03 21:05:45,775 [myid:5] - INFO  [SyncThread:5:FileTxnLog@284] - Creating new log file: log.a000a0ccb
2020-11-03 21:05:45,775 [myid:5] - INFO  [Snapshot Thread:FileTxnSnapLog@470] - Snapshotting: 0xa000a0c80 to /local/ddps2008/zooData/version-2/snapshot.a000a0c80
2020-11-03 21:05:45,777 [myid:5] - INFO  [Snapshot Thread:ZooKeeperServer@529] - Snapshot taken in 1 ms
2020-11-03 21:06:33,026 [myid:5] - INFO  [SyncThread:5:FileTxnLog@284] - Creating new log file: log.a000b86e3
2020-11-03 21:06:33,026 [myid:5] - INFO  [Snapshot Thread:FileTxnSnapLog@470] - Snapshotting: 0xa000b869a to /local/ddps2008/zooData/version-2/snapshot.a000b869a
2020-11-03 21:06:33,029 [myid:5] - INFO  [Snapshot Thread:ZooKeeperServer@529] - Snapshot taken in 4 ms
2020-11-03 21:07:08,243 [myid:5] - INFO  [SyncThread:5:FileTxnLog@284] - Creating new log file: log.a000ca44f
2020-11-03 21:07:08,243 [myid:5] - INFO  [Snapshot Thread:FileTxnSnapLog@470] - Snapshotting: 0xa000ca412 to /local/ddps2008/zooData/version-2/snapshot.a000ca412
2020-11-03 21:07:08,245 [myid:5] - INFO  [Snapshot Thread:ZooKeeperServer@529] - Snapshot taken in 2 ms
2020-11-03 21:07:34,071 [myid:5] - INFO  [SyncThread:5:FileTxnLog@284] - Creating new log file: log.a000d74cc
2020-11-03 21:07:34,071 [myid:5] - INFO  [Snapshot Thread:FileTxnSnapLog@470] - Snapshotting: 0xa000d748a to /local/ddps2008/zooData/version-2/snapshot.a000d748a
2020-11-03 21:07:34,073 [myid:5] - INFO  [Snapshot Thread:ZooKeeperServer@529] - Snapshot taken in 2 ms
2020-11-03 21:08:06,251 [myid:5] - INFO  [SyncThread:5:FileTxnLog@284] - Creating new log file: log.a000e7697
2020-11-03 21:08:06,251 [myid:5] - INFO  [Snapshot Thread:FileTxnSnapLog@470] - Snapshotting: 0xa000e767a to /local/ddps2008/zooData/version-2/snapshot.a000e767a
2020-11-03 21:08:06,253 [myid:5] - INFO  [Snapshot Thread:ZooKeeperServer@529] - Snapshot taken in 2 ms
2020-11-03 21:08:52,359 [myid:5] - INFO  [SyncThread:5:FileTxnLog@284] - Creating new log file: log.a000fee0d
2020-11-03 21:08:52,360 [myid:5] - INFO  [Snapshot Thread:FileTxnSnapLog@470] - Snapshotting: 0xa000fedf6 to /local/ddps2008/zooData/version-2/snapshot.a000fedf6
2020-11-03 21:08:52,362 [myid:5] - INFO  [Snapshot Thread:ZooKeeperServer@529] - Snapshot taken in 2 ms
2020-11-03 21:09:36,383 [myid:5] - INFO  [SyncThread:5:FileTxnLog@284] - Creating new log file: log.a001156ae
2020-11-03 21:09:36,383 [myid:5] - INFO  [Snapshot Thread:FileTxnSnapLog@470] - Snapshotting: 0xa00115663 to /local/ddps2008/zooData/version-2/snapshot.a00115663
2020-11-03 21:09:36,385 [myid:5] - INFO  [Snapshot Thread:ZooKeeperServer@529] - Snapshot taken in 1 ms
2020-11-03 21:10:08,988 [myid:5] - INFO  [SyncThread:5:FileTxnLog@284] - Creating new log file: log.a00125aff
2020-11-03 21:10:08,988 [myid:5] - INFO  [Snapshot Thread:FileTxnSnapLog@470] - Snapshotting: 0xa00125aad to /local/ddps2008/zooData/version-2/snapshot.a00125aad
2020-11-03 21:10:08,990 [myid:5] - INFO  [Snapshot Thread:ZooKeeperServer@529] - Snapshot taken in 2 ms
2020-11-03 21:11:13,426 [myid:5] - WARN  [RecvWorker:2:QuorumCnxManager$RecvWorker@1395] - Connection broken for id 2, my id = 5
java.io.EOFException
	at java.io.DataInputStream.readInt(DataInputStream.java:392)
	at org.apache.zookeeper.server.quorum.QuorumCnxManager$RecvWorker.run(QuorumCnxManager.java:1383)
2020-11-03 21:11:13,427 [myid:5] - WARN  [RecvWorker:2:QuorumCnxManager$RecvWorker@1401] - Interrupting SendWorker thread from RecvWorker. sid: 2. myId: 5
2020-11-03 21:11:13,427 [myid:5] - WARN  [SendWorker:2:QuorumCnxManager$SendWorker@1281] - Interrupted while waiting for message on queue
java.lang.InterruptedException
	at java.util.concurrent.locks.AbstractQueuedSynchronizer$ConditionObject.reportInterruptAfterWait(AbstractQueuedSynchronizer.java:2014)
	at java.util.concurrent.locks.AbstractQueuedSynchronizer$ConditionObject.awaitNanos(AbstractQueuedSynchronizer.java:2088)
	at org.apache.zookeeper.util.CircularBlockingQueue.poll(CircularBlockingQueue.java:105)
	at org.apache.zookeeper.server.quorum.QuorumCnxManager.pollSendQueue(QuorumCnxManager.java:1446)
	at org.apache.zookeeper.server.quorum.QuorumCnxManager.access$900(QuorumCnxManager.java:98)
	at org.apache.zookeeper.server.quorum.QuorumCnxManager$SendWorker.run(QuorumCnxManager.java:1270)
2020-11-03 21:11:13,428 [myid:5] - WARN  [SendWorker:2:QuorumCnxManager$SendWorker@1293] - Send worker leaving thread id 2 my id = 5
