2020-11-02 15:57:53,879 [myid:] - INFO  [main:QuorumPeerConfig@174] - Reading configuration from: /home/user/Downloads/apache-zookeeper-3.6.2-bin/bin/../conf/zoo.cfg
2020-11-02 15:57:53,887 [myid:] - INFO  [main:QuorumPeerConfig@460] - clientPortAddress is 0.0.0.0:2181
2020-11-02 15:57:53,887 [myid:] - INFO  [main:QuorumPeerConfig@464] - secureClientPort is not set
2020-11-02 15:57:53,887 [myid:] - INFO  [main:QuorumPeerConfig@480] - observerMasterPort is not set
2020-11-02 15:57:53,887 [myid:] - INFO  [main:QuorumPeerConfig@497] - metricsProvider.className is org.apache.zookeeper.metrics.impl.DefaultMetricsProvider
2020-11-02 15:57:53,891 [myid:] - ERROR [main:QuorumPeerConfig@722] - Invalid configuration, only one server specified (ignoring)
2020-11-02 15:57:53,894 [myid:1] - INFO  [main:DatadirCleanupManager@78] - autopurge.snapRetainCount set to 3
2020-11-02 15:57:53,894 [myid:1] - INFO  [main:DatadirCleanupManager@79] - autopurge.purgeInterval set to 0
2020-11-02 15:57:53,894 [myid:1] - INFO  [main:DatadirCleanupManager@101] - Purge task is not scheduled.
2020-11-02 15:57:53,894 [myid:1] - WARN  [main:QuorumPeerMain@138] - Either no config or no quorum defined in config, running in standalone mode
2020-11-02 15:57:53,897 [myid:1] - INFO  [main:ManagedUtil@44] - Log4j 1.2 jmx support found and enabled.
2020-11-02 15:57:53,903 [myid:1] - INFO  [main:QuorumPeerConfig@174] - Reading configuration from: /home/user/Downloads/apache-zookeeper-3.6.2-bin/bin/../conf/zoo.cfg
2020-11-02 15:57:53,904 [myid:1] - INFO  [main:QuorumPeerConfig@460] - clientPortAddress is 0.0.0.0:2181
2020-11-02 15:57:53,904 [myid:1] - INFO  [main:QuorumPeerConfig@464] - secureClientPort is not set
2020-11-02 15:57:53,904 [myid:1] - INFO  [main:QuorumPeerConfig@480] - observerMasterPort is not set
2020-11-02 15:57:53,904 [myid:1] - INFO  [main:QuorumPeerConfig@497] - metricsProvider.className is org.apache.zookeeper.metrics.impl.DefaultMetricsProvider
2020-11-02 15:57:53,905 [myid:1] - ERROR [main:QuorumPeerConfig@722] - Invalid configuration, only one server specified (ignoring)
2020-11-02 15:57:53,905 [myid:1] - INFO  [main:ZooKeeperServerMain@122] - Starting server
2020-11-02 15:57:53,916 [myid:1] - INFO  [main:ServerMetrics@62] - ServerMetrics initialized with provider org.apache.zookeeper.metrics.impl.DefaultMetricsProvider@5b0abc94
2020-11-02 15:57:53,918 [myid:1] - INFO  [main:FileTxnSnapLog@124] - zookeeper.snapshot.trust.empty : false
2020-11-02 15:57:53,924 [myid:1] - INFO  [main:ZookeeperBanner@42] - 
2020-11-02 15:57:53,924 [myid:1] - INFO  [main:ZookeeperBanner@42] -   ______                  _                                          
2020-11-02 15:57:53,925 [myid:1] - INFO  [main:ZookeeperBanner@42] -  |___  /                 | |                                         
2020-11-02 15:57:53,925 [myid:1] - INFO  [main:ZookeeperBanner@42] -     / /    ___     ___   | | __   ___    ___   _ __     ___   _ __   
2020-11-02 15:57:53,925 [myid:1] - INFO  [main:ZookeeperBanner@42] -    / /    / _ \   / _ \  | |/ /  / _ \  / _ \ | '_ \   / _ \ | '__|
2020-11-02 15:57:53,925 [myid:1] - INFO  [main:ZookeeperBanner@42] -   / /__  | (_) | | (_) | |   <  |  __/ |  __/ | |_) | |  __/ | |    
2020-11-02 15:57:53,925 [myid:1] - INFO  [main:ZookeeperBanner@42] -  /_____|  \___/   \___/  |_|\_\  \___|  \___| | .__/   \___| |_|
2020-11-02 15:57:53,925 [myid:1] - INFO  [main:ZookeeperBanner@42] -                                               | |                     
2020-11-02 15:57:53,925 [myid:1] - INFO  [main:ZookeeperBanner@42] -                                               |_|                     
2020-11-02 15:57:53,925 [myid:1] - INFO  [main:ZookeeperBanner@42] - 
2020-11-02 15:57:53,926 [myid:1] - INFO  [main:Environment@98] - Server environment:zookeeper.version=3.6.2--803c7f1a12f85978cb049af5e4ef23bd8b688715, built on 09/04/2020 12:44 GMT
2020-11-02 15:57:53,926 [myid:1] - INFO  [main:Environment@98] - Server environment:host.name=ubuntu
2020-11-02 15:57:53,926 [myid:1] - INFO  [main:Environment@98] - Server environment:java.version=11.0.9
2020-11-02 15:57:53,926 [myid:1] - INFO  [main:Environment@98] - Server environment:java.vendor=Ubuntu
2020-11-02 15:57:53,926 [myid:1] - INFO  [main:Environment@98] - Server environment:java.home=/usr/lib/jvm/java-11-openjdk-amd64
2020-11-02 15:57:53,926 [myid:1] - INFO  [main:Environment@98] - Server environment:java.class.path=/home/user/Downloads/apache-zookeeper-3.6.2-bin/bin/../zookeeper-server/target/classes:/home/user/Downloads/apache-zookeeper-3.6.2-bin/bin/../build/classes:/home/user/Downloads/apache-zookeeper-3.6.2-bin/bin/../zookeeper-server/target/lib/*.jar:/home/user/Downloads/apache-zookeeper-3.6.2-bin/bin/../build/lib/*.jar:/home/user/Downloads/apache-zookeeper-3.6.2-bin/bin/../lib/zookeeper-prometheus-metrics-3.6.2.jar:/home/user/Downloads/apache-zookeeper-3.6.2-bin/bin/../lib/zookeeper-jute-3.6.2.jar:/home/user/Downloads/apache-zookeeper-3.6.2-bin/bin/../lib/zookeeper-3.6.2.jar:/home/user/Downloads/apache-zookeeper-3.6.2-bin/bin/../lib/snappy-java-1.1.7.jar:/home/user/Downloads/apache-zookeeper-3.6.2-bin/bin/../lib/slf4j-log4j12-1.7.25.jar:/home/user/Downloads/apache-zookeeper-3.6.2-bin/bin/../lib/slf4j-api-1.7.25.jar:/home/user/Downloads/apache-zookeeper-3.6.2-bin/bin/../lib/simpleclient_servlet-0.6.0.jar:/home/user/Downloads/apache-zookeeper-3.6.2-bin/bin/../lib/simpleclient_hotspot-0.6.0.jar:/home/user/Downloads/apache-zookeeper-3.6.2-bin/bin/../lib/simpleclient_common-0.6.0.jar:/home/user/Downloads/apache-zookeeper-3.6.2-bin/bin/../lib/simpleclient-0.6.0.jar:/home/user/Downloads/apache-zookeeper-3.6.2-bin/bin/../lib/netty-transport-native-unix-common-4.1.50.Final.jar:/home/user/Downloads/apache-zookeeper-3.6.2-bin/bin/../lib/netty-transport-native-epoll-4.1.50.Final.jar:/home/user/Downloads/apache-zookeeper-3.6.2-bin/bin/../lib/netty-transport-4.1.50.Final.jar:/home/user/Downloads/apache-zookeeper-3.6.2-bin/bin/../lib/netty-resolver-4.1.50.Final.jar:/home/user/Downloads/apache-zookeeper-3.6.2-bin/bin/../lib/netty-handler-4.1.50.Final.jar:/home/user/Downloads/apache-zookeeper-3.6.2-bin/bin/../lib/netty-common-4.1.50.Final.jar:/home/user/Downloads/apache-zookeeper-3.6.2-bin/bin/../lib/netty-codec-4.1.50.Final.jar:/home/user/Downloads/apache-zookeeper-3.6.2-bin/bin/../lib/netty-buffer-4.1.50.Final.jar:/home/user/Downloads/apache-zookeeper-3.6.2-bin/bin/../lib/metrics-core-3.2.5.jar:/home/user/Downloads/apache-zookeeper-3.6.2-bin/bin/../lib/log4j-1.2.17.jar:/home/user/Downloads/apache-zookeeper-3.6.2-bin/bin/../lib/json-simple-1.1.1.jar:/home/user/Downloads/apache-zookeeper-3.6.2-bin/bin/../lib/jline-2.14.6.jar:/home/user/Downloads/apache-zookeeper-3.6.2-bin/bin/../lib/jetty-util-9.4.24.v20191120.jar:/home/user/Downloads/apache-zookeeper-3.6.2-bin/bin/../lib/jetty-servlet-9.4.24.v20191120.jar:/home/user/Downloads/apache-zookeeper-3.6.2-bin/bin/../lib/jetty-server-9.4.24.v20191120.jar:/home/user/Downloads/apache-zookeeper-3.6.2-bin/bin/../lib/jetty-security-9.4.24.v20191120.jar:/home/user/Downloads/apache-zookeeper-3.6.2-bin/bin/../lib/jetty-io-9.4.24.v20191120.jar:/home/user/Downloads/apache-zookeeper-3.6.2-bin/bin/../lib/jetty-http-9.4.24.v20191120.jar:/home/user/Downloads/apache-zookeeper-3.6.2-bin/bin/../lib/javax.servlet-api-3.1.0.jar:/home/user/Downloads/apache-zookeeper-3.6.2-bin/bin/../lib/jackson-databind-2.10.3.jar:/home/user/Downloads/apache-zookeeper-3.6.2-bin/bin/../lib/jackson-core-2.10.3.jar:/home/user/Downloads/apache-zookeeper-3.6.2-bin/bin/../lib/jackson-annotations-2.10.3.jar:/home/user/Downloads/apache-zookeeper-3.6.2-bin/bin/../lib/commons-lang-2.6.jar:/home/user/Downloads/apache-zookeeper-3.6.2-bin/bin/../lib/commons-cli-1.2.jar:/home/user/Downloads/apache-zookeeper-3.6.2-bin/bin/../lib/audience-annotations-0.5.0.jar:/home/user/Downloads/apache-zookeeper-3.6.2-bin/bin/../zookeeper-*.jar:/home/user/Downloads/apache-zookeeper-3.6.2-bin/bin/../zookeeper-server/src/main/resources/lib/*.jar:/home/user/Downloads/apache-zookeeper-3.6.2-bin/bin/../conf:
2020-11-02 15:57:53,927 [myid:1] - INFO  [main:Environment@98] - Server environment:java.library.path=/usr/java/packages/lib:/usr/lib/x86_64-linux-gnu/jni:/lib/x86_64-linux-gnu:/usr/lib/x86_64-linux-gnu:/usr/lib/jni:/lib:/usr/lib
2020-11-02 15:57:53,927 [myid:1] - INFO  [main:Environment@98] - Server environment:java.io.tmpdir=/tmp
2020-11-02 15:57:53,927 [myid:1] - INFO  [main:Environment@98] - Server environment:java.compiler=<NA>
2020-11-02 15:57:53,927 [myid:1] - INFO  [main:Environment@98] - Server environment:os.name=Linux
2020-11-02 15:57:53,927 [myid:1] - INFO  [main:Environment@98] - Server environment:os.arch=amd64
2020-11-02 15:57:53,927 [myid:1] - INFO  [main:Environment@98] - Server environment:os.version=5.4.0-52-generic
2020-11-02 15:57:53,927 [myid:1] - INFO  [main:Environment@98] - Server environment:user.name=user
2020-11-02 15:57:53,927 [myid:1] - INFO  [main:Environment@98] - Server environment:user.home=/home/user
2020-11-02 15:57:53,927 [myid:1] - INFO  [main:Environment@98] - Server environment:user.dir=/home/user/Downloads/apache-zookeeper-3.6.2-bin/bin
2020-11-02 15:57:53,927 [myid:1] - INFO  [main:Environment@98] - Server environment:os.memory.free=111MB
2020-11-02 15:57:53,927 [myid:1] - INFO  [main:Environment@98] - Server environment:os.memory.max=1000MB
2020-11-02 15:57:53,927 [myid:1] - INFO  [main:Environment@98] - Server environment:os.memory.total=126MB
2020-11-02 15:57:53,927 [myid:1] - INFO  [main:ZooKeeperServer@129] - zookeeper.enableEagerACLCheck = false
2020-11-02 15:57:53,927 [myid:1] - INFO  [main:ZooKeeperServer@137] - zookeeper.digest.enabled = true
2020-11-02 15:57:53,927 [myid:1] - INFO  [main:ZooKeeperServer@141] - zookeeper.closeSessionTxn.enabled = true
2020-11-02 15:57:53,928 [myid:1] - INFO  [main:ZooKeeperServer@1444] - zookeeper.flushDelay=0
2020-11-02 15:57:53,928 [myid:1] - INFO  [main:ZooKeeperServer@1453] - zookeeper.maxWriteQueuePollTime=0
2020-11-02 15:57:53,928 [myid:1] - INFO  [main:ZooKeeperServer@1462] - zookeeper.maxBatchSize=1000
2020-11-02 15:57:53,928 [myid:1] - INFO  [main:ZooKeeperServer@243] - zookeeper.intBufferStartingSizeBytes = 1024
2020-11-02 15:57:53,929 [myid:1] - INFO  [main:BlueThrottle@141] - Weighed connection throttling is disabled
2020-11-02 15:57:53,938 [myid:1] - INFO  [main:ZooKeeperServer@1256] - minSessionTimeout set to 4000
2020-11-02 15:57:53,938 [myid:1] - INFO  [main:ZooKeeperServer@1265] - maxSessionTimeout set to 40000
2020-11-02 15:57:53,939 [myid:1] - INFO  [main:ResponseCache@45] - Response cache size is initialized with value 400.
2020-11-02 15:57:53,939 [myid:1] - INFO  [main:ResponseCache@45] - Response cache size is initialized with value 400.
2020-11-02 15:57:53,940 [myid:1] - INFO  [main:RequestPathMetricsCollector@111] - zookeeper.pathStats.slotCapacity = 60
2020-11-02 15:57:53,940 [myid:1] - INFO  [main:RequestPathMetricsCollector@112] - zookeeper.pathStats.slotDuration = 15
2020-11-02 15:57:53,940 [myid:1] - INFO  [main:RequestPathMetricsCollector@113] - zookeeper.pathStats.maxDepth = 6
2020-11-02 15:57:53,940 [myid:1] - INFO  [main:RequestPathMetricsCollector@114] - zookeeper.pathStats.initialDelay = 5
2020-11-02 15:57:53,940 [myid:1] - INFO  [main:RequestPathMetricsCollector@115] - zookeeper.pathStats.delay = 5
2020-11-02 15:57:53,940 [myid:1] - INFO  [main:RequestPathMetricsCollector@116] - zookeeper.pathStats.enabled = false
2020-11-02 15:57:53,942 [myid:1] - INFO  [main:ZooKeeperServer@1481] - The max bytes for all large requests are set to 104857600
2020-11-02 15:57:53,942 [myid:1] - INFO  [main:ZooKeeperServer@1495] - The large request threshold is set to -1
2020-11-02 15:57:53,942 [myid:1] - INFO  [main:ZooKeeperServer@339] - Created server with tickTime 2000 minSessionTimeout 4000 maxSessionTimeout 40000 clientPortListenBacklog -1 datadir /home/user/data/version-2 snapdir /home/user/data/version-2
2020-11-02 15:57:53,958 [myid:1] - INFO  [main:Log@169] - Logging initialized @389ms to org.eclipse.jetty.util.log.Slf4jLog
2020-11-02 15:57:54,009 [myid:1] - WARN  [main:ContextHandler@1520] - o.e.j.s.ServletContextHandler@c730b35{/,null,UNAVAILABLE} contextPath ends with /*
2020-11-02 15:57:54,009 [myid:1] - WARN  [main:ContextHandler@1531] - Empty contextPath
2020-11-02 15:57:54,023 [myid:1] - INFO  [main:Server@359] - jetty-9.4.24.v20191120; built: 2019-11-20T21:37:49.771Z; git: 363d5f2df3a8a28de40604320230664b9c793c16; jvm 11.0.9+11-Ubuntu-0ubuntu1.20.04
2020-11-02 15:57:54,046 [myid:1] - INFO  [main:DefaultSessionIdManager@333] - DefaultSessionIdManager workerName=node0
2020-11-02 15:57:54,046 [myid:1] - INFO  [main:DefaultSessionIdManager@338] - No SessionScavenger set, using defaults
2020-11-02 15:57:54,047 [myid:1] - INFO  [main:HouseKeeper@140] - node0 Scavenging every 600000ms
2020-11-02 15:57:54,050 [myid:1] - WARN  [main:ConstraintSecurityHandler@757] - ServletContext@o.e.j.s.ServletContextHandler@c730b35{/,null,STARTING} has uncovered http methods for path: /*
2020-11-02 15:57:54,055 [myid:1] - INFO  [main:ContextHandler@825] - Started o.e.j.s.ServletContextHandler@c730b35{/,null,AVAILABLE}
2020-11-02 15:57:54,064 [myid:1] - INFO  [main:AbstractConnector@330] - Started ServerConnector@1aa7ecca{HTTP/1.1,[http/1.1]}{0.0.0.0:8080}
2020-11-02 15:57:54,065 [myid:1] - INFO  [main:Server@399] - Started @496ms
2020-11-02 15:57:54,065 [myid:1] - INFO  [main:JettyAdminServer@182] - Started AdminServer on address 0.0.0.0, port 8080 and command URL /commands
2020-11-02 15:57:54,068 [myid:1] - INFO  [main:ServerCnxnFactory@169] - Using org.apache.zookeeper.server.NIOServerCnxnFactory as server connection factory
2020-11-02 15:57:54,069 [myid:1] - WARN  [main:ServerCnxnFactory@309] - maxCnxns is not configured, using default value 0.
2020-11-02 15:57:54,070 [myid:1] - INFO  [main:NIOServerCnxnFactory@666] - Configuring NIO connection handler with 10s sessionless connection timeout, 1 selector thread(s), 8 worker threads, and 64 kB direct buffers.
2020-11-02 15:57:54,070 [myid:1] - INFO  [main:NIOServerCnxnFactory@674] - binding to port 0.0.0.0/0.0.0.0:2181
2020-11-02 15:57:54,081 [myid:1] - INFO  [main:WatchManagerFactory@42] - Using org.apache.zookeeper.server.watch.WatchManager as watch manager
2020-11-02 15:57:54,081 [myid:1] - INFO  [main:WatchManagerFactory@42] - Using org.apache.zookeeper.server.watch.WatchManager as watch manager
2020-11-02 15:57:54,082 [myid:1] - INFO  [main:ZKDatabase@132] - zookeeper.snapshotSizeFactor = 0.33
2020-11-02 15:57:54,082 [myid:1] - INFO  [main:ZKDatabase@152] - zookeeper.commitLogCount=500
2020-11-02 15:57:54,084 [myid:1] - INFO  [main:SnapStream@61] - zookeeper.snapshot.compression.method = CHECKED
2020-11-02 15:57:54,085 [myid:1] - INFO  [main:FileSnap@85] - Reading snapshot /home/user/data/version-2/snapshot.800003b84
2020-11-02 15:57:54,087 [myid:1] - INFO  [main:DataTree@1730] - The digest in the snapshot has digest version of 2, , with zxid as 0x800003b84, and digest value as 2902655589
2020-11-02 15:57:54,095 [myid:1] - INFO  [main:FileTxnSnapLog@363] - 92 txns loaded in 5 ms
2020-11-02 15:57:54,096 [myid:1] - INFO  [main:ZKDatabase@289] - Snapshot loaded in 13 ms, highest zxid is 0x800003be0, digest is 2902655589
2020-11-02 15:57:54,096 [myid:1] - INFO  [main:FileTxnSnapLog@470] - Snapshotting: 0x800003be0 to /home/user/data/version-2/snapshot.800003be0
2020-11-02 15:57:54,097 [myid:1] - INFO  [main:ZooKeeperServer@529] - Snapshot taken in 1 ms
2020-11-02 15:57:54,103 [myid:1] - INFO  [main:RequestThrottler@74] - zookeeper.request_throttler.shutdownTimeout = 10000
2020-11-02 15:57:54,104 [myid:1] - INFO  [ProcessThread(sid:0 cport:2181)::PrepRequestProcessor@136] - PrepRequestProcessor (sid:0) started, reconfigEnabled=false
2020-11-02 15:57:54,114 [myid:1] - INFO  [main:ContainerManager@83] - Using checkIntervalMs=60000 maxPerMinute=10000 maxNeverUsedIntervalMs=0
2020-11-02 15:57:54,114 [myid:1] - INFO  [main:ZKAuditProvider@42] - ZooKeeper audit is disabled.
2020-11-02 15:58:03,846 [myid:1] - INFO  [SyncThread:0:FileTxnLog@284] - Creating new log file: log.800003be1
2020-11-02 15:58:12,765 [myid:1] - WARN  [NIOWorkerThread-3:NIOServerCnxn@364] - Unexpected exception
EndOfStreamException: Unable to read additional data from client, it probably closed the socket: address = /192.168.6.135:33700, session = 0x1000a9772f50000
	at org.apache.zookeeper.server.NIOServerCnxn.handleFailedRead(NIOServerCnxn.java:163)
	at org.apache.zookeeper.server.NIOServerCnxn.doIO(NIOServerCnxn.java:326)
	at org.apache.zookeeper.server.NIOServerCnxnFactory$IOWorkRequest.doWork(NIOServerCnxnFactory.java:522)
	at org.apache.zookeeper.server.WorkerService$ScheduledWorkRequest.run(WorkerService.java:154)
	at java.base/java.util.concurrent.ThreadPoolExecutor.runWorker(ThreadPoolExecutor.java:1128)
	at java.base/java.util.concurrent.ThreadPoolExecutor$Worker.run(ThreadPoolExecutor.java:628)
	at java.base/java.lang.Thread.run(Thread.java:834)
2020-11-02 15:58:33,732 [myid:1] - WARN  [NIOWorkerThread-6:NIOServerCnxn@364] - Unexpected exception
EndOfStreamException: Unable to read additional data from client, it probably closed the socket: address = /192.168.6.135:33702, session = 0x1000a9772f50001
	at org.apache.zookeeper.server.NIOServerCnxn.handleFailedRead(NIOServerCnxn.java:163)
	at org.apache.zookeeper.server.NIOServerCnxn.doIO(NIOServerCnxn.java:326)
	at org.apache.zookeeper.server.NIOServerCnxnFactory$IOWorkRequest.doWork(NIOServerCnxnFactory.java:522)
	at org.apache.zookeeper.server.WorkerService$ScheduledWorkRequest.run(WorkerService.java:154)
	at java.base/java.util.concurrent.ThreadPoolExecutor.runWorker(ThreadPoolExecutor.java:1128)
	at java.base/java.util.concurrent.ThreadPoolExecutor$Worker.run(ThreadPoolExecutor.java:628)
	at java.base/java.lang.Thread.run(Thread.java:834)
2020-11-02 15:58:34,574 [myid:1] - INFO  [SessionTracker:ZooKeeperServer@610] - Expiring session 0x1000a9772f50000, timeout of 30000ms exceeded
2020-11-02 15:59:00,573 [myid:1] - INFO  [SessionTracker:ZooKeeperServer@610] - Expiring session 0x1000a9772f50001, timeout of 30000ms exceeded
2020-11-02 16:19:11,555 [myid:1] - WARN  [NIOWorkerThread-2:NIOServerCnxn@364] - Unexpected exception
EndOfStreamException: Unable to read additional data from client, it probably closed the socket: address = /192.168.6.135:33904, session = 0x1000a9772f50009
	at org.apache.zookeeper.server.NIOServerCnxn.handleFailedRead(NIOServerCnxn.java:163)
	at org.apache.zookeeper.server.NIOServerCnxn.doIO(NIOServerCnxn.java:326)
	at org.apache.zookeeper.server.NIOServerCnxnFactory$IOWorkRequest.doWork(NIOServerCnxnFactory.java:522)
	at org.apache.zookeeper.server.WorkerService$ScheduledWorkRequest.run(WorkerService.java:154)
	at java.base/java.util.concurrent.ThreadPoolExecutor.runWorker(ThreadPoolExecutor.java:1128)
	at java.base/java.util.concurrent.ThreadPoolExecutor$Worker.run(ThreadPoolExecutor.java:628)
	at java.base/java.lang.Thread.run(Thread.java:834)
2020-11-02 16:19:42,573 [myid:1] - INFO  [SessionTracker:ZooKeeperServer@610] - Expiring session 0x1000a9772f50009, timeout of 30000ms exceeded
2020-11-02 16:20:14,113 [myid:1] - WARN  [NIOWorkerThread-4:NIOServerCnxn@364] - Unexpected exception
EndOfStreamException: Unable to read additional data from client, it probably closed the socket: address = /192.168.6.135:33916, session = 0x1000a9772f5000a
	at org.apache.zookeeper.server.NIOServerCnxn.handleFailedRead(NIOServerCnxn.java:163)
	at org.apache.zookeeper.server.NIOServerCnxn.doIO(NIOServerCnxn.java:326)
	at org.apache.zookeeper.server.NIOServerCnxnFactory$IOWorkRequest.doWork(NIOServerCnxnFactory.java:522)
	at org.apache.zookeeper.server.WorkerService$ScheduledWorkRequest.run(WorkerService.java:154)
	at java.base/java.util.concurrent.ThreadPoolExecutor.runWorker(ThreadPoolExecutor.java:1128)
	at java.base/java.util.concurrent.ThreadPoolExecutor$Worker.run(ThreadPoolExecutor.java:628)
	at java.base/java.lang.Thread.run(Thread.java:834)
2020-11-02 16:20:44,573 [myid:1] - INFO  [SessionTracker:ZooKeeperServer@610] - Expiring session 0x1000a9772f5000a, timeout of 30000ms exceeded
2020-11-02 16:22:59,099 [myid:1] - WARN  [NIOWorkerThread-7:NIOServerCnxn@364] - Unexpected exception
EndOfStreamException: Unable to read additional data from client, it probably closed the socket: address = /192.168.6.135:33942, session = 0x1000a9772f5000e
	at org.apache.zookeeper.server.NIOServerCnxn.handleFailedRead(NIOServerCnxn.java:163)
	at org.apache.zookeeper.server.NIOServerCnxn.doIO(NIOServerCnxn.java:326)
	at org.apache.zookeeper.server.NIOServerCnxnFactory$IOWorkRequest.doWork(NIOServerCnxnFactory.java:522)
	at org.apache.zookeeper.server.WorkerService$ScheduledWorkRequest.run(WorkerService.java:154)
	at java.base/java.util.concurrent.ThreadPoolExecutor.runWorker(ThreadPoolExecutor.java:1128)
	at java.base/java.util.concurrent.ThreadPoolExecutor$Worker.run(ThreadPoolExecutor.java:628)
	at java.base/java.lang.Thread.run(Thread.java:834)
2020-11-02 16:23:28,573 [myid:1] - INFO  [SessionTracker:ZooKeeperServer@610] - Expiring session 0x1000a9772f5000e, timeout of 30000ms exceeded
2020-11-02 16:24:28,266 [myid:1] - WARN  [NIOWorkerThread-4:NIOServerCnxn@364] - Unexpected exception
EndOfStreamException: Unable to read additional data from client, it probably closed the socket: address = /192.168.6.135:33950, session = 0x1000a9772f5000f
	at org.apache.zookeeper.server.NIOServerCnxn.handleFailedRead(NIOServerCnxn.java:163)
	at org.apache.zookeeper.server.NIOServerCnxn.doIO(NIOServerCnxn.java:326)
	at org.apache.zookeeper.server.NIOServerCnxnFactory$IOWorkRequest.doWork(NIOServerCnxnFactory.java:522)
	at org.apache.zookeeper.server.WorkerService$ScheduledWorkRequest.run(WorkerService.java:154)
	at java.base/java.util.concurrent.ThreadPoolExecutor.runWorker(ThreadPoolExecutor.java:1128)
	at java.base/java.util.concurrent.ThreadPoolExecutor$Worker.run(ThreadPoolExecutor.java:628)
	at java.base/java.lang.Thread.run(Thread.java:834)
2020-11-02 16:24:50,573 [myid:1] - INFO  [SessionTracker:ZooKeeperServer@610] - Expiring session 0x1000a9772f5000f, timeout of 30000ms exceeded
2020-11-02 16:27:50,103 [myid:1] - WARN  [NIOWorkerThread-7:NIOServerCnxn@364] - Unexpected exception
EndOfStreamException: Unable to read additional data from client, it probably closed the socket: address = /192.168.6.135:33992, session = 0x1000a9772f50013
	at org.apache.zookeeper.server.NIOServerCnxn.handleFailedRead(NIOServerCnxn.java:163)
	at org.apache.zookeeper.server.NIOServerCnxn.doIO(NIOServerCnxn.java:326)
	at org.apache.zookeeper.server.NIOServerCnxnFactory$IOWorkRequest.doWork(NIOServerCnxnFactory.java:522)
	at org.apache.zookeeper.server.WorkerService$ScheduledWorkRequest.run(WorkerService.java:154)
	at java.base/java.util.concurrent.ThreadPoolExecutor.runWorker(ThreadPoolExecutor.java:1128)
	at java.base/java.util.concurrent.ThreadPoolExecutor$Worker.run(ThreadPoolExecutor.java:628)
	at java.base/java.lang.Thread.run(Thread.java:834)
2020-11-02 16:28:12,574 [myid:1] - INFO  [SessionTracker:ZooKeeperServer@610] - Expiring session 0x1000a9772f50013, timeout of 30000ms exceeded
2020-11-02 16:34:44,993 [myid:1] - WARN  [NIOWorkerThread-6:NIOServerCnxn@373] - Close of session 0x1000a9772f50016
java.io.IOException: Connection reset by peer
	at java.base/sun.nio.ch.FileDispatcherImpl.read0(Native Method)
	at java.base/sun.nio.ch.SocketDispatcher.read(SocketDispatcher.java:39)
	at java.base/sun.nio.ch.IOUtil.readIntoNativeBuffer(IOUtil.java:276)
	at java.base/sun.nio.ch.IOUtil.read(IOUtil.java:245)
	at java.base/sun.nio.ch.IOUtil.read(IOUtil.java:223)
	at java.base/sun.nio.ch.SocketChannelImpl.read(SocketChannelImpl.java:358)
	at org.apache.zookeeper.server.NIOServerCnxn.doIO(NIOServerCnxn.java:324)
	at org.apache.zookeeper.server.NIOServerCnxnFactory$IOWorkRequest.doWork(NIOServerCnxnFactory.java:522)
	at org.apache.zookeeper.server.WorkerService$ScheduledWorkRequest.run(WorkerService.java:154)
	at java.base/java.util.concurrent.ThreadPoolExecutor.runWorker(ThreadPoolExecutor.java:1128)
	at java.base/java.util.concurrent.ThreadPoolExecutor$Worker.run(ThreadPoolExecutor.java:628)
	at java.base/java.lang.Thread.run(Thread.java:834)
2020-11-02 16:34:52,574 [myid:1] - INFO  [SessionTracker:ZooKeeperServer@610] - Expiring session 0x1000a9772f50016, timeout of 30000ms exceeded
2020-11-02 16:36:33,575 [myid:1] - WARN  [NIOWorkerThread-6:NIOServerCnxn@373] - Close of session 0x1000a9772f50017
java.io.IOException: Connection reset by peer
	at java.base/sun.nio.ch.FileDispatcherImpl.write0(Native Method)
	at java.base/sun.nio.ch.SocketDispatcher.write(SocketDispatcher.java:47)
	at java.base/sun.nio.ch.IOUtil.writeFromNativeBuffer(IOUtil.java:113)
	at java.base/sun.nio.ch.IOUtil.write(IOUtil.java:58)
	at java.base/sun.nio.ch.IOUtil.write(IOUtil.java:50)
	at java.base/sun.nio.ch.SocketChannelImpl.write(SocketChannelImpl.java:466)
	at org.apache.zookeeper.server.NIOServerCnxn.handleWrite(NIOServerCnxn.java:279)
	at org.apache.zookeeper.server.NIOServerCnxn.doIO(NIOServerCnxn.java:348)
	at org.apache.zookeeper.server.NIOServerCnxnFactory$IOWorkRequest.doWork(NIOServerCnxnFactory.java:522)
	at org.apache.zookeeper.server.WorkerService$ScheduledWorkRequest.run(WorkerService.java:154)
	at java.base/java.util.concurrent.ThreadPoolExecutor.runWorker(ThreadPoolExecutor.java:1128)
	at java.base/java.util.concurrent.ThreadPoolExecutor$Worker.run(ThreadPoolExecutor.java:628)
	at java.base/java.lang.Thread.run(Thread.java:834)
2020-11-02 16:37:04,573 [myid:1] - INFO  [SessionTracker:ZooKeeperServer@610] - Expiring session 0x1000a9772f50017, timeout of 30000ms exceeded
2020-11-02 16:37:39,229 [myid:1] - WARN  [NIOWorkerThread-5:NIOServerCnxn@373] - Close of session 0x1000a9772f50018
java.io.IOException: Connection reset by peer
	at java.base/sun.nio.ch.FileDispatcherImpl.write0(Native Method)
	at java.base/sun.nio.ch.SocketDispatcher.write(SocketDispatcher.java:47)
	at java.base/sun.nio.ch.IOUtil.writeFromNativeBuffer(IOUtil.java:113)
	at java.base/sun.nio.ch.IOUtil.write(IOUtil.java:58)
	at java.base/sun.nio.ch.IOUtil.write(IOUtil.java:50)
	at java.base/sun.nio.ch.SocketChannelImpl.write(SocketChannelImpl.java:466)
	at org.apache.zookeeper.server.NIOServerCnxn.handleWrite(NIOServerCnxn.java:279)
	at org.apache.zookeeper.server.NIOServerCnxn.doIO(NIOServerCnxn.java:348)
	at org.apache.zookeeper.server.NIOServerCnxnFactory$IOWorkRequest.doWork(NIOServerCnxnFactory.java:522)
	at org.apache.zookeeper.server.WorkerService$ScheduledWorkRequest.run(WorkerService.java:154)
	at java.base/java.util.concurrent.ThreadPoolExecutor.runWorker(ThreadPoolExecutor.java:1128)
	at java.base/java.util.concurrent.ThreadPoolExecutor$Worker.run(ThreadPoolExecutor.java:628)
	at java.base/java.lang.Thread.run(Thread.java:834)
2020-11-02 16:38:10,573 [myid:1] - INFO  [SessionTracker:ZooKeeperServer@610] - Expiring session 0x1000a9772f50018, timeout of 30000ms exceeded
2020-11-02 16:38:14,989 [myid:1] - WARN  [NIOWorkerThread-8:NIOServerCnxn@373] - Close of session 0x1000a9772f50019
java.io.IOException: Connection reset by peer
	at java.base/sun.nio.ch.FileDispatcherImpl.write0(Native Method)
	at java.base/sun.nio.ch.SocketDispatcher.write(SocketDispatcher.java:47)
	at java.base/sun.nio.ch.IOUtil.writeFromNativeBuffer(IOUtil.java:113)
	at java.base/sun.nio.ch.IOUtil.write(IOUtil.java:58)
	at java.base/sun.nio.ch.IOUtil.write(IOUtil.java:50)
	at java.base/sun.nio.ch.SocketChannelImpl.write(SocketChannelImpl.java:466)
	at org.apache.zookeeper.server.NIOServerCnxn.handleWrite(NIOServerCnxn.java:279)
	at org.apache.zookeeper.server.NIOServerCnxn.doIO(NIOServerCnxn.java:348)
	at org.apache.zookeeper.server.NIOServerCnxnFactory$IOWorkRequest.doWork(NIOServerCnxnFactory.java:522)
	at org.apache.zookeeper.server.WorkerService$ScheduledWorkRequest.run(WorkerService.java:154)
	at java.base/java.util.concurrent.ThreadPoolExecutor.runWorker(ThreadPoolExecutor.java:1128)
	at java.base/java.util.concurrent.ThreadPoolExecutor$Worker.run(ThreadPoolExecutor.java:628)
	at java.base/java.lang.Thread.run(Thread.java:834)
2020-11-02 16:38:46,573 [myid:1] - INFO  [SessionTracker:ZooKeeperServer@610] - Expiring session 0x1000a9772f50019, timeout of 30000ms exceeded
2020-11-02 16:39:10,515 [myid:1] - WARN  [NIOWorkerThread-4:NIOServerCnxn@373] - Close of session 0x1000a9772f5001a
java.io.IOException: Connection reset by peer
	at java.base/sun.nio.ch.FileDispatcherImpl.write0(Native Method)
	at java.base/sun.nio.ch.SocketDispatcher.write(SocketDispatcher.java:47)
	at java.base/sun.nio.ch.IOUtil.writeFromNativeBuffer(IOUtil.java:113)
	at java.base/sun.nio.ch.IOUtil.write(IOUtil.java:58)
	at java.base/sun.nio.ch.IOUtil.write(IOUtil.java:50)
	at java.base/sun.nio.ch.SocketChannelImpl.write(SocketChannelImpl.java:466)
	at org.apache.zookeeper.server.NIOServerCnxn.handleWrite(NIOServerCnxn.java:279)
	at org.apache.zookeeper.server.NIOServerCnxn.doIO(NIOServerCnxn.java:348)
	at org.apache.zookeeper.server.NIOServerCnxnFactory$IOWorkRequest.doWork(NIOServerCnxnFactory.java:522)
	at org.apache.zookeeper.server.WorkerService$ScheduledWorkRequest.run(WorkerService.java:154)
	at java.base/java.util.concurrent.ThreadPoolExecutor.runWorker(ThreadPoolExecutor.java:1128)
	at java.base/java.util.concurrent.ThreadPoolExecutor$Worker.run(ThreadPoolExecutor.java:628)
	at java.base/java.lang.Thread.run(Thread.java:834)
2020-11-02 16:39:24,811 [myid:1] - WARN  [NIOWorkerThread-6:NIOServerCnxn@373] - Close of session 0x1000a9772f5001b
java.io.IOException: Connection reset by peer
	at java.base/sun.nio.ch.FileDispatcherImpl.write0(Native Method)
	at java.base/sun.nio.ch.SocketDispatcher.write(SocketDispatcher.java:47)
	at java.base/sun.nio.ch.IOUtil.writeFromNativeBuffer(IOUtil.java:113)
	at java.base/sun.nio.ch.IOUtil.write(IOUtil.java:58)
	at java.base/sun.nio.ch.IOUtil.write(IOUtil.java:50)
	at java.base/sun.nio.ch.SocketChannelImpl.write(SocketChannelImpl.java:466)
	at org.apache.zookeeper.server.NIOServerCnxn.handleWrite(NIOServerCnxn.java:279)
	at org.apache.zookeeper.server.NIOServerCnxn.doIO(NIOServerCnxn.java:348)
	at org.apache.zookeeper.server.NIOServerCnxnFactory$IOWorkRequest.doWork(NIOServerCnxnFactory.java:522)
	at org.apache.zookeeper.server.WorkerService$ScheduledWorkRequest.run(WorkerService.java:154)
	at java.base/java.util.concurrent.ThreadPoolExecutor.runWorker(ThreadPoolExecutor.java:1128)
	at java.base/java.util.concurrent.ThreadPoolExecutor$Worker.run(ThreadPoolExecutor.java:628)
	at java.base/java.lang.Thread.run(Thread.java:834)
2020-11-02 16:39:40,573 [myid:1] - INFO  [SessionTracker:ZooKeeperServer@610] - Expiring session 0x1000a9772f5001a, timeout of 30000ms exceeded
2020-11-02 16:39:40,574 [myid:1] - INFO  [Snapshot Thread:FileTxnSnapLog@470] - Snapshotting: 0x800003c17 to /home/user/data/version-2/snapshot.800003c17
2020-11-02 16:39:40,577 [myid:1] - INFO  [Snapshot Thread:ZooKeeperServer@529] - Snapshot taken in 3 ms
2020-11-02 16:39:56,573 [myid:1] - INFO  [SessionTracker:ZooKeeperServer@610] - Expiring session 0x1000a9772f5001b, timeout of 30000ms exceeded
2020-11-02 16:39:56,574 [myid:1] - INFO  [SyncThread:0:FileTxnLog@284] - Creating new log file: log.800003c19
2020-11-02 16:40:04,485 [myid:1] - WARN  [NIOWorkerThread-4:NIOServerCnxn@364] - Unexpected exception
EndOfStreamException: Unable to read additional data from client, it probably closed the socket: address = /192.168.6.135:34108, session = 0x1000a9772f5001c
	at org.apache.zookeeper.server.NIOServerCnxn.handleFailedRead(NIOServerCnxn.java:163)
	at org.apache.zookeeper.server.NIOServerCnxn.doIO(NIOServerCnxn.java:326)
	at org.apache.zookeeper.server.NIOServerCnxnFactory$IOWorkRequest.doWork(NIOServerCnxnFactory.java:522)
	at org.apache.zookeeper.server.WorkerService$ScheduledWorkRequest.run(WorkerService.java:154)
	at java.base/java.util.concurrent.ThreadPoolExecutor.runWorker(ThreadPoolExecutor.java:1128)
	at java.base/java.util.concurrent.ThreadPoolExecutor$Worker.run(ThreadPoolExecutor.java:628)
	at java.base/java.lang.Thread.run(Thread.java:834)
2020-11-02 16:40:34,573 [myid:1] - INFO  [SessionTracker:ZooKeeperServer@610] - Expiring session 0x1000a9772f5001c, timeout of 30000ms exceeded
2020-11-02 16:40:46,612 [myid:1] - WARN  [NIOWorkerThread-1:NIOServerCnxn@373] - Close of session 0x1000a9772f5001d
java.io.IOException: Connection reset by peer
	at java.base/sun.nio.ch.FileDispatcherImpl.read0(Native Method)
	at java.base/sun.nio.ch.SocketDispatcher.read(SocketDispatcher.java:39)
	at java.base/sun.nio.ch.IOUtil.readIntoNativeBuffer(IOUtil.java:276)
	at java.base/sun.nio.ch.IOUtil.read(IOUtil.java:245)
	at java.base/sun.nio.ch.IOUtil.read(IOUtil.java:223)
	at java.base/sun.nio.ch.SocketChannelImpl.read(SocketChannelImpl.java:358)
	at org.apache.zookeeper.server.NIOServerCnxn.doIO(NIOServerCnxn.java:324)
	at org.apache.zookeeper.server.NIOServerCnxnFactory$IOWorkRequest.doWork(NIOServerCnxnFactory.java:522)
	at org.apache.zookeeper.server.WorkerService$ScheduledWorkRequest.run(WorkerService.java:154)
	at java.base/java.util.concurrent.ThreadPoolExecutor.runWorker(ThreadPoolExecutor.java:1128)
	at java.base/java.util.concurrent.ThreadPoolExecutor$Worker.run(ThreadPoolExecutor.java:628)
	at java.base/java.lang.Thread.run(Thread.java:834)
2020-11-02 16:41:11,761 [myid:1] - WARN  [NIOWorkerThread-6:NIOServerCnxn@373] - Close of session 0x1000a9772f5001e
java.io.IOException: Connection reset by peer
	at java.base/sun.nio.ch.FileDispatcherImpl.read0(Native Method)
	at java.base/sun.nio.ch.SocketDispatcher.read(SocketDispatcher.java:39)
	at java.base/sun.nio.ch.IOUtil.readIntoNativeBuffer(IOUtil.java:276)
	at java.base/sun.nio.ch.IOUtil.read(IOUtil.java:245)
	at java.base/sun.nio.ch.IOUtil.read(IOUtil.java:223)
	at java.base/sun.nio.ch.SocketChannelImpl.read(SocketChannelImpl.java:358)
	at org.apache.zookeeper.server.NIOServerCnxn.doIO(NIOServerCnxn.java:324)
	at org.apache.zookeeper.server.NIOServerCnxnFactory$IOWorkRequest.doWork(NIOServerCnxnFactory.java:522)
	at org.apache.zookeeper.server.WorkerService$ScheduledWorkRequest.run(WorkerService.java:154)
	at java.base/java.util.concurrent.ThreadPoolExecutor.runWorker(ThreadPoolExecutor.java:1128)
	at java.base/java.util.concurrent.ThreadPoolExecutor$Worker.run(ThreadPoolExecutor.java:628)
	at java.base/java.lang.Thread.run(Thread.java:834)
2020-11-02 16:41:16,573 [myid:1] - INFO  [SessionTracker:ZooKeeperServer@610] - Expiring session 0x1000a9772f5001d, timeout of 30000ms exceeded
2020-11-02 16:41:30,573 [myid:1] - INFO  [SessionTracker:ZooKeeperServer@610] - Expiring session 0x1000a9772f5001e, timeout of 30000ms exceeded
2020-11-02 16:41:40,320 [myid:1] - WARN  [NIOWorkerThread-8:NIOServerCnxn@373] - Close of session 0x1000a9772f5001f
java.io.IOException: Connection reset by peer
	at java.base/sun.nio.ch.FileDispatcherImpl.read0(Native Method)
	at java.base/sun.nio.ch.SocketDispatcher.read(SocketDispatcher.java:39)
	at java.base/sun.nio.ch.IOUtil.readIntoNativeBuffer(IOUtil.java:276)
	at java.base/sun.nio.ch.IOUtil.read(IOUtil.java:245)
	at java.base/sun.nio.ch.IOUtil.read(IOUtil.java:223)
	at java.base/sun.nio.ch.SocketChannelImpl.read(SocketChannelImpl.java:358)
	at org.apache.zookeeper.server.NIOServerCnxn.doIO(NIOServerCnxn.java:324)
	at org.apache.zookeeper.server.NIOServerCnxnFactory$IOWorkRequest.doWork(NIOServerCnxnFactory.java:522)
	at org.apache.zookeeper.server.WorkerService$ScheduledWorkRequest.run(WorkerService.java:154)
	at java.base/java.util.concurrent.ThreadPoolExecutor.runWorker(ThreadPoolExecutor.java:1128)
	at java.base/java.util.concurrent.ThreadPoolExecutor$Worker.run(ThreadPoolExecutor.java:628)
	at java.base/java.lang.Thread.run(Thread.java:834)
2020-11-02 16:41:56,573 [myid:1] - INFO  [SessionTracker:ZooKeeperServer@610] - Expiring session 0x1000a9772f5001f, timeout of 30000ms exceeded
2020-11-02 16:42:12,024 [myid:1] - WARN  [NIOWorkerThread-6:NIOServerCnxn@364] - Unexpected exception
EndOfStreamException: Unable to read additional data from client, it probably closed the socket: address = /192.168.6.135:34138, session = 0x1000a9772f50020
	at org.apache.zookeeper.server.NIOServerCnxn.handleFailedRead(NIOServerCnxn.java:163)
	at org.apache.zookeeper.server.NIOServerCnxn.doIO(NIOServerCnxn.java:326)
	at org.apache.zookeeper.server.NIOServerCnxnFactory$IOWorkRequest.doWork(NIOServerCnxnFactory.java:522)
	at org.apache.zookeeper.server.WorkerService$ScheduledWorkRequest.run(WorkerService.java:154)
	at java.base/java.util.concurrent.ThreadPoolExecutor.runWorker(ThreadPoolExecutor.java:1128)
	at java.base/java.util.concurrent.ThreadPoolExecutor$Worker.run(ThreadPoolExecutor.java:628)
	at java.base/java.lang.Thread.run(Thread.java:834)
2020-11-02 16:42:32,573 [myid:1] - INFO  [SessionTracker:ZooKeeperServer@610] - Expiring session 0x1000a9772f50020, timeout of 30000ms exceeded
2020-11-02 16:43:52,573 [myid:1] - INFO  [SessionTracker:ZooKeeperServer@610] - Expiring session 0x1000a9772f50021, timeout of 30000ms exceeded
2020-11-02 16:45:40,828 [myid:1] - WARN  [NIOWorkerThread-3:NIOServerCnxn@373] - Close of session 0x1000a9772f50022
java.io.IOException: Connection reset by peer
	at java.base/sun.nio.ch.FileDispatcherImpl.read0(Native Method)
	at java.base/sun.nio.ch.SocketDispatcher.read(SocketDispatcher.java:39)
	at java.base/sun.nio.ch.IOUtil.readIntoNativeBuffer(IOUtil.java:276)
	at java.base/sun.nio.ch.IOUtil.read(IOUtil.java:245)
	at java.base/sun.nio.ch.IOUtil.read(IOUtil.java:223)
	at java.base/sun.nio.ch.SocketChannelImpl.read(SocketChannelImpl.java:358)
	at org.apache.zookeeper.server.NIOServerCnxn.doIO(NIOServerCnxn.java:324)
	at org.apache.zookeeper.server.NIOServerCnxnFactory$IOWorkRequest.doWork(NIOServerCnxnFactory.java:522)
	at org.apache.zookeeper.server.WorkerService$ScheduledWorkRequest.run(WorkerService.java:154)
	at java.base/java.util.concurrent.ThreadPoolExecutor.runWorker(ThreadPoolExecutor.java:1128)
	at java.base/java.util.concurrent.ThreadPoolExecutor$Worker.run(ThreadPoolExecutor.java:628)
	at java.base/java.lang.Thread.run(Thread.java:834)
2020-11-02 16:45:56,574 [myid:1] - INFO  [SessionTracker:ZooKeeperServer@610] - Expiring session 0x1000a9772f50022, timeout of 30000ms exceeded
2020-11-02 16:47:18,306 [myid:1] - WARN  [NIOWorkerThread-4:NIOServerCnxn@373] - Close of session 0x1000a9772f50023
java.io.IOException: Connection reset by peer
	at java.base/sun.nio.ch.FileDispatcherImpl.read0(Native Method)
	at java.base/sun.nio.ch.SocketDispatcher.read(SocketDispatcher.java:39)
	at java.base/sun.nio.ch.IOUtil.readIntoNativeBuffer(IOUtil.java:276)
	at java.base/sun.nio.ch.IOUtil.read(IOUtil.java:245)
	at java.base/sun.nio.ch.IOUtil.read(IOUtil.java:223)
	at java.base/sun.nio.ch.SocketChannelImpl.read(SocketChannelImpl.java:358)
	at org.apache.zookeeper.server.NIOServerCnxn.doIO(NIOServerCnxn.java:324)
	at org.apache.zookeeper.server.NIOServerCnxnFactory$IOWorkRequest.doWork(NIOServerCnxnFactory.java:522)
	at org.apache.zookeeper.server.WorkerService$ScheduledWorkRequest.run(WorkerService.java:154)
	at java.base/java.util.concurrent.ThreadPoolExecutor.runWorker(ThreadPoolExecutor.java:1128)
	at java.base/java.util.concurrent.ThreadPoolExecutor$Worker.run(ThreadPoolExecutor.java:628)
	at java.base/java.lang.Thread.run(Thread.java:834)
2020-11-02 16:47:36,573 [myid:1] - INFO  [SessionTracker:ZooKeeperServer@610] - Expiring session 0x1000a9772f50023, timeout of 30000ms exceeded
2020-11-02 16:51:40,430 [myid:1] - WARN  [NIOWorkerThread-3:NIOServerCnxn@364] - Unexpected exception
EndOfStreamException: Unable to read additional data from client, it probably closed the socket: address = /192.168.6.135:34222, session = 0x1000a9772f50028
	at org.apache.zookeeper.server.NIOServerCnxn.handleFailedRead(NIOServerCnxn.java:163)
	at org.apache.zookeeper.server.NIOServerCnxn.doIO(NIOServerCnxn.java:326)
	at org.apache.zookeeper.server.NIOServerCnxnFactory$IOWorkRequest.doWork(NIOServerCnxnFactory.java:522)
	at org.apache.zookeeper.server.WorkerService$ScheduledWorkRequest.run(WorkerService.java:154)
	at java.base/java.util.concurrent.ThreadPoolExecutor.runWorker(ThreadPoolExecutor.java:1128)
	at java.base/java.util.concurrent.ThreadPoolExecutor$Worker.run(ThreadPoolExecutor.java:628)
	at java.base/java.lang.Thread.run(Thread.java:834)
2020-11-02 16:52:06,573 [myid:1] - INFO  [SessionTracker:ZooKeeperServer@610] - Expiring session 0x1000a9772f50028, timeout of 30000ms exceeded
2020-11-02 16:54:07,652 [myid:1] - WARN  [NIOWorkerThread-4:NIOServerCnxn@364] - Unexpected exception
EndOfStreamException: Unable to read additional data from client, it probably closed the socket: address = /192.168.6.135:34238, session = 0x1000a9772f50029
	at org.apache.zookeeper.server.NIOServerCnxn.handleFailedRead(NIOServerCnxn.java:163)
	at org.apache.zookeeper.server.NIOServerCnxn.doIO(NIOServerCnxn.java:326)
	at org.apache.zookeeper.server.NIOServerCnxnFactory$IOWorkRequest.doWork(NIOServerCnxnFactory.java:522)
	at org.apache.zookeeper.server.WorkerService$ScheduledWorkRequest.run(WorkerService.java:154)
	at java.base/java.util.concurrent.ThreadPoolExecutor.runWorker(ThreadPoolExecutor.java:1128)
	at java.base/java.util.concurrent.ThreadPoolExecutor$Worker.run(ThreadPoolExecutor.java:628)
	at java.base/java.lang.Thread.run(Thread.java:834)
2020-11-02 16:54:30,573 [myid:1] - INFO  [SessionTracker:ZooKeeperServer@610] - Expiring session 0x1000a9772f50029, timeout of 30000ms exceeded
2020-11-02 16:55:15,650 [myid:1] - WARN  [NIOWorkerThread-1:NIOServerCnxn@364] - Unexpected exception
EndOfStreamException: Unable to read additional data from client, it probably closed the socket: address = /192.168.6.135:34246, session = 0x1000a9772f5002b
	at org.apache.zookeeper.server.NIOServerCnxn.handleFailedRead(NIOServerCnxn.java:163)
	at org.apache.zookeeper.server.NIOServerCnxn.doIO(NIOServerCnxn.java:326)
	at org.apache.zookeeper.server.NIOServerCnxnFactory$IOWorkRequest.doWork(NIOServerCnxnFactory.java:522)
	at org.apache.zookeeper.server.WorkerService$ScheduledWorkRequest.run(WorkerService.java:154)
	at java.base/java.util.concurrent.ThreadPoolExecutor.runWorker(ThreadPoolExecutor.java:1128)
	at java.base/java.util.concurrent.ThreadPoolExecutor$Worker.run(ThreadPoolExecutor.java:628)
	at java.base/java.lang.Thread.run(Thread.java:834)
2020-11-02 16:55:40,574 [myid:1] - INFO  [SessionTracker:ZooKeeperServer@610] - Expiring session 0x1000a9772f5002b, timeout of 30000ms exceeded
2020-11-02 16:59:24,223 [myid:1] - WARN  [NIOWorkerThread-2:NIOServerCnxn@364] - Unexpected exception
EndOfStreamException: Unable to read additional data from client, it probably closed the socket: address = /192.168.6.135:34296, session = 0x1000a9772f5002e
	at org.apache.zookeeper.server.NIOServerCnxn.handleFailedRead(NIOServerCnxn.java:163)
	at org.apache.zookeeper.server.NIOServerCnxn.doIO(NIOServerCnxn.java:326)
	at org.apache.zookeeper.server.NIOServerCnxnFactory$IOWorkRequest.doWork(NIOServerCnxnFactory.java:522)
	at org.apache.zookeeper.server.WorkerService$ScheduledWorkRequest.run(WorkerService.java:154)
	at java.base/java.util.concurrent.ThreadPoolExecutor.runWorker(ThreadPoolExecutor.java:1128)
	at java.base/java.util.concurrent.ThreadPoolExecutor$Worker.run(ThreadPoolExecutor.java:628)
	at java.base/java.lang.Thread.run(Thread.java:834)
2020-11-02 16:59:38,573 [myid:1] - INFO  [SessionTracker:ZooKeeperServer@610] - Expiring session 0x1000a9772f5002e, timeout of 30000ms exceeded
2020-11-02 17:00:03,191 [myid:1] - WARN  [NIOWorkerThread-1:NIOServerCnxn@364] - Unexpected exception
EndOfStreamException: Unable to read additional data from client, it probably closed the socket: address = /192.168.6.135:34310, session = 0x0
	at org.apache.zookeeper.server.NIOServerCnxn.handleFailedRead(NIOServerCnxn.java:163)
	at org.apache.zookeeper.server.NIOServerCnxn.doIO(NIOServerCnxn.java:326)
	at org.apache.zookeeper.server.NIOServerCnxnFactory$IOWorkRequest.doWork(NIOServerCnxnFactory.java:522)
	at org.apache.zookeeper.server.WorkerService$ScheduledWorkRequest.run(WorkerService.java:154)
	at java.base/java.util.concurrent.ThreadPoolExecutor.runWorker(ThreadPoolExecutor.java:1128)
	at java.base/java.util.concurrent.ThreadPoolExecutor$Worker.run(ThreadPoolExecutor.java:628)
	at java.base/java.lang.Thread.run(Thread.java:834)
2020-11-02 17:02:24,573 [myid:1] - INFO  [SessionTracker:ZooKeeperServer@610] - Expiring session 0x1000a9772f5002f, timeout of 30000ms exceeded
2020-11-02 17:05:02,066 [myid:1] - WARN  [NIOWorkerThread-4:NIOServerCnxn@364] - Unexpected exception
EndOfStreamException: Unable to read additional data from client, it probably closed the socket: address = /192.168.6.135:34352, session = 0x1000a9772f50030
	at org.apache.zookeeper.server.NIOServerCnxn.handleFailedRead(NIOServerCnxn.java:163)
	at org.apache.zookeeper.server.NIOServerCnxn.doIO(NIOServerCnxn.java:326)
	at org.apache.zookeeper.server.NIOServerCnxnFactory$IOWorkRequest.doWork(NIOServerCnxnFactory.java:522)
	at org.apache.zookeeper.server.WorkerService$ScheduledWorkRequest.run(WorkerService.java:154)
	at java.base/java.util.concurrent.ThreadPoolExecutor.runWorker(ThreadPoolExecutor.java:1128)
	at java.base/java.util.concurrent.ThreadPoolExecutor$Worker.run(ThreadPoolExecutor.java:628)
	at java.base/java.lang.Thread.run(Thread.java:834)
2020-11-02 17:05:26,572 [myid:1] - INFO  [SessionTracker:ZooKeeperServer@610] - Expiring session 0x1000a9772f50030, timeout of 30000ms exceeded
2020-11-02 17:05:41,333 [myid:1] - WARN  [NIOWorkerThread-4:NIOServerCnxn@373] - Close of session 0x1000a9772f50031
java.io.IOException: Connection reset by peer
	at java.base/sun.nio.ch.FileDispatcherImpl.read0(Native Method)
	at java.base/sun.nio.ch.SocketDispatcher.read(SocketDispatcher.java:39)
	at java.base/sun.nio.ch.IOUtil.readIntoNativeBuffer(IOUtil.java:276)
	at java.base/sun.nio.ch.IOUtil.read(IOUtil.java:245)
	at java.base/sun.nio.ch.IOUtil.read(IOUtil.java:223)
	at java.base/sun.nio.ch.SocketChannelImpl.read(SocketChannelImpl.java:358)
	at org.apache.zookeeper.server.NIOServerCnxn.doIO(NIOServerCnxn.java:324)
	at org.apache.zookeeper.server.NIOServerCnxnFactory$IOWorkRequest.doWork(NIOServerCnxnFactory.java:522)
	at org.apache.zookeeper.server.WorkerService$ScheduledWorkRequest.run(WorkerService.java:154)
	at java.base/java.util.concurrent.ThreadPoolExecutor.runWorker(ThreadPoolExecutor.java:1128)
	at java.base/java.util.concurrent.ThreadPoolExecutor$Worker.run(ThreadPoolExecutor.java:628)
	at java.base/java.lang.Thread.run(Thread.java:834)
2020-11-02 17:10:54,441 [myid:1] - WARN  [NIOWorkerThread-7:NIOServerCnxn@373] - Close of session 0x1000a9772f50032
java.io.IOException: Connection reset by peer
	at java.base/sun.nio.ch.FileDispatcherImpl.read0(Native Method)
	at java.base/sun.nio.ch.SocketDispatcher.read(SocketDispatcher.java:39)
	at java.base/sun.nio.ch.IOUtil.readIntoNativeBuffer(IOUtil.java:276)
	at java.base/sun.nio.ch.IOUtil.read(IOUtil.java:245)
	at java.base/sun.nio.ch.IOUtil.read(IOUtil.java:223)
	at java.base/sun.nio.ch.SocketChannelImpl.read(SocketChannelImpl.java:358)
	at org.apache.zookeeper.server.NIOServerCnxn.doIO(NIOServerCnxn.java:324)
	at org.apache.zookeeper.server.NIOServerCnxnFactory$IOWorkRequest.doWork(NIOServerCnxnFactory.java:522)
	at org.apache.zookeeper.server.WorkerService$ScheduledWorkRequest.run(WorkerService.java:154)
	at java.base/java.util.concurrent.ThreadPoolExecutor.runWorker(ThreadPoolExecutor.java:1128)
	at java.base/java.util.concurrent.ThreadPoolExecutor$Worker.run(ThreadPoolExecutor.java:628)
	at java.base/java.lang.Thread.run(Thread.java:834)
2020-11-02 17:12:01,786 [myid:1] - WARN  [NIOWorkerThread-7:NIOServerCnxn@373] - Close of session 0x1000a9772f50033
java.io.IOException: Connection reset by peer
	at java.base/sun.nio.ch.FileDispatcherImpl.read0(Native Method)
	at java.base/sun.nio.ch.SocketDispatcher.read(SocketDispatcher.java:39)
	at java.base/sun.nio.ch.IOUtil.readIntoNativeBuffer(IOUtil.java:276)
	at java.base/sun.nio.ch.IOUtil.read(IOUtil.java:245)
	at java.base/sun.nio.ch.IOUtil.read(IOUtil.java:223)
	at java.base/sun.nio.ch.SocketChannelImpl.read(SocketChannelImpl.java:358)
	at org.apache.zookeeper.server.NIOServerCnxn.doIO(NIOServerCnxn.java:324)
	at org.apache.zookeeper.server.NIOServerCnxnFactory$IOWorkRequest.doWork(NIOServerCnxnFactory.java:522)
	at org.apache.zookeeper.server.WorkerService$ScheduledWorkRequest.run(WorkerService.java:154)
	at java.base/java.util.concurrent.ThreadPoolExecutor.runWorker(ThreadPoolExecutor.java:1128)
	at java.base/java.util.concurrent.ThreadPoolExecutor$Worker.run(ThreadPoolExecutor.java:628)
	at java.base/java.lang.Thread.run(Thread.java:834)
2020-11-02 17:13:13,147 [myid:1] - WARN  [NIOWorkerThread-4:NIOServerCnxn@373] - Close of session 0x1000a9772f50034
java.io.IOException: Connection reset by peer
	at java.base/sun.nio.ch.FileDispatcherImpl.read0(Native Method)
	at java.base/sun.nio.ch.SocketDispatcher.read(SocketDispatcher.java:39)
	at java.base/sun.nio.ch.IOUtil.readIntoNativeBuffer(IOUtil.java:276)
	at java.base/sun.nio.ch.IOUtil.read(IOUtil.java:245)
	at java.base/sun.nio.ch.IOUtil.read(IOUtil.java:223)
	at java.base/sun.nio.ch.SocketChannelImpl.read(SocketChannelImpl.java:358)
	at org.apache.zookeeper.server.NIOServerCnxn.doIO(NIOServerCnxn.java:324)
	at org.apache.zookeeper.server.NIOServerCnxnFactory$IOWorkRequest.doWork(NIOServerCnxnFactory.java:522)
	at org.apache.zookeeper.server.WorkerService$ScheduledWorkRequest.run(WorkerService.java:154)
	at java.base/java.util.concurrent.ThreadPoolExecutor.runWorker(ThreadPoolExecutor.java:1128)
	at java.base/java.util.concurrent.ThreadPoolExecutor$Worker.run(ThreadPoolExecutor.java:628)
	at java.base/java.lang.Thread.run(Thread.java:834)
2020-11-02 17:15:28,055 [myid:1] - WARN  [NIOWorkerThread-7:NIOServerCnxn@373] - Close of session 0x1000a9772f50035
java.io.IOException: Connection reset by peer
	at java.base/sun.nio.ch.FileDispatcherImpl.write0(Native Method)
	at java.base/sun.nio.ch.SocketDispatcher.write(SocketDispatcher.java:47)
	at java.base/sun.nio.ch.IOUtil.writeFromNativeBuffer(IOUtil.java:113)
	at java.base/sun.nio.ch.IOUtil.write(IOUtil.java:58)
	at java.base/sun.nio.ch.IOUtil.write(IOUtil.java:50)
	at java.base/sun.nio.ch.SocketChannelImpl.write(SocketChannelImpl.java:466)
	at org.apache.zookeeper.server.NIOServerCnxn.handleWrite(NIOServerCnxn.java:279)
	at org.apache.zookeeper.server.NIOServerCnxn.doIO(NIOServerCnxn.java:348)
	at org.apache.zookeeper.server.NIOServerCnxnFactory$IOWorkRequest.doWork(NIOServerCnxnFactory.java:522)
	at org.apache.zookeeper.server.WorkerService$ScheduledWorkRequest.run(WorkerService.java:154)
	at java.base/java.util.concurrent.ThreadPoolExecutor.runWorker(ThreadPoolExecutor.java:1128)
	at java.base/java.util.concurrent.ThreadPoolExecutor$Worker.run(ThreadPoolExecutor.java:628)
	at java.base/java.lang.Thread.run(Thread.java:834)
2020-11-02 17:16:44,781 [myid:1] - WARN  [NIOWorkerThread-2:NIOServerCnxn@373] - Close of session 0x1000a9772f50036
java.io.IOException: Connection reset by peer
	at java.base/sun.nio.ch.FileDispatcherImpl.write0(Native Method)
	at java.base/sun.nio.ch.SocketDispatcher.write(SocketDispatcher.java:47)
	at java.base/sun.nio.ch.IOUtil.writeFromNativeBuffer(IOUtil.java:113)
	at java.base/sun.nio.ch.IOUtil.write(IOUtil.java:58)
	at java.base/sun.nio.ch.IOUtil.write(IOUtil.java:50)
	at java.base/sun.nio.ch.SocketChannelImpl.write(SocketChannelImpl.java:466)
	at org.apache.zookeeper.server.NIOServerCnxn.handleWrite(NIOServerCnxn.java:279)
	at org.apache.zookeeper.server.NIOServerCnxn.doIO(NIOServerCnxn.java:348)
	at org.apache.zookeeper.server.NIOServerCnxnFactory$IOWorkRequest.doWork(NIOServerCnxnFactory.java:522)
	at org.apache.zookeeper.server.WorkerService$ScheduledWorkRequest.run(WorkerService.java:154)
	at java.base/java.util.concurrent.ThreadPoolExecutor.runWorker(ThreadPoolExecutor.java:1128)
	at java.base/java.util.concurrent.ThreadPoolExecutor$Worker.run(ThreadPoolExecutor.java:628)
	at java.base/java.lang.Thread.run(Thread.java:834)
2020-11-02 17:17:16,573 [myid:1] - INFO  [SessionTracker:ZooKeeperServer@610] - Expiring session 0x1000a9772f50036, timeout of 30000ms exceeded
2020-11-02 17:19:29,943 [myid:1] - WARN  [NIOWorkerThread-1:NIOServerCnxn@373] - Close of session 0x1000a9772f50037
java.io.IOException: Connection reset by peer
	at java.base/sun.nio.ch.FileDispatcherImpl.write0(Native Method)
	at java.base/sun.nio.ch.SocketDispatcher.write(SocketDispatcher.java:47)
	at java.base/sun.nio.ch.IOUtil.writeFromNativeBuffer(IOUtil.java:113)
	at java.base/sun.nio.ch.IOUtil.write(IOUtil.java:58)
	at java.base/sun.nio.ch.IOUtil.write(IOUtil.java:50)
	at java.base/sun.nio.ch.SocketChannelImpl.write(SocketChannelImpl.java:466)
	at org.apache.zookeeper.server.NIOServerCnxn.handleWrite(NIOServerCnxn.java:279)
	at org.apache.zookeeper.server.NIOServerCnxn.doIO(NIOServerCnxn.java:348)
	at org.apache.zookeeper.server.NIOServerCnxnFactory$IOWorkRequest.doWork(NIOServerCnxnFactory.java:522)
	at org.apache.zookeeper.server.WorkerService$ScheduledWorkRequest.run(WorkerService.java:154)
	at java.base/java.util.concurrent.ThreadPoolExecutor.runWorker(ThreadPoolExecutor.java:1128)
	at java.base/java.util.concurrent.ThreadPoolExecutor$Worker.run(ThreadPoolExecutor.java:628)
	at java.base/java.lang.Thread.run(Thread.java:834)
2020-11-02 17:20:00,574 [myid:1] - INFO  [SessionTracker:ZooKeeperServer@610] - Expiring session 0x1000a9772f50037, timeout of 30000ms exceeded
2020-11-02 17:20:32,703 [myid:1] - WARN  [NIOWorkerThread-2:NIOServerCnxn@373] - Close of session 0x1000a9772f50038
java.io.IOException: Connection reset by peer
	at java.base/sun.nio.ch.FileDispatcherImpl.write0(Native Method)
	at java.base/sun.nio.ch.SocketDispatcher.write(SocketDispatcher.java:47)
	at java.base/sun.nio.ch.IOUtil.writeFromNativeBuffer(IOUtil.java:113)
	at java.base/sun.nio.ch.IOUtil.write(IOUtil.java:58)
	at java.base/sun.nio.ch.IOUtil.write(IOUtil.java:50)
	at java.base/sun.nio.ch.SocketChannelImpl.write(SocketChannelImpl.java:466)
	at org.apache.zookeeper.server.NIOServerCnxn.handleWrite(NIOServerCnxn.java:279)
	at org.apache.zookeeper.server.NIOServerCnxn.doIO(NIOServerCnxn.java:348)
	at org.apache.zookeeper.server.NIOServerCnxnFactory$IOWorkRequest.doWork(NIOServerCnxnFactory.java:522)
	at org.apache.zookeeper.server.WorkerService$ScheduledWorkRequest.run(WorkerService.java:154)
	at java.base/java.util.concurrent.ThreadPoolExecutor.runWorker(ThreadPoolExecutor.java:1128)
	at java.base/java.util.concurrent.ThreadPoolExecutor$Worker.run(ThreadPoolExecutor.java:628)
	at java.base/java.lang.Thread.run(Thread.java:834)
2020-11-02 17:21:04,574 [myid:1] - INFO  [SessionTracker:ZooKeeperServer@610] - Expiring session 0x1000a9772f50038, timeout of 30000ms exceeded
2020-11-02 17:21:31,740 [myid:1] - WARN  [NIOWorkerThread-7:NIOServerCnxn@373] - Close of session 0x1000a9772f50039
java.io.IOException: Connection reset by peer
	at java.base/sun.nio.ch.FileDispatcherImpl.read0(Native Method)
	at java.base/sun.nio.ch.SocketDispatcher.read(SocketDispatcher.java:39)
	at java.base/sun.nio.ch.IOUtil.readIntoNativeBuffer(IOUtil.java:276)
	at java.base/sun.nio.ch.IOUtil.read(IOUtil.java:245)
	at java.base/sun.nio.ch.IOUtil.read(IOUtil.java:223)
	at java.base/sun.nio.ch.SocketChannelImpl.read(SocketChannelImpl.java:358)
	at org.apache.zookeeper.server.NIOServerCnxn.doIO(NIOServerCnxn.java:324)
	at org.apache.zookeeper.server.NIOServerCnxnFactory$IOWorkRequest.doWork(NIOServerCnxnFactory.java:522)
	at org.apache.zookeeper.server.WorkerService$ScheduledWorkRequest.run(WorkerService.java:154)
	at java.base/java.util.concurrent.ThreadPoolExecutor.runWorker(ThreadPoolExecutor.java:1128)
	at java.base/java.util.concurrent.ThreadPoolExecutor$Worker.run(ThreadPoolExecutor.java:628)
	at java.base/java.lang.Thread.run(Thread.java:834)
2020-11-02 17:24:01,414 [myid:1] - WARN  [NIOWorkerThread-2:NIOServerCnxn@373] - Close of session 0x1000a9772f5003c
java.io.IOException: Connection reset by peer
	at java.base/sun.nio.ch.FileDispatcherImpl.write0(Native Method)
	at java.base/sun.nio.ch.SocketDispatcher.write(SocketDispatcher.java:47)
	at java.base/sun.nio.ch.IOUtil.writeFromNativeBuffer(IOUtil.java:113)
	at java.base/sun.nio.ch.IOUtil.write(IOUtil.java:58)
	at java.base/sun.nio.ch.IOUtil.write(IOUtil.java:50)
	at java.base/sun.nio.ch.SocketChannelImpl.write(SocketChannelImpl.java:466)
	at org.apache.zookeeper.server.NIOServerCnxn.handleWrite(NIOServerCnxn.java:279)
	at org.apache.zookeeper.server.NIOServerCnxn.doIO(NIOServerCnxn.java:348)
	at org.apache.zookeeper.server.NIOServerCnxnFactory$IOWorkRequest.doWork(NIOServerCnxnFactory.java:522)
	at org.apache.zookeeper.server.WorkerService$ScheduledWorkRequest.run(WorkerService.java:154)
	at java.base/java.util.concurrent.ThreadPoolExecutor.runWorker(ThreadPoolExecutor.java:1128)
	at java.base/java.util.concurrent.ThreadPoolExecutor$Worker.run(ThreadPoolExecutor.java:628)
	at java.base/java.lang.Thread.run(Thread.java:834)
2020-11-02 17:24:32,573 [myid:1] - INFO  [SessionTracker:ZooKeeperServer@610] - Expiring session 0x1000a9772f5003c, timeout of 30000ms exceeded
2020-11-02 17:24:46,102 [myid:1] - WARN  [NIOWorkerThread-1:NIOServerCnxn@373] - Close of session 0x1000a9772f5003d
java.io.IOException: Connection reset by peer
	at java.base/sun.nio.ch.FileDispatcherImpl.write0(Native Method)
	at java.base/sun.nio.ch.SocketDispatcher.write(SocketDispatcher.java:47)
	at java.base/sun.nio.ch.IOUtil.writeFromNativeBuffer(IOUtil.java:113)
	at java.base/sun.nio.ch.IOUtil.write(IOUtil.java:58)
	at java.base/sun.nio.ch.IOUtil.write(IOUtil.java:50)
	at java.base/sun.nio.ch.SocketChannelImpl.write(SocketChannelImpl.java:466)
	at org.apache.zookeeper.server.NIOServerCnxn.handleWrite(NIOServerCnxn.java:279)
	at org.apache.zookeeper.server.NIOServerCnxn.doIO(NIOServerCnxn.java:348)
	at org.apache.zookeeper.server.NIOServerCnxnFactory$IOWorkRequest.doWork(NIOServerCnxnFactory.java:522)
	at org.apache.zookeeper.server.WorkerService$ScheduledWorkRequest.run(WorkerService.java:154)
	at java.base/java.util.concurrent.ThreadPoolExecutor.runWorker(ThreadPoolExecutor.java:1128)
	at java.base/java.util.concurrent.ThreadPoolExecutor$Worker.run(ThreadPoolExecutor.java:628)
	at java.base/java.lang.Thread.run(Thread.java:834)
2020-11-02 17:25:16,573 [myid:1] - INFO  [SessionTracker:ZooKeeperServer@610] - Expiring session 0x1000a9772f5003d, timeout of 30000ms exceeded
2020-11-02 17:26:48,994 [myid:1] - WARN  [NIOWorkerThread-5:NIOServerCnxn@373] - Close of session 0x1000a9772f5003f
java.io.IOException: Connection reset by peer
	at java.base/sun.nio.ch.FileDispatcherImpl.write0(Native Method)
	at java.base/sun.nio.ch.SocketDispatcher.write(SocketDispatcher.java:47)
	at java.base/sun.nio.ch.IOUtil.writeFromNativeBuffer(IOUtil.java:113)
	at java.base/sun.nio.ch.IOUtil.write(IOUtil.java:58)
	at java.base/sun.nio.ch.IOUtil.write(IOUtil.java:50)
	at java.base/sun.nio.ch.SocketChannelImpl.write(SocketChannelImpl.java:466)
	at org.apache.zookeeper.server.NIOServerCnxn.handleWrite(NIOServerCnxn.java:279)
	at org.apache.zookeeper.server.NIOServerCnxn.doIO(NIOServerCnxn.java:348)
	at org.apache.zookeeper.server.NIOServerCnxnFactory$IOWorkRequest.doWork(NIOServerCnxnFactory.java:522)
	at org.apache.zookeeper.server.WorkerService$ScheduledWorkRequest.run(WorkerService.java:154)
	at java.base/java.util.concurrent.ThreadPoolExecutor.runWorker(ThreadPoolExecutor.java:1128)
	at java.base/java.util.concurrent.ThreadPoolExecutor$Worker.run(ThreadPoolExecutor.java:628)
	at java.base/java.lang.Thread.run(Thread.java:834)
2020-11-02 17:27:20,573 [myid:1] - INFO  [SessionTracker:ZooKeeperServer@610] - Expiring session 0x1000a9772f5003f, timeout of 30000ms exceeded
2020-11-02 17:27:51,518 [myid:1] - WARN  [NIOWorkerThread-7:NIOServerCnxn@373] - Close of session 0x1000a9772f50040
java.io.IOException: Connection reset by peer
	at java.base/sun.nio.ch.FileDispatcherImpl.read0(Native Method)
	at java.base/sun.nio.ch.SocketDispatcher.read(SocketDispatcher.java:39)
	at java.base/sun.nio.ch.IOUtil.readIntoNativeBuffer(IOUtil.java:276)
	at java.base/sun.nio.ch.IOUtil.read(IOUtil.java:245)
	at java.base/sun.nio.ch.IOUtil.read(IOUtil.java:223)
	at java.base/sun.nio.ch.SocketChannelImpl.read(SocketChannelImpl.java:358)
	at org.apache.zookeeper.server.NIOServerCnxn.doIO(NIOServerCnxn.java:324)
	at org.apache.zookeeper.server.NIOServerCnxnFactory$IOWorkRequest.doWork(NIOServerCnxnFactory.java:522)
	at org.apache.zookeeper.server.WorkerService$ScheduledWorkRequest.run(WorkerService.java:154)
	at java.base/java.util.concurrent.ThreadPoolExecutor.runWorker(ThreadPoolExecutor.java:1128)
	at java.base/java.util.concurrent.ThreadPoolExecutor$Worker.run(ThreadPoolExecutor.java:628)
	at java.base/java.lang.Thread.run(Thread.java:834)
2020-11-02 17:28:22,573 [myid:1] - INFO  [SessionTracker:ZooKeeperServer@610] - Expiring session 0x1000a9772f50040, timeout of 30000ms exceeded
2020-11-02 17:28:44,584 [myid:1] - WARN  [NIOWorkerThread-8:NIOServerCnxn@373] - Close of session 0x1000a9772f50041
java.io.IOException: Connection reset by peer
	at java.base/sun.nio.ch.FileDispatcherImpl.write0(Native Method)
	at java.base/sun.nio.ch.SocketDispatcher.write(SocketDispatcher.java:47)
	at java.base/sun.nio.ch.IOUtil.writeFromNativeBuffer(IOUtil.java:113)
	at java.base/sun.nio.ch.IOUtil.write(IOUtil.java:58)
	at java.base/sun.nio.ch.IOUtil.write(IOUtil.java:50)
	at java.base/sun.nio.ch.SocketChannelImpl.write(SocketChannelImpl.java:466)
	at org.apache.zookeeper.server.NIOServerCnxn.handleWrite(NIOServerCnxn.java:279)
	at org.apache.zookeeper.server.NIOServerCnxn.doIO(NIOServerCnxn.java:348)
	at org.apache.zookeeper.server.NIOServerCnxnFactory$IOWorkRequest.doWork(NIOServerCnxnFactory.java:522)
	at org.apache.zookeeper.server.WorkerService$ScheduledWorkRequest.run(WorkerService.java:154)
	at java.base/java.util.concurrent.ThreadPoolExecutor.runWorker(ThreadPoolExecutor.java:1128)
	at java.base/java.util.concurrent.ThreadPoolExecutor$Worker.run(ThreadPoolExecutor.java:628)
	at java.base/java.lang.Thread.run(Thread.java:834)
2020-11-02 17:29:16,573 [myid:1] - INFO  [SessionTracker:ZooKeeperServer@610] - Expiring session 0x1000a9772f50041, timeout of 30000ms exceeded
2020-11-02 17:30:37,764 [myid:1] - INFO  [SyncThread:0:FileTxnLog@284] - Creating new log file: log.80001b8c6
2020-11-02 17:30:37,764 [myid:1] - INFO  [Snapshot Thread:FileTxnSnapLog@470] - Snapshotting: 0x80001b8c3 to /home/user/data/version-2/snapshot.80001b8c3
2020-11-02 17:30:37,765 [myid:1] - INFO  [Snapshot Thread:ZooKeeperServer@529] - Snapshot taken in 1 ms
2020-11-02 17:35:54,482 [myid:1] - WARN  [NIOWorkerThread-4:NIOServerCnxn@373] - Close of session 0x1000a9772f50044
java.io.IOException: Connection reset by peer
	at java.base/sun.nio.ch.FileDispatcherImpl.write0(Native Method)
	at java.base/sun.nio.ch.SocketDispatcher.write(SocketDispatcher.java:47)
	at java.base/sun.nio.ch.IOUtil.writeFromNativeBuffer(IOUtil.java:113)
	at java.base/sun.nio.ch.IOUtil.write(IOUtil.java:58)
	at java.base/sun.nio.ch.IOUtil.write(IOUtil.java:50)
	at java.base/sun.nio.ch.SocketChannelImpl.write(SocketChannelImpl.java:466)
	at org.apache.zookeeper.server.NIOServerCnxn.handleWrite(NIOServerCnxn.java:279)
	at org.apache.zookeeper.server.NIOServerCnxn.doIO(NIOServerCnxn.java:348)
	at org.apache.zookeeper.server.NIOServerCnxnFactory$IOWorkRequest.doWork(NIOServerCnxnFactory.java:522)
	at org.apache.zookeeper.server.WorkerService$ScheduledWorkRequest.run(WorkerService.java:154)
	at java.base/java.util.concurrent.ThreadPoolExecutor.runWorker(ThreadPoolExecutor.java:1128)
	at java.base/java.util.concurrent.ThreadPoolExecutor$Worker.run(ThreadPoolExecutor.java:628)
	at java.base/java.lang.Thread.run(Thread.java:834)
2020-11-02 17:36:14,996 [myid:1] - WARN  [NIOWorkerThread-1:NIOServerCnxn@373] - Close of session 0x1000a9772f50045
java.io.IOException: Connection reset by peer
	at java.base/sun.nio.ch.FileDispatcherImpl.write0(Native Method)
	at java.base/sun.nio.ch.SocketDispatcher.write(SocketDispatcher.java:47)
	at java.base/sun.nio.ch.IOUtil.writeFromNativeBuffer(IOUtil.java:113)
	at java.base/sun.nio.ch.IOUtil.write(IOUtil.java:58)
	at java.base/sun.nio.ch.IOUtil.write(IOUtil.java:50)
	at java.base/sun.nio.ch.SocketChannelImpl.write(SocketChannelImpl.java:466)
	at org.apache.zookeeper.server.NIOServerCnxn.handleWrite(NIOServerCnxn.java:279)
	at org.apache.zookeeper.server.NIOServerCnxn.doIO(NIOServerCnxn.java:348)
	at org.apache.zookeeper.server.NIOServerCnxnFactory$IOWorkRequest.doWork(NIOServerCnxnFactory.java:522)
	at org.apache.zookeeper.server.WorkerService$ScheduledWorkRequest.run(WorkerService.java:154)
	at java.base/java.util.concurrent.ThreadPoolExecutor.runWorker(ThreadPoolExecutor.java:1128)
	at java.base/java.util.concurrent.ThreadPoolExecutor$Worker.run(ThreadPoolExecutor.java:628)
	at java.base/java.lang.Thread.run(Thread.java:834)
2020-11-02 17:36:24,573 [myid:1] - INFO  [SessionTracker:ZooKeeperServer@610] - Expiring session 0x1000a9772f50044, timeout of 30000ms exceeded
2020-11-02 17:36:46,573 [myid:1] - INFO  [SessionTracker:ZooKeeperServer@610] - Expiring session 0x1000a9772f50045, timeout of 30000ms exceeded
2020-11-02 17:36:55,029 [myid:1] - WARN  [NIOWorkerThread-8:NIOServerCnxn@373] - Close of session 0x1000a9772f50046
java.io.IOException: Connection reset by peer
	at java.base/sun.nio.ch.FileDispatcherImpl.write0(Native Method)
	at java.base/sun.nio.ch.SocketDispatcher.write(SocketDispatcher.java:47)
	at java.base/sun.nio.ch.IOUtil.writeFromNativeBuffer(IOUtil.java:113)
	at java.base/sun.nio.ch.IOUtil.write(IOUtil.java:58)
	at java.base/sun.nio.ch.IOUtil.write(IOUtil.java:50)
	at java.base/sun.nio.ch.SocketChannelImpl.write(SocketChannelImpl.java:466)
	at org.apache.zookeeper.server.NIOServerCnxn.handleWrite(NIOServerCnxn.java:279)
	at org.apache.zookeeper.server.NIOServerCnxn.doIO(NIOServerCnxn.java:348)
	at org.apache.zookeeper.server.NIOServerCnxnFactory$IOWorkRequest.doWork(NIOServerCnxnFactory.java:522)
	at org.apache.zookeeper.server.WorkerService$ScheduledWorkRequest.run(WorkerService.java:154)
	at java.base/java.util.concurrent.ThreadPoolExecutor.runWorker(ThreadPoolExecutor.java:1128)
	at java.base/java.util.concurrent.ThreadPoolExecutor$Worker.run(ThreadPoolExecutor.java:628)
	at java.base/java.lang.Thread.run(Thread.java:834)
2020-11-02 17:37:20,483 [myid:1] - INFO  [SyncThread:0:FileTxnLog@284] - Creating new log file: log.80002e06e
2020-11-02 17:37:20,483 [myid:1] - INFO  [Snapshot Thread:FileTxnSnapLog@470] - Snapshotting: 0x80002e06c to /home/user/data/version-2/snapshot.80002e06c
2020-11-02 17:37:20,484 [myid:1] - INFO  [Snapshot Thread:ZooKeeperServer@529] - Snapshot taken in 1 ms
2020-11-02 17:37:23,026 [myid:1] - WARN  [NIOWorkerThread-4:NIOServerCnxn@373] - Close of session 0x1000a9772f50047
java.io.IOException: Connection reset by peer
	at java.base/sun.nio.ch.FileDispatcherImpl.write0(Native Method)
	at java.base/sun.nio.ch.SocketDispatcher.write(SocketDispatcher.java:47)
	at java.base/sun.nio.ch.IOUtil.writeFromNativeBuffer(IOUtil.java:113)
	at java.base/sun.nio.ch.IOUtil.write(IOUtil.java:58)
	at java.base/sun.nio.ch.IOUtil.write(IOUtil.java:50)
	at java.base/sun.nio.ch.SocketChannelImpl.write(SocketChannelImpl.java:466)
	at org.apache.zookeeper.server.NIOServerCnxn.handleWrite(NIOServerCnxn.java:279)
	at org.apache.zookeeper.server.NIOServerCnxn.doIO(NIOServerCnxn.java:348)
	at org.apache.zookeeper.server.NIOServerCnxnFactory$IOWorkRequest.doWork(NIOServerCnxnFactory.java:522)
	at org.apache.zookeeper.server.WorkerService$ScheduledWorkRequest.run(WorkerService.java:154)
	at java.base/java.util.concurrent.ThreadPoolExecutor.runWorker(ThreadPoolExecutor.java:1128)
	at java.base/java.util.concurrent.ThreadPoolExecutor$Worker.run(ThreadPoolExecutor.java:628)
	at java.base/java.lang.Thread.run(Thread.java:834)
2020-11-02 17:37:26,574 [myid:1] - INFO  [SessionTracker:ZooKeeperServer@610] - Expiring session 0x1000a9772f50046, timeout of 30000ms exceeded
2020-11-02 17:37:54,572 [myid:1] - INFO  [SessionTracker:ZooKeeperServer@610] - Expiring session 0x1000a9772f50047, timeout of 30000ms exceeded
2020-11-02 17:39:37,158 [myid:1] - WARN  [NIOWorkerThread-1:NIOServerCnxn@373] - Close of session 0x1000a9772f50048
java.io.IOException: Connection reset by peer
	at java.base/sun.nio.ch.FileDispatcherImpl.write0(Native Method)
	at java.base/sun.nio.ch.SocketDispatcher.write(SocketDispatcher.java:47)
	at java.base/sun.nio.ch.IOUtil.writeFromNativeBuffer(IOUtil.java:113)
	at java.base/sun.nio.ch.IOUtil.write(IOUtil.java:58)
	at java.base/sun.nio.ch.IOUtil.write(IOUtil.java:50)
	at java.base/sun.nio.ch.SocketChannelImpl.write(SocketChannelImpl.java:466)
	at org.apache.zookeeper.server.NIOServerCnxn.handleWrite(NIOServerCnxn.java:279)
	at org.apache.zookeeper.server.NIOServerCnxn.doIO(NIOServerCnxn.java:348)
	at org.apache.zookeeper.server.NIOServerCnxnFactory$IOWorkRequest.doWork(NIOServerCnxnFactory.java:522)
	at org.apache.zookeeper.server.WorkerService$ScheduledWorkRequest.run(WorkerService.java:154)
	at java.base/java.util.concurrent.ThreadPoolExecutor.runWorker(ThreadPoolExecutor.java:1128)
	at java.base/java.util.concurrent.ThreadPoolExecutor$Worker.run(ThreadPoolExecutor.java:628)
	at java.base/java.lang.Thread.run(Thread.java:834)
2020-11-02 17:40:08,574 [myid:1] - INFO  [SessionTracker:ZooKeeperServer@610] - Expiring session 0x1000a9772f50048, timeout of 30000ms exceeded
2020-11-02 17:41:03,658 [myid:1] - WARN  [NIOWorkerThread-8:NIOServerCnxn@373] - Close of session 0x1000a9772f50049
java.io.IOException: Connection reset by peer
	at java.base/sun.nio.ch.FileDispatcherImpl.write0(Native Method)
	at java.base/sun.nio.ch.SocketDispatcher.write(SocketDispatcher.java:47)
	at java.base/sun.nio.ch.IOUtil.writeFromNativeBuffer(IOUtil.java:113)
	at java.base/sun.nio.ch.IOUtil.write(IOUtil.java:58)
	at java.base/sun.nio.ch.IOUtil.write(IOUtil.java:50)
	at java.base/sun.nio.ch.SocketChannelImpl.write(SocketChannelImpl.java:466)
	at org.apache.zookeeper.server.NIOServerCnxn.handleWrite(NIOServerCnxn.java:279)
	at org.apache.zookeeper.server.NIOServerCnxn.doIO(NIOServerCnxn.java:348)
	at org.apache.zookeeper.server.NIOServerCnxnFactory$IOWorkRequest.doWork(NIOServerCnxnFactory.java:522)
	at org.apache.zookeeper.server.WorkerService$ScheduledWorkRequest.run(WorkerService.java:154)
	at java.base/java.util.concurrent.ThreadPoolExecutor.runWorker(ThreadPoolExecutor.java:1128)
	at java.base/java.util.concurrent.ThreadPoolExecutor$Worker.run(ThreadPoolExecutor.java:628)
	at java.base/java.lang.Thread.run(Thread.java:834)
2020-11-02 17:41:34,573 [myid:1] - INFO  [SessionTracker:ZooKeeperServer@610] - Expiring session 0x1000a9772f50049, timeout of 30000ms exceeded
2020-11-02 17:41:41,208 [myid:1] - WARN  [NIOWorkerThread-5:NIOServerCnxn@373] - Close of session 0x1000a9772f5004a
java.io.IOException: Connection reset by peer
	at java.base/sun.nio.ch.FileDispatcherImpl.write0(Native Method)
	at java.base/sun.nio.ch.SocketDispatcher.write(SocketDispatcher.java:47)
	at java.base/sun.nio.ch.IOUtil.writeFromNativeBuffer(IOUtil.java:113)
	at java.base/sun.nio.ch.IOUtil.write(IOUtil.java:58)
	at java.base/sun.nio.ch.IOUtil.write(IOUtil.java:50)
	at java.base/sun.nio.ch.SocketChannelImpl.write(SocketChannelImpl.java:466)
	at org.apache.zookeeper.server.NIOServerCnxn.handleWrite(NIOServerCnxn.java:279)
	at org.apache.zookeeper.server.NIOServerCnxn.doIO(NIOServerCnxn.java:348)
	at org.apache.zookeeper.server.NIOServerCnxnFactory$IOWorkRequest.doWork(NIOServerCnxnFactory.java:522)
	at org.apache.zookeeper.server.WorkerService$ScheduledWorkRequest.run(WorkerService.java:154)
	at java.base/java.util.concurrent.ThreadPoolExecutor.runWorker(ThreadPoolExecutor.java:1128)
	at java.base/java.util.concurrent.ThreadPoolExecutor$Worker.run(ThreadPoolExecutor.java:628)
	at java.base/java.lang.Thread.run(Thread.java:834)
2020-11-02 17:42:12,573 [myid:1] - INFO  [SessionTracker:ZooKeeperServer@610] - Expiring session 0x1000a9772f5004a, timeout of 30000ms exceeded
2020-11-02 17:42:51,358 [myid:1] - WARN  [NIOWorkerThread-7:NIOServerCnxn@364] - Unexpected exception
EndOfStreamException: Unable to read additional data from client, it probably closed the socket: address = /192.168.6.135:34656, session = 0x1000a9772f5004c
	at org.apache.zookeeper.server.NIOServerCnxn.handleFailedRead(NIOServerCnxn.java:163)
	at org.apache.zookeeper.server.NIOServerCnxn.doIO(NIOServerCnxn.java:326)
	at org.apache.zookeeper.server.NIOServerCnxnFactory$IOWorkRequest.doWork(NIOServerCnxnFactory.java:522)
	at org.apache.zookeeper.server.WorkerService$ScheduledWorkRequest.run(WorkerService.java:154)
	at java.base/java.util.concurrent.ThreadPoolExecutor.runWorker(ThreadPoolExecutor.java:1128)
	at java.base/java.util.concurrent.ThreadPoolExecutor$Worker.run(ThreadPoolExecutor.java:628)
	at java.base/java.lang.Thread.run(Thread.java:834)
2020-11-02 17:43:22,574 [myid:1] - INFO  [SessionTracker:ZooKeeperServer@610] - Expiring session 0x1000a9772f5004c, timeout of 30000ms exceeded
2020-11-02 17:44:03,464 [myid:1] - WARN  [NIOWorkerThread-3:NIOServerCnxn@364] - Unexpected exception
EndOfStreamException: Unable to read additional data from client, it probably closed the socket: address = /127.0.0.1:41500, session = 0x1000a9772f5004d
	at org.apache.zookeeper.server.NIOServerCnxn.handleFailedRead(NIOServerCnxn.java:163)
	at org.apache.zookeeper.server.NIOServerCnxn.doIO(NIOServerCnxn.java:326)
	at org.apache.zookeeper.server.NIOServerCnxnFactory$IOWorkRequest.doWork(NIOServerCnxnFactory.java:522)
	at org.apache.zookeeper.server.WorkerService$ScheduledWorkRequest.run(WorkerService.java:154)
	at java.base/java.util.concurrent.ThreadPoolExecutor.runWorker(ThreadPoolExecutor.java:1128)
	at java.base/java.util.concurrent.ThreadPoolExecutor$Worker.run(ThreadPoolExecutor.java:628)
	at java.base/java.lang.Thread.run(Thread.java:834)
2020-11-02 17:45:58,611 [myid:1] - WARN  [NIOWorkerThread-1:NIOServerCnxn@364] - Unexpected exception
EndOfStreamException: Unable to read additional data from client, it probably closed the socket: address = /192.168.6.135:34686, session = 0x1000a9772f5004f
	at org.apache.zookeeper.server.NIOServerCnxn.handleFailedRead(NIOServerCnxn.java:163)
	at org.apache.zookeeper.server.NIOServerCnxn.doIO(NIOServerCnxn.java:326)
	at org.apache.zookeeper.server.NIOServerCnxnFactory$IOWorkRequest.doWork(NIOServerCnxnFactory.java:522)
	at org.apache.zookeeper.server.WorkerService$ScheduledWorkRequest.run(WorkerService.java:154)
	at java.base/java.util.concurrent.ThreadPoolExecutor.runWorker(ThreadPoolExecutor.java:1128)
	at java.base/java.util.concurrent.ThreadPoolExecutor$Worker.run(ThreadPoolExecutor.java:628)
	at java.base/java.lang.Thread.run(Thread.java:834)
2020-11-02 17:46:30,573 [myid:1] - INFO  [SessionTracker:ZooKeeperServer@610] - Expiring session 0x1000a9772f5004f, timeout of 30000ms exceeded
2020-11-02 17:46:51,456 [myid:1] - WARN  [NIOWorkerThread-8:NIOServerCnxn@364] - Unexpected exception
EndOfStreamException: Unable to read additional data from client, it probably closed the socket: address = /192.168.6.135:34694, session = 0x1000a9772f50050
	at org.apache.zookeeper.server.NIOServerCnxn.handleFailedRead(NIOServerCnxn.java:163)
	at org.apache.zookeeper.server.NIOServerCnxn.doIO(NIOServerCnxn.java:326)
	at org.apache.zookeeper.server.NIOServerCnxnFactory$IOWorkRequest.doWork(NIOServerCnxnFactory.java:522)
	at org.apache.zookeeper.server.WorkerService$ScheduledWorkRequest.run(WorkerService.java:154)
	at java.base/java.util.concurrent.ThreadPoolExecutor.runWorker(ThreadPoolExecutor.java:1128)
	at java.base/java.util.concurrent.ThreadPoolExecutor$Worker.run(ThreadPoolExecutor.java:628)
	at java.base/java.lang.Thread.run(Thread.java:834)
2020-11-02 17:47:22,574 [myid:1] - INFO  [SessionTracker:ZooKeeperServer@610] - Expiring session 0x1000a9772f50050, timeout of 30000ms exceeded
2020-11-02 17:48:13,246 [myid:1] - WARN  [NIOWorkerThread-5:NIOServerCnxn@364] - Unexpected exception
EndOfStreamException: Unable to read additional data from client, it probably closed the socket: address = /192.168.6.135:34702, session = 0x1000a9772f50052
	at org.apache.zookeeper.server.NIOServerCnxn.handleFailedRead(NIOServerCnxn.java:163)
	at org.apache.zookeeper.server.NIOServerCnxn.doIO(NIOServerCnxn.java:326)
	at org.apache.zookeeper.server.NIOServerCnxnFactory$IOWorkRequest.doWork(NIOServerCnxnFactory.java:522)
	at org.apache.zookeeper.server.WorkerService$ScheduledWorkRequest.run(WorkerService.java:154)
	at java.base/java.util.concurrent.ThreadPoolExecutor.runWorker(ThreadPoolExecutor.java:1128)
	at java.base/java.util.concurrent.ThreadPoolExecutor$Worker.run(ThreadPoolExecutor.java:628)
	at java.base/java.lang.Thread.run(Thread.java:834)
2020-11-02 17:48:25,623 [myid:1] - WARN  [NIOWorkerThread-4:NIOServerCnxn@364] - Unexpected exception
EndOfStreamException: Unable to read additional data from client, it probably closed the socket: address = /192.168.6.135:34704, session = 0x1000a9772f50053
	at org.apache.zookeeper.server.NIOServerCnxn.handleFailedRead(NIOServerCnxn.java:163)
	at org.apache.zookeeper.server.NIOServerCnxn.doIO(NIOServerCnxn.java:326)
	at org.apache.zookeeper.server.NIOServerCnxnFactory$IOWorkRequest.doWork(NIOServerCnxnFactory.java:522)
	at org.apache.zookeeper.server.WorkerService$ScheduledWorkRequest.run(WorkerService.java:154)
	at java.base/java.util.concurrent.ThreadPoolExecutor.runWorker(ThreadPoolExecutor.java:1128)
	at java.base/java.util.concurrent.ThreadPoolExecutor$Worker.run(ThreadPoolExecutor.java:628)
	at java.base/java.lang.Thread.run(Thread.java:834)
2020-11-02 17:48:44,573 [myid:1] - INFO  [SessionTracker:ZooKeeperServer@610] - Expiring session 0x1000a9772f50052, timeout of 30000ms exceeded
2020-11-02 17:48:56,573 [myid:1] - INFO  [SessionTracker:ZooKeeperServer@610] - Expiring session 0x1000a9772f50053, timeout of 30000ms exceeded
2020-11-02 17:49:46,591 [myid:1] - WARN  [NIOWorkerThread-5:NIOServerCnxn@364] - Unexpected exception
EndOfStreamException: Unable to read additional data from client, it probably closed the socket: address = /192.168.6.135:34722, session = 0x1000a9772f50055
	at org.apache.zookeeper.server.NIOServerCnxn.handleFailedRead(NIOServerCnxn.java:163)
	at org.apache.zookeeper.server.NIOServerCnxn.doIO(NIOServerCnxn.java:326)
	at org.apache.zookeeper.server.NIOServerCnxnFactory$IOWorkRequest.doWork(NIOServerCnxnFactory.java:522)
	at org.apache.zookeeper.server.WorkerService$ScheduledWorkRequest.run(WorkerService.java:154)
	at java.base/java.util.concurrent.ThreadPoolExecutor.runWorker(ThreadPoolExecutor.java:1128)
	at java.base/java.util.concurrent.ThreadPoolExecutor$Worker.run(ThreadPoolExecutor.java:628)
	at java.base/java.lang.Thread.run(Thread.java:834)
2020-11-02 17:50:18,573 [myid:1] - INFO  [SessionTracker:ZooKeeperServer@610] - Expiring session 0x1000a9772f50055, timeout of 30000ms exceeded
2020-11-02 17:51:35,572 [myid:1] - WARN  [NIOWorkerThread-4:NIOServerCnxn@364] - Unexpected exception
EndOfStreamException: Unable to read additional data from client, it probably closed the socket: address = /192.168.6.135:34736, session = 0x1000a9772f50056
	at org.apache.zookeeper.server.NIOServerCnxn.handleFailedRead(NIOServerCnxn.java:163)
	at org.apache.zookeeper.server.NIOServerCnxn.doIO(NIOServerCnxn.java:326)
	at org.apache.zookeeper.server.NIOServerCnxnFactory$IOWorkRequest.doWork(NIOServerCnxnFactory.java:522)
	at org.apache.zookeeper.server.WorkerService$ScheduledWorkRequest.run(WorkerService.java:154)
	at java.base/java.util.concurrent.ThreadPoolExecutor.runWorker(ThreadPoolExecutor.java:1128)
	at java.base/java.util.concurrent.ThreadPoolExecutor$Worker.run(ThreadPoolExecutor.java:628)
	at java.base/java.lang.Thread.run(Thread.java:834)
2020-11-02 17:51:56,573 [myid:1] - INFO  [SessionTracker:ZooKeeperServer@610] - Expiring session 0x1000a9772f50056, timeout of 30000ms exceeded
2020-11-02 17:53:10,730 [myid:1] - WARN  [NIOWorkerThread-6:NIOServerCnxn@364] - Unexpected exception
EndOfStreamException: Unable to read additional data from client, it probably closed the socket: address = /192.168.6.135:34750, session = 0x1000a9772f50057
	at org.apache.zookeeper.server.NIOServerCnxn.handleFailedRead(NIOServerCnxn.java:163)
	at org.apache.zookeeper.server.NIOServerCnxn.doIO(NIOServerCnxn.java:326)
	at org.apache.zookeeper.server.NIOServerCnxnFactory$IOWorkRequest.doWork(NIOServerCnxnFactory.java:522)
	at org.apache.zookeeper.server.WorkerService$ScheduledWorkRequest.run(WorkerService.java:154)
	at java.base/java.util.concurrent.ThreadPoolExecutor.runWorker(ThreadPoolExecutor.java:1128)
	at java.base/java.util.concurrent.ThreadPoolExecutor$Worker.run(ThreadPoolExecutor.java:628)
	at java.base/java.lang.Thread.run(Thread.java:834)
2020-11-02 17:53:16,004 [myid:1] - WARN  [NIOWorkerThread-2:NIOServerCnxn@364] - Unexpected exception
EndOfStreamException: Unable to read additional data from client, it probably closed the socket: address = /192.168.6.135:34752, session = 0x1000a9772f50058
	at org.apache.zookeeper.server.NIOServerCnxn.handleFailedRead(NIOServerCnxn.java:163)
	at org.apache.zookeeper.server.NIOServerCnxn.doIO(NIOServerCnxn.java:326)
	at org.apache.zookeeper.server.NIOServerCnxnFactory$IOWorkRequest.doWork(NIOServerCnxnFactory.java:522)
	at org.apache.zookeeper.server.WorkerService$ScheduledWorkRequest.run(WorkerService.java:154)
	at java.base/java.util.concurrent.ThreadPoolExecutor.runWorker(ThreadPoolExecutor.java:1128)
	at java.base/java.util.concurrent.ThreadPoolExecutor$Worker.run(ThreadPoolExecutor.java:628)
	at java.base/java.lang.Thread.run(Thread.java:834)
2020-11-02 17:53:32,573 [myid:1] - INFO  [SessionTracker:ZooKeeperServer@610] - Expiring session 0x1000a9772f50057, timeout of 30000ms exceeded
2020-11-02 17:53:46,572 [myid:1] - INFO  [SessionTracker:ZooKeeperServer@610] - Expiring session 0x1000a9772f50058, timeout of 30000ms exceeded
2020-11-02 17:54:36,079 [myid:1] - WARN  [NIOWorkerThread-3:NIOServerCnxn@364] - Unexpected exception
EndOfStreamException: Unable to read additional data from client, it probably closed the socket: address = /192.168.6.135:34770, session = 0x1000a9772f50059
	at org.apache.zookeeper.server.NIOServerCnxn.handleFailedRead(NIOServerCnxn.java:163)
	at org.apache.zookeeper.server.NIOServerCnxn.doIO(NIOServerCnxn.java:326)
	at org.apache.zookeeper.server.NIOServerCnxnFactory$IOWorkRequest.doWork(NIOServerCnxnFactory.java:522)
	at org.apache.zookeeper.server.WorkerService$ScheduledWorkRequest.run(WorkerService.java:154)
	at java.base/java.util.concurrent.ThreadPoolExecutor.runWorker(ThreadPoolExecutor.java:1128)
	at java.base/java.util.concurrent.ThreadPoolExecutor$Worker.run(ThreadPoolExecutor.java:628)
	at java.base/java.lang.Thread.run(Thread.java:834)
2020-11-02 17:55:06,574 [myid:1] - INFO  [SessionTracker:ZooKeeperServer@610] - Expiring session 0x1000a9772f50059, timeout of 30000ms exceeded
2020-11-02 17:56:22,649 [myid:1] - WARN  [NIOWorkerThread-7:NIOServerCnxn@364] - Unexpected exception
EndOfStreamException: Unable to read additional data from client, it probably closed the socket: address = /192.168.6.135:34782, session = 0x1000a9772f5005b
	at org.apache.zookeeper.server.NIOServerCnxn.handleFailedRead(NIOServerCnxn.java:163)
	at org.apache.zookeeper.server.NIOServerCnxn.doIO(NIOServerCnxn.java:326)
	at org.apache.zookeeper.server.NIOServerCnxnFactory$IOWorkRequest.doWork(NIOServerCnxnFactory.java:522)
	at org.apache.zookeeper.server.WorkerService$ScheduledWorkRequest.run(WorkerService.java:154)
	at java.base/java.util.concurrent.ThreadPoolExecutor.runWorker(ThreadPoolExecutor.java:1128)
	at java.base/java.util.concurrent.ThreadPoolExecutor$Worker.run(ThreadPoolExecutor.java:628)
	at java.base/java.lang.Thread.run(Thread.java:834)
2020-11-02 17:56:48,976 [myid:1] - WARN  [NIOWorkerThread-1:NIOServerCnxn@364] - Unexpected exception
EndOfStreamException: Unable to read additional data from client, it probably closed the socket: address = /192.168.6.135:34790, session = 0x1000a9772f5005c
	at org.apache.zookeeper.server.NIOServerCnxn.handleFailedRead(NIOServerCnxn.java:163)
	at org.apache.zookeeper.server.NIOServerCnxn.doIO(NIOServerCnxn.java:326)
	at org.apache.zookeeper.server.NIOServerCnxnFactory$IOWorkRequest.doWork(NIOServerCnxnFactory.java:522)
	at org.apache.zookeeper.server.WorkerService$ScheduledWorkRequest.run(WorkerService.java:154)
	at java.base/java.util.concurrent.ThreadPoolExecutor.runWorker(ThreadPoolExecutor.java:1128)
	at java.base/java.util.concurrent.ThreadPoolExecutor$Worker.run(ThreadPoolExecutor.java:628)
	at java.base/java.lang.Thread.run(Thread.java:834)
2020-11-02 17:56:54,574 [myid:1] - INFO  [SessionTracker:ZooKeeperServer@610] - Expiring session 0x1000a9772f5005b, timeout of 30000ms exceeded
2020-11-02 17:57:20,573 [myid:1] - INFO  [SessionTracker:ZooKeeperServer@610] - Expiring session 0x1000a9772f5005c, timeout of 30000ms exceeded
2020-11-02 17:57:44,272 [myid:1] - WARN  [NIOWorkerThread-2:NIOServerCnxn@364] - Unexpected exception
EndOfStreamException: Unable to read additional data from client, it probably closed the socket: address = /192.168.6.135:34796, session = 0x1000a9772f5005d
	at org.apache.zookeeper.server.NIOServerCnxn.handleFailedRead(NIOServerCnxn.java:163)
	at org.apache.zookeeper.server.NIOServerCnxn.doIO(NIOServerCnxn.java:326)
	at org.apache.zookeeper.server.NIOServerCnxnFactory$IOWorkRequest.doWork(NIOServerCnxnFactory.java:522)
	at org.apache.zookeeper.server.WorkerService$ScheduledWorkRequest.run(WorkerService.java:154)
	at java.base/java.util.concurrent.ThreadPoolExecutor.runWorker(ThreadPoolExecutor.java:1128)
	at java.base/java.util.concurrent.ThreadPoolExecutor$Worker.run(ThreadPoolExecutor.java:628)
	at java.base/java.lang.Thread.run(Thread.java:834)
2020-11-02 17:58:14,573 [myid:1] - INFO  [SessionTracker:ZooKeeperServer@610] - Expiring session 0x1000a9772f5005d, timeout of 30000ms exceeded
2020-11-02 17:58:22,698 [myid:1] - WARN  [NIOWorkerThread-5:NIOServerCnxn@364] - Unexpected exception
EndOfStreamException: Unable to read additional data from client, it probably closed the socket: address = /192.168.6.135:34798, session = 0x1000a9772f5005e
	at org.apache.zookeeper.server.NIOServerCnxn.handleFailedRead(NIOServerCnxn.java:163)
	at org.apache.zookeeper.server.NIOServerCnxn.doIO(NIOServerCnxn.java:326)
	at org.apache.zookeeper.server.NIOServerCnxnFactory$IOWorkRequest.doWork(NIOServerCnxnFactory.java:522)
	at org.apache.zookeeper.server.WorkerService$ScheduledWorkRequest.run(WorkerService.java:154)
	at java.base/java.util.concurrent.ThreadPoolExecutor.runWorker(ThreadPoolExecutor.java:1128)
	at java.base/java.util.concurrent.ThreadPoolExecutor$Worker.run(ThreadPoolExecutor.java:628)
	at java.base/java.lang.Thread.run(Thread.java:834)
2020-11-02 17:58:31,670 [myid:1] - WARN  [NIOWorkerThread-7:NIOServerCnxn@364] - Unexpected exception
EndOfStreamException: Unable to read additional data from client, it probably closed the socket: address = /192.168.6.135:34804, session = 0x1000a9772f5005f
	at org.apache.zookeeper.server.NIOServerCnxn.handleFailedRead(NIOServerCnxn.java:163)
	at org.apache.zookeeper.server.NIOServerCnxn.doIO(NIOServerCnxn.java:326)
	at org.apache.zookeeper.server.NIOServerCnxnFactory$IOWorkRequest.doWork(NIOServerCnxnFactory.java:522)
	at org.apache.zookeeper.server.WorkerService$ScheduledWorkRequest.run(WorkerService.java:154)
	at java.base/java.util.concurrent.ThreadPoolExecutor.runWorker(ThreadPoolExecutor.java:1128)
	at java.base/java.util.concurrent.ThreadPoolExecutor$Worker.run(ThreadPoolExecutor.java:628)
	at java.base/java.lang.Thread.run(Thread.java:834)
2020-11-02 17:58:40,573 [myid:1] - INFO  [SessionTracker:ZooKeeperServer@610] - Expiring session 0x1000a9772f5005e, timeout of 30000ms exceeded
2020-11-02 17:59:02,573 [myid:1] - INFO  [SessionTracker:ZooKeeperServer@610] - Expiring session 0x1000a9772f5005f, timeout of 30000ms exceeded
2020-11-02 18:01:02,693 [myid:1] - WARN  [NIOWorkerThread-4:NIOServerCnxn@373] - Close of session 0x1000a9772f50060
java.io.IOException: Connection reset by peer
	at java.base/sun.nio.ch.FileDispatcherImpl.read0(Native Method)
	at java.base/sun.nio.ch.SocketDispatcher.read(SocketDispatcher.java:39)
	at java.base/sun.nio.ch.IOUtil.readIntoNativeBuffer(IOUtil.java:276)
	at java.base/sun.nio.ch.IOUtil.read(IOUtil.java:245)
	at java.base/sun.nio.ch.IOUtil.read(IOUtil.java:223)
	at java.base/sun.nio.ch.SocketChannelImpl.read(SocketChannelImpl.java:358)
	at org.apache.zookeeper.server.NIOServerCnxn.doIO(NIOServerCnxn.java:324)
	at org.apache.zookeeper.server.NIOServerCnxnFactory$IOWorkRequest.doWork(NIOServerCnxnFactory.java:522)
	at org.apache.zookeeper.server.WorkerService$ScheduledWorkRequest.run(WorkerService.java:154)
	at java.base/java.util.concurrent.ThreadPoolExecutor.runWorker(ThreadPoolExecutor.java:1128)
	at java.base/java.util.concurrent.ThreadPoolExecutor$Worker.run(ThreadPoolExecutor.java:628)
	at java.base/java.lang.Thread.run(Thread.java:834)
2020-11-02 18:01:34,573 [myid:1] - INFO  [SessionTracker:ZooKeeperServer@610] - Expiring session 0x1000a9772f50060, timeout of 30000ms exceeded
2020-11-02 18:01:50,588 [myid:1] - WARN  [NIOWorkerThread-1:NIOServerCnxn@364] - Unexpected exception
EndOfStreamException: Unable to read additional data from client, it probably closed the socket: address = /192.168.6.135:34846, session = 0x1000a9772f50061
	at org.apache.zookeeper.server.NIOServerCnxn.handleFailedRead(NIOServerCnxn.java:163)
	at org.apache.zookeeper.server.NIOServerCnxn.doIO(NIOServerCnxn.java:326)
	at org.apache.zookeeper.server.NIOServerCnxnFactory$IOWorkRequest.doWork(NIOServerCnxnFactory.java:522)
	at org.apache.zookeeper.server.WorkerService$ScheduledWorkRequest.run(WorkerService.java:154)
	at java.base/java.util.concurrent.ThreadPoolExecutor.runWorker(ThreadPoolExecutor.java:1128)
	at java.base/java.util.concurrent.ThreadPoolExecutor$Worker.run(ThreadPoolExecutor.java:628)
	at java.base/java.lang.Thread.run(Thread.java:834)
2020-11-02 18:02:00,523 [myid:1] - WARN  [NIOWorkerThread-2:NIOServerCnxn@364] - Unexpected exception
EndOfStreamException: Unable to read additional data from client, it probably closed the socket: address = /192.168.6.135:34852, session = 0x1000a9772f50062
	at org.apache.zookeeper.server.NIOServerCnxn.handleFailedRead(NIOServerCnxn.java:163)
	at org.apache.zookeeper.server.NIOServerCnxn.doIO(NIOServerCnxn.java:326)
	at org.apache.zookeeper.server.NIOServerCnxnFactory$IOWorkRequest.doWork(NIOServerCnxnFactory.java:522)
	at org.apache.zookeeper.server.WorkerService$ScheduledWorkRequest.run(WorkerService.java:154)
	at java.base/java.util.concurrent.ThreadPoolExecutor.runWorker(ThreadPoolExecutor.java:1128)
	at java.base/java.util.concurrent.ThreadPoolExecutor$Worker.run(ThreadPoolExecutor.java:628)
	at java.base/java.lang.Thread.run(Thread.java:834)
2020-11-02 18:02:13,499 [myid:1] - WARN  [NIOWorkerThread-5:NIOServerCnxn@364] - Unexpected exception
EndOfStreamException: Unable to read additional data from client, it probably closed the socket: address = /192.168.6.135:34854, session = 0x1000a9772f50063
	at org.apache.zookeeper.server.NIOServerCnxn.handleFailedRead(NIOServerCnxn.java:163)
	at org.apache.zookeeper.server.NIOServerCnxn.doIO(NIOServerCnxn.java:326)
	at org.apache.zookeeper.server.NIOServerCnxnFactory$IOWorkRequest.doWork(NIOServerCnxnFactory.java:522)
	at org.apache.zookeeper.server.WorkerService$ScheduledWorkRequest.run(WorkerService.java:154)
	at java.base/java.util.concurrent.ThreadPoolExecutor.runWorker(ThreadPoolExecutor.java:1128)
	at java.base/java.util.concurrent.ThreadPoolExecutor$Worker.run(ThreadPoolExecutor.java:628)
	at java.base/java.lang.Thread.run(Thread.java:834)
2020-11-02 18:02:22,573 [myid:1] - INFO  [SessionTracker:ZooKeeperServer@610] - Expiring session 0x1000a9772f50061, timeout of 30000ms exceeded
2020-11-02 18:02:27,228 [myid:1] - WARN  [NIOWorkerThread-2:NIOServerCnxn@364] - Unexpected exception
EndOfStreamException: Unable to read additional data from client, it probably closed the socket: address = /192.168.6.135:34860, session = 0x1000a9772f50064
	at org.apache.zookeeper.server.NIOServerCnxn.handleFailedRead(NIOServerCnxn.java:163)
	at org.apache.zookeeper.server.NIOServerCnxn.doIO(NIOServerCnxn.java:326)
	at org.apache.zookeeper.server.NIOServerCnxnFactory$IOWorkRequest.doWork(NIOServerCnxnFactory.java:522)
	at org.apache.zookeeper.server.WorkerService$ScheduledWorkRequest.run(WorkerService.java:154)
	at java.base/java.util.concurrent.ThreadPoolExecutor.runWorker(ThreadPoolExecutor.java:1128)
	at java.base/java.util.concurrent.ThreadPoolExecutor$Worker.run(ThreadPoolExecutor.java:628)
	at java.base/java.lang.Thread.run(Thread.java:834)
2020-11-02 18:02:30,572 [myid:1] - INFO  [SessionTracker:ZooKeeperServer@610] - Expiring session 0x1000a9772f50062, timeout of 30000ms exceeded
2020-11-02 18:02:44,573 [myid:1] - INFO  [SessionTracker:ZooKeeperServer@610] - Expiring session 0x1000a9772f50063, timeout of 30000ms exceeded
2020-11-02 18:02:58,573 [myid:1] - INFO  [SessionTracker:ZooKeeperServer@610] - Expiring session 0x1000a9772f50064, timeout of 30000ms exceeded
2020-11-02 18:06:49,866 [myid:1] - WARN  [NIOWorkerThread-3:NIOServerCnxn@364] - Unexpected exception
EndOfStreamException: Unable to read additional data from client, it probably closed the socket: address = /192.168.6.135:34896, session = 0x1000a9772f50065
	at org.apache.zookeeper.server.NIOServerCnxn.handleFailedRead(NIOServerCnxn.java:163)
	at org.apache.zookeeper.server.NIOServerCnxn.doIO(NIOServerCnxn.java:326)
	at org.apache.zookeeper.server.NIOServerCnxnFactory$IOWorkRequest.doWork(NIOServerCnxnFactory.java:522)
	at org.apache.zookeeper.server.WorkerService$ScheduledWorkRequest.run(WorkerService.java:154)
	at java.base/java.util.concurrent.ThreadPoolExecutor.runWorker(ThreadPoolExecutor.java:1128)
	at java.base/java.util.concurrent.ThreadPoolExecutor$Worker.run(ThreadPoolExecutor.java:628)
	at java.base/java.lang.Thread.run(Thread.java:834)
2020-11-02 18:07:16,573 [myid:1] - INFO  [SessionTracker:ZooKeeperServer@610] - Expiring session 0x1000a9772f50065, timeout of 30000ms exceeded
2020-11-02 18:08:04,632 [myid:1] - WARN  [NIOWorkerThread-8:NIOServerCnxn@364] - Unexpected exception
EndOfStreamException: Unable to read additional data from client, it probably closed the socket: address = /192.168.6.135:34906, session = 0x1000a9772f50066
	at org.apache.zookeeper.server.NIOServerCnxn.handleFailedRead(NIOServerCnxn.java:163)
	at org.apache.zookeeper.server.NIOServerCnxn.doIO(NIOServerCnxn.java:326)
	at org.apache.zookeeper.server.NIOServerCnxnFactory$IOWorkRequest.doWork(NIOServerCnxnFactory.java:522)
	at org.apache.zookeeper.server.WorkerService$ScheduledWorkRequest.run(WorkerService.java:154)
	at java.base/java.util.concurrent.ThreadPoolExecutor.runWorker(ThreadPoolExecutor.java:1128)
	at java.base/java.util.concurrent.ThreadPoolExecutor$Worker.run(ThreadPoolExecutor.java:628)
	at java.base/java.lang.Thread.run(Thread.java:834)
2020-11-02 18:08:30,573 [myid:1] - INFO  [SessionTracker:ZooKeeperServer@610] - Expiring session 0x1000a9772f50066, timeout of 30000ms exceeded
2020-11-02 18:08:56,664 [myid:1] - WARN  [NIOWorkerThread-6:NIOServerCnxn@364] - Unexpected exception
EndOfStreamException: Unable to read additional data from client, it probably closed the socket: address = /192.168.6.135:34914, session = 0x1000a9772f50067
	at org.apache.zookeeper.server.NIOServerCnxn.handleFailedRead(NIOServerCnxn.java:163)
	at org.apache.zookeeper.server.NIOServerCnxn.doIO(NIOServerCnxn.java:326)
	at org.apache.zookeeper.server.NIOServerCnxnFactory$IOWorkRequest.doWork(NIOServerCnxnFactory.java:522)
	at org.apache.zookeeper.server.WorkerService$ScheduledWorkRequest.run(WorkerService.java:154)
	at java.base/java.util.concurrent.ThreadPoolExecutor.runWorker(ThreadPoolExecutor.java:1128)
	at java.base/java.util.concurrent.ThreadPoolExecutor$Worker.run(ThreadPoolExecutor.java:628)
	at java.base/java.lang.Thread.run(Thread.java:834)
2020-11-02 18:09:20,572 [myid:1] - INFO  [SessionTracker:ZooKeeperServer@610] - Expiring session 0x1000a9772f50067, timeout of 30000ms exceeded
2020-11-02 18:09:33,223 [myid:1] - WARN  [NIOWorkerThread-7:NIOServerCnxn@364] - Unexpected exception
EndOfStreamException: Unable to read additional data from client, it probably closed the socket: address = /192.168.6.135:34922, session = 0x1000a9772f50068
	at org.apache.zookeeper.server.NIOServerCnxn.handleFailedRead(NIOServerCnxn.java:163)
	at org.apache.zookeeper.server.NIOServerCnxn.doIO(NIOServerCnxn.java:326)
	at org.apache.zookeeper.server.NIOServerCnxnFactory$IOWorkRequest.doWork(NIOServerCnxnFactory.java:522)
	at org.apache.zookeeper.server.WorkerService$ScheduledWorkRequest.run(WorkerService.java:154)
	at java.base/java.util.concurrent.ThreadPoolExecutor.runWorker(ThreadPoolExecutor.java:1128)
	at java.base/java.util.concurrent.ThreadPoolExecutor$Worker.run(ThreadPoolExecutor.java:628)
	at java.base/java.lang.Thread.run(Thread.java:834)
2020-11-02 18:09:54,573 [myid:1] - INFO  [SessionTracker:ZooKeeperServer@610] - Expiring session 0x1000a9772f50068, timeout of 30000ms exceeded
2020-11-02 18:14:41,784 [myid:1] - INFO  [Snapshot Thread:FileTxnSnapLog@470] - Snapshotting: 0x800037084 to /home/user/data/version-2/snapshot.800037084
2020-11-02 18:14:41,785 [myid:1] - INFO  [SyncThread:0:FileTxnLog@284] - Creating new log file: log.800037086
2020-11-02 18:14:41,785 [myid:1] - INFO  [Snapshot Thread:ZooKeeperServer@529] - Snapshot taken in 0 ms
2020-11-02 18:14:43,682 [myid:1] - WARN  [NIOWorkerThread-8:NIOServerCnxn@373] - Close of session 0x1000a9772f5006d
java.io.IOException: Connection reset by peer
	at java.base/sun.nio.ch.FileDispatcherImpl.read0(Native Method)
	at java.base/sun.nio.ch.SocketDispatcher.read(SocketDispatcher.java:39)
	at java.base/sun.nio.ch.IOUtil.readIntoNativeBuffer(IOUtil.java:276)
	at java.base/sun.nio.ch.IOUtil.read(IOUtil.java:245)
	at java.base/sun.nio.ch.IOUtil.read(IOUtil.java:223)
	at java.base/sun.nio.ch.SocketChannelImpl.read(SocketChannelImpl.java:358)
	at org.apache.zookeeper.server.NIOServerCnxn.doIO(NIOServerCnxn.java:324)
	at org.apache.zookeeper.server.NIOServerCnxnFactory$IOWorkRequest.doWork(NIOServerCnxnFactory.java:522)
	at org.apache.zookeeper.server.WorkerService$ScheduledWorkRequest.run(WorkerService.java:154)
	at java.base/java.util.concurrent.ThreadPoolExecutor.runWorker(ThreadPoolExecutor.java:1128)
	at java.base/java.util.concurrent.ThreadPoolExecutor$Worker.run(ThreadPoolExecutor.java:628)
	at java.base/java.lang.Thread.run(Thread.java:834)
2020-11-02 18:15:14,573 [myid:1] - INFO  [SessionTracker:ZooKeeperServer@610] - Expiring session 0x1000a9772f5006d, timeout of 30000ms exceeded
2020-11-02 18:17:15,751 [myid:1] - WARN  [NIOWorkerThread-4:NIOServerCnxn@364] - Unexpected exception
EndOfStreamException: Unable to read additional data from client, it probably closed the socket: address = /192.168.6.135:35022, session = 0x1000a9772f5006e
	at org.apache.zookeeper.server.NIOServerCnxn.handleFailedRead(NIOServerCnxn.java:163)
	at org.apache.zookeeper.server.NIOServerCnxn.doIO(NIOServerCnxn.java:326)
	at org.apache.zookeeper.server.NIOServerCnxnFactory$IOWorkRequest.doWork(NIOServerCnxnFactory.java:522)
	at org.apache.zookeeper.server.WorkerService$ScheduledWorkRequest.run(WorkerService.java:154)
	at java.base/java.util.concurrent.ThreadPoolExecutor.runWorker(ThreadPoolExecutor.java:1128)
	at java.base/java.util.concurrent.ThreadPoolExecutor$Worker.run(ThreadPoolExecutor.java:628)
	at java.base/java.lang.Thread.run(Thread.java:834)
2020-11-02 18:17:46,573 [myid:1] - INFO  [SessionTracker:ZooKeeperServer@610] - Expiring session 0x1000a9772f5006e, timeout of 30000ms exceeded
