2020-11-03 23:35:24,526 [myid:] - INFO  [main:QuorumPeerConfig@174] - Reading configuration from: /home/ddps2008/DPS_A1/bin/../conf/zoo.cfg
2020-11-03 23:35:24,534 [myid:] - INFO  [main:QuorumPeerConfig@460] - clientPortAddress is 0.0.0.0:2181
2020-11-03 23:35:24,534 [myid:] - INFO  [main:QuorumPeerConfig@464] - secureClientPort is not set
2020-11-03 23:35:24,534 [myid:] - INFO  [main:QuorumPeerConfig@480] - observerMasterPort is not set
2020-11-03 23:35:24,535 [myid:] - INFO  [main:QuorumPeerConfig@497] - metricsProvider.className is org.apache.zookeeper.metrics.impl.DefaultMetricsProvider
2020-11-03 23:35:24,544 [myid:6] - INFO  [main:DatadirCleanupManager@78] - autopurge.snapRetainCount set to 3
2020-11-03 23:35:24,544 [myid:6] - INFO  [main:DatadirCleanupManager@79] - autopurge.purgeInterval set to 0
2020-11-03 23:35:24,544 [myid:6] - INFO  [main:DatadirCleanupManager@101] - Purge task is not scheduled.
2020-11-03 23:35:24,547 [myid:6] - INFO  [main:ManagedUtil@44] - Log4j 1.2 jmx support found and enabled.
2020-11-03 23:35:24,554 [myid:6] - INFO  [main:QuorumPeerMain@151] - Starting quorum peer, myid=6
2020-11-03 23:35:24,566 [myid:6] - INFO  [main:ServerMetrics@62] - ServerMetrics initialized with provider org.apache.zookeeper.metrics.impl.DefaultMetricsProvider@511baa65
2020-11-03 23:35:24,573 [myid:6] - INFO  [main:ServerCnxnFactory@169] - Using org.apache.zookeeper.server.NIOServerCnxnFactory as server connection factory
2020-11-03 23:35:24,574 [myid:6] - WARN  [main:ServerCnxnFactory@309] - maxCnxns is not configured, using default value 0.
2020-11-03 23:35:24,575 [myid:6] - INFO  [main:NIOServerCnxnFactory@666] - Configuring NIO connection handler with 10s sessionless connection timeout, 4 selector thread(s), 64 worker threads, and 64 kB direct buffers.
2020-11-03 23:35:24,579 [myid:6] - INFO  [main:NIOServerCnxnFactory@674] - binding to port 0.0.0.0/0.0.0.0:2181
2020-11-03 23:35:24,585 [myid:6] - INFO  [main:QuorumPeer@752] - zookeeper.quorumCnxnTimeoutMs=-1
2020-11-03 23:35:24,610 [myid:6] - INFO  [main:Log@169] - Logging initialized @478ms to org.eclipse.jetty.util.log.Slf4jLog
2020-11-03 23:35:24,685 [myid:6] - WARN  [main:ContextHandler@1520] - o.e.j.s.ServletContextHandler@1b68ddbd{/,null,UNAVAILABLE} contextPath ends with /*
2020-11-03 23:35:24,685 [myid:6] - WARN  [main:ContextHandler@1531] - Empty contextPath
2020-11-03 23:35:24,701 [myid:6] - INFO  [main:X509Util@77] - Setting -D jdk.tls.rejectClientInitiatedRenegotiation=true to disable client-initiated TLS renegotiation
2020-11-03 23:35:24,703 [myid:6] - INFO  [main:FileTxnSnapLog@124] - zookeeper.snapshot.trust.empty : false
2020-11-03 23:35:24,706 [myid:6] - INFO  [main:QuorumPeer@1683] - Local sessions disabled
2020-11-03 23:35:24,706 [myid:6] - INFO  [main:QuorumPeer@1694] - Local session upgrading disabled
2020-11-03 23:35:24,706 [myid:6] - INFO  [main:QuorumPeer@1661] - tickTime set to 2000
2020-11-03 23:35:24,706 [myid:6] - INFO  [main:QuorumPeer@1705] - minSessionTimeout set to 4000
2020-11-03 23:35:24,706 [myid:6] - INFO  [main:QuorumPeer@1716] - maxSessionTimeout set to 40000
2020-11-03 23:35:24,706 [myid:6] - INFO  [main:QuorumPeer@1741] - initLimit set to 10
2020-11-03 23:35:24,706 [myid:6] - INFO  [main:QuorumPeer@1928] - syncLimit set to 5
2020-11-03 23:35:24,706 [myid:6] - INFO  [main:QuorumPeer@1943] - connectToLearnerMasterLimit set to 0
2020-11-03 23:35:24,717 [myid:6] - INFO  [main:ZookeeperBanner@42] - 
2020-11-03 23:35:24,717 [myid:6] - INFO  [main:ZookeeperBanner@42] -   ______                  _                                          
2020-11-03 23:35:24,717 [myid:6] - INFO  [main:ZookeeperBanner@42] -  |___  /                 | |                                         
2020-11-03 23:35:24,717 [myid:6] - INFO  [main:ZookeeperBanner@42] -     / /    ___     ___   | | __   ___    ___   _ __     ___   _ __   
2020-11-03 23:35:24,717 [myid:6] - INFO  [main:ZookeeperBanner@42] -    / /    / _ \   / _ \  | |/ /  / _ \  / _ \ | '_ \   / _ \ | '__|
2020-11-03 23:35:24,717 [myid:6] - INFO  [main:ZookeeperBanner@42] -   / /__  | (_) | | (_) | |   <  |  __/ |  __/ | |_) | |  __/ | |    
2020-11-03 23:35:24,717 [myid:6] - INFO  [main:ZookeeperBanner@42] -  /_____|  \___/   \___/  |_|\_\  \___|  \___| | .__/   \___| |_|
2020-11-03 23:35:24,717 [myid:6] - INFO  [main:ZookeeperBanner@42] -                                               | |                     
2020-11-03 23:35:24,718 [myid:6] - INFO  [main:ZookeeperBanner@42] -                                               |_|                     
2020-11-03 23:35:24,718 [myid:6] - INFO  [main:ZookeeperBanner@42] - 
2020-11-03 23:35:24,719 [myid:6] - INFO  [main:Environment@98] - Server environment:zookeeper.version=3.6.2--803c7f1a12f85978cb049af5e4ef23bd8b688715, built on 09/04/2020 12:44 GMT
2020-11-03 23:35:24,720 [myid:6] - INFO  [main:Environment@98] - Server environment:host.name=node111.cm.cluster
2020-11-03 23:35:24,720 [myid:6] - INFO  [main:Environment@98] - Server environment:java.version=1.8.0_261
2020-11-03 23:35:24,720 [myid:6] - INFO  [main:Environment@98] - Server environment:java.vendor=Oracle Corporation
2020-11-03 23:35:24,720 [myid:6] - INFO  [main:Environment@98] - Server environment:java.home=/home/ddps2008/DPS_A1/java/jre1.8.0_261
2020-11-03 23:35:24,720 [myid:6] - INFO  [main:Environment@98] - Server environment:java.class.path=/home/ddps2008/DPS_A1/bin/../zookeeper-server/target/classes:/home/ddps2008/DPS_A1/bin/../build/classes:/home/ddps2008/DPS_A1/bin/../zookeeper-server/target/lib/*.jar:/home/ddps2008/DPS_A1/bin/../build/lib/*.jar:/home/ddps2008/DPS_A1/bin/../lib/zookeeper-prometheus-metrics-3.6.2.jar:/home/ddps2008/DPS_A1/bin/../lib/zookeeper-jute-3.6.2.jar:/home/ddps2008/DPS_A1/bin/../lib/zookeeper-3.6.2.jar:/home/ddps2008/DPS_A1/bin/../lib/snappy-java-1.1.7.jar:/home/ddps2008/DPS_A1/bin/../lib/slf4j-log4j12-1.7.25.jar:/home/ddps2008/DPS_A1/bin/../lib/slf4j-api-1.7.25.jar:/home/ddps2008/DPS_A1/bin/../lib/simpleclient_servlet-0.6.0.jar:/home/ddps2008/DPS_A1/bin/../lib/simpleclient_hotspot-0.6.0.jar:/home/ddps2008/DPS_A1/bin/../lib/simpleclient_common-0.6.0.jar:/home/ddps2008/DPS_A1/bin/../lib/simpleclient-0.6.0.jar:/home/ddps2008/DPS_A1/bin/../lib/netty-transport-native-unix-common-4.1.50.Final.jar:/home/ddps2008/DPS_A1/bin/../lib/netty-transport-native-epoll-4.1.50.Final.jar:/home/ddps2008/DPS_A1/bin/../lib/netty-transport-4.1.50.Final.jar:/home/ddps2008/DPS_A1/bin/../lib/netty-resolver-4.1.50.Final.jar:/home/ddps2008/DPS_A1/bin/../lib/netty-handler-4.1.50.Final.jar:/home/ddps2008/DPS_A1/bin/../lib/netty-common-4.1.50.Final.jar:/home/ddps2008/DPS_A1/bin/../lib/netty-codec-4.1.50.Final.jar:/home/ddps2008/DPS_A1/bin/../lib/netty-buffer-4.1.50.Final.jar:/home/ddps2008/DPS_A1/bin/../lib/metrics-core-3.2.5.jar:/home/ddps2008/DPS_A1/bin/../lib/log4j-1.2.17.jar:/home/ddps2008/DPS_A1/bin/../lib/json-simple-1.1.1.jar:/home/ddps2008/DPS_A1/bin/../lib/jline-2.14.6.jar:/home/ddps2008/DPS_A1/bin/../lib/jetty-util-9.4.24.v20191120.jar:/home/ddps2008/DPS_A1/bin/../lib/jetty-servlet-9.4.24.v20191120.jar:/home/ddps2008/DPS_A1/bin/../lib/jetty-server-9.4.24.v20191120.jar:/home/ddps2008/DPS_A1/bin/../lib/jetty-security-9.4.24.v20191120.jar:/home/ddps2008/DPS_A1/bin/../lib/jetty-io-9.4.24.v20191120.jar:/home/ddps2008/DPS_A1/bin/../lib/jetty-http-9.4.24.v20191120.jar:/home/ddps2008/DPS_A1/bin/../lib/javax.servlet-api-3.1.0.jar:/home/ddps2008/DPS_A1/bin/../lib/jackson-databind-2.10.3.jar:/home/ddps2008/DPS_A1/bin/../lib/jackson-core-2.10.3.jar:/home/ddps2008/DPS_A1/bin/../lib/jackson-annotations-2.10.3.jar:/home/ddps2008/DPS_A1/bin/../lib/commons-lang-2.6.jar:/home/ddps2008/DPS_A1/bin/../lib/commons-cli-1.2.jar:/home/ddps2008/DPS_A1/bin/../lib/audience-annotations-0.5.0.jar:/home/ddps2008/DPS_A1/bin/../zookeeper-*.jar:/home/ddps2008/DPS_A1/bin/../zookeeper-server/src/main/resources/lib/*.jar:/home/ddps2008/DPS_A1/bin/../conf:
2020-11-03 23:35:24,720 [myid:6] - INFO  [main:Environment@98] - Server environment:java.library.path=/cm/shared/apps/slurm/17.02.2/lib64/slurm:/cm/shared/apps/slurm/17.02.2/lib64:/cm/local/apps/gcc/6.3.0/lib:/cm/local/apps/gcc/6.3.0/lib64:/usr/java/packages/lib/amd64:/usr/lib64:/lib64:/lib:/usr/lib
2020-11-03 23:35:24,720 [myid:6] - INFO  [main:Environment@98] - Server environment:java.io.tmpdir=/tmp
2020-11-03 23:35:24,720 [myid:6] - INFO  [main:Environment@98] - Server environment:java.compiler=<NA>
2020-11-03 23:35:24,720 [myid:6] - INFO  [main:Environment@98] - Server environment:os.name=Linux
2020-11-03 23:35:24,720 [myid:6] - INFO  [main:Environment@98] - Server environment:os.arch=amd64
2020-11-03 23:35:24,720 [myid:6] - INFO  [main:Environment@98] - Server environment:os.version=3.10.0-693.17.1.el7.x86_64
2020-11-03 23:35:24,721 [myid:6] - INFO  [main:Environment@98] - Server environment:user.name=ddps2008
2020-11-03 23:35:24,721 [myid:6] - INFO  [main:Environment@98] - Server environment:user.home=/home/ddps2008
2020-11-03 23:35:24,721 [myid:6] - INFO  [main:Environment@98] - Server environment:user.dir=/home/ddps2008
2020-11-03 23:35:24,721 [myid:6] - INFO  [main:Environment@98] - Server environment:os.memory.free=903MB
2020-11-03 23:35:24,721 [myid:6] - INFO  [main:Environment@98] - Server environment:os.memory.max=958MB
2020-11-03 23:35:24,721 [myid:6] - INFO  [main:Environment@98] - Server environment:os.memory.total=958MB
2020-11-03 23:35:24,721 [myid:6] - INFO  [main:ZooKeeperServer@129] - zookeeper.enableEagerACLCheck = false
2020-11-03 23:35:24,721 [myid:6] - INFO  [main:ZooKeeperServer@137] - zookeeper.digest.enabled = true
2020-11-03 23:35:24,721 [myid:6] - INFO  [main:ZooKeeperServer@141] - zookeeper.closeSessionTxn.enabled = true
2020-11-03 23:35:24,721 [myid:6] - INFO  [main:ZooKeeperServer@1444] - zookeeper.flushDelay=0
2020-11-03 23:35:24,721 [myid:6] - INFO  [main:ZooKeeperServer@1453] - zookeeper.maxWriteQueuePollTime=0
2020-11-03 23:35:24,721 [myid:6] - INFO  [main:ZooKeeperServer@1462] - zookeeper.maxBatchSize=1000
2020-11-03 23:35:24,725 [myid:6] - INFO  [main:ZooKeeperServer@243] - zookeeper.intBufferStartingSizeBytes = 1024
2020-11-03 23:35:24,729 [myid:6] - INFO  [main:WatchManagerFactory@42] - Using org.apache.zookeeper.server.watch.WatchManager as watch manager
2020-11-03 23:35:24,729 [myid:6] - INFO  [main:WatchManagerFactory@42] - Using org.apache.zookeeper.server.watch.WatchManager as watch manager
2020-11-03 23:35:24,730 [myid:6] - INFO  [main:ZKDatabase@132] - zookeeper.snapshotSizeFactor = 0.33
2020-11-03 23:35:24,730 [myid:6] - INFO  [main:ZKDatabase@152] - zookeeper.commitLogCount=500
2020-11-03 23:35:24,743 [myid:6] - INFO  [main:QuorumPeer@2009] - Using insecure (non-TLS) quorum communication
2020-11-03 23:35:24,743 [myid:6] - INFO  [main:QuorumPeer@2015] - Port unification disabled
2020-11-03 23:35:24,743 [myid:6] - INFO  [main:QuorumPeer@174] - multiAddress.enabled set to false
2020-11-03 23:35:24,743 [myid:6] - INFO  [main:QuorumPeer@199] - multiAddress.reachabilityCheckEnabled set to true
2020-11-03 23:35:24,743 [myid:6] - INFO  [main:QuorumPeer@186] - multiAddress.reachabilityCheckTimeoutMs set to 1000
2020-11-03 23:35:24,743 [myid:6] - INFO  [main:QuorumPeer@2469] - QuorumPeer communication is not secured! (SASL auth disabled)
2020-11-03 23:35:24,743 [myid:6] - INFO  [main:QuorumPeer@2494] - quorum.cnxn.threads.size set to 20
2020-11-03 23:35:24,751 [myid:6] - INFO  [main:SnapStream@61] - zookeeper.snapshot.compression.method = CHECKED
2020-11-03 23:35:24,754 [myid:6] - INFO  [main:FileSnap@85] - Reading snapshot /local/ddps2008/zooData/version-2/snapshot.10000d017f
2020-11-03 23:35:24,762 [myid:6] - INFO  [main:DataTree@1730] - The digest in the snapshot has digest version of 2, , with zxid as 0x10000d017f, and digest value as 212562193245
2020-11-03 23:35:25,421 [myid:6] - INFO  [main:FileTxnSnapLog@363] - 33632 txns loaded in 414 ms
2020-11-03 23:35:25,421 [myid:6] - INFO  [main:ZKDatabase@289] - Snapshot loaded in 678 ms, highest zxid is 0x10000d84df, digest is 224655688599
2020-11-03 23:35:25,427 [myid:6] - INFO  [main:Server@359] - jetty-9.4.24.v20191120; built: 2019-11-20T21:37:49.771Z; git: 363d5f2df3a8a28de40604320230664b9c793c16; jvm 1.8.0_261-b12
2020-11-03 23:35:25,455 [myid:6] - INFO  [main:DefaultSessionIdManager@333] - DefaultSessionIdManager workerName=node0
2020-11-03 23:35:25,456 [myid:6] - INFO  [main:DefaultSessionIdManager@338] - No SessionScavenger set, using defaults
2020-11-03 23:35:25,457 [myid:6] - INFO  [main:HouseKeeper@140] - node0 Scavenging every 660000ms
2020-11-03 23:35:25,460 [myid:6] - WARN  [main:ConstraintSecurityHandler@757] - ServletContext@o.e.j.s.ServletContextHandler@1b68ddbd{/,null,STARTING} has uncovered http methods for path: /*
2020-11-03 23:35:25,467 [myid:6] - INFO  [main:ContextHandler@825] - Started o.e.j.s.ServletContextHandler@1b68ddbd{/,null,AVAILABLE}
2020-11-03 23:35:25,468 [myid:6] - WARN  [main:QuorumPeer@1083] - Problem starting AdminServer
org.apache.zookeeper.server.admin.AdminServer$AdminServerException: Problem starting AdminServer on address 0.0.0.0, port 8080 and command URL /commands
	at org.apache.zookeeper.server.admin.JettyAdminServer.start(JettyAdminServer.java:180)
	at org.apache.zookeeper.server.quorum.QuorumPeer.start(QuorumPeer.java:1081)
	at org.apache.zookeeper.server.quorum.QuorumPeerMain.runFromConfig(QuorumPeerMain.java:227)
	at org.apache.zookeeper.server.quorum.QuorumPeerMain.initializeAndRun(QuorumPeerMain.java:136)
	at org.apache.zookeeper.server.quorum.QuorumPeerMain.main(QuorumPeerMain.java:90)
Caused by: java.io.IOException: Failed to bind to /0.0.0.0:8080
	at org.eclipse.jetty.server.ServerConnector.openAcceptChannel(ServerConnector.java:346)
	at org.eclipse.jetty.server.ServerConnector.open(ServerConnector.java:307)
	at org.eclipse.jetty.server.AbstractNetworkConnector.doStart(AbstractNetworkConnector.java:80)
	at org.eclipse.jetty.server.ServerConnector.doStart(ServerConnector.java:231)
	at org.eclipse.jetty.util.component.AbstractLifeCycle.start(AbstractLifeCycle.java:72)
	at org.eclipse.jetty.server.Server.doStart(Server.java:385)
	at org.eclipse.jetty.util.component.AbstractLifeCycle.start(AbstractLifeCycle.java:72)
	at org.apache.zookeeper.server.admin.JettyAdminServer.start(JettyAdminServer.java:171)
	... 4 more
Caused by: java.net.BindException: Address already in use
	at sun.nio.ch.Net.bind0(Native Method)
	at sun.nio.ch.Net.bind(Net.java:444)
	at sun.nio.ch.Net.bind(Net.java:436)
	at sun.nio.ch.ServerSocketChannelImpl.bind(ServerSocketChannelImpl.java:225)
	at sun.nio.ch.ServerSocketAdaptor.bind(ServerSocketAdaptor.java:74)
	at org.eclipse.jetty.server.ServerConnector.openAcceptChannel(ServerConnector.java:342)
	... 11 more
org.apache.zookeeper.server.admin.AdminServer$AdminServerException: Problem starting AdminServer on address 0.0.0.0, port 8080 and command URL /commands
2020-11-03 23:35:25,470 [myid:6] - INFO  [main:QuorumPeer@2511] - Using 10000ms as the quorum cnxn socket timeout
2020-11-03 23:35:25,476 [myid:6] - INFO  [main:QuorumCnxManager$Listener@923] - Election port bind maximum retries is 3
2020-11-03 23:35:25,477 [myid:6] - INFO  [main:FastLeaderElection@88] - zookeeper.fastleader.minNotificationInterval=200
2020-11-03 23:35:25,477 [myid:6] - INFO  [main:FastLeaderElection@90] - zookeeper.fastleader.maxNotificationInterval=60000
2020-11-03 23:35:25,480 [myid:6] - INFO  [main:ZKAuditProvider@42] - ZooKeeper audit is disabled.
2020-11-03 23:35:25,485 [myid:6] - INFO  [ListenerHandler-node111/10.141.0.11:3888:QuorumCnxManager$Listener$ListenerHandler@1065] - 6 is accepting connections now, my election bind port: node111/10.141.0.11:3888
2020-11-03 23:35:25,488 [myid:6] - INFO  [QuorumPeer[myid=6](plain=[0:0:0:0:0:0:0:0]:2181)(secure=disabled):QuorumPeer@1374] - LOOKING
2020-11-03 23:35:25,489 [myid:6] - INFO  [QuorumPeer[myid=6](plain=[0:0:0:0:0:0:0:0]:2181)(secure=disabled):FastLeaderElection@944] - New election. My id = 6, proposed zxid=0x10000d84df
2020-11-03 23:35:25,509 [myid:6] - INFO  [WorkerReceiver[myid=6]:FastLeaderElection$Messenger$WorkerReceiver@389] - Notification: my state:LOOKING; n.sid:6, n.state:LOOKING, n.leader:6, n.round:0x1, n.peerEpoch:0x10, n.zxid:0x10000d84df, message format version:0x2, n.config version:0x0
2020-11-03 23:35:25,510 [myid:6] - INFO  [WorkerReceiver[myid=6]:FastLeaderElection$Messenger$WorkerReceiver@389] - Notification: my state:LOOKING; n.sid:4, n.state:LOOKING, n.leader:4, n.round:0x1, n.peerEpoch:0x10, n.zxid:0x10000d84df, message format version:0x2, n.config version:0x0
2020-11-03 23:35:25,510 [myid:6] - INFO  [WorkerReceiver[myid=6]:FastLeaderElection$Messenger$WorkerReceiver@389] - Notification: my state:LOOKING; n.sid:3, n.state:LOOKING, n.leader:4, n.round:0x1, n.peerEpoch:0x10, n.zxid:0x10000d84df, message format version:0x2, n.config version:0x0
2020-11-03 23:35:25,510 [myid:6] - WARN  [QuorumConnectionThread-[myid=6]-5:QuorumCnxManager@400] - Cannot open channel to 7 at election address node112/10.141.0.12:3888
java.net.ConnectException: Connection refused (Connection refused)
	at java.net.PlainSocketImpl.socketConnect(Native Method)
	at java.net.AbstractPlainSocketImpl.doConnect(AbstractPlainSocketImpl.java:476)
	at java.net.AbstractPlainSocketImpl.connectToAddress(AbstractPlainSocketImpl.java:218)
	at java.net.AbstractPlainSocketImpl.connect(AbstractPlainSocketImpl.java:200)
	at java.net.SocksSocketImpl.connect(SocksSocketImpl.java:394)
	at java.net.Socket.connect(Socket.java:606)
	at org.apache.zookeeper.server.quorum.QuorumCnxManager.initiateConnection(QuorumCnxManager.java:383)
	at org.apache.zookeeper.server.quorum.QuorumCnxManager$QuorumConnectionReqThread.run(QuorumCnxManager.java:457)
	at java.util.concurrent.ThreadPoolExecutor.runWorker(ThreadPoolExecutor.java:1149)
	at java.util.concurrent.ThreadPoolExecutor$Worker.run(ThreadPoolExecutor.java:624)
	at java.lang.Thread.run(Thread.java:748)
2020-11-03 23:35:25,511 [myid:6] - INFO  [WorkerReceiver[myid=6]:FastLeaderElection$Messenger$WorkerReceiver@389] - Notification: my state:LOOKING; n.sid:2, n.state:LOOKING, n.leader:4, n.round:0x1, n.peerEpoch:0x10, n.zxid:0x10000d84df, message format version:0x2, n.config version:0x0
2020-11-03 23:35:25,511 [myid:6] - INFO  [WorkerReceiver[myid=6]:FastLeaderElection$Messenger$WorkerReceiver@389] - Notification: my state:LOOKING; n.sid:1, n.state:LOOKING, n.leader:4, n.round:0x1, n.peerEpoch:0x10, n.zxid:0x10000d84df, message format version:0x2, n.config version:0x0
2020-11-03 23:35:25,512 [myid:6] - INFO  [WorkerReceiver[myid=6]:FastLeaderElection$Messenger$WorkerReceiver@389] - Notification: my state:LOOKING; n.sid:1, n.state:FOLLOWING, n.leader:4, n.round:0x1, n.peerEpoch:0x11, n.zxid:0x10000d84df, message format version:0x2, n.config version:0x0
2020-11-03 23:35:25,512 [myid:6] - INFO  [WorkerReceiver[myid=6]:FastLeaderElection$Messenger$WorkerReceiver@389] - Notification: my state:LOOKING; n.sid:2, n.state:FOLLOWING, n.leader:4, n.round:0x1, n.peerEpoch:0x11, n.zxid:0x10000d84df, message format version:0x2, n.config version:0x0
2020-11-03 23:35:25,513 [myid:6] - INFO  [WorkerReceiver[myid=6]:FastLeaderElection$Messenger$WorkerReceiver@389] - Notification: my state:LOOKING; n.sid:3, n.state:FOLLOWING, n.leader:4, n.round:0x1, n.peerEpoch:0x11, n.zxid:0x10000d84df, message format version:0x2, n.config version:0x0
2020-11-03 23:35:25,513 [myid:6] - INFO  [WorkerReceiver[myid=6]:FastLeaderElection$Messenger$WorkerReceiver@389] - Notification: my state:LOOKING; n.sid:5, n.state:LOOKING, n.leader:5, n.round:0x1, n.peerEpoch:0x10, n.zxid:0x10000d84df, message format version:0x2, n.config version:0x0
2020-11-03 23:35:25,514 [myid:6] - INFO  [WorkerReceiver[myid=6]:FastLeaderElection$Messenger$WorkerReceiver@389] - Notification: my state:LOOKING; n.sid:4, n.state:LEADING, n.leader:4, n.round:0x1, n.peerEpoch:0x11, n.zxid:0x10000d84df, message format version:0x2, n.config version:0x0
2020-11-03 23:35:25,515 [myid:6] - INFO  [WorkerReceiver[myid=6]:FastLeaderElection$Messenger$WorkerReceiver@389] - Notification: my state:LOOKING; n.sid:5, n.state:FOLLOWING, n.leader:4, n.round:0x1, n.peerEpoch:0x11, n.zxid:0x10000d84df, message format version:0x2, n.config version:0x0
2020-11-03 23:35:25,515 [myid:6] - INFO  [QuorumPeer[myid=6](plain=[0:0:0:0:0:0:0:0]:2181)(secure=disabled):QuorumPeer@857] - Peer state changed: following
2020-11-03 23:35:25,515 [myid:6] - INFO  [QuorumPeer[myid=6](plain=[0:0:0:0:0:0:0:0]:2181)(secure=disabled):QuorumPeer@1456] - FOLLOWING
2020-11-03 23:35:25,521 [myid:6] - INFO  [QuorumPeer[myid=6](plain=[0:0:0:0:0:0:0:0]:2181)(secure=disabled):Learner@117] - leaderConnectDelayDuringRetryMs: 100
2020-11-03 23:35:25,521 [myid:6] - INFO  [QuorumPeer[myid=6](plain=[0:0:0:0:0:0:0:0]:2181)(secure=disabled):Learner@118] - TCP NoDelay set to: true
2020-11-03 23:35:25,523 [myid:6] - INFO  [QuorumPeer[myid=6](plain=[0:0:0:0:0:0:0:0]:2181)(secure=disabled):BlueThrottle@141] - Weighed connection throttling is disabled
2020-11-03 23:35:25,524 [myid:6] - INFO  [QuorumPeer[myid=6](plain=[0:0:0:0:0:0:0:0]:2181)(secure=disabled):ZooKeeperServer@1256] - minSessionTimeout set to 4000
2020-11-03 23:35:25,524 [myid:6] - INFO  [QuorumPeer[myid=6](plain=[0:0:0:0:0:0:0:0]:2181)(secure=disabled):ZooKeeperServer@1265] - maxSessionTimeout set to 40000
2020-11-03 23:35:25,526 [myid:6] - INFO  [QuorumPeer[myid=6](plain=[0:0:0:0:0:0:0:0]:2181)(secure=disabled):ResponseCache@45] - Response cache size is initialized with value 400.
2020-11-03 23:35:25,526 [myid:6] - INFO  [QuorumPeer[myid=6](plain=[0:0:0:0:0:0:0:0]:2181)(secure=disabled):ResponseCache@45] - Response cache size is initialized with value 400.
2020-11-03 23:35:25,527 [myid:6] - INFO  [QuorumPeer[myid=6](plain=[0:0:0:0:0:0:0:0]:2181)(secure=disabled):RequestPathMetricsCollector@111] - zookeeper.pathStats.slotCapacity = 60
2020-11-03 23:35:25,527 [myid:6] - INFO  [QuorumPeer[myid=6](plain=[0:0:0:0:0:0:0:0]:2181)(secure=disabled):RequestPathMetricsCollector@112] - zookeeper.pathStats.slotDuration = 15
2020-11-03 23:35:25,527 [myid:6] - INFO  [QuorumPeer[myid=6](plain=[0:0:0:0:0:0:0:0]:2181)(secure=disabled):RequestPathMetricsCollector@113] - zookeeper.pathStats.maxDepth = 6
2020-11-03 23:35:25,527 [myid:6] - INFO  [QuorumPeer[myid=6](plain=[0:0:0:0:0:0:0:0]:2181)(secure=disabled):RequestPathMetricsCollector@114] - zookeeper.pathStats.initialDelay = 5
2020-11-03 23:35:25,528 [myid:6] - INFO  [QuorumPeer[myid=6](plain=[0:0:0:0:0:0:0:0]:2181)(secure=disabled):RequestPathMetricsCollector@115] - zookeeper.pathStats.delay = 5
2020-11-03 23:35:25,528 [myid:6] - INFO  [QuorumPeer[myid=6](plain=[0:0:0:0:0:0:0:0]:2181)(secure=disabled):RequestPathMetricsCollector@116] - zookeeper.pathStats.enabled = false
2020-11-03 23:35:25,529 [myid:6] - INFO  [QuorumPeer[myid=6](plain=[0:0:0:0:0:0:0:0]:2181)(secure=disabled):ZooKeeperServer@1481] - The max bytes for all large requests are set to 104857600
2020-11-03 23:35:25,529 [myid:6] - INFO  [QuorumPeer[myid=6](plain=[0:0:0:0:0:0:0:0]:2181)(secure=disabled):ZooKeeperServer@1495] - The large request threshold is set to -1
2020-11-03 23:35:25,529 [myid:6] - INFO  [QuorumPeer[myid=6](plain=[0:0:0:0:0:0:0:0]:2181)(secure=disabled):ZooKeeperServer@339] - Created server with tickTime 2000 minSessionTimeout 4000 maxSessionTimeout 40000 clientPortListenBacklog -1 datadir /local/ddps2008/zooData/version-2 snapdir /local/ddps2008/zooData/version-2
2020-11-03 23:35:25,531 [myid:6] - INFO  [QuorumPeer[myid=6](plain=[0:0:0:0:0:0:0:0]:2181)(secure=disabled):Follower@75] - FOLLOWING - LEADER ELECTION TOOK - 41 MS
2020-11-03 23:35:25,534 [myid:6] - INFO  [QuorumPeer[myid=6](plain=[0:0:0:0:0:0:0:0]:2181)(secure=disabled):QuorumPeer@863] - Peer state changed: following - discovery
2020-11-03 23:35:25,536 [myid:6] - INFO  [LeaderConnector-node109/10.141.0.9:2888:Learner$LeaderConnector@330] - Successfully connected to leader, using address: node109/10.141.0.9:2888
2020-11-03 23:35:25,568 [myid:6] - INFO  [QuorumPeer[myid=6](plain=[0:0:0:0:0:0:0:0]:2181)(secure=disabled):QuorumPeer@863] - Peer state changed: following - synchronization
2020-11-03 23:35:25,570 [myid:6] - INFO  [QuorumPeer[myid=6](plain=[0:0:0:0:0:0:0:0]:2181)(secure=disabled):Learner@511] - Getting a diff from the leader 0x10000d84df
2020-11-03 23:35:25,571 [myid:6] - INFO  [QuorumPeer[myid=6](plain=[0:0:0:0:0:0:0:0]:2181)(secure=disabled):QuorumPeer@868] - Peer state changed: following - synchronization - diff
2020-11-03 23:35:25,574 [myid:6] - INFO  [QuorumPeer[myid=6](plain=[0:0:0:0:0:0:0:0]:2181)(secure=disabled):Learner@677] - Learner received NEWLEADER message
2020-11-03 23:35:25,575 [myid:6] - INFO  [QuorumPeer[myid=6](plain=[0:0:0:0:0:0:0:0]:2181)(secure=disabled):QuorumPeer@1811] - Dynamic reconfig is disabled, we don't store the last seen config.
2020-11-03 23:35:25,593 [myid:6] - INFO  [QuorumPeer[myid=6](plain=[0:0:0:0:0:0:0:0]:2181)(secure=disabled):Learner@661] - Learner received UPTODATE message
2020-11-03 23:35:25,593 [myid:6] - INFO  [QuorumPeer[myid=6](plain=[0:0:0:0:0:0:0:0]:2181)(secure=disabled):QuorumPeer@868] - Peer state changed: following - synchronization
2020-11-03 23:35:25,598 [myid:6] - INFO  [QuorumPeer[myid=6](plain=[0:0:0:0:0:0:0:0]:2181)(secure=disabled):CommitProcessor@476] - Configuring CommitProcessor with readBatchSize -1 commitBatchSize 1
2020-11-03 23:35:25,598 [myid:6] - INFO  [QuorumPeer[myid=6](plain=[0:0:0:0:0:0:0:0]:2181)(secure=disabled):CommitProcessor@438] - Configuring CommitProcessor with 32 worker threads.
2020-11-03 23:35:25,601 [myid:6] - INFO  [QuorumPeer[myid=6](plain=[0:0:0:0:0:0:0:0]:2181)(secure=disabled):RequestThrottler@74] - zookeeper.request_throttler.shutdownTimeout = 10000
2020-11-03 23:35:25,613 [myid:6] - INFO  [QuorumPeer[myid=6](plain=[0:0:0:0:0:0:0:0]:2181)(secure=disabled):QuorumPeer@863] - Peer state changed: following - broadcast
2020-11-03 23:35:27,239 [myid:6] - INFO  [ListenerHandler-node111/10.141.0.11:3888:QuorumCnxManager$Listener$ListenerHandler@1070] - Received connection request from /10.141.0.12:56057
2020-11-03 23:35:27,242 [myid:6] - INFO  [WorkerReceiver[myid=6]:FastLeaderElection$Messenger$WorkerReceiver@389] - Notification: my state:FOLLOWING; n.sid:7, n.state:LOOKING, n.leader:7, n.round:0x1, n.peerEpoch:0xa, n.zxid:0xa0012b06a, message format version:0x2, n.config version:0x0
2020-11-03 23:35:27,253 [myid:6] - INFO  [WorkerReceiver[myid=6]:FastLeaderElection$Messenger$WorkerReceiver@389] - Notification: my state:FOLLOWING; n.sid:7, n.state:LOOKING, n.leader:4, n.round:0x1, n.peerEpoch:0x10, n.zxid:0x10000d84df, message format version:0x2, n.config version:0x0
2020-11-03 23:35:27,263 [myid:6] - INFO  [WorkerReceiver[myid=6]:FastLeaderElection$Messenger$WorkerReceiver@389] - Notification: my state:FOLLOWING; n.sid:7, n.state:LOOKING, n.leader:5, n.round:0x1, n.peerEpoch:0x10, n.zxid:0x10000d84df, message format version:0x2, n.config version:0x0
2020-11-03 23:35:27,269 [myid:6] - INFO  [WorkerReceiver[myid=6]:FastLeaderElection$Messenger$WorkerReceiver@389] - Notification: my state:FOLLOWING; n.sid:7, n.state:LOOKING, n.leader:6, n.round:0x1, n.peerEpoch:0x10, n.zxid:0x10000d84df, message format version:0x2, n.config version:0x0
2020-11-03 23:35:44,748 [myid:6] - WARN  [QuorumPeer[myid=6](plain=[0:0:0:0:0:0:0:0]:2181)(secure=disabled):Follower@170] - Got zxid 0x1100000001 expected 0x1
2020-11-03 23:35:44,749 [myid:6] - INFO  [SyncThread:6:FileTxnLog@284] - Creating new log file: log.1100000001
2020-11-03 23:35:44,784 [myid:6] - INFO  [CommitProcessor:6:LearnerSessionTracker@116] - Committing global session 0x113fc8747e40004
2020-11-03 23:35:44,784 [myid:6] - INFO  [CommitProcessor:6:LearnerSessionTracker@116] - Committing global session 0x113fc8747e40002
2020-11-03 23:35:44,784 [myid:6] - INFO  [CommitProcessor:6:LearnerSessionTracker@116] - Committing global session 0x113fc8747e40003
2020-11-03 23:35:44,785 [myid:6] - INFO  [CommitProcessor:6:LearnerSessionTracker@116] - Committing global session 0x113fc8747e40005
2020-11-03 23:35:44,785 [myid:6] - INFO  [CommitProcessor:6:LearnerSessionTracker@116] - Committing global session 0x113fc8747e40006
2020-11-03 23:35:44,785 [myid:6] - INFO  [CommitProcessor:6:LearnerSessionTracker@116] - Committing global session 0x113fc8747e40007
2020-11-03 23:35:44,785 [myid:6] - INFO  [CommitProcessor:6:LearnerSessionTracker@116] - Committing global session 0x113fc8747e40000
2020-11-03 23:35:44,785 [myid:6] - INFO  [CommitProcessor:6:LearnerSessionTracker@116] - Committing global session 0x113fc8747e40001
2020-11-03 23:35:44,786 [myid:6] - INFO  [CommitProcessor:6:LearnerSessionTracker@116] - Committing global session 0x113fc8747e40008
2020-11-03 23:35:44,786 [myid:6] - INFO  [CommitProcessor:6:LearnerSessionTracker@116] - Committing global session 0x113fc8747e40009
2020-11-03 23:35:49,231 [myid:6] - INFO  [CommitProcessor:6:LearnerSessionTracker@116] - Committing global session 0x113fc8747e4000a
2020-11-03 23:35:49,232 [myid:6] - INFO  [CommitProcessor:6:LearnerSessionTracker@116] - Committing global session 0x113fc8747e4000b
2020-11-03 23:35:49,232 [myid:6] - INFO  [CommitProcessor:6:LearnerSessionTracker@116] - Committing global session 0x113fc8747e4000d
2020-11-03 23:35:49,232 [myid:6] - INFO  [CommitProcessor:6:LearnerSessionTracker@116] - Committing global session 0x113fc8747e4000e
2020-11-03 23:35:49,232 [myid:6] - INFO  [CommitProcessor:6:LearnerSessionTracker@116] - Committing global session 0x113fc8747e4000c
2020-11-03 23:35:49,232 [myid:6] - INFO  [CommitProcessor:6:LearnerSessionTracker@116] - Committing global session 0x113fc8747e4000f
2020-11-03 23:35:49,233 [myid:6] - INFO  [CommitProcessor:6:LearnerSessionTracker@116] - Committing global session 0x113fc8747e40010
2020-11-03 23:35:49,233 [myid:6] - INFO  [CommitProcessor:6:LearnerSessionTracker@116] - Committing global session 0x113fc8747e40011
2020-11-03 23:35:49,233 [myid:6] - INFO  [CommitProcessor:6:LearnerSessionTracker@116] - Committing global session 0x113fc8747e40012
2020-11-03 23:35:49,233 [myid:6] - INFO  [CommitProcessor:6:LearnerSessionTracker@116] - Committing global session 0x113fc8747e40013
2020-11-03 23:37:40,068 [myid:6] - INFO  [SyncThread:6:FileTxnLog@284] - Creating new log file: log.110000fb29
2020-11-03 23:37:40,068 [myid:6] - INFO  [Snapshot Thread:FileTxnSnapLog@470] - Snapshotting: 0x110000fb1e to /local/ddps2008/zooData/version-2/snapshot.110000fb1e
2020-11-03 23:37:40,077 [myid:6] - INFO  [Snapshot Thread:ZooKeeperServer@529] - Snapshot taken in 9 ms
2020-11-03 23:39:06,486 [myid:6] - INFO  [CommitProcessor:6:LearnerSessionTracker@116] - Committing global session 0x113fc8747e40014
2020-11-03 23:39:06,487 [myid:6] - INFO  [CommitProcessor:6:LearnerSessionTracker@116] - Committing global session 0x113fc8747e40015
2020-11-03 23:39:06,487 [myid:6] - INFO  [CommitProcessor:6:LearnerSessionTracker@116] - Committing global session 0x113fc8747e40016
2020-11-03 23:39:06,487 [myid:6] - INFO  [CommitProcessor:6:LearnerSessionTracker@116] - Committing global session 0x113fc8747e40017
2020-11-03 23:39:06,487 [myid:6] - INFO  [CommitProcessor:6:LearnerSessionTracker@116] - Committing global session 0x113fc8747e40018
2020-11-03 23:39:10,492 [myid:6] - INFO  [CommitProcessor:6:LearnerSessionTracker@116] - Committing global session 0x113fc8747e40019
2020-11-03 23:39:10,492 [myid:6] - INFO  [CommitProcessor:6:LearnerSessionTracker@116] - Committing global session 0x113fc8747e4001a
2020-11-03 23:39:10,492 [myid:6] - INFO  [CommitProcessor:6:LearnerSessionTracker@116] - Committing global session 0x113fc8747e4001b
2020-11-03 23:39:10,493 [myid:6] - INFO  [CommitProcessor:6:LearnerSessionTracker@116] - Committing global session 0x113fc8747e4001c
2020-11-03 23:39:10,493 [myid:6] - INFO  [CommitProcessor:6:LearnerSessionTracker@116] - Committing global session 0x113fc8747e4001d
2020-11-03 23:41:00,814 [myid:6] - INFO  [SyncThread:6:FileTxnLog@284] - Creating new log file: log.1100022553
2020-11-03 23:41:00,814 [myid:6] - INFO  [Snapshot Thread:FileTxnSnapLog@470] - Snapshotting: 0x110002254c to /local/ddps2008/zooData/version-2/snapshot.110002254c
2020-11-03 23:41:00,822 [myid:6] - INFO  [Snapshot Thread:ZooKeeperServer@529] - Snapshot taken in 8 ms
2020-11-03 23:42:04,755 [myid:6] - WARN  [RecvWorker:1:QuorumCnxManager$RecvWorker@1395] - Connection broken for id 1, my id = 6
java.io.EOFException
	at java.io.DataInputStream.readInt(DataInputStream.java:392)
	at org.apache.zookeeper.server.quorum.QuorumCnxManager$RecvWorker.run(QuorumCnxManager.java:1383)
2020-11-03 23:42:04,756 [myid:6] - WARN  [RecvWorker:1:QuorumCnxManager$RecvWorker@1401] - Interrupting SendWorker thread from RecvWorker. sid: 1. myId: 6
2020-11-03 23:42:04,757 [myid:6] - WARN  [SendWorker:1:QuorumCnxManager$SendWorker@1281] - Interrupted while waiting for message on queue
java.lang.InterruptedException
	at java.util.concurrent.locks.AbstractQueuedSynchronizer$ConditionObject.reportInterruptAfterWait(AbstractQueuedSynchronizer.java:2014)
	at java.util.concurrent.locks.AbstractQueuedSynchronizer$ConditionObject.awaitNanos(AbstractQueuedSynchronizer.java:2088)
	at org.apache.zookeeper.util.CircularBlockingQueue.poll(CircularBlockingQueue.java:105)
	at org.apache.zookeeper.server.quorum.QuorumCnxManager.pollSendQueue(QuorumCnxManager.java:1446)
	at org.apache.zookeeper.server.quorum.QuorumCnxManager.access$900(QuorumCnxManager.java:98)
	at org.apache.zookeeper.server.quorum.QuorumCnxManager$SendWorker.run(QuorumCnxManager.java:1270)
2020-11-03 23:42:04,757 [myid:6] - WARN  [SendWorker:1:QuorumCnxManager$SendWorker@1293] - Send worker leaving thread id 1 my id = 6
2020-11-03 23:42:06,137 [myid:6] - WARN  [RecvWorker:2:QuorumCnxManager$RecvWorker@1395] - Connection broken for id 2, my id = 6
java.io.EOFException
	at java.io.DataInputStream.readInt(DataInputStream.java:392)
	at org.apache.zookeeper.server.quorum.QuorumCnxManager$RecvWorker.run(QuorumCnxManager.java:1383)
2020-11-03 23:42:06,137 [myid:6] - WARN  [RecvWorker:2:QuorumCnxManager$RecvWorker@1401] - Interrupting SendWorker thread from RecvWorker. sid: 2. myId: 6
2020-11-03 23:42:06,137 [myid:6] - WARN  [SendWorker:2:QuorumCnxManager$SendWorker@1281] - Interrupted while waiting for message on queue
java.lang.InterruptedException
	at java.util.concurrent.locks.AbstractQueuedSynchronizer$ConditionObject.reportInterruptAfterWait(AbstractQueuedSynchronizer.java:2014)
	at java.util.concurrent.locks.AbstractQueuedSynchronizer$ConditionObject.awaitNanos(AbstractQueuedSynchronizer.java:2088)
	at org.apache.zookeeper.util.CircularBlockingQueue.poll(CircularBlockingQueue.java:105)
	at org.apache.zookeeper.server.quorum.QuorumCnxManager.pollSendQueue(QuorumCnxManager.java:1446)
	at org.apache.zookeeper.server.quorum.QuorumCnxManager.access$900(QuorumCnxManager.java:98)
	at org.apache.zookeeper.server.quorum.QuorumCnxManager$SendWorker.run(QuorumCnxManager.java:1270)
2020-11-03 23:42:06,138 [myid:6] - WARN  [SendWorker:2:QuorumCnxManager$SendWorker@1293] - Send worker leaving thread id 2 my id = 6
2020-11-03 23:42:07,594 [myid:6] - WARN  [RecvWorker:3:QuorumCnxManager$RecvWorker@1395] - Connection broken for id 3, my id = 6
java.io.EOFException
	at java.io.DataInputStream.readInt(DataInputStream.java:392)
	at org.apache.zookeeper.server.quorum.QuorumCnxManager$RecvWorker.run(QuorumCnxManager.java:1383)
2020-11-03 23:42:07,594 [myid:6] - WARN  [RecvWorker:3:QuorumCnxManager$RecvWorker@1401] - Interrupting SendWorker thread from RecvWorker. sid: 3. myId: 6
2020-11-03 23:42:07,595 [myid:6] - WARN  [SendWorker:3:QuorumCnxManager$SendWorker@1281] - Interrupted while waiting for message on queue
java.lang.InterruptedException
	at java.util.concurrent.locks.AbstractQueuedSynchronizer$ConditionObject.reportInterruptAfterWait(AbstractQueuedSynchronizer.java:2014)
	at java.util.concurrent.locks.AbstractQueuedSynchronizer$ConditionObject.awaitNanos(AbstractQueuedSynchronizer.java:2088)
	at org.apache.zookeeper.util.CircularBlockingQueue.poll(CircularBlockingQueue.java:105)
	at org.apache.zookeeper.server.quorum.QuorumCnxManager.pollSendQueue(QuorumCnxManager.java:1446)
	at org.apache.zookeeper.server.quorum.QuorumCnxManager.access$900(QuorumCnxManager.java:98)
	at org.apache.zookeeper.server.quorum.QuorumCnxManager$SendWorker.run(QuorumCnxManager.java:1270)
2020-11-03 23:42:07,595 [myid:6] - WARN  [SendWorker:3:QuorumCnxManager$SendWorker@1293] - Send worker leaving thread id 3 my id = 6
2020-11-03 23:42:09,078 [myid:6] - WARN  [QuorumPeer[myid=6](plain=[0:0:0:0:0:0:0:0]:2181)(secure=disabled):Follower@129] - Exception when following the leader
java.io.EOFException
	at java.io.DataInputStream.readInt(DataInputStream.java:392)
	at org.apache.jute.BinaryInputArchive.readInt(BinaryInputArchive.java:96)
	at org.apache.zookeeper.server.quorum.QuorumPacket.deserialize(QuorumPacket.java:86)
	at org.apache.jute.BinaryInputArchive.readRecord(BinaryInputArchive.java:134)
	at org.apache.zookeeper.server.quorum.Learner.readPacket(Learner.java:182)
	at org.apache.zookeeper.server.quorum.Follower.followLeader(Follower.java:125)
	at org.apache.zookeeper.server.quorum.QuorumPeer.run(QuorumPeer.java:1458)
2020-11-03 23:42:09,078 [myid:6] - WARN  [RecvWorker:4:QuorumCnxManager$RecvWorker@1395] - Connection broken for id 4, my id = 6
java.io.EOFException
	at java.io.DataInputStream.readInt(DataInputStream.java:392)
	at org.apache.zookeeper.server.quorum.QuorumCnxManager$RecvWorker.run(QuorumCnxManager.java:1383)
2020-11-03 23:42:09,079 [myid:6] - WARN  [RecvWorker:4:QuorumCnxManager$RecvWorker@1401] - Interrupting SendWorker thread from RecvWorker. sid: 4. myId: 6
2020-11-03 23:42:09,079 [myid:6] - INFO  [QuorumPeer[myid=6](plain=[0:0:0:0:0:0:0:0]:2181)(secure=disabled):Follower@143] - Disconnected from leader (with address: node109/10.141.0.9:2888). Was connected for 403542ms. Sync state: true
2020-11-03 23:42:09,079 [myid:6] - WARN  [SendWorker:4:QuorumCnxManager$SendWorker@1281] - Interrupted while waiting for message on queue
java.lang.InterruptedException
	at java.util.concurrent.locks.AbstractQueuedSynchronizer$ConditionObject.reportInterruptAfterWait(AbstractQueuedSynchronizer.java:2014)
	at java.util.concurrent.locks.AbstractQueuedSynchronizer$ConditionObject.awaitNanos(AbstractQueuedSynchronizer.java:2088)
	at org.apache.zookeeper.util.CircularBlockingQueue.poll(CircularBlockingQueue.java:105)
	at org.apache.zookeeper.server.quorum.QuorumCnxManager.pollSendQueue(QuorumCnxManager.java:1446)
	at org.apache.zookeeper.server.quorum.QuorumCnxManager.access$900(QuorumCnxManager.java:98)
	at org.apache.zookeeper.server.quorum.QuorumCnxManager$SendWorker.run(QuorumCnxManager.java:1270)
2020-11-03 23:42:09,080 [myid:6] - INFO  [QuorumPeer[myid=6](plain=[0:0:0:0:0:0:0:0]:2181)(secure=disabled):Follower@292] - shutdown Follower
2020-11-03 23:42:09,080 [myid:6] - WARN  [SendWorker:4:QuorumCnxManager$SendWorker@1293] - Send worker leaving thread id 4 my id = 6
2020-11-03 23:42:09,080 [myid:6] - INFO  [QuorumPeer[myid=6](plain=[0:0:0:0:0:0:0:0]:2181)(secure=disabled):LearnerZooKeeperServer@160] - Shutting down
2020-11-03 23:42:09,081 [myid:6] - INFO  [QuorumPeer[myid=6](plain=[0:0:0:0:0:0:0:0]:2181)(secure=disabled):ZooKeeperServer@794] - shutting down
2020-11-03 23:42:09,081 [myid:6] - INFO  [QuorumPeer[myid=6](plain=[0:0:0:0:0:0:0:0]:2181)(secure=disabled):RequestThrottler@244] - Shutting down
2020-11-03 23:42:09,081 [myid:6] - INFO  [RequestThrottler:RequestThrottler@205] - Draining request throttler queue
2020-11-03 23:42:09,082 [myid:6] - INFO  [RequestThrottler:RequestThrottler@181] - RequestThrottler shutdown. Dropped 0 requests
2020-11-03 23:42:09,082 [myid:6] - INFO  [QuorumPeer[myid=6](plain=[0:0:0:0:0:0:0:0]:2181)(secure=disabled):FollowerRequestProcessor@148] - Shutting down
2020-11-03 23:42:09,082 [myid:6] - INFO  [QuorumPeer[myid=6](plain=[0:0:0:0:0:0:0:0]:2181)(secure=disabled):CommitProcessor@617] - Shutting down
2020-11-03 23:42:09,082 [myid:6] - INFO  [FollowerRequestProcessor:6:FollowerRequestProcessor@112] - FollowerRequestProcessor exited loop!
2020-11-03 23:42:09,083 [myid:6] - INFO  [CommitProcessor:6:CommitProcessor@406] - CommitProcessor exited loop!
2020-11-03 23:42:09,083 [myid:6] - INFO  [QuorumPeer[myid=6](plain=[0:0:0:0:0:0:0:0]:2181)(secure=disabled):FinalRequestProcessor@662] - shutdown of request processor complete
2020-11-03 23:42:09,110 [myid:6] - INFO  [QuorumPeer[myid=6](plain=[0:0:0:0:0:0:0:0]:2181)(secure=disabled):SyncRequestProcessor@256] - Shutting down
2020-11-03 23:42:09,110 [myid:6] - INFO  [SyncThread:6:SyncRequestProcessor@225] - SyncRequestProcessor exited!
2020-11-03 23:42:09,111 [myid:6] - INFO  [QuorumPeer[myid=6](plain=[0:0:0:0:0:0:0:0]:2181)(secure=disabled):QuorumPeer@863] - Peer state changed: looking
2020-11-03 23:42:09,111 [myid:6] - WARN  [QuorumPeer[myid=6](plain=[0:0:0:0:0:0:0:0]:2181)(secure=disabled):QuorumPeer@1504] - PeerState set to LOOKING
2020-11-03 23:42:09,111 [myid:6] - INFO  [QuorumPeer[myid=6](plain=[0:0:0:0:0:0:0:0]:2181)(secure=disabled):QuorumPeer@1374] - LOOKING
2020-11-03 23:42:09,112 [myid:6] - INFO  [QuorumPeer[myid=6](plain=[0:0:0:0:0:0:0:0]:2181)(secure=disabled):FastLeaderElection@944] - New election. My id = 6, proposed zxid=0x1100024a36
2020-11-03 23:42:09,117 [myid:6] - WARN  [QuorumConnectionThread-[myid=6]-6:QuorumCnxManager@400] - Cannot open channel to 1 at election address node106/10.141.0.6:3888
java.net.ConnectException: Connection refused (Connection refused)
	at java.net.PlainSocketImpl.socketConnect(Native Method)
	at java.net.AbstractPlainSocketImpl.doConnect(AbstractPlainSocketImpl.java:476)
	at java.net.AbstractPlainSocketImpl.connectToAddress(AbstractPlainSocketImpl.java:218)
	at java.net.AbstractPlainSocketImpl.connect(AbstractPlainSocketImpl.java:200)
	at java.net.SocksSocketImpl.connect(SocksSocketImpl.java:394)
	at java.net.Socket.connect(Socket.java:606)
	at org.apache.zookeeper.server.quorum.QuorumCnxManager.initiateConnection(QuorumCnxManager.java:383)
	at org.apache.zookeeper.server.quorum.QuorumCnxManager$QuorumConnectionReqThread.run(QuorumCnxManager.java:457)
	at java.util.concurrent.ThreadPoolExecutor.runWorker(ThreadPoolExecutor.java:1149)
	at java.util.concurrent.ThreadPoolExecutor$Worker.run(ThreadPoolExecutor.java:624)
	at java.lang.Thread.run(Thread.java:748)
2020-11-03 23:42:09,118 [myid:6] - WARN  [QuorumConnectionThread-[myid=6]-7:QuorumCnxManager@400] - Cannot open channel to 2 at election address node107/10.141.0.7:3888
java.net.ConnectException: Connection refused (Connection refused)
	at java.net.PlainSocketImpl.socketConnect(Native Method)
	at java.net.AbstractPlainSocketImpl.doConnect(AbstractPlainSocketImpl.java:476)
	at java.net.AbstractPlainSocketImpl.connectToAddress(AbstractPlainSocketImpl.java:218)
	at java.net.AbstractPlainSocketImpl.connect(AbstractPlainSocketImpl.java:200)
	at java.net.SocksSocketImpl.connect(SocksSocketImpl.java:394)
	at java.net.Socket.connect(Socket.java:606)
	at org.apache.zookeeper.server.quorum.QuorumCnxManager.initiateConnection(QuorumCnxManager.java:383)
	at org.apache.zookeeper.server.quorum.QuorumCnxManager$QuorumConnectionReqThread.run(QuorumCnxManager.java:457)
	at java.util.concurrent.ThreadPoolExecutor.runWorker(ThreadPoolExecutor.java:1149)
	at java.util.concurrent.ThreadPoolExecutor$Worker.run(ThreadPoolExecutor.java:624)
	at java.lang.Thread.run(Thread.java:748)
2020-11-03 23:42:09,119 [myid:6] - WARN  [QuorumConnectionThread-[myid=6]-8:QuorumCnxManager@400] - Cannot open channel to 3 at election address node108/10.141.0.8:3888
java.net.ConnectException: Connection refused (Connection refused)
	at java.net.PlainSocketImpl.socketConnect(Native Method)
	at java.net.AbstractPlainSocketImpl.doConnect(AbstractPlainSocketImpl.java:476)
	at java.net.AbstractPlainSocketImpl.connectToAddress(AbstractPlainSocketImpl.java:218)
	at java.net.AbstractPlainSocketImpl.connect(AbstractPlainSocketImpl.java:200)
	at java.net.SocksSocketImpl.connect(SocksSocketImpl.java:394)
	at java.net.Socket.connect(Socket.java:606)
	at org.apache.zookeeper.server.quorum.QuorumCnxManager.initiateConnection(QuorumCnxManager.java:383)
	at org.apache.zookeeper.server.quorum.QuorumCnxManager$QuorumConnectionReqThread.run(QuorumCnxManager.java:457)
	at java.util.concurrent.ThreadPoolExecutor.runWorker(ThreadPoolExecutor.java:1149)
	at java.util.concurrent.ThreadPoolExecutor$Worker.run(ThreadPoolExecutor.java:624)
	at java.lang.Thread.run(Thread.java:748)
2020-11-03 23:42:09,121 [myid:6] - WARN  [QuorumConnectionThread-[myid=6]-8:QuorumCnxManager@400] - Cannot open channel to 4 at election address node109/10.141.0.9:3888
java.net.ConnectException: Connection refused (Connection refused)
	at java.net.PlainSocketImpl.socketConnect(Native Method)
	at java.net.AbstractPlainSocketImpl.doConnect(AbstractPlainSocketImpl.java:476)
	at java.net.AbstractPlainSocketImpl.connectToAddress(AbstractPlainSocketImpl.java:218)
	at java.net.AbstractPlainSocketImpl.connect(AbstractPlainSocketImpl.java:200)
	at java.net.SocksSocketImpl.connect(SocksSocketImpl.java:394)
	at java.net.Socket.connect(Socket.java:606)
	at org.apache.zookeeper.server.quorum.QuorumCnxManager.initiateConnection(QuorumCnxManager.java:383)
	at org.apache.zookeeper.server.quorum.QuorumCnxManager$QuorumConnectionReqThread.run(QuorumCnxManager.java:457)
	at java.util.concurrent.ThreadPoolExecutor.runWorker(ThreadPoolExecutor.java:1149)
	at java.util.concurrent.ThreadPoolExecutor$Worker.run(ThreadPoolExecutor.java:624)
	at java.lang.Thread.run(Thread.java:748)
2020-11-03 23:42:09,124 [myid:6] - INFO  [WorkerReceiver[myid=6]:FastLeaderElection$Messenger$WorkerReceiver@389] - Notification: my state:LOOKING; n.sid:6, n.state:LOOKING, n.leader:6, n.round:0x2, n.peerEpoch:0x11, n.zxid:0x1100024a36, message format version:0x2, n.config version:0x0
2020-11-03 23:42:09,129 [myid:6] - INFO  [WorkerReceiver[myid=6]:FastLeaderElection$Messenger$WorkerReceiver@389] - Notification: my state:LOOKING; n.sid:5, n.state:FOLLOWING, n.leader:4, n.round:0x1, n.peerEpoch:0x11, n.zxid:0x10000d84df, message format version:0x2, n.config version:0x0
2020-11-03 23:42:09,131 [myid:6] - INFO  [WorkerReceiver[myid=6]:FastLeaderElection$Messenger$WorkerReceiver@389] - Notification: my state:LOOKING; n.sid:7, n.state:FOLLOWING, n.leader:4, n.round:0x1, n.peerEpoch:0x11, n.zxid:0x10000d84df, message format version:0x2, n.config version:0x0
2020-11-03 23:42:09,164 [myid:6] - INFO  [WorkerReceiver[myid=6]:FastLeaderElection$Messenger$WorkerReceiver@389] - Notification: my state:LOOKING; n.sid:5, n.state:LOOKING, n.leader:5, n.round:0x2, n.peerEpoch:0x11, n.zxid:0x1100024a36, message format version:0x2, n.config version:0x0
2020-11-03 23:42:09,251 [myid:6] - INFO  [WorkerReceiver[myid=6]:FastLeaderElection$Messenger$WorkerReceiver@389] - Notification: my state:LOOKING; n.sid:7, n.state:LOOKING, n.leader:7, n.round:0x2, n.peerEpoch:0x11, n.zxid:0x1100024a36, message format version:0x2, n.config version:0x0
2020-11-03 23:42:09,253 [myid:6] - WARN  [QuorumConnectionThread-[myid=6]-8:QuorumCnxManager@400] - Cannot open channel to 1 at election address node106/10.141.0.6:3888
java.net.ConnectException: Connection refused (Connection refused)
	at java.net.PlainSocketImpl.socketConnect(Native Method)
	at java.net.AbstractPlainSocketImpl.doConnect(AbstractPlainSocketImpl.java:476)
	at java.net.AbstractPlainSocketImpl.connectToAddress(AbstractPlainSocketImpl.java:218)
	at java.net.AbstractPlainSocketImpl.connect(AbstractPlainSocketImpl.java:200)
	at java.net.SocksSocketImpl.connect(SocksSocketImpl.java:394)
	at java.net.Socket.connect(Socket.java:606)
	at org.apache.zookeeper.server.quorum.QuorumCnxManager.initiateConnection(QuorumCnxManager.java:383)
	at org.apache.zookeeper.server.quorum.QuorumCnxManager$QuorumConnectionReqThread.run(QuorumCnxManager.java:457)
	at java.util.concurrent.ThreadPoolExecutor.runWorker(ThreadPoolExecutor.java:1149)
	at java.util.concurrent.ThreadPoolExecutor$Worker.run(ThreadPoolExecutor.java:624)
	at java.lang.Thread.run(Thread.java:748)
2020-11-03 23:42:09,254 [myid:6] - WARN  [QuorumConnectionThread-[myid=6]-7:QuorumCnxManager@400] - Cannot open channel to 2 at election address node107/10.141.0.7:3888
java.net.ConnectException: Connection refused (Connection refused)
	at java.net.PlainSocketImpl.socketConnect(Native Method)
	at java.net.AbstractPlainSocketImpl.doConnect(AbstractPlainSocketImpl.java:476)
	at java.net.AbstractPlainSocketImpl.connectToAddress(AbstractPlainSocketImpl.java:218)
	at java.net.AbstractPlainSocketImpl.connect(AbstractPlainSocketImpl.java:200)
	at java.net.SocksSocketImpl.connect(SocksSocketImpl.java:394)
	at java.net.Socket.connect(Socket.java:606)
	at org.apache.zookeeper.server.quorum.QuorumCnxManager.initiateConnection(QuorumCnxManager.java:383)
	at org.apache.zookeeper.server.quorum.QuorumCnxManager$QuorumConnectionReqThread.run(QuorumCnxManager.java:457)
	at java.util.concurrent.ThreadPoolExecutor.runWorker(ThreadPoolExecutor.java:1149)
	at java.util.concurrent.ThreadPoolExecutor$Worker.run(ThreadPoolExecutor.java:624)
	at java.lang.Thread.run(Thread.java:748)
2020-11-03 23:42:09,254 [myid:6] - WARN  [QuorumConnectionThread-[myid=6]-8:QuorumCnxManager@400] - Cannot open channel to 3 at election address node108/10.141.0.8:3888
java.net.ConnectException: Connection refused (Connection refused)
	at java.net.PlainSocketImpl.socketConnect(Native Method)
	at java.net.AbstractPlainSocketImpl.doConnect(AbstractPlainSocketImpl.java:476)
	at java.net.AbstractPlainSocketImpl.connectToAddress(AbstractPlainSocketImpl.java:218)
	at java.net.AbstractPlainSocketImpl.connect(AbstractPlainSocketImpl.java:200)
	at java.net.SocksSocketImpl.connect(SocksSocketImpl.java:394)
	at java.net.Socket.connect(Socket.java:606)
	at org.apache.zookeeper.server.quorum.QuorumCnxManager.initiateConnection(QuorumCnxManager.java:383)
	at org.apache.zookeeper.server.quorum.QuorumCnxManager$QuorumConnectionReqThread.run(QuorumCnxManager.java:457)
	at java.util.concurrent.ThreadPoolExecutor.runWorker(ThreadPoolExecutor.java:1149)
	at java.util.concurrent.ThreadPoolExecutor$Worker.run(ThreadPoolExecutor.java:624)
	at java.lang.Thread.run(Thread.java:748)
2020-11-03 23:42:09,255 [myid:6] - WARN  [QuorumConnectionThread-[myid=6]-7:QuorumCnxManager@400] - Cannot open channel to 4 at election address node109/10.141.0.9:3888
java.net.ConnectException: Connection refused (Connection refused)
	at java.net.PlainSocketImpl.socketConnect(Native Method)
	at java.net.AbstractPlainSocketImpl.doConnect(AbstractPlainSocketImpl.java:476)
	at java.net.AbstractPlainSocketImpl.connectToAddress(AbstractPlainSocketImpl.java:218)
	at java.net.AbstractPlainSocketImpl.connect(AbstractPlainSocketImpl.java:200)
	at java.net.SocksSocketImpl.connect(SocksSocketImpl.java:394)
	at java.net.Socket.connect(Socket.java:606)
	at org.apache.zookeeper.server.quorum.QuorumCnxManager.initiateConnection(QuorumCnxManager.java:383)
	at org.apache.zookeeper.server.quorum.QuorumCnxManager$QuorumConnectionReqThread.run(QuorumCnxManager.java:457)
	at java.util.concurrent.ThreadPoolExecutor.runWorker(ThreadPoolExecutor.java:1149)
	at java.util.concurrent.ThreadPoolExecutor$Worker.run(ThreadPoolExecutor.java:624)
	at java.lang.Thread.run(Thread.java:748)
2020-11-03 23:42:09,258 [myid:6] - INFO  [WorkerReceiver[myid=6]:FastLeaderElection$Messenger$WorkerReceiver@389] - Notification: my state:LOOKING; n.sid:6, n.state:LOOKING, n.leader:7, n.round:0x2, n.peerEpoch:0x11, n.zxid:0x1100024a36, message format version:0x2, n.config version:0x0
2020-11-03 23:42:09,259 [myid:6] - INFO  [WorkerReceiver[myid=6]:FastLeaderElection$Messenger$WorkerReceiver@389] - Notification: my state:LOOKING; n.sid:5, n.state:LOOKING, n.leader:7, n.round:0x2, n.peerEpoch:0x11, n.zxid:0x1100024a36, message format version:0x2, n.config version:0x0
2020-11-03 23:42:09,463 [myid:6] - WARN  [QuorumConnectionThread-[myid=6]-7:QuorumCnxManager@400] - Cannot open channel to 1 at election address node106/10.141.0.6:3888
java.net.ConnectException: Connection refused (Connection refused)
	at java.net.PlainSocketImpl.socketConnect(Native Method)
	at java.net.AbstractPlainSocketImpl.doConnect(AbstractPlainSocketImpl.java:476)
	at java.net.AbstractPlainSocketImpl.connectToAddress(AbstractPlainSocketImpl.java:218)
	at java.net.AbstractPlainSocketImpl.connect(AbstractPlainSocketImpl.java:200)
	at java.net.SocksSocketImpl.connect(SocksSocketImpl.java:394)
	at java.net.Socket.connect(Socket.java:606)
	at org.apache.zookeeper.server.quorum.QuorumCnxManager.initiateConnection(QuorumCnxManager.java:383)
	at org.apache.zookeeper.server.quorum.QuorumCnxManager$QuorumConnectionReqThread.run(QuorumCnxManager.java:457)
	at java.util.concurrent.ThreadPoolExecutor.runWorker(ThreadPoolExecutor.java:1149)
	at java.util.concurrent.ThreadPoolExecutor$Worker.run(ThreadPoolExecutor.java:624)
	at java.lang.Thread.run(Thread.java:748)
2020-11-03 23:42:09,463 [myid:6] - WARN  [QuorumConnectionThread-[myid=6]-8:QuorumCnxManager@400] - Cannot open channel to 2 at election address node107/10.141.0.7:3888
java.net.ConnectException: Connection refused (Connection refused)
	at java.net.PlainSocketImpl.socketConnect(Native Method)
	at java.net.AbstractPlainSocketImpl.doConnect(AbstractPlainSocketImpl.java:476)
	at java.net.AbstractPlainSocketImpl.connectToAddress(AbstractPlainSocketImpl.java:218)
	at java.net.AbstractPlainSocketImpl.connect(AbstractPlainSocketImpl.java:200)
	at java.net.SocksSocketImpl.connect(SocksSocketImpl.java:394)
	at java.net.Socket.connect(Socket.java:606)
	at org.apache.zookeeper.server.quorum.QuorumCnxManager.initiateConnection(QuorumCnxManager.java:383)
	at org.apache.zookeeper.server.quorum.QuorumCnxManager$QuorumConnectionReqThread.run(QuorumCnxManager.java:457)
	at java.util.concurrent.ThreadPoolExecutor.runWorker(ThreadPoolExecutor.java:1149)
	at java.util.concurrent.ThreadPoolExecutor$Worker.run(ThreadPoolExecutor.java:624)
	at java.lang.Thread.run(Thread.java:748)
2020-11-03 23:42:09,464 [myid:6] - WARN  [QuorumConnectionThread-[myid=6]-7:QuorumCnxManager@400] - Cannot open channel to 3 at election address node108/10.141.0.8:3888
java.net.ConnectException: Connection refused (Connection refused)
	at java.net.PlainSocketImpl.socketConnect(Native Method)
	at java.net.AbstractPlainSocketImpl.doConnect(AbstractPlainSocketImpl.java:476)
	at java.net.AbstractPlainSocketImpl.connectToAddress(AbstractPlainSocketImpl.java:218)
	at java.net.AbstractPlainSocketImpl.connect(AbstractPlainSocketImpl.java:200)
	at java.net.SocksSocketImpl.connect(SocksSocketImpl.java:394)
	at java.net.Socket.connect(Socket.java:606)
	at org.apache.zookeeper.server.quorum.QuorumCnxManager.initiateConnection(QuorumCnxManager.java:383)
	at org.apache.zookeeper.server.quorum.QuorumCnxManager$QuorumConnectionReqThread.run(QuorumCnxManager.java:457)
	at java.util.concurrent.ThreadPoolExecutor.runWorker(ThreadPoolExecutor.java:1149)
	at java.util.concurrent.ThreadPoolExecutor$Worker.run(ThreadPoolExecutor.java:624)
	at java.lang.Thread.run(Thread.java:748)
2020-11-03 23:42:09,465 [myid:6] - INFO  [WorkerReceiver[myid=6]:FastLeaderElection$Messenger$WorkerReceiver@389] - Notification: my state:LOOKING; n.sid:7, n.state:LOOKING, n.leader:7, n.round:0x2, n.peerEpoch:0x11, n.zxid:0x1100024a36, message format version:0x2, n.config version:0x0
2020-11-03 23:42:09,465 [myid:6] - WARN  [QuorumConnectionThread-[myid=6]-8:QuorumCnxManager@400] - Cannot open channel to 4 at election address node109/10.141.0.9:3888
java.net.ConnectException: Connection refused (Connection refused)
	at java.net.PlainSocketImpl.socketConnect(Native Method)
	at java.net.AbstractPlainSocketImpl.doConnect(AbstractPlainSocketImpl.java:476)
	at java.net.AbstractPlainSocketImpl.connectToAddress(AbstractPlainSocketImpl.java:218)
	at java.net.AbstractPlainSocketImpl.connect(AbstractPlainSocketImpl.java:200)
	at java.net.SocksSocketImpl.connect(SocksSocketImpl.java:394)
	at java.net.Socket.connect(Socket.java:606)
	at org.apache.zookeeper.server.quorum.QuorumCnxManager.initiateConnection(QuorumCnxManager.java:383)
	at org.apache.zookeeper.server.quorum.QuorumCnxManager$QuorumConnectionReqThread.run(QuorumCnxManager.java:457)
	at java.util.concurrent.ThreadPoolExecutor.runWorker(ThreadPoolExecutor.java:1149)
	at java.util.concurrent.ThreadPoolExecutor$Worker.run(ThreadPoolExecutor.java:624)
	at java.lang.Thread.run(Thread.java:748)
2020-11-03 23:42:09,466 [myid:6] - INFO  [WorkerReceiver[myid=6]:FastLeaderElection$Messenger$WorkerReceiver@389] - Notification: my state:LOOKING; n.sid:6, n.state:LOOKING, n.leader:7, n.round:0x2, n.peerEpoch:0x11, n.zxid:0x1100024a36, message format version:0x2, n.config version:0x0
2020-11-03 23:42:09,467 [myid:6] - INFO  [WorkerReceiver[myid=6]:FastLeaderElection$Messenger$WorkerReceiver@389] - Notification: my state:LOOKING; n.sid:5, n.state:LOOKING, n.leader:7, n.round:0x2, n.peerEpoch:0x11, n.zxid:0x1100024a36, message format version:0x2, n.config version:0x0
2020-11-03 23:42:09,467 [myid:6] - INFO  [QuorumPeer[myid=6](plain=[0:0:0:0:0:0:0:0]:2181)(secure=disabled):FastLeaderElection@979] - Notification time out: 400
2020-11-03 23:42:09,869 [myid:6] - WARN  [QuorumConnectionThread-[myid=6]-8:QuorumCnxManager@400] - Cannot open channel to 1 at election address node106/10.141.0.6:3888
java.net.ConnectException: Connection refused (Connection refused)
	at java.net.PlainSocketImpl.socketConnect(Native Method)
	at java.net.AbstractPlainSocketImpl.doConnect(AbstractPlainSocketImpl.java:476)
	at java.net.AbstractPlainSocketImpl.connectToAddress(AbstractPlainSocketImpl.java:218)
	at java.net.AbstractPlainSocketImpl.connect(AbstractPlainSocketImpl.java:200)
	at java.net.SocksSocketImpl.connect(SocksSocketImpl.java:394)
	at java.net.Socket.connect(Socket.java:606)
	at org.apache.zookeeper.server.quorum.QuorumCnxManager.initiateConnection(QuorumCnxManager.java:383)
	at org.apache.zookeeper.server.quorum.QuorumCnxManager$QuorumConnectionReqThread.run(QuorumCnxManager.java:457)
	at java.util.concurrent.ThreadPoolExecutor.runWorker(ThreadPoolExecutor.java:1149)
	at java.util.concurrent.ThreadPoolExecutor$Worker.run(ThreadPoolExecutor.java:624)
	at java.lang.Thread.run(Thread.java:748)
2020-11-03 23:42:09,870 [myid:6] - WARN  [QuorumConnectionThread-[myid=6]-7:QuorumCnxManager@400] - Cannot open channel to 2 at election address node107/10.141.0.7:3888
java.net.ConnectException: Connection refused (Connection refused)
	at java.net.PlainSocketImpl.socketConnect(Native Method)
	at java.net.AbstractPlainSocketImpl.doConnect(AbstractPlainSocketImpl.java:476)
	at java.net.AbstractPlainSocketImpl.connectToAddress(AbstractPlainSocketImpl.java:218)
	at java.net.AbstractPlainSocketImpl.connect(AbstractPlainSocketImpl.java:200)
	at java.net.SocksSocketImpl.connect(SocksSocketImpl.java:394)
	at java.net.Socket.connect(Socket.java:606)
	at org.apache.zookeeper.server.quorum.QuorumCnxManager.initiateConnection(QuorumCnxManager.java:383)
	at org.apache.zookeeper.server.quorum.QuorumCnxManager$QuorumConnectionReqThread.run(QuorumCnxManager.java:457)
	at java.util.concurrent.ThreadPoolExecutor.runWorker(ThreadPoolExecutor.java:1149)
	at java.util.concurrent.ThreadPoolExecutor$Worker.run(ThreadPoolExecutor.java:624)
	at java.lang.Thread.run(Thread.java:748)
2020-11-03 23:42:09,870 [myid:6] - WARN  [QuorumConnectionThread-[myid=6]-6:QuorumCnxManager@400] - Cannot open channel to 3 at election address node108/10.141.0.8:3888
java.net.ConnectException: Connection refused (Connection refused)
	at java.net.PlainSocketImpl.socketConnect(Native Method)
	at java.net.AbstractPlainSocketImpl.doConnect(AbstractPlainSocketImpl.java:476)
	at java.net.AbstractPlainSocketImpl.connectToAddress(AbstractPlainSocketImpl.java:218)
	at java.net.AbstractPlainSocketImpl.connect(AbstractPlainSocketImpl.java:200)
	at java.net.SocksSocketImpl.connect(SocksSocketImpl.java:394)
	at java.net.Socket.connect(Socket.java:606)
	at org.apache.zookeeper.server.quorum.QuorumCnxManager.initiateConnection(QuorumCnxManager.java:383)
	at org.apache.zookeeper.server.quorum.QuorumCnxManager$QuorumConnectionReqThread.run(QuorumCnxManager.java:457)
	at java.util.concurrent.ThreadPoolExecutor.runWorker(ThreadPoolExecutor.java:1149)
	at java.util.concurrent.ThreadPoolExecutor$Worker.run(ThreadPoolExecutor.java:624)
	at java.lang.Thread.run(Thread.java:748)
2020-11-03 23:42:09,871 [myid:6] - INFO  [WorkerReceiver[myid=6]:FastLeaderElection$Messenger$WorkerReceiver@389] - Notification: my state:LOOKING; n.sid:5, n.state:LOOKING, n.leader:7, n.round:0x2, n.peerEpoch:0x11, n.zxid:0x1100024a36, message format version:0x2, n.config version:0x0
2020-11-03 23:42:09,871 [myid:6] - WARN  [QuorumConnectionThread-[myid=6]-9:QuorumCnxManager@400] - Cannot open channel to 4 at election address node109/10.141.0.9:3888
java.net.ConnectException: Connection refused (Connection refused)
	at java.net.PlainSocketImpl.socketConnect(Native Method)
	at java.net.AbstractPlainSocketImpl.doConnect(AbstractPlainSocketImpl.java:476)
	at java.net.AbstractPlainSocketImpl.connectToAddress(AbstractPlainSocketImpl.java:218)
	at java.net.AbstractPlainSocketImpl.connect(AbstractPlainSocketImpl.java:200)
	at java.net.SocksSocketImpl.connect(SocksSocketImpl.java:394)
	at java.net.Socket.connect(Socket.java:606)
	at org.apache.zookeeper.server.quorum.QuorumCnxManager.initiateConnection(QuorumCnxManager.java:383)
	at org.apache.zookeeper.server.quorum.QuorumCnxManager$QuorumConnectionReqThread.run(QuorumCnxManager.java:457)
	at java.util.concurrent.ThreadPoolExecutor.runWorker(ThreadPoolExecutor.java:1149)
	at java.util.concurrent.ThreadPoolExecutor$Worker.run(ThreadPoolExecutor.java:624)
	at java.lang.Thread.run(Thread.java:748)
2020-11-03 23:42:09,872 [myid:6] - INFO  [WorkerReceiver[myid=6]:FastLeaderElection$Messenger$WorkerReceiver@389] - Notification: my state:LOOKING; n.sid:7, n.state:LOOKING, n.leader:7, n.round:0x2, n.peerEpoch:0x11, n.zxid:0x1100024a36, message format version:0x2, n.config version:0x0
2020-11-03 23:42:09,872 [myid:6] - INFO  [QuorumPeer[myid=6](plain=[0:0:0:0:0:0:0:0]:2181)(secure=disabled):FastLeaderElection@979] - Notification time out: 800
2020-11-03 23:42:09,872 [myid:6] - INFO  [WorkerReceiver[myid=6]:FastLeaderElection$Messenger$WorkerReceiver@389] - Notification: my state:LOOKING; n.sid:6, n.state:LOOKING, n.leader:7, n.round:0x2, n.peerEpoch:0x11, n.zxid:0x1100024a36, message format version:0x2, n.config version:0x0
2020-11-03 23:42:10,486 [myid:6] - WARN  [RecvWorker:5:QuorumCnxManager$RecvWorker@1395] - Connection broken for id 5, my id = 6
java.io.EOFException
	at java.io.DataInputStream.readInt(DataInputStream.java:392)
	at org.apache.zookeeper.server.quorum.QuorumCnxManager$RecvWorker.run(QuorumCnxManager.java:1383)
2020-11-03 23:42:10,486 [myid:6] - WARN  [RecvWorker:5:QuorumCnxManager$RecvWorker@1401] - Interrupting SendWorker thread from RecvWorker. sid: 5. myId: 6
2020-11-03 23:42:10,486 [myid:6] - WARN  [SendWorker:5:QuorumCnxManager$SendWorker@1281] - Interrupted while waiting for message on queue
java.lang.InterruptedException
	at java.util.concurrent.locks.AbstractQueuedSynchronizer$ConditionObject.reportInterruptAfterWait(AbstractQueuedSynchronizer.java:2014)
	at java.util.concurrent.locks.AbstractQueuedSynchronizer$ConditionObject.awaitNanos(AbstractQueuedSynchronizer.java:2088)
	at org.apache.zookeeper.util.CircularBlockingQueue.poll(CircularBlockingQueue.java:105)
	at org.apache.zookeeper.server.quorum.QuorumCnxManager.pollSendQueue(QuorumCnxManager.java:1446)
	at org.apache.zookeeper.server.quorum.QuorumCnxManager.access$900(QuorumCnxManager.java:98)
	at org.apache.zookeeper.server.quorum.QuorumCnxManager$SendWorker.run(QuorumCnxManager.java:1270)
2020-11-03 23:42:10,487 [myid:6] - WARN  [SendWorker:5:QuorumCnxManager$SendWorker@1293] - Send worker leaving thread id 5 my id = 6
2020-11-03 23:42:10,675 [myid:6] - WARN  [QuorumConnectionThread-[myid=6]-9:QuorumCnxManager@400] - Cannot open channel to 1 at election address node106/10.141.0.6:3888
java.net.ConnectException: Connection refused (Connection refused)
	at java.net.PlainSocketImpl.socketConnect(Native Method)
	at java.net.AbstractPlainSocketImpl.doConnect(AbstractPlainSocketImpl.java:476)
	at java.net.AbstractPlainSocketImpl.connectToAddress(AbstractPlainSocketImpl.java:218)
	at java.net.AbstractPlainSocketImpl.connect(AbstractPlainSocketImpl.java:200)
	at java.net.SocksSocketImpl.connect(SocksSocketImpl.java:394)
	at java.net.Socket.connect(Socket.java:606)
	at org.apache.zookeeper.server.quorum.QuorumCnxManager.initiateConnection(QuorumCnxManager.java:383)
	at org.apache.zookeeper.server.quorum.QuorumCnxManager$QuorumConnectionReqThread.run(QuorumCnxManager.java:457)
	at java.util.concurrent.ThreadPoolExecutor.runWorker(ThreadPoolExecutor.java:1149)
	at java.util.concurrent.ThreadPoolExecutor$Worker.run(ThreadPoolExecutor.java:624)
	at java.lang.Thread.run(Thread.java:748)
2020-11-03 23:42:10,676 [myid:6] - WARN  [QuorumConnectionThread-[myid=6]-8:QuorumCnxManager@400] - Cannot open channel to 4 at election address node109/10.141.0.9:3888
java.net.ConnectException: Connection refused (Connection refused)
	at java.net.PlainSocketImpl.socketConnect(Native Method)
	at java.net.AbstractPlainSocketImpl.doConnect(AbstractPlainSocketImpl.java:476)
	at java.net.AbstractPlainSocketImpl.connectToAddress(AbstractPlainSocketImpl.java:218)
	at java.net.AbstractPlainSocketImpl.connect(AbstractPlainSocketImpl.java:200)
	at java.net.SocksSocketImpl.connect(SocksSocketImpl.java:394)
	at java.net.Socket.connect(Socket.java:606)
	at org.apache.zookeeper.server.quorum.QuorumCnxManager.initiateConnection(QuorumCnxManager.java:383)
	at org.apache.zookeeper.server.quorum.QuorumCnxManager$QuorumConnectionReqThread.run(QuorumCnxManager.java:457)
	at java.util.concurrent.ThreadPoolExecutor.runWorker(ThreadPoolExecutor.java:1149)
	at java.util.concurrent.ThreadPoolExecutor$Worker.run(ThreadPoolExecutor.java:624)
	at java.lang.Thread.run(Thread.java:748)
2020-11-03 23:42:10,675 [myid:6] - WARN  [QuorumConnectionThread-[myid=6]-7:QuorumCnxManager@400] - Cannot open channel to 3 at election address node108/10.141.0.8:3888
java.net.ConnectException: Connection refused (Connection refused)
	at java.net.PlainSocketImpl.socketConnect(Native Method)
	at java.net.AbstractPlainSocketImpl.doConnect(AbstractPlainSocketImpl.java:476)
	at java.net.AbstractPlainSocketImpl.connectToAddress(AbstractPlainSocketImpl.java:218)
	at java.net.AbstractPlainSocketImpl.connect(AbstractPlainSocketImpl.java:200)
	at java.net.SocksSocketImpl.connect(SocksSocketImpl.java:394)
	at java.net.Socket.connect(Socket.java:606)
	at org.apache.zookeeper.server.quorum.QuorumCnxManager.initiateConnection(QuorumCnxManager.java:383)
	at org.apache.zookeeper.server.quorum.QuorumCnxManager$QuorumConnectionReqThread.run(QuorumCnxManager.java:457)
	at java.util.concurrent.ThreadPoolExecutor.runWorker(ThreadPoolExecutor.java:1149)
	at java.util.concurrent.ThreadPoolExecutor$Worker.run(ThreadPoolExecutor.java:624)
	at java.lang.Thread.run(Thread.java:748)
2020-11-03 23:42:10,675 [myid:6] - WARN  [QuorumConnectionThread-[myid=6]-6:QuorumCnxManager@400] - Cannot open channel to 2 at election address node107/10.141.0.7:3888
java.net.ConnectException: Connection refused (Connection refused)
	at java.net.PlainSocketImpl.socketConnect(Native Method)
	at java.net.AbstractPlainSocketImpl.doConnect(AbstractPlainSocketImpl.java:476)
	at java.net.AbstractPlainSocketImpl.connectToAddress(AbstractPlainSocketImpl.java:218)
	at java.net.AbstractPlainSocketImpl.connect(AbstractPlainSocketImpl.java:200)
	at java.net.SocksSocketImpl.connect(SocksSocketImpl.java:394)
	at java.net.Socket.connect(Socket.java:606)
	at org.apache.zookeeper.server.quorum.QuorumCnxManager.initiateConnection(QuorumCnxManager.java:383)
	at org.apache.zookeeper.server.quorum.QuorumCnxManager$QuorumConnectionReqThread.run(QuorumCnxManager.java:457)
	at java.util.concurrent.ThreadPoolExecutor.runWorker(ThreadPoolExecutor.java:1149)
	at java.util.concurrent.ThreadPoolExecutor$Worker.run(ThreadPoolExecutor.java:624)
	at java.lang.Thread.run(Thread.java:748)
2020-11-03 23:42:10,676 [myid:6] - INFO  [QuorumPeer[myid=6](plain=[0:0:0:0:0:0:0:0]:2181)(secure=disabled):FastLeaderElection@979] - Notification time out: 1600
2020-11-03 23:42:10,676 [myid:6] - INFO  [WorkerReceiver[myid=6]:FastLeaderElection$Messenger$WorkerReceiver@389] - Notification: my state:LOOKING; n.sid:6, n.state:LOOKING, n.leader:7, n.round:0x2, n.peerEpoch:0x11, n.zxid:0x1100024a36, message format version:0x2, n.config version:0x0
2020-11-03 23:42:10,676 [myid:6] - WARN  [QuorumConnectionThread-[myid=6]-10:QuorumCnxManager@400] - Cannot open channel to 5 at election address node110/10.141.0.10:3888
java.net.ConnectException: Connection refused (Connection refused)
	at java.net.PlainSocketImpl.socketConnect(Native Method)
	at java.net.AbstractPlainSocketImpl.doConnect(AbstractPlainSocketImpl.java:476)
	at java.net.AbstractPlainSocketImpl.connectToAddress(AbstractPlainSocketImpl.java:218)
	at java.net.AbstractPlainSocketImpl.connect(AbstractPlainSocketImpl.java:200)
	at java.net.SocksSocketImpl.connect(SocksSocketImpl.java:394)
	at java.net.Socket.connect(Socket.java:606)
	at org.apache.zookeeper.server.quorum.QuorumCnxManager.initiateConnection(QuorumCnxManager.java:383)
	at org.apache.zookeeper.server.quorum.QuorumCnxManager$QuorumConnectionReqThread.run(QuorumCnxManager.java:457)
	at java.util.concurrent.ThreadPoolExecutor.runWorker(ThreadPoolExecutor.java:1149)
	at java.util.concurrent.ThreadPoolExecutor$Worker.run(ThreadPoolExecutor.java:624)
	at java.lang.Thread.run(Thread.java:748)
2020-11-03 23:42:10,679 [myid:6] - INFO  [WorkerReceiver[myid=6]:FastLeaderElection$Messenger$WorkerReceiver@389] - Notification: my state:LOOKING; n.sid:7, n.state:LOOKING, n.leader:7, n.round:0x2, n.peerEpoch:0x11, n.zxid:0x1100024a36, message format version:0x2, n.config version:0x0
